2022-10-31 15:20:40,988 [INFO] run_saw.<module>:362 running SAWs with the parameters: density=0.4, n_boxes=(16, 14), thicknesses=([3],[3])
2022-10-31 15:20:40,988 [INFO] run_saw.run:267 calculating maximal number of monomers...
2022-10-31 15:20:40,988 [INFO] run_saw.run:270 max_n=60
2022-10-31 15:20:40,988 [INFO] run_saw.run:274 getting cached OR calculating from the scratch..
2022-10-31 15:20:46,518 [INFO] aux.get_grow_caches:351 shape of existing cache is (129, 50, 50, 50), shape of query is: (61, 50, 50, 50)
2022-10-31 15:20:46,519 [INFO] run_saw.run:277 done calculating (n,dx,dy,dz) array
2022-10-31 15:20:46,519 [INFO] run_saw.run:285 boxes: [[16, 3, 3], [15, 3, 3], [14, 3, 3]] for thickness_x=3, thickness_y=3
2022-10-31 15:20:46,519 [INFO] run_saw.run:294 running WL_saw with n=56,  box=[16, 3, 3]
2022-10-31 15:20:46,519 [INFO] run_saw.run:306 ([15, 16, 17, 18, 19, 20, 21], [2, 3, 4, 5, 6, 7, 8], [2, 3, 4, 5, 6, 7, 8])
2022-10-31 15:20:46,519 [INFO] run_saw.run:313 {'extend_to_left': 1, 'extend_to_right': 5, 'flatness': 0.3, 'scale_alpha': 2.0, 'ds_min': 1e-06}
2022-10-31 15:20:46,519 [INFO] simulation.WL_saw:193 s size is: 7
2022-10-31 15:20:46,519 [INFO] simulation.WL_saw:194 counts size is: 7
2022-10-31 15:20:46,519 [INFO] simulation.WL_saw:196 indexes: [0, 1, 2, 3, 4, 5, 6]
2022-10-31 15:20:46,520 [INFO] simulation.WL_saw:208 scale alpha is: 2.000000
2022-10-31 15:20:46,520 [INFO] simulation.WL_saw:209 shifl alpha is: -0.000000
2022-10-31 15:20:59,901 [INFO] simulation.WL_saw:288 failed to grow rate: 69%, out of range:  0% 
2022-10-31 15:21:13,303 [INFO] simulation.WL_saw:288 failed to grow rate: 69%, out of range:  0% 
2022-10-31 15:21:26,704 [INFO] simulation.WL_saw:288 failed to grow rate: 69%, out of range:  0% 
2022-10-31 15:21:40,099 [INFO] simulation.WL_saw:288 failed to grow rate: 69%, out of range:  0% 
2022-10-31 15:21:40,099 [INFO] simulation.WL_saw:293 ds=5.000000e-02, ds_min=0.000001, sweep number=4
2022-10-31 15:21:53,469 [INFO] simulation.WL_saw:288 failed to grow rate: 70%, out of range:  0% 
2022-10-31 15:22:06,847 [INFO] simulation.WL_saw:288 failed to grow rate: 69%, out of range:  0% 
2022-10-31 15:22:06,847 [INFO] simulation.WL_saw:293 ds=2.500000e-02, ds_min=0.000001, sweep number=6
2022-10-31 15:22:20,228 [INFO] simulation.WL_saw:288 failed to grow rate: 70%, out of range:  0% 
2022-10-31 15:22:33,614 [INFO] simulation.WL_saw:288 failed to grow rate: 67%, out of range:  0% 
2022-10-31 15:22:33,614 [INFO] simulation.WL_saw:293 ds=1.250000e-02, ds_min=0.000001, sweep number=8
2022-10-31 15:22:46,989 [INFO] simulation.WL_saw:288 failed to grow rate: 69%, out of range:  0% 
2022-10-31 15:23:00,388 [INFO] simulation.WL_saw:288 failed to grow rate: 68%, out of range:  0% 
2022-10-31 15:23:13,776 [INFO] simulation.WL_saw:288 failed to grow rate: 69%, out of range:  0% 
2022-10-31 15:23:13,776 [INFO] simulation.WL_saw:293 ds=6.250000e-03, ds_min=0.000001, sweep number=11
2022-10-31 15:23:27,161 [INFO] simulation.WL_saw:288 failed to grow rate: 69%, out of range:  0% 
2022-10-31 15:23:40,556 [INFO] simulation.WL_saw:288 failed to grow rate: 69%, out of range:  0% 
2022-10-31 15:23:53,974 [INFO] simulation.WL_saw:288 failed to grow rate: 68%, out of range:  0% 
2022-10-31 15:24:07,376 [INFO] simulation.WL_saw:288 failed to grow rate: 69%, out of range:  0% 
2022-10-31 15:24:20,799 [INFO] simulation.WL_saw:288 failed to grow rate: 69%, out of range:  0% 
2022-10-31 15:24:20,799 [INFO] simulation.WL_saw:293 ds=3.125000e-03, ds_min=0.000001, sweep number=16
2022-10-31 15:24:34,222 [INFO] simulation.WL_saw:288 failed to grow rate: 68%, out of range:  0% 
2022-10-31 15:24:47,651 [INFO] simulation.WL_saw:288 failed to grow rate: 68%, out of range:  0% 
2022-10-31 15:25:01,067 [INFO] simulation.WL_saw:288 failed to grow rate: 69%, out of range:  0% 
2022-10-31 15:25:14,442 [INFO] simulation.WL_saw:288 failed to grow rate: 69%, out of range:  0% 
2022-10-31 15:25:27,832 [INFO] simulation.WL_saw:288 failed to grow rate: 69%, out of range:  0% 
2022-10-31 15:25:41,221 [INFO] simulation.WL_saw:288 failed to grow rate: 68%, out of range:  0% 
2022-10-31 15:25:54,618 [INFO] simulation.WL_saw:288 failed to grow rate: 68%, out of range:  0% 
2022-10-31 15:26:08,002 [INFO] simulation.WL_saw:288 failed to grow rate: 69%, out of range:  0% 
2022-10-31 15:26:21,389 [INFO] simulation.WL_saw:288 failed to grow rate: 69%, out of range:  0% 
2022-10-31 15:26:34,793 [INFO] simulation.WL_saw:288 failed to grow rate: 69%, out of range:  0% 
2022-10-31 15:26:48,191 [INFO] simulation.WL_saw:288 failed to grow rate: 69%, out of range:  0% 
2022-10-31 15:27:01,588 [INFO] simulation.WL_saw:288 failed to grow rate: 68%, out of range:  0% 
2022-10-31 15:27:14,985 [INFO] simulation.WL_saw:288 failed to grow rate: 68%, out of range:  0% 
2022-10-31 15:27:14,985 [INFO] simulation.WL_saw:293 ds=1.562500e-03, ds_min=0.000001, sweep number=29
2022-10-31 15:27:28,373 [INFO] simulation.WL_saw:288 failed to grow rate: 68%, out of range:  0% 
2022-10-31 15:27:41,771 [INFO] simulation.WL_saw:288 failed to grow rate: 69%, out of range:  0% 
2022-10-31 15:27:55,177 [INFO] simulation.WL_saw:288 failed to grow rate: 68%, out of range:  0% 
2022-10-31 15:28:08,585 [INFO] simulation.WL_saw:288 failed to grow rate: 69%, out of range:  0% 
2022-10-31 15:28:22,005 [INFO] simulation.WL_saw:288 failed to grow rate: 68%, out of range:  0% 
2022-10-31 15:28:35,397 [INFO] simulation.WL_saw:288 failed to grow rate: 69%, out of range:  0% 
2022-10-31 15:28:48,793 [INFO] simulation.WL_saw:288 failed to grow rate: 69%, out of range:  0% 
2022-10-31 15:29:02,169 [INFO] simulation.WL_saw:288 failed to grow rate: 69%, out of range:  0% 
2022-10-31 15:29:15,567 [INFO] simulation.WL_saw:288 failed to grow rate: 69%, out of range:  0% 
2022-10-31 15:29:28,978 [INFO] simulation.WL_saw:288 failed to grow rate: 69%, out of range:  0% 
2022-10-31 15:29:28,978 [INFO] simulation.WL_saw:293 ds=7.812500e-04, ds_min=0.000001, sweep number=39
2022-10-31 15:29:42,375 [INFO] simulation.WL_saw:288 failed to grow rate: 68%, out of range:  0% 
2022-10-31 15:29:55,795 [INFO] simulation.WL_saw:288 failed to grow rate: 69%, out of range:  0% 
2022-10-31 15:30:09,154 [INFO] simulation.WL_saw:288 failed to grow rate: 69%, out of range:  0% 
2022-10-31 15:30:22,540 [INFO] simulation.WL_saw:288 failed to grow rate: 68%, out of range:  0% 
2022-10-31 15:30:35,918 [INFO] simulation.WL_saw:288 failed to grow rate: 68%, out of range:  0% 
2022-10-31 15:30:49,310 [INFO] simulation.WL_saw:288 failed to grow rate: 69%, out of range:  0% 
2022-10-31 15:31:02,683 [INFO] simulation.WL_saw:288 failed to grow rate: 68%, out of range:  0% 
2022-10-31 15:31:16,074 [INFO] simulation.WL_saw:288 failed to grow rate: 68%, out of range:  0% 
2022-10-31 15:31:29,438 [INFO] simulation.WL_saw:288 failed to grow rate: 69%, out of range:  0% 
2022-10-31 15:31:42,828 [INFO] simulation.WL_saw:288 failed to grow rate: 68%, out of range:  0% 
2022-10-31 15:31:56,221 [INFO] simulation.WL_saw:288 failed to grow rate: 69%, out of range:  0% 
2022-10-31 15:32:09,600 [INFO] simulation.WL_saw:288 failed to grow rate: 69%, out of range:  0% 
2022-10-31 15:32:22,975 [INFO] simulation.WL_saw:288 failed to grow rate: 68%, out of range:  0% 
2022-10-31 15:32:36,342 [INFO] simulation.WL_saw:288 failed to grow rate: 69%, out of range:  0% 
2022-10-31 15:32:49,721 [INFO] simulation.WL_saw:288 failed to grow rate: 70%, out of range:  0% 
2022-10-31 15:33:03,074 [INFO] simulation.WL_saw:288 failed to grow rate: 70%, out of range:  0% 
2022-10-31 15:33:16,442 [INFO] simulation.WL_saw:288 failed to grow rate: 69%, out of range:  0% 
2022-10-31 15:33:29,830 [INFO] simulation.WL_saw:288 failed to grow rate: 69%, out of range:  0% 
2022-10-31 15:33:43,235 [INFO] simulation.WL_saw:288 failed to grow rate: 67%, out of range:  0% 
2022-10-31 15:33:56,620 [INFO] simulation.WL_saw:288 failed to grow rate: 68%, out of range:  0% 
2022-10-31 15:34:10,004 [INFO] simulation.WL_saw:288 failed to grow rate: 70%, out of range:  0% 
2022-10-31 15:34:23,395 [INFO] simulation.WL_saw:288 failed to grow rate: 69%, out of range:  0% 
2022-10-31 15:34:23,395 [INFO] simulation.WL_saw:293 ds=3.906250e-04, ds_min=0.000001, sweep number=61
2022-10-31 15:34:36,777 [INFO] simulation.WL_saw:288 failed to grow rate: 69%, out of range:  0% 
2022-10-31 15:34:50,163 [INFO] simulation.WL_saw:288 failed to grow rate: 69%, out of range:  0% 
2022-10-31 15:35:03,521 [INFO] simulation.WL_saw:288 failed to grow rate: 70%, out of range:  0% 
2022-10-31 15:35:16,894 [INFO] simulation.WL_saw:288 failed to grow rate: 69%, out of range:  0% 
2022-10-31 15:35:30,293 [INFO] simulation.WL_saw:288 failed to grow rate: 68%, out of range:  0% 
2022-10-31 15:35:43,689 [INFO] simulation.WL_saw:288 failed to grow rate: 68%, out of range:  0% 
2022-10-31 15:35:57,082 [INFO] simulation.WL_saw:288 failed to grow rate: 68%, out of range:  0% 
2022-10-31 15:36:10,468 [INFO] simulation.WL_saw:288 failed to grow rate: 69%, out of range:  0% 
2022-10-31 15:36:10,468 [INFO] simulation.WL_saw:293 ds=1.953125e-04, ds_min=0.000001, sweep number=69
2022-10-31 15:36:23,875 [INFO] simulation.WL_saw:288 failed to grow rate: 68%, out of range:  0% 
2022-10-31 15:36:37,254 [INFO] simulation.WL_saw:288 failed to grow rate: 69%, out of range:  0% 
2022-10-31 15:36:50,643 [INFO] simulation.WL_saw:288 failed to grow rate: 69%, out of range:  0% 
2022-10-31 15:37:03,998 [INFO] simulation.WL_saw:288 failed to grow rate: 69%, out of range:  0% 
2022-10-31 15:37:17,387 [INFO] simulation.WL_saw:288 failed to grow rate: 69%, out of range:  0% 
2022-10-31 15:37:30,775 [INFO] simulation.WL_saw:288 failed to grow rate: 68%, out of range:  0% 
2022-10-31 15:37:44,165 [INFO] simulation.WL_saw:288 failed to grow rate: 68%, out of range:  0% 
2022-10-31 15:37:44,165 [INFO] simulation.WL_saw:293 ds=9.765625e-05, ds_min=0.000001, sweep number=76
2022-10-31 15:37:57,564 [INFO] simulation.WL_saw:288 failed to grow rate: 68%, out of range:  0% 
2022-10-31 15:38:10,963 [INFO] simulation.WL_saw:288 failed to grow rate: 68%, out of range:  0% 
2022-10-31 15:38:24,347 [INFO] simulation.WL_saw:288 failed to grow rate: 68%, out of range:  0% 
2022-10-31 15:38:37,760 [INFO] simulation.WL_saw:288 failed to grow rate: 68%, out of range:  0% 
2022-10-31 15:38:51,149 [INFO] simulation.WL_saw:288 failed to grow rate: 69%, out of range:  0% 
2022-10-31 15:39:04,530 [INFO] simulation.WL_saw:288 failed to grow rate: 68%, out of range:  0% 
2022-10-31 15:39:17,941 [INFO] simulation.WL_saw:288 failed to grow rate: 68%, out of range:  0% 
2022-10-31 15:39:31,351 [INFO] simulation.WL_saw:288 failed to grow rate: 70%, out of range:  0% 
2022-10-31 15:39:44,735 [INFO] simulation.WL_saw:288 failed to grow rate: 70%, out of range:  0% 
2022-10-31 15:39:58,137 [INFO] simulation.WL_saw:288 failed to grow rate: 69%, out of range:  0% 
2022-10-31 15:40:11,538 [INFO] simulation.WL_saw:288 failed to grow rate: 70%, out of range:  0% 
2022-10-31 15:40:24,941 [INFO] simulation.WL_saw:288 failed to grow rate: 69%, out of range:  0% 
2022-10-31 15:40:38,349 [INFO] simulation.WL_saw:288 failed to grow rate: 69%, out of range:  0% 
2022-10-31 15:40:51,768 [INFO] simulation.WL_saw:288 failed to grow rate: 69%, out of range:  0% 
2022-10-31 15:40:51,769 [INFO] simulation.WL_saw:293 ds=4.882813e-05, ds_min=0.000001, sweep number=90
2022-10-31 15:41:05,165 [INFO] simulation.WL_saw:288 failed to grow rate: 69%, out of range:  0% 
2022-10-31 15:41:18,562 [INFO] simulation.WL_saw:288 failed to grow rate: 70%, out of range:  0% 
2022-10-31 15:41:31,983 [INFO] simulation.WL_saw:288 failed to grow rate: 69%, out of range:  0% 
2022-10-31 15:41:45,377 [INFO] simulation.WL_saw:288 failed to grow rate: 69%, out of range:  0% 
2022-10-31 15:41:58,817 [INFO] simulation.WL_saw:288 failed to grow rate: 67%, out of range:  0% 
2022-10-31 15:42:12,205 [INFO] simulation.WL_saw:288 failed to grow rate: 70%, out of range:  0% 
2022-10-31 15:42:25,625 [INFO] simulation.WL_saw:288 failed to grow rate: 69%, out of range:  0% 
2022-10-31 15:42:39,026 [INFO] simulation.WL_saw:288 failed to grow rate: 69%, out of range:  0% 
2022-10-31 15:42:52,424 [INFO] simulation.WL_saw:288 failed to grow rate: 69%, out of range:  0% 
2022-10-31 15:43:05,850 [INFO] simulation.WL_saw:288 failed to grow rate: 69%, out of range:  0% 
2022-10-31 15:43:19,248 [INFO] simulation.WL_saw:288 failed to grow rate: 69%, out of range:  0% 
2022-10-31 15:43:32,653 [INFO] simulation.WL_saw:288 failed to grow rate: 68%, out of range:  0% 
2022-10-31 15:43:46,063 [INFO] simulation.WL_saw:288 failed to grow rate: 70%, out of range:  0% 
2022-10-31 15:43:59,457 [INFO] simulation.WL_saw:288 failed to grow rate: 69%, out of range:  0% 
2022-10-31 15:44:12,865 [INFO] simulation.WL_saw:288 failed to grow rate: 69%, out of range:  0% 
2022-10-31 15:44:26,295 [INFO] simulation.WL_saw:288 failed to grow rate: 68%, out of range:  0% 
2022-10-31 15:44:39,701 [INFO] simulation.WL_saw:288 failed to grow rate: 69%, out of range:  0% 
2022-10-31 15:44:53,120 [INFO] simulation.WL_saw:288 failed to grow rate: 68%, out of range:  0% 
2022-10-31 15:45:06,518 [INFO] simulation.WL_saw:288 failed to grow rate: 69%, out of range:  0% 
2022-10-31 15:45:19,916 [INFO] simulation.WL_saw:288 failed to grow rate: 69%, out of range:  0% 
2022-10-31 15:45:33,309 [INFO] simulation.WL_saw:288 failed to grow rate: 68%, out of range:  0% 
2022-10-31 15:45:46,713 [INFO] simulation.WL_saw:288 failed to grow rate: 68%, out of range:  0% 
2022-10-31 15:46:00,080 [INFO] simulation.WL_saw:288 failed to grow rate: 69%, out of range:  0% 
2022-10-31 15:46:13,458 [INFO] simulation.WL_saw:288 failed to grow rate: 69%, out of range:  0% 
2022-10-31 15:46:26,855 [INFO] simulation.WL_saw:288 failed to grow rate: 68%, out of range:  0% 
2022-10-31 15:46:40,243 [INFO] simulation.WL_saw:288 failed to grow rate: 69%, out of range:  0% 
2022-10-31 15:46:53,638 [INFO] simulation.WL_saw:288 failed to grow rate: 67%, out of range:  0% 
2022-10-31 15:47:07,043 [INFO] simulation.WL_saw:288 failed to grow rate: 69%, out of range:  0% 
2022-10-31 15:47:20,441 [INFO] simulation.WL_saw:288 failed to grow rate: 69%, out of range:  0% 
2022-10-31 15:47:33,849 [INFO] simulation.WL_saw:288 failed to grow rate: 69%, out of range:  0% 
2022-10-31 15:47:47,266 [INFO] simulation.WL_saw:288 failed to grow rate: 68%, out of range:  0% 
2022-10-31 15:48:00,671 [INFO] simulation.WL_saw:288 failed to grow rate: 69%, out of range:  0% 
2022-10-31 15:48:00,671 [INFO] simulation.WL_saw:293 ds=2.441406e-05, ds_min=0.000001, sweep number=122
2022-10-31 15:48:14,093 [INFO] simulation.WL_saw:288 failed to grow rate: 67%, out of range:  0% 
2022-10-31 15:48:27,468 [INFO] simulation.WL_saw:288 failed to grow rate: 69%, out of range:  0% 
2022-10-31 15:48:40,846 [INFO] simulation.WL_saw:288 failed to grow rate: 69%, out of range:  0% 
2022-10-31 15:48:54,240 [INFO] simulation.WL_saw:288 failed to grow rate: 68%, out of range:  0% 
2022-10-31 15:49:07,633 [INFO] simulation.WL_saw:288 failed to grow rate: 69%, out of range:  0% 
2022-10-31 15:49:21,063 [INFO] simulation.WL_saw:288 failed to grow rate: 68%, out of range:  0% 
2022-10-31 15:49:34,445 [INFO] simulation.WL_saw:288 failed to grow rate: 69%, out of range:  0% 
2022-10-31 15:49:47,856 [INFO] simulation.WL_saw:288 failed to grow rate: 68%, out of range:  0% 
2022-10-31 15:50:01,261 [INFO] simulation.WL_saw:288 failed to grow rate: 69%, out of range:  0% 
2022-10-31 15:50:14,643 [INFO] simulation.WL_saw:288 failed to grow rate: 70%, out of range:  0% 
2022-10-31 15:50:28,000 [INFO] simulation.WL_saw:288 failed to grow rate: 70%, out of range:  0% 
2022-10-31 15:50:41,378 [INFO] simulation.WL_saw:288 failed to grow rate: 69%, out of range:  0% 
2022-10-31 15:50:54,764 [INFO] simulation.WL_saw:288 failed to grow rate: 69%, out of range:  0% 
2022-10-31 15:51:08,158 [INFO] simulation.WL_saw:288 failed to grow rate: 68%, out of range:  0% 
2022-10-31 15:51:21,553 [INFO] simulation.WL_saw:288 failed to grow rate: 68%, out of range:  0% 
2022-10-31 15:51:34,960 [INFO] simulation.WL_saw:288 failed to grow rate: 69%, out of range:  0% 
2022-10-31 15:51:48,352 [INFO] simulation.WL_saw:288 failed to grow rate: 70%, out of range:  0% 
2022-10-31 15:52:01,744 [INFO] simulation.WL_saw:288 failed to grow rate: 69%, out of range:  0% 
2022-10-31 15:52:15,142 [INFO] simulation.WL_saw:288 failed to grow rate: 69%, out of range:  0% 
2022-10-31 15:52:28,510 [INFO] simulation.WL_saw:288 failed to grow rate: 69%, out of range:  0% 
2022-10-31 15:52:41,911 [INFO] simulation.WL_saw:288 failed to grow rate: 69%, out of range:  0% 
2022-10-31 15:52:55,319 [INFO] simulation.WL_saw:288 failed to grow rate: 68%, out of range:  0% 
2022-10-31 15:52:55,319 [INFO] simulation.WL_saw:293 ds=1.220703e-05, ds_min=0.000001, sweep number=144
2022-10-31 15:53:08,706 [INFO] simulation.WL_saw:288 failed to grow rate: 69%, out of range:  0% 
2022-10-31 15:53:22,114 [INFO] simulation.WL_saw:288 failed to grow rate: 68%, out of range:  0% 
2022-10-31 15:53:35,527 [INFO] simulation.WL_saw:288 failed to grow rate: 67%, out of range:  0% 
2022-10-31 15:53:48,942 [INFO] simulation.WL_saw:288 failed to grow rate: 68%, out of range:  0% 
2022-10-31 15:54:02,356 [INFO] simulation.WL_saw:288 failed to grow rate: 68%, out of range:  0% 
2022-10-31 15:54:15,752 [INFO] simulation.WL_saw:288 failed to grow rate: 69%, out of range:  0% 
2022-10-31 15:54:29,136 [INFO] simulation.WL_saw:288 failed to grow rate: 69%, out of range:  0% 
2022-10-31 15:54:42,546 [INFO] simulation.WL_saw:288 failed to grow rate: 68%, out of range:  0% 
2022-10-31 15:54:55,961 [INFO] simulation.WL_saw:288 failed to grow rate: 69%, out of range:  0% 
2022-10-31 15:55:17,542 [INFO] simulation.WL_saw:288 failed to grow rate: 69%, out of range:  0% 
2022-10-31 15:55:44,484 [INFO] simulation.WL_saw:288 failed to grow rate: 68%, out of range:  0% 
2022-10-31 15:56:11,393 [INFO] simulation.WL_saw:288 failed to grow rate: 69%, out of range:  0% 
2022-10-31 15:56:38,341 [INFO] simulation.WL_saw:288 failed to grow rate: 68%, out of range:  0% 
2022-10-31 15:57:05,249 [INFO] simulation.WL_saw:288 failed to grow rate: 70%, out of range:  0% 
2022-10-31 15:57:32,140 [INFO] simulation.WL_saw:288 failed to grow rate: 69%, out of range:  0% 
2022-10-31 15:57:59,085 [INFO] simulation.WL_saw:288 failed to grow rate: 69%, out of range:  0% 
2022-10-31 15:58:26,002 [INFO] simulation.WL_saw:288 failed to grow rate: 71%, out of range:  0% 
2022-10-31 15:58:52,931 [INFO] simulation.WL_saw:288 failed to grow rate: 69%, out of range:  0% 
2022-10-31 15:59:19,851 [INFO] simulation.WL_saw:288 failed to grow rate: 69%, out of range:  0% 
2022-10-31 15:59:46,754 [INFO] simulation.WL_saw:288 failed to grow rate: 68%, out of range:  0% 
2022-10-31 15:59:46,754 [INFO] simulation.WL_saw:293 ds=6.103516e-06, ds_min=0.000001, sweep number=164
2022-10-31 16:00:13,678 [INFO] simulation.WL_saw:288 failed to grow rate: 68%, out of range:  0% 
2022-10-31 16:00:40,574 [INFO] simulation.WL_saw:288 failed to grow rate: 69%, out of range:  0% 
2022-10-31 16:01:07,466 [INFO] simulation.WL_saw:288 failed to grow rate: 69%, out of range:  0% 
2022-10-31 16:01:34,424 [INFO] simulation.WL_saw:288 failed to grow rate: 68%, out of range:  0% 
2022-10-31 16:02:01,299 [INFO] simulation.WL_saw:288 failed to grow rate: 69%, out of range:  0% 
2022-10-31 16:02:28,218 [INFO] simulation.WL_saw:288 failed to grow rate: 68%, out of range:  0% 
2022-10-31 16:02:55,172 [INFO] simulation.WL_saw:288 failed to grow rate: 68%, out of range:  0% 
2022-10-31 16:03:22,112 [INFO] simulation.WL_saw:288 failed to grow rate: 69%, out of range:  0% 
2022-10-31 16:03:49,015 [INFO] simulation.WL_saw:288 failed to grow rate: 69%, out of range:  0% 
2022-10-31 16:04:15,937 [INFO] simulation.WL_saw:288 failed to grow rate: 69%, out of range:  0% 
2022-10-31 16:04:42,838 [INFO] simulation.WL_saw:288 failed to grow rate: 69%, out of range:  0% 
2022-10-31 16:05:09,690 [INFO] simulation.WL_saw:288 failed to grow rate: 70%, out of range:  0% 
2022-10-31 16:05:36,598 [INFO] simulation.WL_saw:288 failed to grow rate: 70%, out of range:  0% 
2022-10-31 16:06:03,510 [INFO] simulation.WL_saw:288 failed to grow rate: 69%, out of range:  0% 
2022-10-31 16:06:30,438 [INFO] simulation.WL_saw:288 failed to grow rate: 68%, out of range:  0% 
2022-10-31 16:06:57,344 [INFO] simulation.WL_saw:288 failed to grow rate: 69%, out of range:  0% 
2022-10-31 16:07:24,243 [INFO] simulation.WL_saw:288 failed to grow rate: 68%, out of range:  0% 
2022-10-31 16:07:51,168 [INFO] simulation.WL_saw:288 failed to grow rate: 69%, out of range:  0% 
2022-10-31 16:08:18,095 [INFO] simulation.WL_saw:288 failed to grow rate: 69%, out of range:  0% 
2022-10-31 16:08:45,002 [INFO] simulation.WL_saw:288 failed to grow rate: 67%, out of range:  0% 
2022-10-31 16:09:11,928 [INFO] simulation.WL_saw:288 failed to grow rate: 68%, out of range:  0% 
2022-10-31 16:09:38,841 [INFO] simulation.WL_saw:288 failed to grow rate: 69%, out of range:  0% 
2022-10-31 16:10:05,730 [INFO] simulation.WL_saw:288 failed to grow rate: 69%, out of range:  0% 
2022-10-31 16:10:32,667 [INFO] simulation.WL_saw:288 failed to grow rate: 68%, out of range:  0% 
2022-10-31 16:10:59,559 [INFO] simulation.WL_saw:288 failed to grow rate: 69%, out of range:  0% 
2022-10-31 16:11:26,467 [INFO] simulation.WL_saw:288 failed to grow rate: 69%, out of range:  0% 
2022-10-31 16:11:53,407 [INFO] simulation.WL_saw:288 failed to grow rate: 69%, out of range:  0% 
2022-10-31 16:12:20,305 [INFO] simulation.WL_saw:288 failed to grow rate: 69%, out of range:  0% 
2022-10-31 16:12:47,258 [INFO] simulation.WL_saw:288 failed to grow rate: 68%, out of range:  0% 
2022-10-31 16:13:14,177 [INFO] simulation.WL_saw:288 failed to grow rate: 68%, out of range:  0% 
2022-10-31 16:13:41,045 [INFO] simulation.WL_saw:288 failed to grow rate: 70%, out of range:  0% 
2022-10-31 16:14:07,952 [INFO] simulation.WL_saw:288 failed to grow rate: 69%, out of range:  0% 
2022-10-31 16:14:34,914 [INFO] simulation.WL_saw:288 failed to grow rate: 67%, out of range:  0% 
2022-10-31 16:15:01,836 [INFO] simulation.WL_saw:288 failed to grow rate: 69%, out of range:  0% 
2022-10-31 16:15:28,736 [INFO] simulation.WL_saw:288 failed to grow rate: 69%, out of range:  0% 
2022-10-31 16:15:55,684 [INFO] simulation.WL_saw:288 failed to grow rate: 67%, out of range:  0% 
2022-10-31 16:15:55,685 [INFO] simulation.WL_saw:293 ds=3.051758e-06, ds_min=0.000001, sweep number=200
2022-10-31 16:16:22,603 [INFO] simulation.WL_saw:288 failed to grow rate: 68%, out of range:  0% 
2022-10-31 16:16:49,523 [INFO] simulation.WL_saw:288 failed to grow rate: 69%, out of range:  0% 
2022-10-31 16:17:08,844 [INFO] simulation.WL_saw:288 failed to grow rate: 68%, out of range:  0% 
2022-10-31 16:17:22,252 [INFO] simulation.WL_saw:288 failed to grow rate: 69%, out of range:  0% 
2022-10-31 16:17:35,632 [INFO] simulation.WL_saw:288 failed to grow rate: 70%, out of range:  0% 
2022-10-31 16:17:35,633 [INFO] simulation.WL_saw:293 ds=1.525879e-06, ds_min=0.000001, sweep number=205
2022-10-31 16:17:49,054 [INFO] simulation.WL_saw:288 failed to grow rate: 69%, out of range:  0% 
2022-10-31 16:18:02,502 [INFO] simulation.WL_saw:288 failed to grow rate: 68%, out of range:  0% 
2022-10-31 16:18:15,916 [INFO] simulation.WL_saw:288 failed to grow rate: 68%, out of range:  0% 
2022-10-31 16:18:29,318 [INFO] simulation.WL_saw:288 failed to grow rate: 69%, out of range:  0% 
2022-10-31 16:18:42,714 [INFO] simulation.WL_saw:288 failed to grow rate: 69%, out of range:  0% 
2022-10-31 16:18:56,133 [INFO] simulation.WL_saw:288 failed to grow rate: 69%, out of range:  0% 
2022-10-31 16:19:09,531 [INFO] simulation.WL_saw:288 failed to grow rate: 69%, out of range:  0% 
2022-10-31 16:19:22,965 [INFO] simulation.WL_saw:288 failed to grow rate: 68%, out of range:  0% 
2022-10-31 16:19:36,375 [INFO] simulation.WL_saw:288 failed to grow rate: 69%, out of range:  0% 
2022-10-31 16:19:49,768 [INFO] simulation.WL_saw:288 failed to grow rate: 69%, out of range:  0% 
2022-10-31 16:20:03,189 [INFO] simulation.WL_saw:288 failed to grow rate: 67%, out of range:  0% 
2022-10-31 16:20:16,612 [INFO] simulation.WL_saw:288 failed to grow rate: 68%, out of range:  0% 
2022-10-31 16:20:30,033 [INFO] simulation.WL_saw:288 failed to grow rate: 68%, out of range:  0% 
2022-10-31 16:20:43,460 [INFO] simulation.WL_saw:288 failed to grow rate: 68%, out of range:  0% 
2022-10-31 16:20:56,887 [INFO] simulation.WL_saw:288 failed to grow rate: 68%, out of range:  0% 
2022-10-31 16:21:10,291 [INFO] simulation.WL_saw:288 failed to grow rate: 69%, out of range:  0% 
2022-10-31 16:21:23,724 [INFO] simulation.WL_saw:288 failed to grow rate: 69%, out of range:  0% 
2022-10-31 16:21:37,117 [INFO] simulation.WL_saw:288 failed to grow rate: 69%, out of range:  0% 
2022-10-31 16:21:50,527 [INFO] simulation.WL_saw:288 failed to grow rate: 70%, out of range:  0% 
2022-10-31 16:22:03,941 [INFO] simulation.WL_saw:288 failed to grow rate: 68%, out of range:  0% 
2022-10-31 16:22:17,344 [INFO] simulation.WL_saw:288 failed to grow rate: 69%, out of range:  0% 
2022-10-31 16:22:30,740 [INFO] simulation.WL_saw:288 failed to grow rate: 68%, out of range:  0% 
2022-10-31 16:22:44,162 [INFO] simulation.WL_saw:288 failed to grow rate: 68%, out of range:  0% 
2022-10-31 16:22:57,569 [INFO] simulation.WL_saw:288 failed to grow rate: 70%, out of range:  0% 
2022-10-31 16:23:10,972 [INFO] simulation.WL_saw:288 failed to grow rate: 69%, out of range:  0% 
2022-10-31 16:23:24,396 [INFO] simulation.WL_saw:288 failed to grow rate: 68%, out of range:  0% 
2022-10-31 16:23:24,396 [INFO] simulation.WL_saw:293 ds=7.629395e-07, ds_min=0.000001, sweep number=231
2022-10-31 16:23:24,396 [INFO] run_saw.run:317 s: [array([67. , 86.4, 93. , 94.8, 96.3, 90.2, 91.4]), array([ 87.95, 111.05, 114.05, 116.8 , 117.05, 114.9 , 110.7 ]), array([100.75 , 121.625, 124.95 , 126.775, 126.95 , 125.6  , 124.45 ]), array([109.45  , 130.6125, 133.575 , 136.2625, 134.9375, 133.0375,
       131.85  ]), array([116.31875, 136.2125 , 142.1    , 142.99375, 142.79375, 141.025  ,
       137.18125]), array([127.696875, 146.15    , 149.275   , 151.846875, 150.9375  ,
       149.478125, 147.1     ]), array([131.6859375, 149.965625 , 153.065625 , 154.5453125, 154.403125 ,
       152.34375  , 150.903125 ]), array([136.4640625 , 152.68203125, 156.82265625, 158.75625   ,
       158.1390625 , 156.6484375 , 154.346875  ]), array([137.32421875, 153.29179687, 157.47578125, 159.26054687,
       158.94765625, 157.265625  , 155.17734375]), array([137.62226562, 153.62441406, 157.84628906, 159.6171875 ,
       159.21542969, 157.50878906, 155.45332031]), array([137.99423828, 153.87138672, 158.20341797, 159.84980469,
       159.55683594, 157.84677734, 155.69804688]), array([138.31733398, 154.21523437, 158.57075195, 160.29970703,
       159.89716797, 158.2012207 , 155.96020508]), array([138.4017334 , 154.35600586, 158.68664551, 160.40742187,
       160.00847168, 158.3532959 , 156.08569336]), array([138.47277832, 154.4130249 , 158.74041748, 160.44960937,
       160.06083984, 158.40302734, 156.14229736]), array([138.53666992, 154.46013794, 158.79718628, 160.48865967,
       160.10803223, 158.45593872, 156.17988281]), array([138.53937988, 154.46439209, 158.80001526, 160.492276  ,
       160.11192017, 158.45908813, 156.18326416]), array([138.54659882, 154.47076263, 158.80955048, 160.50003052,
       160.12258301, 158.47029419, 156.19266815])]
2022-10-31 16:23:24,401 [INFO] run_saw.get_n_saws:235 specific_excess_entropy from the analytical curve  for n=56 is: -0.270
2022-10-31 16:23:24,403 [INFO] run_saw.get_n_saws:237 the total number of phantom conformation for n=56 is 5.859113e+40
2022-10-31 16:23:24,403 [INFO] run_saw.run:322 saving results
2022-10-31 16:23:24,404 [INFO] run_saw.save_results:198 saving results to: /home/alexey/projects/chromosome_segregation/chromosome_segregation/results_saw_wl/density_0.4/run_19/data.csv
2022-10-31 16:23:24,404 [INFO] run_saw.save_results:202 saving the line: 4,0.933,-1.001
2022-10-31 16:23:24,404 [INFO] run_saw.save_results:202 saving the line: 9,0.389,-1.286
2022-10-31 16:23:24,404 [INFO] run_saw.save_results:202 saving the line: 16,0.206,-1.363
2022-10-31 16:23:24,404 [INFO] run_saw.save_results:202 saving the line: 25,0.124,-1.396
2022-10-31 16:23:24,404 [INFO] run_saw.save_results:202 saving the line: 36,0.082,-1.404
2022-10-31 16:23:24,404 [INFO] run_saw.save_results:202 saving the line: 49,0.057,-1.406
2022-10-31 16:23:24,405 [INFO] run_saw.save_results:202 saving the line: 64,0.042,-1.406
2022-10-31 16:23:24,405 [INFO] run_saw.save_results:206 saving parameters to /home/alexey/projects/chromosome_segregation/chromosome_segregation/results_saw_wl/density_0.4/run_19/params.json
2022-10-31 16:23:24,406 [INFO] run_saw.get_n_saws:235 specific_excess_entropy from the analytical curve  for n=56 is: -0.270
2022-10-31 16:23:24,407 [INFO] run_saw.get_n_saws:237 the total number of phantom conformation for n=56 is 5.859113e+40
2022-10-31 16:23:24,407 [INFO] run_saw.process_result:253 number of SAWs for n=56 is 1.550073e+34
2022-10-31 16:23:24,407 [INFO] run_saw.process_result:256 number of SAWs for n=56 inside the box=[16, 3, 3] is 1.849723e+31
2022-10-31 16:23:24,408 [INFO] run_saw.process_result:259 specific free energy for n=56 and box=[16, 3, 3] is: -1.286
2022-10-31 16:23:24,408 [INFO] run_saw.run:294 running WL_saw with n=54,  box=[15, 3, 3]
2022-10-31 16:23:24,408 [INFO] run_saw.run:306 ([14, 15, 16, 17, 18, 19, 20], [2, 3, 4, 5, 6, 7, 8], [2, 3, 4, 5, 6, 7, 8])
2022-10-31 16:23:24,408 [INFO] run_saw.run:313 {'extend_to_left': 1, 'extend_to_right': 5, 'flatness': 0.3, 'scale_alpha': 2.0, 'ds_min': 1e-06}
2022-10-31 16:23:24,408 [INFO] simulation.WL_saw:193 s size is: 7
2022-10-31 16:23:24,408 [INFO] simulation.WL_saw:194 counts size is: 7
2022-10-31 16:23:24,408 [INFO] simulation.WL_saw:196 indexes: [0, 1, 2, 3, 4, 5, 6]
2022-10-31 16:23:24,408 [INFO] simulation.WL_saw:208 scale alpha is: 2.000000
2022-10-31 16:23:24,408 [INFO] simulation.WL_saw:209 shifl alpha is: -0.000000
2022-10-31 16:23:37,261 [INFO] simulation.WL_saw:288 failed to grow rate: 68%, out of range:  0% 
2022-10-31 16:23:37,261 [INFO] simulation.WL_saw:293 ds=5.000000e-02, ds_min=0.000001, sweep number=1
2022-10-31 16:23:50,097 [INFO] simulation.WL_saw:288 failed to grow rate: 68%, out of range:  0% 
2022-10-31 16:24:02,950 [INFO] simulation.WL_saw:288 failed to grow rate: 69%, out of range:  0% 
2022-10-31 16:24:15,810 [INFO] simulation.WL_saw:288 failed to grow rate: 68%, out of range:  0% 
2022-10-31 16:24:28,667 [INFO] simulation.WL_saw:288 failed to grow rate: 69%, out of range:  0% 
2022-10-31 16:24:41,512 [INFO] simulation.WL_saw:288 failed to grow rate: 69%, out of range:  0% 
2022-10-31 16:24:41,512 [INFO] simulation.WL_saw:293 ds=2.500000e-02, ds_min=0.000001, sweep number=6
2022-10-31 16:24:54,370 [INFO] simulation.WL_saw:288 failed to grow rate: 67%, out of range:  0% 
2022-10-31 16:25:07,240 [INFO] simulation.WL_saw:288 failed to grow rate: 68%, out of range:  0% 
2022-10-31 16:25:20,118 [INFO] simulation.WL_saw:288 failed to grow rate: 67%, out of range:  0% 
2022-10-31 16:25:20,119 [INFO] simulation.WL_saw:293 ds=1.250000e-02, ds_min=0.000001, sweep number=9
2022-10-31 16:25:32,961 [INFO] simulation.WL_saw:288 failed to grow rate: 69%, out of range:  0% 
2022-10-31 16:25:45,842 [INFO] simulation.WL_saw:288 failed to grow rate: 68%, out of range:  0% 
2022-10-31 16:25:58,700 [INFO] simulation.WL_saw:288 failed to grow rate: 68%, out of range:  0% 
2022-10-31 16:26:11,555 [INFO] simulation.WL_saw:288 failed to grow rate: 69%, out of range:  0% 
2022-10-31 16:26:24,389 [INFO] simulation.WL_saw:288 failed to grow rate: 68%, out of range:  0% 
2022-10-31 16:26:37,240 [INFO] simulation.WL_saw:288 failed to grow rate: 68%, out of range:  0% 
2022-10-31 16:26:50,069 [INFO] simulation.WL_saw:288 failed to grow rate: 69%, out of range:  0% 
2022-10-31 16:27:02,939 [INFO] simulation.WL_saw:288 failed to grow rate: 68%, out of range:  0% 
2022-10-31 16:27:02,939 [INFO] simulation.WL_saw:293 ds=6.250000e-03, ds_min=0.000001, sweep number=17
2022-10-31 16:27:15,807 [INFO] simulation.WL_saw:288 failed to grow rate: 68%, out of range:  0% 
2022-10-31 16:27:28,668 [INFO] simulation.WL_saw:288 failed to grow rate: 68%, out of range:  0% 
2022-10-31 16:27:41,543 [INFO] simulation.WL_saw:288 failed to grow rate: 68%, out of range:  0% 
2022-10-31 16:27:41,544 [INFO] simulation.WL_saw:293 ds=3.125000e-03, ds_min=0.000001, sweep number=20
2022-10-31 16:27:54,392 [INFO] simulation.WL_saw:288 failed to grow rate: 69%, out of range:  0% 
2022-10-31 16:28:07,253 [INFO] simulation.WL_saw:288 failed to grow rate: 68%, out of range:  0% 
2022-10-31 16:28:20,121 [INFO] simulation.WL_saw:288 failed to grow rate: 67%, out of range:  0% 
2022-10-31 16:28:32,992 [INFO] simulation.WL_saw:288 failed to grow rate: 69%, out of range:  0% 
2022-10-31 16:28:45,856 [INFO] simulation.WL_saw:288 failed to grow rate: 69%, out of range:  0% 
2022-10-31 16:28:58,701 [INFO] simulation.WL_saw:288 failed to grow rate: 69%, out of range:  0% 
2022-10-31 16:29:11,553 [INFO] simulation.WL_saw:288 failed to grow rate: 67%, out of range:  0% 
2022-10-31 16:29:11,553 [INFO] simulation.WL_saw:293 ds=1.562500e-03, ds_min=0.000001, sweep number=27
2022-10-31 16:29:24,383 [INFO] simulation.WL_saw:288 failed to grow rate: 69%, out of range:  0% 
2022-10-31 16:29:37,252 [INFO] simulation.WL_saw:288 failed to grow rate: 68%, out of range:  0% 
2022-10-31 16:29:50,102 [INFO] simulation.WL_saw:288 failed to grow rate: 70%, out of range:  0% 
2022-10-31 16:30:02,967 [INFO] simulation.WL_saw:288 failed to grow rate: 68%, out of range:  0% 
2022-10-31 16:30:15,814 [INFO] simulation.WL_saw:288 failed to grow rate: 69%, out of range:  0% 
2022-10-31 16:30:28,661 [INFO] simulation.WL_saw:288 failed to grow rate: 69%, out of range:  0% 
2022-10-31 16:30:41,471 [INFO] simulation.WL_saw:288 failed to grow rate: 69%, out of range:  0% 
2022-10-31 16:30:54,321 [INFO] simulation.WL_saw:288 failed to grow rate: 69%, out of range:  0% 
2022-10-31 16:31:07,181 [INFO] simulation.WL_saw:288 failed to grow rate: 68%, out of range:  0% 
2022-10-31 16:31:20,055 [INFO] simulation.WL_saw:288 failed to grow rate: 68%, out of range:  0% 
2022-10-31 16:31:32,903 [INFO] simulation.WL_saw:288 failed to grow rate: 69%, out of range:  0% 
2022-10-31 16:31:45,777 [INFO] simulation.WL_saw:288 failed to grow rate: 68%, out of range:  0% 
2022-10-31 16:31:58,644 [INFO] simulation.WL_saw:288 failed to grow rate: 67%, out of range:  0% 
2022-10-31 16:32:11,484 [INFO] simulation.WL_saw:288 failed to grow rate: 68%, out of range:  0% 
2022-10-31 16:32:24,351 [INFO] simulation.WL_saw:288 failed to grow rate: 69%, out of range:  0% 
2022-10-31 16:32:37,210 [INFO] simulation.WL_saw:288 failed to grow rate: 67%, out of range:  0% 
2022-10-31 16:32:37,210 [INFO] simulation.WL_saw:293 ds=7.812500e-04, ds_min=0.000001, sweep number=43
2022-10-31 16:32:50,098 [INFO] simulation.WL_saw:288 failed to grow rate: 68%, out of range:  0% 
2022-10-31 16:33:02,958 [INFO] simulation.WL_saw:288 failed to grow rate: 69%, out of range:  0% 
2022-10-31 16:33:15,825 [INFO] simulation.WL_saw:288 failed to grow rate: 68%, out of range:  0% 
2022-10-31 16:33:28,673 [INFO] simulation.WL_saw:288 failed to grow rate: 69%, out of range:  0% 
2022-10-31 16:33:41,546 [INFO] simulation.WL_saw:288 failed to grow rate: 68%, out of range:  0% 
2022-10-31 16:33:54,385 [INFO] simulation.WL_saw:288 failed to grow rate: 69%, out of range:  0% 
2022-10-31 16:34:07,232 [INFO] simulation.WL_saw:288 failed to grow rate: 69%, out of range:  0% 
2022-10-31 16:34:20,110 [INFO] simulation.WL_saw:288 failed to grow rate: 68%, out of range:  0% 
2022-10-31 16:34:32,977 [INFO] simulation.WL_saw:288 failed to grow rate: 68%, out of range:  0% 
2022-10-31 16:34:45,855 [INFO] simulation.WL_saw:288 failed to grow rate: 68%, out of range:  0% 
2022-10-31 16:34:58,712 [INFO] simulation.WL_saw:288 failed to grow rate: 69%, out of range:  0% 
2022-10-31 16:35:11,549 [INFO] simulation.WL_saw:288 failed to grow rate: 69%, out of range:  0% 
2022-10-31 16:35:24,401 [INFO] simulation.WL_saw:288 failed to grow rate: 68%, out of range:  0% 
2022-10-31 16:35:37,244 [INFO] simulation.WL_saw:288 failed to grow rate: 69%, out of range:  0% 
2022-10-31 16:35:37,244 [INFO] simulation.WL_saw:293 ds=3.906250e-04, ds_min=0.000001, sweep number=57
2022-10-31 16:35:50,089 [INFO] simulation.WL_saw:288 failed to grow rate: 69%, out of range:  0% 
2022-10-31 16:36:02,916 [INFO] simulation.WL_saw:288 failed to grow rate: 69%, out of range:  0% 
2022-10-31 16:36:15,764 [INFO] simulation.WL_saw:288 failed to grow rate: 67%, out of range:  0% 
2022-10-31 16:36:28,617 [INFO] simulation.WL_saw:288 failed to grow rate: 68%, out of range:  0% 
2022-10-31 16:36:41,479 [INFO] simulation.WL_saw:288 failed to grow rate: 67%, out of range:  0% 
2022-10-31 16:36:54,347 [INFO] simulation.WL_saw:288 failed to grow rate: 68%, out of range:  0% 
2022-10-31 16:37:07,200 [INFO] simulation.WL_saw:288 failed to grow rate: 68%, out of range:  0% 
2022-10-31 16:37:20,038 [INFO] simulation.WL_saw:288 failed to grow rate: 68%, out of range:  0% 
2022-10-31 16:37:32,909 [INFO] simulation.WL_saw:288 failed to grow rate: 67%, out of range:  0% 
2022-10-31 16:37:45,749 [INFO] simulation.WL_saw:288 failed to grow rate: 68%, out of range:  0% 
2022-10-31 16:37:58,626 [INFO] simulation.WL_saw:288 failed to grow rate: 67%, out of range:  0% 
2022-10-31 16:38:11,486 [INFO] simulation.WL_saw:288 failed to grow rate: 69%, out of range:  0% 
2022-10-31 16:38:24,343 [INFO] simulation.WL_saw:288 failed to grow rate: 69%, out of range:  0% 
2022-10-31 16:38:37,229 [INFO] simulation.WL_saw:288 failed to grow rate: 67%, out of range:  0% 
2022-10-31 16:38:50,071 [INFO] simulation.WL_saw:288 failed to grow rate: 68%, out of range:  0% 
2022-10-31 16:39:02,914 [INFO] simulation.WL_saw:288 failed to grow rate: 70%, out of range:  0% 
2022-10-31 16:39:15,776 [INFO] simulation.WL_saw:288 failed to grow rate: 68%, out of range:  0% 
2022-10-31 16:39:28,611 [INFO] simulation.WL_saw:288 failed to grow rate: 69%, out of range:  0% 
2022-10-31 16:39:41,465 [INFO] simulation.WL_saw:288 failed to grow rate: 68%, out of range:  0% 
2022-10-31 16:39:54,322 [INFO] simulation.WL_saw:288 failed to grow rate: 67%, out of range:  0% 
2022-10-31 16:40:07,174 [INFO] simulation.WL_saw:288 failed to grow rate: 68%, out of range:  0% 
2022-10-31 16:40:20,055 [INFO] simulation.WL_saw:288 failed to grow rate: 67%, out of range:  0% 
2022-10-31 16:40:32,922 [INFO] simulation.WL_saw:288 failed to grow rate: 67%, out of range:  0% 
2022-10-31 16:40:45,793 [INFO] simulation.WL_saw:288 failed to grow rate: 67%, out of range:  0% 
2022-10-31 16:40:58,644 [INFO] simulation.WL_saw:288 failed to grow rate: 67%, out of range:  0% 
2022-10-31 16:40:58,645 [INFO] simulation.WL_saw:293 ds=1.953125e-04, ds_min=0.000001, sweep number=82
2022-10-31 16:41:11,499 [INFO] simulation.WL_saw:288 failed to grow rate: 68%, out of range:  0% 
2022-10-31 16:41:24,353 [INFO] simulation.WL_saw:288 failed to grow rate: 68%, out of range:  0% 
2022-10-31 16:41:37,185 [INFO] simulation.WL_saw:288 failed to grow rate: 69%, out of range:  0% 
2022-10-31 16:41:50,023 [INFO] simulation.WL_saw:288 failed to grow rate: 68%, out of range:  0% 
2022-10-31 16:42:02,883 [INFO] simulation.WL_saw:288 failed to grow rate: 68%, out of range:  0% 
2022-10-31 16:42:15,751 [INFO] simulation.WL_saw:288 failed to grow rate: 67%, out of range:  0% 
2022-10-31 16:42:28,606 [INFO] simulation.WL_saw:288 failed to grow rate: 68%, out of range:  0% 
2022-10-31 16:42:41,461 [INFO] simulation.WL_saw:288 failed to grow rate: 69%, out of range:  0% 
2022-10-31 16:42:54,307 [INFO] simulation.WL_saw:288 failed to grow rate: 69%, out of range:  0% 
2022-10-31 16:43:07,150 [INFO] simulation.WL_saw:288 failed to grow rate: 69%, out of range:  0% 
2022-10-31 16:43:20,017 [INFO] simulation.WL_saw:288 failed to grow rate: 68%, out of range:  0% 
2022-10-31 16:43:32,846 [INFO] simulation.WL_saw:288 failed to grow rate: 69%, out of range:  0% 
2022-10-31 16:43:45,701 [INFO] simulation.WL_saw:288 failed to grow rate: 68%, out of range:  0% 
2022-10-31 16:43:58,530 [INFO] simulation.WL_saw:288 failed to grow rate: 68%, out of range:  0% 
2022-10-31 16:44:11,350 [INFO] simulation.WL_saw:288 failed to grow rate: 69%, out of range:  0% 
2022-10-31 16:44:24,193 [INFO] simulation.WL_saw:288 failed to grow rate: 68%, out of range:  0% 
2022-10-31 16:44:24,194 [INFO] simulation.WL_saw:293 ds=9.765625e-05, ds_min=0.000001, sweep number=98
2022-10-31 16:44:37,016 [INFO] simulation.WL_saw:288 failed to grow rate: 69%, out of range:  0% 
2022-10-31 16:44:49,869 [INFO] simulation.WL_saw:288 failed to grow rate: 68%, out of range:  0% 
2022-10-31 16:45:02,717 [INFO] simulation.WL_saw:288 failed to grow rate: 69%, out of range:  0% 
2022-10-31 16:45:15,570 [INFO] simulation.WL_saw:288 failed to grow rate: 68%, out of range:  0% 
2022-10-31 16:45:28,415 [INFO] simulation.WL_saw:288 failed to grow rate: 67%, out of range:  0% 
2022-10-31 16:45:41,250 [INFO] simulation.WL_saw:288 failed to grow rate: 69%, out of range:  0% 
2022-10-31 16:45:54,095 [INFO] simulation.WL_saw:288 failed to grow rate: 69%, out of range:  0% 
2022-10-31 16:46:06,934 [INFO] simulation.WL_saw:288 failed to grow rate: 68%, out of range:  0% 
2022-10-31 16:46:19,783 [INFO] simulation.WL_saw:288 failed to grow rate: 69%, out of range:  0% 
2022-10-31 16:46:32,627 [INFO] simulation.WL_saw:288 failed to grow rate: 69%, out of range:  0% 
2022-10-31 16:46:45,463 [INFO] simulation.WL_saw:288 failed to grow rate: 69%, out of range:  0% 
2022-10-31 16:46:58,314 [INFO] simulation.WL_saw:288 failed to grow rate: 68%, out of range:  0% 
2022-10-31 16:47:11,184 [INFO] simulation.WL_saw:288 failed to grow rate: 68%, out of range:  0% 
2022-10-31 16:47:24,050 [INFO] simulation.WL_saw:288 failed to grow rate: 69%, out of range:  0% 
2022-10-31 16:47:36,886 [INFO] simulation.WL_saw:288 failed to grow rate: 69%, out of range:  0% 
2022-10-31 16:47:49,748 [INFO] simulation.WL_saw:288 failed to grow rate: 68%, out of range:  0% 
2022-10-31 16:48:02,599 [INFO] simulation.WL_saw:288 failed to grow rate: 68%, out of range:  0% 
2022-10-31 16:48:15,458 [INFO] simulation.WL_saw:288 failed to grow rate: 68%, out of range:  0% 
2022-10-31 16:48:28,319 [INFO] simulation.WL_saw:288 failed to grow rate: 69%, out of range:  0% 
2022-10-31 16:48:41,144 [INFO] simulation.WL_saw:288 failed to grow rate: 69%, out of range:  0% 
2022-10-31 16:48:53,993 [INFO] simulation.WL_saw:288 failed to grow rate: 69%, out of range:  0% 
2022-10-31 16:49:06,844 [INFO] simulation.WL_saw:288 failed to grow rate: 69%, out of range:  0% 
2022-10-31 16:49:19,716 [INFO] simulation.WL_saw:288 failed to grow rate: 68%, out of range:  0% 
2022-10-31 16:49:32,595 [INFO] simulation.WL_saw:288 failed to grow rate: 69%, out of range:  0% 
2022-10-31 16:49:32,596 [INFO] simulation.WL_saw:293 ds=4.882813e-05, ds_min=0.000001, sweep number=122
2022-10-31 16:49:45,449 [INFO] simulation.WL_saw:288 failed to grow rate: 69%, out of range:  0% 
2022-10-31 16:49:58,302 [INFO] simulation.WL_saw:288 failed to grow rate: 67%, out of range:  0% 
2022-10-31 16:50:11,148 [INFO] simulation.WL_saw:288 failed to grow rate: 68%, out of range:  0% 
2022-10-31 16:50:23,992 [INFO] simulation.WL_saw:288 failed to grow rate: 68%, out of range:  0% 
2022-10-31 16:50:36,825 [INFO] simulation.WL_saw:288 failed to grow rate: 68%, out of range:  0% 
2022-10-31 16:50:49,696 [INFO] simulation.WL_saw:288 failed to grow rate: 68%, out of range:  0% 
2022-10-31 16:51:02,549 [INFO] simulation.WL_saw:288 failed to grow rate: 68%, out of range:  0% 
2022-10-31 16:51:15,383 [INFO] simulation.WL_saw:288 failed to grow rate: 69%, out of range:  0% 
2022-10-31 16:51:28,217 [INFO] simulation.WL_saw:288 failed to grow rate: 68%, out of range:  0% 
2022-10-31 16:51:41,047 [INFO] simulation.WL_saw:288 failed to grow rate: 69%, out of range:  0% 
2022-10-31 16:51:53,882 [INFO] simulation.WL_saw:288 failed to grow rate: 70%, out of range:  0% 
2022-10-31 16:52:06,757 [INFO] simulation.WL_saw:288 failed to grow rate: 67%, out of range:  0% 
2022-10-31 16:52:19,612 [INFO] simulation.WL_saw:288 failed to grow rate: 68%, out of range:  0% 
2022-10-31 16:52:32,462 [INFO] simulation.WL_saw:288 failed to grow rate: 68%, out of range:  0% 
2022-10-31 16:52:45,333 [INFO] simulation.WL_saw:288 failed to grow rate: 67%, out of range:  0% 
2022-10-31 16:52:58,172 [INFO] simulation.WL_saw:288 failed to grow rate: 68%, out of range:  0% 
2022-10-31 16:53:11,036 [INFO] simulation.WL_saw:288 failed to grow rate: 67%, out of range:  0% 
2022-10-31 16:53:23,877 [INFO] simulation.WL_saw:288 failed to grow rate: 69%, out of range:  0% 
2022-10-31 16:53:36,713 [INFO] simulation.WL_saw:288 failed to grow rate: 69%, out of range:  0% 
2022-10-31 16:53:49,547 [INFO] simulation.WL_saw:288 failed to grow rate: 68%, out of range:  0% 
2022-10-31 16:54:02,385 [INFO] simulation.WL_saw:288 failed to grow rate: 68%, out of range:  0% 
2022-10-31 16:54:15,237 [INFO] simulation.WL_saw:288 failed to grow rate: 69%, out of range:  0% 
2022-10-31 16:54:28,086 [INFO] simulation.WL_saw:288 failed to grow rate: 69%, out of range:  0% 
2022-10-31 16:54:40,933 [INFO] simulation.WL_saw:288 failed to grow rate: 68%, out of range:  0% 
2022-10-31 16:54:53,784 [INFO] simulation.WL_saw:288 failed to grow rate: 68%, out of range:  0% 
2022-10-31 16:55:06,635 [INFO] simulation.WL_saw:288 failed to grow rate: 68%, out of range:  0% 
2022-10-31 16:55:19,473 [INFO] simulation.WL_saw:288 failed to grow rate: 68%, out of range:  0% 
2022-10-31 16:55:32,337 [INFO] simulation.WL_saw:288 failed to grow rate: 68%, out of range:  0% 
2022-10-31 16:55:45,194 [INFO] simulation.WL_saw:288 failed to grow rate: 68%, out of range:  0% 
2022-10-31 16:55:58,038 [INFO] simulation.WL_saw:288 failed to grow rate: 68%, out of range:  0% 
2022-10-31 16:56:10,891 [INFO] simulation.WL_saw:288 failed to grow rate: 68%, out of range:  0% 
2022-10-31 16:56:10,891 [INFO] simulation.WL_saw:293 ds=2.441406e-05, ds_min=0.000001, sweep number=153
2022-10-31 16:56:23,735 [INFO] simulation.WL_saw:288 failed to grow rate: 69%, out of range:  0% 
2022-10-31 16:56:36,567 [INFO] simulation.WL_saw:288 failed to grow rate: 69%, out of range:  0% 
2022-10-31 16:56:49,425 [INFO] simulation.WL_saw:288 failed to grow rate: 69%, out of range:  0% 
2022-10-31 16:57:02,278 [INFO] simulation.WL_saw:288 failed to grow rate: 68%, out of range:  0% 
2022-10-31 16:57:15,121 [INFO] simulation.WL_saw:288 failed to grow rate: 69%, out of range:  0% 
2022-10-31 16:57:27,984 [INFO] simulation.WL_saw:288 failed to grow rate: 68%, out of range:  0% 
2022-10-31 16:57:40,822 [INFO] simulation.WL_saw:288 failed to grow rate: 69%, out of range:  0% 
2022-10-31 16:57:53,639 [INFO] simulation.WL_saw:288 failed to grow rate: 69%, out of range:  0% 
2022-10-31 16:58:06,465 [INFO] simulation.WL_saw:288 failed to grow rate: 68%, out of range:  0% 
2022-10-31 16:58:19,302 [INFO] simulation.WL_saw:288 failed to grow rate: 67%, out of range:  0% 
2022-10-31 16:58:32,162 [INFO] simulation.WL_saw:288 failed to grow rate: 67%, out of range:  0% 
2022-10-31 16:58:45,019 [INFO] simulation.WL_saw:288 failed to grow rate: 68%, out of range:  0% 
2022-10-31 16:58:57,889 [INFO] simulation.WL_saw:288 failed to grow rate: 68%, out of range:  0% 
2022-10-31 16:59:10,720 [INFO] simulation.WL_saw:288 failed to grow rate: 70%, out of range:  0% 
2022-10-31 16:59:23,563 [INFO] simulation.WL_saw:288 failed to grow rate: 68%, out of range:  0% 
2022-10-31 16:59:36,383 [INFO] simulation.WL_saw:288 failed to grow rate: 68%, out of range:  0% 
2022-10-31 16:59:49,231 [INFO] simulation.WL_saw:288 failed to grow rate: 68%, out of range:  0% 
2022-10-31 17:00:02,080 [INFO] simulation.WL_saw:288 failed to grow rate: 68%, out of range:  0% 
2022-10-31 17:00:14,902 [INFO] simulation.WL_saw:288 failed to grow rate: 68%, out of range:  0% 
2022-10-31 17:00:14,902 [INFO] simulation.WL_saw:293 ds=1.220703e-05, ds_min=0.000001, sweep number=172
2022-10-31 17:00:27,743 [INFO] simulation.WL_saw:288 failed to grow rate: 68%, out of range:  0% 
2022-10-31 17:00:40,587 [INFO] simulation.WL_saw:288 failed to grow rate: 68%, out of range:  0% 
2022-10-31 17:00:53,433 [INFO] simulation.WL_saw:288 failed to grow rate: 68%, out of range:  0% 
2022-10-31 17:01:06,281 [INFO] simulation.WL_saw:288 failed to grow rate: 68%, out of range:  0% 
2022-10-31 17:01:19,122 [INFO] simulation.WL_saw:288 failed to grow rate: 68%, out of range:  0% 
2022-10-31 17:01:31,999 [INFO] simulation.WL_saw:288 failed to grow rate: 68%, out of range:  0% 
2022-10-31 17:01:44,843 [INFO] simulation.WL_saw:288 failed to grow rate: 69%, out of range:  0% 
2022-10-31 17:01:57,684 [INFO] simulation.WL_saw:288 failed to grow rate: 69%, out of range:  0% 
2022-10-31 17:02:10,486 [INFO] simulation.WL_saw:288 failed to grow rate: 70%, out of range:  0% 
2022-10-31 17:02:23,348 [INFO] simulation.WL_saw:288 failed to grow rate: 67%, out of range:  0% 
2022-10-31 17:02:36,154 [INFO] simulation.WL_saw:288 failed to grow rate: 69%, out of range:  0% 
2022-10-31 17:02:48,992 [INFO] simulation.WL_saw:288 failed to grow rate: 69%, out of range:  0% 
2022-10-31 17:03:01,853 [INFO] simulation.WL_saw:288 failed to grow rate: 68%, out of range:  0% 
2022-10-31 17:03:14,691 [INFO] simulation.WL_saw:288 failed to grow rate: 69%, out of range:  0% 
2022-10-31 17:03:27,535 [INFO] simulation.WL_saw:288 failed to grow rate: 68%, out of range:  0% 
2022-10-31 17:03:40,384 [INFO] simulation.WL_saw:288 failed to grow rate: 68%, out of range:  0% 
2022-10-31 17:03:53,224 [INFO] simulation.WL_saw:288 failed to grow rate: 68%, out of range:  0% 
2022-10-31 17:04:06,074 [INFO] simulation.WL_saw:288 failed to grow rate: 69%, out of range:  0% 
2022-10-31 17:04:18,910 [INFO] simulation.WL_saw:288 failed to grow rate: 68%, out of range:  0% 
2022-10-31 17:04:31,753 [INFO] simulation.WL_saw:288 failed to grow rate: 68%, out of range:  0% 
2022-10-31 17:04:44,583 [INFO] simulation.WL_saw:288 failed to grow rate: 69%, out of range:  0% 
2022-10-31 17:04:57,423 [INFO] simulation.WL_saw:288 failed to grow rate: 69%, out of range:  0% 
2022-10-31 17:05:10,253 [INFO] simulation.WL_saw:288 failed to grow rate: 69%, out of range:  0% 
2022-10-31 17:05:23,100 [INFO] simulation.WL_saw:288 failed to grow rate: 68%, out of range:  0% 
2022-10-31 17:05:35,954 [INFO] simulation.WL_saw:288 failed to grow rate: 68%, out of range:  0% 
2022-10-31 17:05:48,813 [INFO] simulation.WL_saw:288 failed to grow rate: 69%, out of range:  0% 
2022-10-31 17:06:01,657 [INFO] simulation.WL_saw:288 failed to grow rate: 68%, out of range:  0% 
2022-10-31 17:06:14,501 [INFO] simulation.WL_saw:288 failed to grow rate: 68%, out of range:  0% 
2022-10-31 17:06:27,363 [INFO] simulation.WL_saw:288 failed to grow rate: 68%, out of range:  0% 
2022-10-31 17:06:40,215 [INFO] simulation.WL_saw:288 failed to grow rate: 68%, out of range:  0% 
2022-10-31 17:06:53,056 [INFO] simulation.WL_saw:288 failed to grow rate: 69%, out of range:  0% 
2022-10-31 17:07:05,907 [INFO] simulation.WL_saw:288 failed to grow rate: 69%, out of range:  0% 
2022-10-31 17:07:18,747 [INFO] simulation.WL_saw:288 failed to grow rate: 69%, out of range:  0% 
2022-10-31 17:07:31,586 [INFO] simulation.WL_saw:288 failed to grow rate: 69%, out of range:  0% 
2022-10-31 17:07:44,435 [INFO] simulation.WL_saw:288 failed to grow rate: 68%, out of range:  0% 
2022-10-31 17:07:57,314 [INFO] simulation.WL_saw:288 failed to grow rate: 67%, out of range:  0% 
2022-10-31 17:08:10,153 [INFO] simulation.WL_saw:288 failed to grow rate: 69%, out of range:  0% 
2022-10-31 17:08:23,003 [INFO] simulation.WL_saw:288 failed to grow rate: 68%, out of range:  0% 
2022-10-31 17:08:35,830 [INFO] simulation.WL_saw:288 failed to grow rate: 68%, out of range:  0% 
2022-10-31 17:08:48,649 [INFO] simulation.WL_saw:288 failed to grow rate: 70%, out of range:  0% 
2022-10-31 17:09:01,481 [INFO] simulation.WL_saw:288 failed to grow rate: 68%, out of range:  0% 
2022-10-31 17:09:14,307 [INFO] simulation.WL_saw:288 failed to grow rate: 68%, out of range:  0% 
2022-10-31 17:09:27,125 [INFO] simulation.WL_saw:288 failed to grow rate: 69%, out of range:  0% 
2022-10-31 17:09:39,968 [INFO] simulation.WL_saw:288 failed to grow rate: 68%, out of range:  0% 
2022-10-31 17:09:52,789 [INFO] simulation.WL_saw:288 failed to grow rate: 69%, out of range:  0% 
2022-10-31 17:10:05,661 [INFO] simulation.WL_saw:288 failed to grow rate: 67%, out of range:  0% 
2022-10-31 17:10:18,488 [INFO] simulation.WL_saw:288 failed to grow rate: 70%, out of range:  0% 
2022-10-31 17:10:31,323 [INFO] simulation.WL_saw:288 failed to grow rate: 69%, out of range:  0% 
2022-10-31 17:10:44,162 [INFO] simulation.WL_saw:288 failed to grow rate: 67%, out of range:  0% 
2022-10-31 17:10:57,000 [INFO] simulation.WL_saw:288 failed to grow rate: 69%, out of range:  0% 
2022-10-31 17:11:09,835 [INFO] simulation.WL_saw:288 failed to grow rate: 69%, out of range:  0% 
2022-10-31 17:11:22,651 [INFO] simulation.WL_saw:288 failed to grow rate: 69%, out of range:  0% 
2022-10-31 17:11:35,512 [INFO] simulation.WL_saw:288 failed to grow rate: 67%, out of range:  0% 
2022-10-31 17:11:48,351 [INFO] simulation.WL_saw:288 failed to grow rate: 68%, out of range:  0% 
2022-10-31 17:12:01,186 [INFO] simulation.WL_saw:288 failed to grow rate: 68%, out of range:  0% 
2022-10-31 17:12:14,038 [INFO] simulation.WL_saw:288 failed to grow rate: 68%, out of range:  0% 
2022-10-31 17:12:26,855 [INFO] simulation.WL_saw:288 failed to grow rate: 68%, out of range:  0% 
2022-10-31 17:12:39,700 [INFO] simulation.WL_saw:288 failed to grow rate: 69%, out of range:  0% 
2022-10-31 17:12:52,540 [INFO] simulation.WL_saw:288 failed to grow rate: 69%, out of range:  0% 
2022-10-31 17:13:05,367 [INFO] simulation.WL_saw:288 failed to grow rate: 68%, out of range:  0% 
2022-10-31 17:13:18,209 [INFO] simulation.WL_saw:288 failed to grow rate: 69%, out of range:  0% 
2022-10-31 17:13:31,045 [INFO] simulation.WL_saw:288 failed to grow rate: 68%, out of range:  0% 
2022-10-31 17:13:43,885 [INFO] simulation.WL_saw:288 failed to grow rate: 69%, out of range:  0% 
2022-10-31 17:13:56,719 [INFO] simulation.WL_saw:288 failed to grow rate: 68%, out of range:  0% 
2022-10-31 17:14:09,566 [INFO] simulation.WL_saw:288 failed to grow rate: 68%, out of range:  0% 
2022-10-31 17:14:22,423 [INFO] simulation.WL_saw:288 failed to grow rate: 69%, out of range:  0% 
2022-10-31 17:14:35,278 [INFO] simulation.WL_saw:288 failed to grow rate: 68%, out of range:  0% 
2022-10-31 17:14:48,103 [INFO] simulation.WL_saw:288 failed to grow rate: 69%, out of range:  0% 
2022-10-31 17:15:00,957 [INFO] simulation.WL_saw:288 failed to grow rate: 68%, out of range:  0% 
2022-10-31 17:15:13,806 [INFO] simulation.WL_saw:288 failed to grow rate: 68%, out of range:  0% 
2022-10-31 17:15:26,624 [INFO] simulation.WL_saw:288 failed to grow rate: 69%, out of range:  0% 
2022-10-31 17:15:39,487 [INFO] simulation.WL_saw:288 failed to grow rate: 68%, out of range:  0% 
2022-10-31 17:15:52,323 [INFO] simulation.WL_saw:288 failed to grow rate: 68%, out of range:  0% 
2022-10-31 17:16:05,138 [INFO] simulation.WL_saw:288 failed to grow rate: 68%, out of range:  0% 
2022-10-31 17:16:17,982 [INFO] simulation.WL_saw:288 failed to grow rate: 68%, out of range:  0% 
2022-10-31 17:16:30,820 [INFO] simulation.WL_saw:288 failed to grow rate: 68%, out of range:  0% 
2022-10-31 17:16:43,629 [INFO] simulation.WL_saw:288 failed to grow rate: 69%, out of range:  0% 
2022-10-31 17:16:56,466 [INFO] simulation.WL_saw:288 failed to grow rate: 68%, out of range:  0% 
2022-10-31 17:17:17,287 [INFO] simulation.WL_saw:288 failed to grow rate: 70%, out of range:  0% 
2022-10-31 17:17:42,952 [INFO] simulation.WL_saw:288 failed to grow rate: 69%, out of range:  0% 
2022-10-31 17:18:08,598 [INFO] simulation.WL_saw:288 failed to grow rate: 70%, out of range:  0% 
2022-10-31 17:18:22,702 [INFO] simulation.WL_saw:288 failed to grow rate: 68%, out of range:  0% 
2022-10-31 17:18:35,452 [INFO] simulation.WL_saw:288 failed to grow rate: 68%, out of range:  0% 
2022-10-31 17:18:48,247 [INFO] simulation.WL_saw:288 failed to grow rate: 68%, out of range:  0% 
2022-10-31 17:19:01,038 [INFO] simulation.WL_saw:288 failed to grow rate: 68%, out of range:  0% 
2022-10-31 17:19:13,815 [INFO] simulation.WL_saw:288 failed to grow rate: 69%, out of range:  0% 
2022-10-31 17:19:26,628 [INFO] simulation.WL_saw:288 failed to grow rate: 68%, out of range:  0% 
2022-10-31 17:19:39,433 [INFO] simulation.WL_saw:288 failed to grow rate: 68%, out of range:  0% 
2022-10-31 17:19:52,256 [INFO] simulation.WL_saw:288 failed to grow rate: 67%, out of range:  0% 
2022-10-31 17:20:05,045 [INFO] simulation.WL_saw:288 failed to grow rate: 69%, out of range:  0% 
2022-10-31 17:20:17,867 [INFO] simulation.WL_saw:288 failed to grow rate: 67%, out of range:  0% 
2022-10-31 17:20:30,670 [INFO] simulation.WL_saw:288 failed to grow rate: 68%, out of range:  0% 
2022-10-31 17:20:43,477 [INFO] simulation.WL_saw:288 failed to grow rate: 68%, out of range:  0% 
2022-10-31 17:20:56,295 [INFO] simulation.WL_saw:288 failed to grow rate: 69%, out of range:  0% 
2022-10-31 17:21:09,095 [INFO] simulation.WL_saw:288 failed to grow rate: 69%, out of range:  0% 
2022-10-31 17:21:21,919 [INFO] simulation.WL_saw:288 failed to grow rate: 66%, out of range:  0% 
2022-10-31 17:21:34,713 [INFO] simulation.WL_saw:288 failed to grow rate: 68%, out of range:  0% 
2022-10-31 17:21:47,493 [INFO] simulation.WL_saw:288 failed to grow rate: 69%, out of range:  0% 
2022-10-31 17:22:00,278 [INFO] simulation.WL_saw:288 failed to grow rate: 69%, out of range:  0% 
2022-10-31 17:22:13,077 [INFO] simulation.WL_saw:288 failed to grow rate: 67%, out of range:  0% 
2022-10-31 17:22:25,898 [INFO] simulation.WL_saw:288 failed to grow rate: 68%, out of range:  0% 
2022-10-31 17:22:38,703 [INFO] simulation.WL_saw:288 failed to grow rate: 68%, out of range:  0% 
2022-10-31 17:22:51,535 [INFO] simulation.WL_saw:288 failed to grow rate: 67%, out of range:  0% 
2022-10-31 17:23:04,339 [INFO] simulation.WL_saw:288 failed to grow rate: 69%, out of range:  0% 
2022-10-31 17:23:17,148 [INFO] simulation.WL_saw:288 failed to grow rate: 69%, out of range:  0% 
2022-10-31 17:23:29,955 [INFO] simulation.WL_saw:288 failed to grow rate: 68%, out of range:  0% 
2022-10-31 17:23:42,788 [INFO] simulation.WL_saw:288 failed to grow rate: 68%, out of range:  0% 
2022-10-31 17:23:55,598 [INFO] simulation.WL_saw:288 failed to grow rate: 68%, out of range:  0% 
2022-10-31 17:24:08,394 [INFO] simulation.WL_saw:288 failed to grow rate: 69%, out of range:  0% 
2022-10-31 17:24:21,217 [INFO] simulation.WL_saw:288 failed to grow rate: 67%, out of range:  0% 
2022-10-31 17:24:34,026 [INFO] simulation.WL_saw:288 failed to grow rate: 69%, out of range:  0% 
2022-10-31 17:24:46,840 [INFO] simulation.WL_saw:288 failed to grow rate: 68%, out of range:  0% 
2022-10-31 17:24:59,656 [INFO] simulation.WL_saw:288 failed to grow rate: 68%, out of range:  0% 
2022-10-31 17:25:12,476 [INFO] simulation.WL_saw:288 failed to grow rate: 69%, out of range:  0% 
2022-10-31 17:25:25,306 [INFO] simulation.WL_saw:288 failed to grow rate: 68%, out of range:  0% 
2022-10-31 17:25:38,125 [INFO] simulation.WL_saw:288 failed to grow rate: 68%, out of range:  0% 
2022-10-31 17:25:50,965 [INFO] simulation.WL_saw:288 failed to grow rate: 68%, out of range:  0% 
2022-10-31 17:26:03,829 [INFO] simulation.WL_saw:288 failed to grow rate: 68%, out of range:  0% 
2022-10-31 17:26:16,664 [INFO] simulation.WL_saw:288 failed to grow rate: 68%, out of range:  0% 
2022-10-31 17:26:29,488 [INFO] simulation.WL_saw:288 failed to grow rate: 68%, out of range:  0% 
2022-10-31 17:26:42,287 [INFO] simulation.WL_saw:288 failed to grow rate: 69%, out of range:  0% 
2022-10-31 17:26:55,097 [INFO] simulation.WL_saw:288 failed to grow rate: 67%, out of range:  0% 
2022-10-31 17:27:07,911 [INFO] simulation.WL_saw:288 failed to grow rate: 69%, out of range:  0% 
2022-10-31 17:27:20,732 [INFO] simulation.WL_saw:288 failed to grow rate: 68%, out of range:  0% 
2022-10-31 17:27:33,595 [INFO] simulation.WL_saw:288 failed to grow rate: 67%, out of range:  0% 
2022-10-31 17:27:46,432 [INFO] simulation.WL_saw:288 failed to grow rate: 68%, out of range:  0% 
2022-10-31 17:27:59,284 [INFO] simulation.WL_saw:288 failed to grow rate: 68%, out of range:  0% 
2022-10-31 17:28:12,099 [INFO] simulation.WL_saw:288 failed to grow rate: 68%, out of range:  0% 
2022-10-31 17:28:24,923 [INFO] simulation.WL_saw:288 failed to grow rate: 68%, out of range:  0% 
2022-10-31 17:28:37,759 [INFO] simulation.WL_saw:288 failed to grow rate: 67%, out of range:  0% 
2022-10-31 17:28:50,569 [INFO] simulation.WL_saw:288 failed to grow rate: 69%, out of range:  0% 
2022-10-31 17:29:03,368 [INFO] simulation.WL_saw:288 failed to grow rate: 68%, out of range:  0% 
2022-10-31 17:29:16,181 [INFO] simulation.WL_saw:288 failed to grow rate: 69%, out of range:  0% 
2022-10-31 17:29:29,014 [INFO] simulation.WL_saw:288 failed to grow rate: 68%, out of range:  0% 
2022-10-31 17:29:41,823 [INFO] simulation.WL_saw:288 failed to grow rate: 68%, out of range:  0% 
2022-10-31 17:29:54,626 [INFO] simulation.WL_saw:288 failed to grow rate: 69%, out of range:  0% 
2022-10-31 17:30:07,466 [INFO] simulation.WL_saw:288 failed to grow rate: 67%, out of range:  0% 
2022-10-31 17:30:20,282 [INFO] simulation.WL_saw:288 failed to grow rate: 68%, out of range:  0% 
2022-10-31 17:30:33,126 [INFO] simulation.WL_saw:288 failed to grow rate: 68%, out of range:  0% 
2022-10-31 17:30:45,947 [INFO] simulation.WL_saw:288 failed to grow rate: 68%, out of range:  0% 
2022-10-31 17:30:58,792 [INFO] simulation.WL_saw:288 failed to grow rate: 69%, out of range:  0% 
2022-10-31 17:30:58,792 [INFO] simulation.WL_saw:293 ds=6.103516e-06, ds_min=0.000001, sweep number=313
2022-10-31 17:31:11,619 [INFO] simulation.WL_saw:288 failed to grow rate: 68%, out of range:  0% 
2022-10-31 17:31:24,455 [INFO] simulation.WL_saw:288 failed to grow rate: 67%, out of range:  0% 
2022-10-31 17:31:37,282 [INFO] simulation.WL_saw:288 failed to grow rate: 68%, out of range:  0% 
2022-10-31 17:31:50,101 [INFO] simulation.WL_saw:288 failed to grow rate: 69%, out of range:  0% 
2022-10-31 17:32:02,901 [INFO] simulation.WL_saw:288 failed to grow rate: 69%, out of range:  0% 
2022-10-31 17:32:15,709 [INFO] simulation.WL_saw:288 failed to grow rate: 69%, out of range:  0% 
2022-10-31 17:32:28,512 [INFO] simulation.WL_saw:288 failed to grow rate: 69%, out of range:  0% 
2022-10-31 17:32:41,331 [INFO] simulation.WL_saw:288 failed to grow rate: 68%, out of range:  0% 
2022-10-31 17:32:54,138 [INFO] simulation.WL_saw:288 failed to grow rate: 69%, out of range:  0% 
2022-10-31 17:33:06,961 [INFO] simulation.WL_saw:288 failed to grow rate: 69%, out of range:  0% 
2022-10-31 17:33:19,791 [INFO] simulation.WL_saw:288 failed to grow rate: 67%, out of range:  0% 
2022-10-31 17:33:32,596 [INFO] simulation.WL_saw:288 failed to grow rate: 69%, out of range:  0% 
2022-10-31 17:33:45,411 [INFO] simulation.WL_saw:288 failed to grow rate: 69%, out of range:  0% 
2022-10-31 17:33:58,241 [INFO] simulation.WL_saw:288 failed to grow rate: 67%, out of range:  0% 
2022-10-31 17:34:11,052 [INFO] simulation.WL_saw:288 failed to grow rate: 68%, out of range:  0% 
2022-10-31 17:34:23,875 [INFO] simulation.WL_saw:288 failed to grow rate: 70%, out of range:  0% 
2022-10-31 17:34:36,705 [INFO] simulation.WL_saw:288 failed to grow rate: 68%, out of range:  0% 
2022-10-31 17:34:49,517 [INFO] simulation.WL_saw:288 failed to grow rate: 68%, out of range:  0% 
2022-10-31 17:35:02,342 [INFO] simulation.WL_saw:288 failed to grow rate: 67%, out of range:  0% 
2022-10-31 17:35:15,146 [INFO] simulation.WL_saw:288 failed to grow rate: 68%, out of range:  0% 
2022-10-31 17:35:27,964 [INFO] simulation.WL_saw:288 failed to grow rate: 69%, out of range:  0% 
2022-10-31 17:35:40,790 [INFO] simulation.WL_saw:288 failed to grow rate: 69%, out of range:  0% 
2022-10-31 17:35:53,620 [INFO] simulation.WL_saw:288 failed to grow rate: 69%, out of range:  0% 
2022-10-31 17:36:06,426 [INFO] simulation.WL_saw:288 failed to grow rate: 69%, out of range:  0% 
2022-10-31 17:36:19,249 [INFO] simulation.WL_saw:288 failed to grow rate: 68%, out of range:  0% 
2022-10-31 17:36:32,051 [INFO] simulation.WL_saw:288 failed to grow rate: 69%, out of range:  0% 
2022-10-31 17:36:44,881 [INFO] simulation.WL_saw:288 failed to grow rate: 67%, out of range:  0% 
2022-10-31 17:36:57,716 [INFO] simulation.WL_saw:288 failed to grow rate: 67%, out of range:  0% 
2022-10-31 17:37:10,565 [INFO] simulation.WL_saw:288 failed to grow rate: 68%, out of range:  0% 
2022-10-31 17:37:23,385 [INFO] simulation.WL_saw:288 failed to grow rate: 68%, out of range:  0% 
2022-10-31 17:37:36,234 [INFO] simulation.WL_saw:288 failed to grow rate: 68%, out of range:  0% 
2022-10-31 17:37:49,074 [INFO] simulation.WL_saw:288 failed to grow rate: 68%, out of range:  0% 
2022-10-31 17:38:01,911 [INFO] simulation.WL_saw:288 failed to grow rate: 68%, out of range:  0% 
2022-10-31 17:38:14,747 [INFO] simulation.WL_saw:288 failed to grow rate: 67%, out of range:  0% 
2022-10-31 17:38:27,565 [INFO] simulation.WL_saw:288 failed to grow rate: 69%, out of range:  0% 
2022-10-31 17:38:27,565 [INFO] simulation.WL_saw:293 ds=3.051758e-06, ds_min=0.000001, sweep number=348
2022-10-31 17:38:40,388 [INFO] simulation.WL_saw:288 failed to grow rate: 68%, out of range:  0% 
2022-10-31 17:38:53,193 [INFO] simulation.WL_saw:288 failed to grow rate: 69%, out of range:  0% 
2022-10-31 17:39:06,026 [INFO] simulation.WL_saw:288 failed to grow rate: 69%, out of range:  0% 
2022-10-31 17:39:18,857 [INFO] simulation.WL_saw:288 failed to grow rate: 69%, out of range:  0% 
2022-10-31 17:39:31,669 [INFO] simulation.WL_saw:288 failed to grow rate: 69%, out of range:  0% 
2022-10-31 17:39:44,495 [INFO] simulation.WL_saw:288 failed to grow rate: 69%, out of range:  0% 
2022-10-31 17:39:57,311 [INFO] simulation.WL_saw:288 failed to grow rate: 68%, out of range:  0% 
2022-10-31 17:40:10,129 [INFO] simulation.WL_saw:288 failed to grow rate: 68%, out of range:  0% 
2022-10-31 17:40:22,988 [INFO] simulation.WL_saw:288 failed to grow rate: 66%, out of range:  0% 
2022-10-31 17:40:35,805 [INFO] simulation.WL_saw:288 failed to grow rate: 68%, out of range:  0% 
2022-10-31 17:40:48,637 [INFO] simulation.WL_saw:288 failed to grow rate: 68%, out of range:  0% 
2022-10-31 17:41:01,459 [INFO] simulation.WL_saw:288 failed to grow rate: 69%, out of range:  0% 
2022-10-31 17:41:14,261 [INFO] simulation.WL_saw:288 failed to grow rate: 68%, out of range:  0% 
2022-10-31 17:41:27,077 [INFO] simulation.WL_saw:288 failed to grow rate: 68%, out of range:  0% 
2022-10-31 17:41:39,910 [INFO] simulation.WL_saw:288 failed to grow rate: 69%, out of range:  0% 
2022-10-31 17:41:52,722 [INFO] simulation.WL_saw:288 failed to grow rate: 68%, out of range:  0% 
2022-10-31 17:42:05,560 [INFO] simulation.WL_saw:288 failed to grow rate: 68%, out of range:  0% 
2022-10-31 17:42:18,383 [INFO] simulation.WL_saw:288 failed to grow rate: 70%, out of range:  0% 
2022-10-31 17:42:18,383 [INFO] simulation.WL_saw:293 ds=1.525879e-06, ds_min=0.000001, sweep number=366
2022-10-31 17:42:31,207 [INFO] simulation.WL_saw:288 failed to grow rate: 68%, out of range:  0% 
2022-10-31 17:42:44,032 [INFO] simulation.WL_saw:288 failed to grow rate: 69%, out of range:  0% 
2022-10-31 17:42:56,870 [INFO] simulation.WL_saw:288 failed to grow rate: 68%, out of range:  0% 
2022-10-31 17:43:09,708 [INFO] simulation.WL_saw:288 failed to grow rate: 68%, out of range:  0% 
2022-10-31 17:43:22,549 [INFO] simulation.WL_saw:288 failed to grow rate: 68%, out of range:  0% 
2022-10-31 17:43:35,368 [INFO] simulation.WL_saw:288 failed to grow rate: 68%, out of range:  0% 
2022-10-31 17:43:48,180 [INFO] simulation.WL_saw:288 failed to grow rate: 69%, out of range:  0% 
2022-10-31 17:43:48,180 [INFO] simulation.WL_saw:293 ds=7.629395e-07, ds_min=0.000001, sweep number=373
2022-10-31 17:43:48,180 [INFO] run_saw.run:317 s: [array([18.1, 20.4, 25.5, 25.1, 26.2, 21.8, 23.2]), array([63.9 , 82.75, 83.9 , 85.55, 86.25, 78.5 , 73.5 ]), array([ 84.325,  95.175, 100.975, 102.375, 101.825,  99.325,  92.6  ]), array([101.275 , 116.8   , 124.275 , 125.1125, 124.9875, 122.45  ,
       119.725 ]), array([106.59375, 122.0375 , 127.75   , 129.13125, 128.0875 , 126.1375 ,
       124.54375]), array([111.834375, 128.265625, 132.45    , 132.7875  , 132.190625,
       132.390625, 129.278125]), array([118.81875  , 133.7515625, 137.8765625, 139.1078125, 138.284375 ,
       137.1046875, 133.8546875]), array([122.003125  , 136.0453125 , 140.86015625, 141.37890625,
       140.93515625, 139.0046875 , 135.7703125 ]), array([124.32304688, 138.01328125, 142.446875  , 143.8125    ,
       143.41953125, 141.38125   , 138.25195312]), array([124.9046875 , 138.86269531, 143.06914063, 144.38222656,
       144.14589844, 142.21953125, 139.02851563]), array([125.34208984, 139.41328125, 143.57529297, 144.91025391,
       144.61054688, 142.88828125, 139.56767578]), array([125.76967773, 139.76601562, 143.85058594, 145.31708984,
       144.85224609, 143.17612305, 139.98232422]), array([125.89912109, 139.85722656, 143.94443359, 145.4112793 ,
       144.95095215, 143.26708984, 140.11723633]), array([126.2114502 , 140.2020752 , 144.35075684, 145.81571045,
       145.34439697, 143.63173828, 140.62480469]), array([126.24761963, 140.26422119, 144.40935669, 145.86618042,
       145.38664551, 143.68106079, 140.66560059]), array([126.2571167 , 140.27736816, 144.41969299, 145.88158264,
       145.39737854, 143.69295044, 140.68170166]), array([126.26004944, 140.27984467, 144.42222748, 145.88336945,
       145.40035553, 143.69507904, 140.68375549])]
2022-10-31 17:43:48,185 [INFO] run_saw.get_n_saws:235 specific_excess_entropy from the analytical curve  for n=54 is: -0.271
2022-10-31 17:43:48,186 [INFO] run_saw.get_n_saws:237 the total number of phantom conformation for n=54 is 1.717935e+39
2022-10-31 17:43:48,187 [INFO] run_saw.run:322 saving results
2022-10-31 17:43:48,190 [INFO] run_saw.save_results:198 saving results to: /home/alexey/projects/chromosome_segregation/chromosome_segregation/results_saw_wl/density_0.4/run_21/data.csv
2022-10-31 17:43:48,190 [INFO] run_saw.save_results:202 saving the line: 4,0.964,-1.026
2022-10-31 17:43:48,190 [INFO] run_saw.save_results:202 saving the line: 9,0.4,-1.286
2022-10-31 17:43:48,190 [INFO] run_saw.save_results:202 saving the line: 16,0.211,-1.363
2022-10-31 17:43:48,190 [INFO] run_saw.save_results:202 saving the line: 25,0.127,-1.393
2022-10-31 17:43:48,190 [INFO] run_saw.save_results:202 saving the line: 36,0.083,-1.401
2022-10-31 17:43:48,190 [INFO] run_saw.save_results:202 saving the line: 49,0.058,-1.402
2022-10-31 17:43:48,190 [INFO] run_saw.save_results:202 saving the line: 64,0.042,-1.402
2022-10-31 17:43:48,191 [INFO] run_saw.save_results:206 saving parameters to /home/alexey/projects/chromosome_segregation/chromosome_segregation/results_saw_wl/density_0.4/run_21/params.json
