2022-10-31 13:18:03,052 [INFO] run_saw.<module>:339 running SAWs with the parameters: density=0.4, n_boxes=(17, 17), thicknesses=([4],[4])
2022-10-31 13:18:03,052 [INFO] run_saw.run:246 calculating maximal number of monomers...
2022-10-31 13:18:03,052 [INFO] run_saw.run:249 max_n=114
2022-10-31 13:18:03,052 [INFO] run_saw.run:253 getting cached OR calculating from the scratch..
2022-10-31 13:18:12,475 [INFO] aux.get_grow_caches:351 shape of existing cache is (129, 50, 50, 50), shape of query is: (115, 50, 50, 50)
2022-10-31 13:18:12,475 [INFO] run_saw.run:256 done calculating (n,dx,dy,dz) array
2022-10-31 13:18:12,475 [INFO] run_saw.run:264 boxes: [[17, 4, 4]] for thickness_x=4, thickness_y=4
2022-10-31 13:18:12,475 [INFO] run_saw.run:279 running WL_saw with n=108,  box=[17, 4, 4]
2022-10-31 13:18:12,475 [INFO] run_saw.run:290 ([16, 17, 18, 19, 20, 21, 22, 23], [3, 4, 5, 6, 7, 8, 9, 10], [3, 4, 5, 6, 7, 8, 9, 10])
2022-10-31 13:18:12,476 [INFO] run_saw.run:296 {'extend_to_left': 1, 'extend_to_right': 6, 'flatness': 0.3, 'scale_alpha': 3.0}
2022-10-31 13:18:12,476 [INFO] simulation.WL_saw:193 s size is: 8
2022-10-31 13:18:12,476 [INFO] simulation.WL_saw:194 counts size is: 8
2022-10-31 13:18:12,476 [INFO] simulation.WL_saw:196 indexes: [0, 1, 2, 3, 4, 5, 6, 7]
2022-10-31 13:18:12,476 [INFO] simulation.WL_saw:208 scale alpha is: 3.000000
2022-10-31 13:18:12,476 [INFO] simulation.WL_saw:209 shifl alpha is: -0.000000
2022-10-31 13:19:10,632 [INFO] simulation.WL_saw:288 failed to grow rate: 83%, out of range:  1% 
2022-10-31 13:20:08,736 [INFO] simulation.WL_saw:288 failed to grow rate: 82%, out of range:  1% 
2022-10-31 13:21:07,049 [INFO] simulation.WL_saw:288 failed to grow rate: 83%, out of range:  1% 
2022-10-31 13:22:05,284 [INFO] simulation.WL_saw:288 failed to grow rate: 83%, out of range:  1% 
2022-10-31 13:23:03,534 [INFO] simulation.WL_saw:288 failed to grow rate: 82%, out of range:  1% 
2022-10-31 13:24:01,760 [INFO] simulation.WL_saw:288 failed to grow rate: 83%, out of range:  1% 
2022-10-31 13:24:59,987 [INFO] simulation.WL_saw:288 failed to grow rate: 82%, out of range:  1% 
2022-10-31 13:25:58,199 [INFO] simulation.WL_saw:288 failed to grow rate: 82%, out of range:  1% 
2022-10-31 13:26:56,512 [INFO] simulation.WL_saw:288 failed to grow rate: 82%, out of range:  1% 
2022-10-31 13:27:54,833 [INFO] simulation.WL_saw:288 failed to grow rate: 83%, out of range:  1% 
2022-10-31 13:27:54,833 [INFO] simulation.WL_saw:293 ds=5.000000e-02, ds_min=0.000001, sweep number=10
2022-10-31 13:28:53,097 [INFO] simulation.WL_saw:288 failed to grow rate: 82%, out of range:  1% 
2022-10-31 13:29:51,380 [INFO] simulation.WL_saw:288 failed to grow rate: 82%, out of range:  1% 
2022-10-31 13:30:49,766 [INFO] simulation.WL_saw:288 failed to grow rate: 82%, out of range:  1% 
2022-10-31 13:31:48,156 [INFO] simulation.WL_saw:288 failed to grow rate: 82%, out of range:  1% 
2022-10-31 13:32:46,389 [INFO] simulation.WL_saw:288 failed to grow rate: 83%, out of range:  1% 
2022-10-31 13:33:44,661 [INFO] simulation.WL_saw:288 failed to grow rate: 83%, out of range:  1% 
2022-10-31 13:34:43,018 [INFO] simulation.WL_saw:288 failed to grow rate: 82%, out of range:  1% 
2022-10-31 13:35:41,155 [INFO] simulation.WL_saw:288 failed to grow rate: 83%, out of range:  1% 
2022-10-31 13:36:39,445 [INFO] simulation.WL_saw:288 failed to grow rate: 82%, out of range:  1% 
2022-10-31 13:36:39,445 [INFO] simulation.WL_saw:293 ds=2.500000e-02, ds_min=0.000001, sweep number=19
2022-10-31 13:37:37,813 [INFO] simulation.WL_saw:288 failed to grow rate: 82%, out of range:  1% 
2022-10-31 13:38:36,061 [INFO] simulation.WL_saw:288 failed to grow rate: 83%, out of range:  1% 
2022-10-31 13:39:34,170 [INFO] simulation.WL_saw:288 failed to grow rate: 82%, out of range:  1% 
2022-10-31 13:40:32,514 [INFO] simulation.WL_saw:288 failed to grow rate: 82%, out of range:  1% 
2022-10-31 13:41:30,843 [INFO] simulation.WL_saw:288 failed to grow rate: 83%, out of range:  1% 
2022-10-31 13:42:29,119 [INFO] simulation.WL_saw:288 failed to grow rate: 83%, out of range:  1% 
2022-10-31 13:43:27,535 [INFO] simulation.WL_saw:288 failed to grow rate: 82%, out of range:  1% 
2022-10-31 13:44:25,916 [INFO] simulation.WL_saw:288 failed to grow rate: 82%, out of range:  1% 
2022-10-31 13:44:25,916 [INFO] simulation.WL_saw:293 ds=1.250000e-02, ds_min=0.000001, sweep number=27
2022-10-31 13:45:24,199 [INFO] simulation.WL_saw:288 failed to grow rate: 82%, out of range:  1% 
2022-10-31 13:46:22,694 [INFO] simulation.WL_saw:288 failed to grow rate: 81%, out of range:  1% 
2022-10-31 13:47:21,009 [INFO] simulation.WL_saw:288 failed to grow rate: 83%, out of range:  1% 
2022-10-31 13:48:19,327 [INFO] simulation.WL_saw:288 failed to grow rate: 83%, out of range:  1% 
2022-10-31 13:49:17,686 [INFO] simulation.WL_saw:288 failed to grow rate: 82%, out of range:  1% 
2022-10-31 13:50:15,961 [INFO] simulation.WL_saw:288 failed to grow rate: 83%, out of range:  1% 
2022-10-31 13:50:15,962 [INFO] simulation.WL_saw:293 ds=6.250000e-03, ds_min=0.000001, sweep number=33
2022-10-31 13:51:14,323 [INFO] simulation.WL_saw:288 failed to grow rate: 81%, out of range:  1% 
2022-10-31 13:52:12,674 [INFO] simulation.WL_saw:288 failed to grow rate: 83%, out of range:  1% 
2022-10-31 13:53:11,160 [INFO] simulation.WL_saw:288 failed to grow rate: 83%, out of range:  1% 
2022-10-31 13:54:09,399 [INFO] simulation.WL_saw:288 failed to grow rate: 83%, out of range:  1% 
2022-10-31 13:55:07,790 [INFO] simulation.WL_saw:288 failed to grow rate: 81%, out of range:  1% 
2022-10-31 13:56:06,120 [INFO] simulation.WL_saw:288 failed to grow rate: 82%, out of range:  1% 
2022-10-31 13:57:04,403 [INFO] simulation.WL_saw:288 failed to grow rate: 82%, out of range:  1% 
2022-10-31 13:58:02,629 [INFO] simulation.WL_saw:288 failed to grow rate: 82%, out of range:  1% 
2022-10-31 13:59:00,988 [INFO] simulation.WL_saw:288 failed to grow rate: 81%, out of range:  1% 
2022-10-31 13:59:00,988 [INFO] simulation.WL_saw:293 ds=3.125000e-03, ds_min=0.000001, sweep number=42
2022-10-31 13:59:59,373 [INFO] simulation.WL_saw:288 failed to grow rate: 82%, out of range:  1% 
2022-10-31 14:00:57,722 [INFO] simulation.WL_saw:288 failed to grow rate: 82%, out of range:  1% 
2022-10-31 14:01:56,098 [INFO] simulation.WL_saw:288 failed to grow rate: 82%, out of range:  1% 
2022-10-31 14:02:54,426 [INFO] simulation.WL_saw:288 failed to grow rate: 82%, out of range:  1% 
2022-10-31 14:03:52,675 [INFO] simulation.WL_saw:288 failed to grow rate: 84%, out of range:  1% 
2022-10-31 14:04:50,783 [INFO] simulation.WL_saw:288 failed to grow rate: 83%, out of range:  1% 
2022-10-31 14:05:49,171 [INFO] simulation.WL_saw:288 failed to grow rate: 83%, out of range:  1% 
2022-10-31 14:06:47,477 [INFO] simulation.WL_saw:288 failed to grow rate: 82%, out of range:  1% 
2022-10-31 14:07:45,720 [INFO] simulation.WL_saw:288 failed to grow rate: 82%, out of range:  1% 
2022-10-31 14:08:44,009 [INFO] simulation.WL_saw:288 failed to grow rate: 82%, out of range:  1% 
2022-10-31 14:09:42,252 [INFO] simulation.WL_saw:288 failed to grow rate: 82%, out of range:  1% 
2022-10-31 14:10:40,597 [INFO] simulation.WL_saw:288 failed to grow rate: 82%, out of range:  1% 
2022-10-31 14:11:38,993 [INFO] simulation.WL_saw:288 failed to grow rate: 82%, out of range:  1% 
2022-10-31 14:12:37,240 [INFO] simulation.WL_saw:288 failed to grow rate: 83%, out of range:  1% 
2022-10-31 14:13:35,524 [INFO] simulation.WL_saw:288 failed to grow rate: 82%, out of range:  1% 
2022-10-31 14:14:33,857 [INFO] simulation.WL_saw:288 failed to grow rate: 82%, out of range:  1% 
2022-10-31 14:15:17,124 [INFO] simulation.WL_saw:288 failed to grow rate: 82%, out of range:  1% 
2022-10-31 14:15:46,971 [INFO] simulation.WL_saw:288 failed to grow rate: 82%, out of range:  1% 
2022-10-31 14:16:16,845 [INFO] simulation.WL_saw:288 failed to grow rate: 83%, out of range:  1% 
2022-10-31 14:16:46,945 [INFO] simulation.WL_saw:288 failed to grow rate: 82%, out of range:  1% 
2022-10-31 14:17:31,716 [INFO] simulation.WL_saw:288 failed to grow rate: 82%, out of range:  1% 
2022-10-31 14:18:29,567 [INFO] simulation.WL_saw:288 failed to grow rate: 82%, out of range:  1% 
2022-10-31 14:19:26,583 [INFO] simulation.WL_saw:288 failed to grow rate: 82%, out of range:  1% 
2022-10-31 14:20:24,464 [INFO] simulation.WL_saw:288 failed to grow rate: 82%, out of range:  1% 
2022-10-31 14:21:22,241 [INFO] simulation.WL_saw:288 failed to grow rate: 82%, out of range:  1% 
2022-10-31 14:22:00,805 [INFO] simulation.WL_saw:288 failed to grow rate: 83%, out of range:  1% 
2022-10-31 14:22:00,805 [INFO] simulation.WL_saw:293 ds=1.562500e-03, ds_min=0.000001, sweep number=68
2022-10-31 14:22:58,010 [INFO] simulation.WL_saw:288 failed to grow rate: 82%, out of range:  1% 
2022-10-31 14:23:55,725 [INFO] simulation.WL_saw:288 failed to grow rate: 82%, out of range:  1% 
2022-10-31 14:24:53,505 [INFO] simulation.WL_saw:288 failed to grow rate: 82%, out of range:  1% 
2022-10-31 14:25:26,977 [INFO] simulation.WL_saw:288 failed to grow rate: 82%, out of range:  1% 
2022-10-31 14:25:56,787 [INFO] simulation.WL_saw:288 failed to grow rate: 83%, out of range:  1% 
2022-10-31 14:26:26,538 [INFO] simulation.WL_saw:288 failed to grow rate: 82%, out of range:  1% 
2022-10-31 14:26:56,332 [INFO] simulation.WL_saw:288 failed to grow rate: 82%, out of range:  1% 
2022-10-31 14:27:26,064 [INFO] simulation.WL_saw:288 failed to grow rate: 82%, out of range:  1% 
2022-10-31 14:27:55,890 [INFO] simulation.WL_saw:288 failed to grow rate: 82%, out of range:  1% 
2022-10-31 14:28:25,710 [INFO] simulation.WL_saw:288 failed to grow rate: 82%, out of range:  1% 
2022-10-31 14:28:55,545 [INFO] simulation.WL_saw:288 failed to grow rate: 83%, out of range:  1% 
2022-10-31 14:29:25,357 [INFO] simulation.WL_saw:288 failed to grow rate: 82%, out of range:  1% 
2022-10-31 14:29:55,164 [INFO] simulation.WL_saw:288 failed to grow rate: 83%, out of range:  1% 
2022-10-31 14:30:24,993 [INFO] simulation.WL_saw:288 failed to grow rate: 82%, out of range:  1% 
2022-10-31 14:30:54,760 [INFO] simulation.WL_saw:288 failed to grow rate: 82%, out of range:  1% 
2022-10-31 14:31:24,507 [INFO] simulation.WL_saw:288 failed to grow rate: 82%, out of range:  1% 
2022-10-31 14:31:54,288 [INFO] simulation.WL_saw:288 failed to grow rate: 82%, out of range:  1% 
2022-10-31 14:32:24,070 [INFO] simulation.WL_saw:288 failed to grow rate: 82%, out of range:  1% 
2022-10-31 14:32:53,862 [INFO] simulation.WL_saw:288 failed to grow rate: 82%, out of range:  1% 
2022-10-31 14:33:23,689 [INFO] simulation.WL_saw:288 failed to grow rate: 82%, out of range:  1% 
2022-10-31 14:33:53,520 [INFO] simulation.WL_saw:288 failed to grow rate: 82%, out of range:  1% 
2022-10-31 14:34:23,347 [INFO] simulation.WL_saw:288 failed to grow rate: 82%, out of range:  1% 
2022-10-31 14:34:53,230 [INFO] simulation.WL_saw:288 failed to grow rate: 82%, out of range:  1% 
2022-10-31 14:35:48,064 [INFO] simulation.WL_saw:288 failed to grow rate: 81%, out of range:  1% 
2022-10-31 14:36:45,713 [INFO] simulation.WL_saw:288 failed to grow rate: 82%, out of range:  1% 
2022-10-31 14:37:43,453 [INFO] simulation.WL_saw:288 failed to grow rate: 82%, out of range:  1% 
2022-10-31 14:38:41,226 [INFO] simulation.WL_saw:288 failed to grow rate: 81%, out of range:  1% 
2022-10-31 14:39:38,921 [INFO] simulation.WL_saw:288 failed to grow rate: 82%, out of range:  1% 
2022-10-31 14:40:36,700 [INFO] simulation.WL_saw:288 failed to grow rate: 82%, out of range:  1% 
2022-10-31 14:41:34,483 [INFO] simulation.WL_saw:288 failed to grow rate: 83%, out of range:  1% 
2022-10-31 14:42:32,177 [INFO] simulation.WL_saw:288 failed to grow rate: 82%, out of range:  1% 
2022-10-31 14:43:29,874 [INFO] simulation.WL_saw:288 failed to grow rate: 83%, out of range:  1% 
2022-10-31 14:44:27,692 [INFO] simulation.WL_saw:288 failed to grow rate: 81%, out of range:  1% 
2022-10-31 14:45:25,332 [INFO] simulation.WL_saw:288 failed to grow rate: 83%, out of range:  1% 
2022-10-31 14:46:23,085 [INFO] simulation.WL_saw:288 failed to grow rate: 82%, out of range:  1% 
2022-10-31 14:47:20,881 [INFO] simulation.WL_saw:288 failed to grow rate: 82%, out of range:  1% 
2022-10-31 14:48:18,536 [INFO] simulation.WL_saw:288 failed to grow rate: 81%, out of range:  1% 
2022-10-31 14:49:16,148 [INFO] simulation.WL_saw:288 failed to grow rate: 83%, out of range:  1% 
2022-10-31 14:50:13,843 [INFO] simulation.WL_saw:288 failed to grow rate: 82%, out of range:  1% 
2022-10-31 14:51:11,476 [INFO] simulation.WL_saw:288 failed to grow rate: 82%, out of range:  1% 
2022-10-31 14:52:09,225 [INFO] simulation.WL_saw:288 failed to grow rate: 82%, out of range:  1% 
2022-10-31 14:53:06,908 [INFO] simulation.WL_saw:288 failed to grow rate: 82%, out of range:  1% 
2022-10-31 14:54:04,724 [INFO] simulation.WL_saw:288 failed to grow rate: 81%, out of range:  1% 
2022-10-31 14:55:02,381 [INFO] simulation.WL_saw:288 failed to grow rate: 82%, out of range:  1% 
2022-10-31 14:56:00,101 [INFO] simulation.WL_saw:288 failed to grow rate: 83%, out of range:  1% 
2022-10-31 14:56:00,101 [INFO] simulation.WL_saw:293 ds=7.812500e-04, ds_min=0.000001, sweep number=113
2022-10-31 14:56:57,808 [INFO] simulation.WL_saw:288 failed to grow rate: 82%, out of range:  1% 
2022-10-31 14:57:55,572 [INFO] simulation.WL_saw:288 failed to grow rate: 81%, out of range:  1% 
2022-10-31 14:58:53,373 [INFO] simulation.WL_saw:288 failed to grow rate: 83%, out of range:  1% 
2022-10-31 14:59:29,461 [INFO] simulation.WL_saw:288 failed to grow rate: 82%, out of range:  1% 
2022-10-31 14:59:59,203 [INFO] simulation.WL_saw:288 failed to grow rate: 82%, out of range:  1% 
2022-10-31 15:00:29,044 [INFO] simulation.WL_saw:288 failed to grow rate: 82%, out of range:  1% 
2022-10-31 15:01:12,604 [INFO] simulation.WL_saw:288 failed to grow rate: 82%, out of range:  1% 
2022-10-31 15:02:10,308 [INFO] simulation.WL_saw:288 failed to grow rate: 82%, out of range:  1% 
2022-10-31 15:02:55,394 [INFO] simulation.WL_saw:288 failed to grow rate: 82%, out of range:  1% 
2022-10-31 15:03:25,048 [INFO] simulation.WL_saw:288 failed to grow rate: 83%, out of range:  1% 
2022-10-31 15:03:54,790 [INFO] simulation.WL_saw:288 failed to grow rate: 82%, out of range:  1% 
2022-10-31 15:04:24,559 [INFO] simulation.WL_saw:288 failed to grow rate: 82%, out of range:  1% 
2022-10-31 15:04:54,289 [INFO] simulation.WL_saw:288 failed to grow rate: 82%, out of range:  1% 
2022-10-31 15:05:46,156 [INFO] simulation.WL_saw:288 failed to grow rate: 82%, out of range:  1% 
2022-10-31 15:06:32,319 [INFO] simulation.WL_saw:288 failed to grow rate: 82%, out of range:  1% 
2022-10-31 15:07:19,472 [INFO] simulation.WL_saw:288 failed to grow rate: 82%, out of range:  1% 
2022-10-31 15:08:17,173 [INFO] simulation.WL_saw:288 failed to grow rate: 82%, out of range:  1% 
2022-10-31 15:09:02,500 [INFO] simulation.WL_saw:288 failed to grow rate: 83%, out of range:  1% 
2022-10-31 15:09:32,500 [INFO] simulation.WL_saw:288 failed to grow rate: 82%, out of range:  1% 
2022-10-31 15:10:02,276 [INFO] simulation.WL_saw:288 failed to grow rate: 82%, out of range:  1% 
2022-10-31 15:10:32,032 [INFO] simulation.WL_saw:288 failed to grow rate: 82%, out of range:  1% 
2022-10-31 15:11:02,193 [INFO] simulation.WL_saw:288 failed to grow rate: 82%, out of range:  1% 
2022-10-31 15:11:02,193 [INFO] simulation.WL_saw:293 ds=3.906250e-04, ds_min=0.000001, sweep number=135
2022-10-31 15:11:31,919 [INFO] simulation.WL_saw:288 failed to grow rate: 82%, out of range:  1% 
2022-10-31 15:12:01,639 [INFO] simulation.WL_saw:288 failed to grow rate: 82%, out of range:  1% 
2022-10-31 15:12:31,420 [INFO] simulation.WL_saw:288 failed to grow rate: 82%, out of range:  1% 
2022-10-31 15:13:01,211 [INFO] simulation.WL_saw:288 failed to grow rate: 82%, out of range:  1% 
2022-10-31 15:13:30,991 [INFO] simulation.WL_saw:288 failed to grow rate: 83%, out of range:  1% 
2022-10-31 15:14:00,710 [INFO] simulation.WL_saw:288 failed to grow rate: 82%, out of range:  1% 
2022-10-31 15:14:30,388 [INFO] simulation.WL_saw:288 failed to grow rate: 83%, out of range:  1% 
2022-10-31 15:15:00,169 [INFO] simulation.WL_saw:288 failed to grow rate: 82%, out of range:  1% 
2022-10-31 15:15:29,963 [INFO] simulation.WL_saw:288 failed to grow rate: 82%, out of range:  1% 
2022-10-31 15:15:59,825 [INFO] simulation.WL_saw:288 failed to grow rate: 82%, out of range:  1% 
2022-10-31 15:16:29,514 [INFO] simulation.WL_saw:288 failed to grow rate: 82%, out of range:  1% 
2022-10-31 15:16:59,247 [INFO] simulation.WL_saw:288 failed to grow rate: 82%, out of range:  1% 
2022-10-31 15:17:28,939 [INFO] simulation.WL_saw:288 failed to grow rate: 82%, out of range:  1% 
2022-10-31 15:18:10,993 [INFO] simulation.WL_saw:288 failed to grow rate: 83%, out of range:  1% 
2022-10-31 15:18:40,692 [INFO] simulation.WL_saw:288 failed to grow rate: 84%, out of range:  1% 
2022-10-31 15:19:10,489 [INFO] simulation.WL_saw:288 failed to grow rate: 83%, out of range:  1% 
2022-10-31 15:19:40,170 [INFO] simulation.WL_saw:288 failed to grow rate: 83%, out of range:  1% 
2022-10-31 15:20:09,879 [INFO] simulation.WL_saw:288 failed to grow rate: 82%, out of range:  1% 
2022-10-31 15:20:39,747 [INFO] simulation.WL_saw:288 failed to grow rate: 82%, out of range:  1% 
2022-10-31 15:21:37,197 [INFO] simulation.WL_saw:288 failed to grow rate: 82%, out of range:  1% 
2022-10-31 15:22:35,028 [INFO] simulation.WL_saw:288 failed to grow rate: 82%, out of range:  1% 
2022-10-31 15:23:32,858 [INFO] simulation.WL_saw:288 failed to grow rate: 82%, out of range:  1% 
2022-10-31 15:24:30,746 [INFO] simulation.WL_saw:288 failed to grow rate: 82%, out of range:  1% 
2022-10-31 15:25:28,499 [INFO] simulation.WL_saw:288 failed to grow rate: 82%, out of range:  1% 
2022-10-31 15:26:26,276 [INFO] simulation.WL_saw:288 failed to grow rate: 83%, out of range:  1% 
2022-10-31 15:27:24,001 [INFO] simulation.WL_saw:288 failed to grow rate: 82%, out of range:  1% 
2022-10-31 15:28:21,792 [INFO] simulation.WL_saw:288 failed to grow rate: 82%, out of range:  1% 
2022-10-31 15:29:19,501 [INFO] simulation.WL_saw:288 failed to grow rate: 82%, out of range:  1% 
2022-10-31 15:30:17,258 [INFO] simulation.WL_saw:288 failed to grow rate: 82%, out of range:  1% 
2022-10-31 15:31:15,044 [INFO] simulation.WL_saw:288 failed to grow rate: 82%, out of range:  1% 
2022-10-31 15:32:12,842 [INFO] simulation.WL_saw:288 failed to grow rate: 83%, out of range:  1% 
2022-10-31 15:33:10,524 [INFO] simulation.WL_saw:288 failed to grow rate: 83%, out of range:  1% 
2022-10-31 15:34:08,307 [INFO] simulation.WL_saw:288 failed to grow rate: 82%, out of range:  1% 
2022-10-31 15:35:06,107 [INFO] simulation.WL_saw:288 failed to grow rate: 81%, out of range:  1% 
2022-10-31 15:36:03,846 [INFO] simulation.WL_saw:288 failed to grow rate: 83%, out of range:  1% 
2022-10-31 15:37:01,589 [INFO] simulation.WL_saw:288 failed to grow rate: 83%, out of range:  1% 
2022-10-31 15:37:59,309 [INFO] simulation.WL_saw:288 failed to grow rate: 83%, out of range:  1% 
2022-10-31 15:38:57,109 [INFO] simulation.WL_saw:288 failed to grow rate: 82%, out of range:  1% 
2022-10-31 15:39:54,809 [INFO] simulation.WL_saw:288 failed to grow rate: 82%, out of range:  1% 
2022-10-31 15:40:52,491 [INFO] simulation.WL_saw:288 failed to grow rate: 82%, out of range:  1% 
2022-10-31 15:41:50,244 [INFO] simulation.WL_saw:288 failed to grow rate: 82%, out of range:  1% 
2022-10-31 15:42:48,001 [INFO] simulation.WL_saw:288 failed to grow rate: 82%, out of range:  1% 
2022-10-31 15:43:45,775 [INFO] simulation.WL_saw:288 failed to grow rate: 82%, out of range:  1% 
2022-10-31 15:44:43,566 [INFO] simulation.WL_saw:288 failed to grow rate: 82%, out of range:  1% 
2022-10-31 15:45:41,364 [INFO] simulation.WL_saw:288 failed to grow rate: 83%, out of range:  1% 
2022-10-31 15:46:39,275 [INFO] simulation.WL_saw:288 failed to grow rate: 82%, out of range:  1% 
2022-10-31 15:47:37,046 [INFO] simulation.WL_saw:288 failed to grow rate: 82%, out of range:  1% 
2022-10-31 15:48:34,820 [INFO] simulation.WL_saw:288 failed to grow rate: 83%, out of range:  1% 
2022-10-31 15:49:32,664 [INFO] simulation.WL_saw:288 failed to grow rate: 83%, out of range:  1% 
2022-10-31 15:50:30,366 [INFO] simulation.WL_saw:288 failed to grow rate: 83%, out of range:  1% 
2022-10-31 15:51:28,232 [INFO] simulation.WL_saw:288 failed to grow rate: 82%, out of range:  1% 
2022-10-31 15:52:26,029 [INFO] simulation.WL_saw:288 failed to grow rate: 82%, out of range:  1% 
2022-10-31 15:53:23,806 [INFO] simulation.WL_saw:288 failed to grow rate: 82%, out of range:  1% 
2022-10-31 15:54:21,737 [INFO] simulation.WL_saw:288 failed to grow rate: 83%, out of range:  1% 
2022-10-31 15:55:10,635 [INFO] simulation.WL_saw:288 failed to grow rate: 82%, out of range:  1% 
2022-10-31 15:55:40,456 [INFO] simulation.WL_saw:288 failed to grow rate: 83%, out of range:  1% 
2022-10-31 15:56:10,251 [INFO] simulation.WL_saw:288 failed to grow rate: 83%, out of range:  1% 
2022-10-31 15:56:40,106 [INFO] simulation.WL_saw:288 failed to grow rate: 83%, out of range:  1% 
2022-10-31 15:57:09,936 [INFO] simulation.WL_saw:288 failed to grow rate: 82%, out of range:  1% 
2022-10-31 15:57:39,703 [INFO] simulation.WL_saw:288 failed to grow rate: 83%, out of range:  1% 
2022-10-31 15:58:09,561 [INFO] simulation.WL_saw:288 failed to grow rate: 82%, out of range:  1% 
2022-10-31 15:58:39,402 [INFO] simulation.WL_saw:288 failed to grow rate: 81%, out of range:  1% 
2022-10-31 15:58:39,402 [INFO] simulation.WL_saw:293 ds=1.953125e-04, ds_min=0.000001, sweep number=197
2022-10-31 15:59:09,244 [INFO] simulation.WL_saw:288 failed to grow rate: 82%, out of range:  1% 
2022-10-31 15:59:39,074 [INFO] simulation.WL_saw:288 failed to grow rate: 82%, out of range:  1% 
2022-10-31 16:00:08,824 [INFO] simulation.WL_saw:288 failed to grow rate: 82%, out of range:  1% 
2022-10-31 16:00:38,608 [INFO] simulation.WL_saw:288 failed to grow rate: 82%, out of range:  1% 
2022-10-31 16:01:08,369 [INFO] simulation.WL_saw:288 failed to grow rate: 83%, out of range:  1% 
2022-10-31 16:01:38,142 [INFO] simulation.WL_saw:288 failed to grow rate: 82%, out of range:  1% 
2022-10-31 16:02:07,937 [INFO] simulation.WL_saw:288 failed to grow rate: 82%, out of range:  1% 
2022-10-31 16:02:37,731 [INFO] simulation.WL_saw:288 failed to grow rate: 82%, out of range:  1% 
2022-10-31 16:03:07,516 [INFO] simulation.WL_saw:288 failed to grow rate: 82%, out of range:  1% 
2022-10-31 16:03:37,167 [INFO] simulation.WL_saw:288 failed to grow rate: 83%, out of range:  1% 
2022-10-31 16:04:07,009 [INFO] simulation.WL_saw:288 failed to grow rate: 80%, out of range:  1% 
2022-10-31 16:04:36,779 [INFO] simulation.WL_saw:288 failed to grow rate: 83%, out of range:  1% 
2022-10-31 16:05:06,650 [INFO] simulation.WL_saw:288 failed to grow rate: 82%, out of range:  1% 
2022-10-31 16:05:36,407 [INFO] simulation.WL_saw:288 failed to grow rate: 83%, out of range:  1% 
2022-10-31 16:06:06,220 [INFO] simulation.WL_saw:288 failed to grow rate: 82%, out of range:  1% 
2022-10-31 16:06:36,007 [INFO] simulation.WL_saw:288 failed to grow rate: 83%, out of range:  1% 
2022-10-31 16:07:05,784 [INFO] simulation.WL_saw:288 failed to grow rate: 81%, out of range:  1% 
2022-10-31 16:07:35,462 [INFO] simulation.WL_saw:288 failed to grow rate: 82%, out of range:  1% 
2022-10-31 16:08:05,221 [INFO] simulation.WL_saw:288 failed to grow rate: 83%, out of range:  1% 
2022-10-31 16:08:34,953 [INFO] simulation.WL_saw:288 failed to grow rate: 83%, out of range:  1% 
2022-10-31 16:09:04,678 [INFO] simulation.WL_saw:288 failed to grow rate: 82%, out of range:  1% 
2022-10-31 16:09:34,466 [INFO] simulation.WL_saw:288 failed to grow rate: 82%, out of range:  1% 
2022-10-31 16:10:04,241 [INFO] simulation.WL_saw:288 failed to grow rate: 82%, out of range:  1% 
2022-10-31 16:10:33,992 [INFO] simulation.WL_saw:288 failed to grow rate: 82%, out of range:  1% 
2022-10-31 16:11:03,748 [INFO] simulation.WL_saw:288 failed to grow rate: 83%, out of range:  1% 
2022-10-31 16:11:33,483 [INFO] simulation.WL_saw:288 failed to grow rate: 82%, out of range:  1% 
2022-10-31 16:12:03,180 [INFO] simulation.WL_saw:288 failed to grow rate: 82%, out of range:  1% 
2022-10-31 16:12:32,925 [INFO] simulation.WL_saw:288 failed to grow rate: 83%, out of range:  1% 
2022-10-31 16:13:02,689 [INFO] simulation.WL_saw:288 failed to grow rate: 83%, out of range:  1% 
2022-10-31 16:13:32,466 [INFO] simulation.WL_saw:288 failed to grow rate: 82%, out of range:  1% 
2022-10-31 16:14:02,241 [INFO] simulation.WL_saw:288 failed to grow rate: 83%, out of range:  1% 
2022-10-31 16:14:32,026 [INFO] simulation.WL_saw:288 failed to grow rate: 82%, out of range:  1% 
2022-10-31 16:15:01,849 [INFO] simulation.WL_saw:288 failed to grow rate: 82%, out of range:  1% 
2022-10-31 16:15:31,598 [INFO] simulation.WL_saw:288 failed to grow rate: 82%, out of range:  1% 
2022-10-31 16:16:01,397 [INFO] simulation.WL_saw:288 failed to grow rate: 83%, out of range:  1% 
2022-10-31 16:16:31,223 [INFO] simulation.WL_saw:288 failed to grow rate: 82%, out of range:  1% 
2022-10-31 16:17:00,979 [INFO] simulation.WL_saw:288 failed to grow rate: 82%, out of range:  1% 
2022-10-31 16:17:58,610 [INFO] simulation.WL_saw:288 failed to grow rate: 82%, out of range:  1% 
2022-10-31 16:18:56,416 [INFO] simulation.WL_saw:288 failed to grow rate: 82%, out of range:  1% 
2022-10-31 16:19:54,249 [INFO] simulation.WL_saw:288 failed to grow rate: 82%, out of range:  1% 
2022-10-31 16:20:51,978 [INFO] simulation.WL_saw:288 failed to grow rate: 82%, out of range:  1% 
2022-10-31 16:21:49,815 [INFO] simulation.WL_saw:288 failed to grow rate: 82%, out of range:  1% 
2022-10-31 16:22:47,546 [INFO] simulation.WL_saw:288 failed to grow rate: 83%, out of range:  1% 
2022-10-31 16:23:45,422 [INFO] simulation.WL_saw:288 failed to grow rate: 82%, out of range:  1% 
2022-10-31 16:24:43,254 [INFO] simulation.WL_saw:288 failed to grow rate: 82%, out of range:  1% 
2022-10-31 16:25:41,105 [INFO] simulation.WL_saw:288 failed to grow rate: 82%, out of range:  1% 
2022-10-31 16:26:39,023 [INFO] simulation.WL_saw:288 failed to grow rate: 82%, out of range:  1% 
2022-10-31 16:27:36,822 [INFO] simulation.WL_saw:288 failed to grow rate: 83%, out of range:  1% 
2022-10-31 16:28:34,625 [INFO] simulation.WL_saw:288 failed to grow rate: 82%, out of range:  1% 
2022-10-31 16:29:32,264 [INFO] simulation.WL_saw:288 failed to grow rate: 81%, out of range:  1% 
2022-10-31 16:30:29,996 [INFO] simulation.WL_saw:288 failed to grow rate: 83%, out of range:  1% 
2022-10-31 16:31:27,864 [INFO] simulation.WL_saw:288 failed to grow rate: 82%, out of range:  1% 
2022-10-31 16:32:25,658 [INFO] simulation.WL_saw:288 failed to grow rate: 82%, out of range:  1% 
2022-10-31 16:33:23,493 [INFO] simulation.WL_saw:288 failed to grow rate: 82%, out of range:  1% 
2022-10-31 16:34:21,391 [INFO] simulation.WL_saw:288 failed to grow rate: 82%, out of range:  1% 
2022-10-31 16:35:19,222 [INFO] simulation.WL_saw:288 failed to grow rate: 82%, out of range:  1% 
2022-10-31 16:36:16,975 [INFO] simulation.WL_saw:288 failed to grow rate: 83%, out of range:  1% 
2022-10-31 16:37:14,632 [INFO] simulation.WL_saw:288 failed to grow rate: 83%, out of range:  1% 
2022-10-31 16:38:12,384 [INFO] simulation.WL_saw:288 failed to grow rate: 82%, out of range:  1% 
2022-10-31 16:39:10,188 [INFO] simulation.WL_saw:288 failed to grow rate: 82%, out of range:  1% 
2022-10-31 16:40:07,999 [INFO] simulation.WL_saw:288 failed to grow rate: 82%, out of range:  1% 
2022-10-31 16:41:05,779 [INFO] simulation.WL_saw:288 failed to grow rate: 83%, out of range:  1% 
2022-10-31 16:42:03,574 [INFO] simulation.WL_saw:288 failed to grow rate: 82%, out of range:  1% 
2022-10-31 16:43:01,342 [INFO] simulation.WL_saw:288 failed to grow rate: 83%, out of range:  1% 
2022-10-31 16:43:58,943 [INFO] simulation.WL_saw:288 failed to grow rate: 83%, out of range:  1% 
2022-10-31 16:44:56,712 [INFO] simulation.WL_saw:288 failed to grow rate: 83%, out of range:  1% 
2022-10-31 16:45:54,528 [INFO] simulation.WL_saw:288 failed to grow rate: 81%, out of range:  1% 
2022-10-31 16:45:54,528 [INFO] simulation.WL_saw:293 ds=9.765625e-05, ds_min=0.000001, sweep number=264
2022-10-31 16:46:52,178 [INFO] simulation.WL_saw:288 failed to grow rate: 82%, out of range:  1% 
2022-10-31 16:47:49,848 [INFO] simulation.WL_saw:288 failed to grow rate: 82%, out of range:  1% 
2022-10-31 16:48:47,686 [INFO] simulation.WL_saw:288 failed to grow rate: 82%, out of range:  1% 
2022-10-31 16:49:45,548 [INFO] simulation.WL_saw:288 failed to grow rate: 82%, out of range:  1% 
2022-10-31 16:50:43,160 [INFO] simulation.WL_saw:288 failed to grow rate: 82%, out of range:  1% 
2022-10-31 16:51:40,889 [INFO] simulation.WL_saw:288 failed to grow rate: 82%, out of range:  1% 
2022-10-31 16:52:38,723 [INFO] simulation.WL_saw:288 failed to grow rate: 81%, out of range:  1% 
2022-10-31 16:53:36,503 [INFO] simulation.WL_saw:288 failed to grow rate: 83%, out of range:  1% 
2022-10-31 16:54:34,225 [INFO] simulation.WL_saw:288 failed to grow rate: 83%, out of range:  1% 
2022-10-31 16:55:32,129 [INFO] simulation.WL_saw:288 failed to grow rate: 82%, out of range:  1% 
2022-10-31 16:56:29,892 [INFO] simulation.WL_saw:288 failed to grow rate: 82%, out of range:  1% 
2022-10-31 16:57:27,667 [INFO] simulation.WL_saw:288 failed to grow rate: 82%, out of range:  1% 
2022-10-31 16:58:25,435 [INFO] simulation.WL_saw:288 failed to grow rate: 83%, out of range:  1% 
2022-10-31 16:59:23,181 [INFO] simulation.WL_saw:288 failed to grow rate: 83%, out of range:  1% 
2022-10-31 17:00:21,014 [INFO] simulation.WL_saw:288 failed to grow rate: 81%, out of range:  1% 
2022-10-31 17:01:18,743 [INFO] simulation.WL_saw:288 failed to grow rate: 82%, out of range:  1% 
2022-10-31 17:02:16,468 [INFO] simulation.WL_saw:288 failed to grow rate: 82%, out of range:  1% 
2022-10-31 17:03:14,270 [INFO] simulation.WL_saw:288 failed to grow rate: 82%, out of range:  1% 
2022-10-31 17:04:12,145 [INFO] simulation.WL_saw:288 failed to grow rate: 83%, out of range:  1% 
2022-10-31 17:05:09,851 [INFO] simulation.WL_saw:288 failed to grow rate: 81%, out of range:  1% 
2022-10-31 17:06:07,831 [INFO] simulation.WL_saw:288 failed to grow rate: 83%, out of range:  1% 
2022-10-31 17:07:05,681 [INFO] simulation.WL_saw:288 failed to grow rate: 82%, out of range:  1% 
2022-10-31 17:08:03,451 [INFO] simulation.WL_saw:288 failed to grow rate: 82%, out of range:  1% 
2022-10-31 17:09:01,298 [INFO] simulation.WL_saw:288 failed to grow rate: 81%, out of range:  1% 
2022-10-31 17:09:58,937 [INFO] simulation.WL_saw:288 failed to grow rate: 82%, out of range:  1% 
2022-10-31 17:10:56,734 [INFO] simulation.WL_saw:288 failed to grow rate: 83%, out of range:  1% 
2022-10-31 17:11:54,306 [INFO] simulation.WL_saw:288 failed to grow rate: 83%, out of range:  1% 
2022-10-31 17:12:52,187 [INFO] simulation.WL_saw:288 failed to grow rate: 82%, out of range:  1% 
2022-10-31 17:13:49,964 [INFO] simulation.WL_saw:288 failed to grow rate: 83%, out of range:  1% 
2022-10-31 17:14:47,773 [INFO] simulation.WL_saw:288 failed to grow rate: 82%, out of range:  1% 
2022-10-31 17:15:45,570 [INFO] simulation.WL_saw:288 failed to grow rate: 81%, out of range:  1% 
2022-10-31 17:16:43,467 [INFO] simulation.WL_saw:288 failed to grow rate: 82%, out of range:  1% 
2022-10-31 17:17:41,064 [INFO] simulation.WL_saw:288 failed to grow rate: 83%, out of range:  1% 
2022-10-31 17:18:25,373 [INFO] simulation.WL_saw:288 failed to grow rate: 81%, out of range:  1% 
2022-10-31 17:18:55,012 [INFO] simulation.WL_saw:288 failed to grow rate: 82%, out of range:  1% 
2022-10-31 17:19:24,589 [INFO] simulation.WL_saw:288 failed to grow rate: 82%, out of range:  1% 
2022-10-31 17:19:54,207 [INFO] simulation.WL_saw:288 failed to grow rate: 82%, out of range:  1% 
2022-10-31 17:20:23,828 [INFO] simulation.WL_saw:288 failed to grow rate: 82%, out of range:  1% 
2022-10-31 17:20:53,455 [INFO] simulation.WL_saw:288 failed to grow rate: 82%, out of range:  1% 
2022-10-31 17:21:23,070 [INFO] simulation.WL_saw:288 failed to grow rate: 83%, out of range:  1% 
2022-10-31 17:21:52,579 [INFO] simulation.WL_saw:288 failed to grow rate: 83%, out of range:  1% 
2022-10-31 17:22:22,268 [INFO] simulation.WL_saw:288 failed to grow rate: 83%, out of range:  1% 
2022-10-31 17:22:51,996 [INFO] simulation.WL_saw:288 failed to grow rate: 82%, out of range:  1% 
2022-10-31 17:23:21,676 [INFO] simulation.WL_saw:288 failed to grow rate: 82%, out of range:  1% 
2022-10-31 17:23:21,676 [INFO] simulation.WL_saw:293 ds=4.882813e-05, ds_min=0.000001, sweep number=308
2022-10-31 17:23:51,288 [INFO] simulation.WL_saw:288 failed to grow rate: 82%, out of range:  1% 
2022-10-31 17:24:20,913 [INFO] simulation.WL_saw:288 failed to grow rate: 83%, out of range:  1% 
2022-10-31 17:24:50,595 [INFO] simulation.WL_saw:288 failed to grow rate: 82%, out of range:  1% 
2022-10-31 17:25:20,294 [INFO] simulation.WL_saw:288 failed to grow rate: 82%, out of range:  1% 
2022-10-31 17:25:49,941 [INFO] simulation.WL_saw:288 failed to grow rate: 82%, out of range:  1% 
2022-10-31 17:26:19,527 [INFO] simulation.WL_saw:288 failed to grow rate: 83%, out of range:  1% 
2022-10-31 17:26:49,118 [INFO] simulation.WL_saw:288 failed to grow rate: 83%, out of range:  1% 
2022-10-31 17:27:18,741 [INFO] simulation.WL_saw:288 failed to grow rate: 83%, out of range:  1% 
2022-10-31 17:27:48,457 [INFO] simulation.WL_saw:288 failed to grow rate: 82%, out of range:  1% 
2022-10-31 17:28:18,151 [INFO] simulation.WL_saw:288 failed to grow rate: 83%, out of range:  1% 
2022-10-31 17:28:47,759 [INFO] simulation.WL_saw:288 failed to grow rate: 81%, out of range:  1% 
2022-10-31 17:29:17,382 [INFO] simulation.WL_saw:288 failed to grow rate: 82%, out of range:  1% 
2022-10-31 17:29:47,103 [INFO] simulation.WL_saw:288 failed to grow rate: 82%, out of range:  1% 
2022-10-31 17:30:16,671 [INFO] simulation.WL_saw:288 failed to grow rate: 84%, out of range:  1% 
2022-10-31 17:30:46,280 [INFO] simulation.WL_saw:288 failed to grow rate: 83%, out of range:  1% 
2022-10-31 17:31:15,877 [INFO] simulation.WL_saw:288 failed to grow rate: 82%, out of range:  1% 
2022-10-31 17:31:45,513 [INFO] simulation.WL_saw:288 failed to grow rate: 82%, out of range:  1% 
2022-10-31 17:32:15,146 [INFO] simulation.WL_saw:288 failed to grow rate: 84%, out of range:  1% 
2022-10-31 17:32:44,784 [INFO] simulation.WL_saw:288 failed to grow rate: 82%, out of range:  1% 
2022-10-31 17:33:14,494 [INFO] simulation.WL_saw:288 failed to grow rate: 82%, out of range:  1% 
2022-10-31 17:33:44,055 [INFO] simulation.WL_saw:288 failed to grow rate: 83%, out of range:  1% 
2022-10-31 17:33:44,055 [INFO] simulation.WL_saw:293 ds=2.441406e-05, ds_min=0.000001, sweep number=329
2022-10-31 17:34:13,591 [INFO] simulation.WL_saw:288 failed to grow rate: 82%, out of range:  1% 
2022-10-31 17:34:43,268 [INFO] simulation.WL_saw:288 failed to grow rate: 82%, out of range:  1% 
2022-10-31 17:35:12,854 [INFO] simulation.WL_saw:288 failed to grow rate: 82%, out of range:  1% 
2022-10-31 17:35:42,441 [INFO] simulation.WL_saw:288 failed to grow rate: 83%, out of range:  1% 
2022-10-31 17:36:12,141 [INFO] simulation.WL_saw:288 failed to grow rate: 82%, out of range:  1% 
2022-10-31 17:36:41,712 [INFO] simulation.WL_saw:288 failed to grow rate: 83%, out of range:  1% 
2022-10-31 17:37:11,386 [INFO] simulation.WL_saw:288 failed to grow rate: 83%, out of range:  1% 
2022-10-31 17:37:41,092 [INFO] simulation.WL_saw:288 failed to grow rate: 81%, out of range:  1% 
2022-10-31 17:38:10,734 [INFO] simulation.WL_saw:288 failed to grow rate: 82%, out of range:  1% 
2022-10-31 17:38:40,356 [INFO] simulation.WL_saw:288 failed to grow rate: 83%, out of range:  1% 
2022-10-31 17:39:10,094 [INFO] simulation.WL_saw:288 failed to grow rate: 82%, out of range:  1% 
2022-10-31 17:39:39,627 [INFO] simulation.WL_saw:288 failed to grow rate: 83%, out of range:  1% 
2022-10-31 17:40:09,257 [INFO] simulation.WL_saw:288 failed to grow rate: 81%, out of range:  1% 
2022-10-31 17:40:38,930 [INFO] simulation.WL_saw:288 failed to grow rate: 82%, out of range:  1% 
2022-10-31 17:41:08,489 [INFO] simulation.WL_saw:288 failed to grow rate: 83%, out of range:  1% 
2022-10-31 17:41:38,096 [INFO] simulation.WL_saw:288 failed to grow rate: 82%, out of range:  1% 
2022-10-31 17:42:07,735 [INFO] simulation.WL_saw:288 failed to grow rate: 83%, out of range:  1% 
2022-10-31 17:42:37,480 [INFO] simulation.WL_saw:288 failed to grow rate: 83%, out of range:  1% 
2022-10-31 17:43:07,089 [INFO] simulation.WL_saw:288 failed to grow rate: 83%, out of range:  1% 
2022-10-31 17:43:36,761 [INFO] simulation.WL_saw:288 failed to grow rate: 82%, out of range:  1% 
2022-10-31 17:44:06,385 [INFO] simulation.WL_saw:288 failed to grow rate: 82%, out of range:  1% 
2022-10-31 17:44:35,909 [INFO] simulation.WL_saw:288 failed to grow rate: 82%, out of range:  1% 
2022-10-31 17:45:05,416 [INFO] simulation.WL_saw:288 failed to grow rate: 82%, out of range:  1% 
2022-10-31 17:45:34,948 [INFO] simulation.WL_saw:288 failed to grow rate: 83%, out of range:  1% 
2022-10-31 17:46:04,636 [INFO] simulation.WL_saw:288 failed to grow rate: 83%, out of range:  1% 
2022-10-31 17:46:34,227 [INFO] simulation.WL_saw:288 failed to grow rate: 83%, out of range:  1% 
2022-10-31 17:47:03,830 [INFO] simulation.WL_saw:288 failed to grow rate: 82%, out of range:  1% 
2022-10-31 17:47:33,311 [INFO] simulation.WL_saw:288 failed to grow rate: 82%, out of range:  1% 
2022-10-31 17:48:02,835 [INFO] simulation.WL_saw:288 failed to grow rate: 82%, out of range:  1% 
2022-10-31 17:48:32,543 [INFO] simulation.WL_saw:288 failed to grow rate: 82%, out of range:  1% 
2022-10-31 17:49:02,023 [INFO] simulation.WL_saw:288 failed to grow rate: 82%, out of range:  1% 
2022-10-31 17:49:31,555 [INFO] simulation.WL_saw:288 failed to grow rate: 82%, out of range:  1% 
2022-10-31 17:50:01,268 [INFO] simulation.WL_saw:288 failed to grow rate: 82%, out of range:  1% 
2022-10-31 17:50:01,269 [INFO] simulation.WL_saw:293 ds=1.220703e-05, ds_min=0.000001, sweep number=362
2022-10-31 17:50:30,873 [INFO] simulation.WL_saw:288 failed to grow rate: 82%, out of range:  1% 
2022-10-31 17:51:00,338 [INFO] simulation.WL_saw:288 failed to grow rate: 82%, out of range:  1% 
2022-10-31 17:51:29,857 [INFO] simulation.WL_saw:288 failed to grow rate: 83%, out of range:  1% 
2022-10-31 17:51:59,400 [INFO] simulation.WL_saw:288 failed to grow rate: 82%, out of range:  1% 
2022-10-31 17:52:29,045 [INFO] simulation.WL_saw:288 failed to grow rate: 82%, out of range:  1% 
2022-10-31 17:52:58,683 [INFO] simulation.WL_saw:288 failed to grow rate: 82%, out of range:  1% 
2022-10-31 17:53:28,232 [INFO] simulation.WL_saw:288 failed to grow rate: 82%, out of range:  1% 
2022-10-31 17:53:58,119 [INFO] simulation.WL_saw:288 failed to grow rate: 82%, out of range:  1% 
2022-10-31 17:54:27,635 [INFO] simulation.WL_saw:288 failed to grow rate: 82%, out of range:  1% 
2022-10-31 17:54:57,466 [INFO] simulation.WL_saw:288 failed to grow rate: 83%, out of range:  1% 
2022-10-31 17:55:27,004 [INFO] simulation.WL_saw:288 failed to grow rate: 83%, out of range:  1% 
2022-10-31 17:55:27,006 [INFO] simulation.WL_saw:293 ds=6.103516e-06, ds_min=0.000001, sweep number=373
2022-10-31 17:55:56,568 [INFO] simulation.WL_saw:288 failed to grow rate: 83%, out of range:  1% 
2022-10-31 17:56:26,161 [INFO] simulation.WL_saw:288 failed to grow rate: 82%, out of range:  1% 
2022-10-31 17:56:55,712 [INFO] simulation.WL_saw:288 failed to grow rate: 82%, out of range:  1% 
2022-10-31 17:57:25,288 [INFO] simulation.WL_saw:288 failed to grow rate: 82%, out of range:  1% 
2022-10-31 17:57:54,804 [INFO] simulation.WL_saw:288 failed to grow rate: 82%, out of range:  1% 
2022-10-31 17:58:24,296 [INFO] simulation.WL_saw:288 failed to grow rate: 83%, out of range:  1% 
2022-10-31 17:58:53,869 [INFO] simulation.WL_saw:288 failed to grow rate: 82%, out of range:  1% 
2022-10-31 17:59:23,379 [INFO] simulation.WL_saw:288 failed to grow rate: 83%, out of range:  1% 
2022-10-31 17:59:52,917 [INFO] simulation.WL_saw:288 failed to grow rate: 82%, out of range:  1% 
2022-10-31 18:00:22,471 [INFO] simulation.WL_saw:288 failed to grow rate: 82%, out of range:  1% 
2022-10-31 18:00:52,168 [INFO] simulation.WL_saw:288 failed to grow rate: 82%, out of range:  1% 
2022-10-31 18:01:21,703 [INFO] simulation.WL_saw:288 failed to grow rate: 83%, out of range:  1% 
2022-10-31 18:01:51,262 [INFO] simulation.WL_saw:288 failed to grow rate: 82%, out of range:  1% 
2022-10-31 18:02:20,787 [INFO] simulation.WL_saw:288 failed to grow rate: 83%, out of range:  1% 
2022-10-31 18:02:50,344 [INFO] simulation.WL_saw:288 failed to grow rate: 82%, out of range:  1% 
2022-10-31 18:03:19,970 [INFO] simulation.WL_saw:288 failed to grow rate: 82%, out of range:  1% 
2022-10-31 18:03:49,461 [INFO] simulation.WL_saw:288 failed to grow rate: 82%, out of range:  1% 
2022-10-31 18:04:19,086 [INFO] simulation.WL_saw:288 failed to grow rate: 82%, out of range:  1% 
2022-10-31 18:04:48,663 [INFO] simulation.WL_saw:288 failed to grow rate: 82%, out of range:  1% 
2022-10-31 18:05:18,312 [INFO] simulation.WL_saw:288 failed to grow rate: 82%, out of range:  1% 
2022-10-31 18:05:47,856 [INFO] simulation.WL_saw:288 failed to grow rate: 82%, out of range:  1% 
2022-10-31 18:06:17,459 [INFO] simulation.WL_saw:288 failed to grow rate: 82%, out of range:  1% 
2022-10-31 18:06:46,960 [INFO] simulation.WL_saw:288 failed to grow rate: 83%, out of range:  1% 
2022-10-31 18:07:16,533 [INFO] simulation.WL_saw:288 failed to grow rate: 82%, out of range:  1% 
2022-10-31 18:07:46,103 [INFO] simulation.WL_saw:288 failed to grow rate: 81%, out of range:  1% 
2022-10-31 18:08:15,640 [INFO] simulation.WL_saw:288 failed to grow rate: 82%, out of range:  1% 
2022-10-31 18:08:45,209 [INFO] simulation.WL_saw:288 failed to grow rate: 83%, out of range:  1% 
2022-10-31 18:09:14,787 [INFO] simulation.WL_saw:288 failed to grow rate: 82%, out of range:  1% 
2022-10-31 18:09:44,379 [INFO] simulation.WL_saw:288 failed to grow rate: 81%, out of range:  1% 
2022-10-31 18:10:13,992 [INFO] simulation.WL_saw:288 failed to grow rate: 83%, out of range:  1% 
2022-10-31 18:10:43,528 [INFO] simulation.WL_saw:288 failed to grow rate: 83%, out of range:  1% 
2022-10-31 18:11:13,169 [INFO] simulation.WL_saw:288 failed to grow rate: 81%, out of range:  1% 
2022-10-31 18:11:42,691 [INFO] simulation.WL_saw:288 failed to grow rate: 82%, out of range:  1% 
2022-10-31 18:12:12,259 [INFO] simulation.WL_saw:288 failed to grow rate: 83%, out of range:  1% 
2022-10-31 18:12:41,813 [INFO] simulation.WL_saw:288 failed to grow rate: 83%, out of range:  1% 
2022-10-31 18:13:11,387 [INFO] simulation.WL_saw:288 failed to grow rate: 82%, out of range:  1% 
2022-10-31 18:13:40,966 [INFO] simulation.WL_saw:288 failed to grow rate: 82%, out of range:  1% 
2022-10-31 18:14:10,540 [INFO] simulation.WL_saw:288 failed to grow rate: 82%, out of range:  1% 
2022-10-31 18:14:40,073 [INFO] simulation.WL_saw:288 failed to grow rate: 82%, out of range:  1% 
2022-10-31 18:15:09,657 [INFO] simulation.WL_saw:288 failed to grow rate: 81%, out of range:  1% 
2022-10-31 18:15:39,236 [INFO] simulation.WL_saw:288 failed to grow rate: 83%, out of range:  1% 
2022-10-31 18:16:08,744 [INFO] simulation.WL_saw:288 failed to grow rate: 82%, out of range:  1% 
2022-10-31 18:16:38,277 [INFO] simulation.WL_saw:288 failed to grow rate: 83%, out of range:  1% 
2022-10-31 18:17:07,921 [INFO] simulation.WL_saw:288 failed to grow rate: 82%, out of range:  1% 
2022-10-31 18:17:37,534 [INFO] simulation.WL_saw:288 failed to grow rate: 83%, out of range:  1% 
2022-10-31 18:18:07,098 [INFO] simulation.WL_saw:288 failed to grow rate: 82%, out of range:  1% 
2022-10-31 18:18:36,705 [INFO] simulation.WL_saw:288 failed to grow rate: 82%, out of range:  1% 
2022-10-31 18:19:06,263 [INFO] simulation.WL_saw:288 failed to grow rate: 82%, out of range:  1% 
2022-10-31 18:19:35,776 [INFO] simulation.WL_saw:288 failed to grow rate: 82%, out of range:  1% 
2022-10-31 18:20:05,355 [INFO] simulation.WL_saw:288 failed to grow rate: 82%, out of range:  1% 
2022-10-31 18:20:34,948 [INFO] simulation.WL_saw:288 failed to grow rate: 82%, out of range:  1% 
2022-10-31 18:21:04,562 [INFO] simulation.WL_saw:288 failed to grow rate: 83%, out of range:  1% 
2022-10-31 18:21:34,118 [INFO] simulation.WL_saw:288 failed to grow rate: 83%, out of range:  1% 
2022-10-31 18:22:03,691 [INFO] simulation.WL_saw:288 failed to grow rate: 82%, out of range:  1% 
2022-10-31 18:22:33,158 [INFO] simulation.WL_saw:288 failed to grow rate: 82%, out of range:  1% 
2022-10-31 18:23:02,637 [INFO] simulation.WL_saw:288 failed to grow rate: 84%, out of range:  1% 
2022-10-31 18:23:32,045 [INFO] simulation.WL_saw:288 failed to grow rate: 82%, out of range:  1% 
2022-10-31 18:24:01,585 [INFO] simulation.WL_saw:288 failed to grow rate: 82%, out of range:  1% 
2022-10-31 18:24:31,132 [INFO] simulation.WL_saw:288 failed to grow rate: 82%, out of range:  1% 
2022-10-31 18:25:00,619 [INFO] simulation.WL_saw:288 failed to grow rate: 82%, out of range:  1% 
2022-10-31 18:25:30,058 [INFO] simulation.WL_saw:288 failed to grow rate: 83%, out of range:  1% 
2022-10-31 18:25:59,504 [INFO] simulation.WL_saw:288 failed to grow rate: 82%, out of range:  1% 
2022-10-31 18:26:28,917 [INFO] simulation.WL_saw:288 failed to grow rate: 83%, out of range:  1% 
2022-10-31 18:26:58,444 [INFO] simulation.WL_saw:288 failed to grow rate: 83%, out of range:  1% 
2022-10-31 18:27:28,162 [INFO] simulation.WL_saw:288 failed to grow rate: 82%, out of range:  1% 
2022-10-31 18:27:57,678 [INFO] simulation.WL_saw:288 failed to grow rate: 83%, out of range:  1% 
2022-10-31 18:28:27,306 [INFO] simulation.WL_saw:288 failed to grow rate: 83%, out of range:  1% 
2022-10-31 18:28:56,906 [INFO] simulation.WL_saw:288 failed to grow rate: 82%, out of range:  1% 
2022-10-31 18:29:26,474 [INFO] simulation.WL_saw:288 failed to grow rate: 83%, out of range:  1% 
2022-10-31 18:29:56,074 [INFO] simulation.WL_saw:288 failed to grow rate: 82%, out of range:  1% 
2022-10-31 18:30:25,748 [INFO] simulation.WL_saw:288 failed to grow rate: 82%, out of range:  1% 
2022-10-31 18:30:55,369 [INFO] simulation.WL_saw:288 failed to grow rate: 82%, out of range:  1% 
2022-10-31 18:31:24,898 [INFO] simulation.WL_saw:288 failed to grow rate: 83%, out of range:  1% 
2022-10-31 18:31:54,519 [INFO] simulation.WL_saw:288 failed to grow rate: 82%, out of range:  1% 
2022-10-31 18:32:24,079 [INFO] simulation.WL_saw:288 failed to grow rate: 82%, out of range:  1% 
2022-10-31 18:32:53,678 [INFO] simulation.WL_saw:288 failed to grow rate: 82%, out of range:  1% 
2022-10-31 18:33:23,278 [INFO] simulation.WL_saw:288 failed to grow rate: 81%, out of range:  1% 
2022-10-31 18:33:52,854 [INFO] simulation.WL_saw:288 failed to grow rate: 82%, out of range:  1% 
2022-10-31 18:34:22,457 [INFO] simulation.WL_saw:288 failed to grow rate: 83%, out of range:  1% 
2022-10-31 18:34:52,127 [INFO] simulation.WL_saw:288 failed to grow rate: 82%, out of range:  1% 
2022-10-31 18:35:21,812 [INFO] simulation.WL_saw:288 failed to grow rate: 82%, out of range:  1% 
2022-10-31 18:35:51,427 [INFO] simulation.WL_saw:288 failed to grow rate: 82%, out of range:  1% 
2022-10-31 18:36:20,998 [INFO] simulation.WL_saw:288 failed to grow rate: 83%, out of range:  1% 
2022-10-31 18:36:50,582 [INFO] simulation.WL_saw:288 failed to grow rate: 82%, out of range:  1% 
2022-10-31 18:37:20,202 [INFO] simulation.WL_saw:288 failed to grow rate: 82%, out of range:  1% 
2022-10-31 18:37:49,759 [INFO] simulation.WL_saw:288 failed to grow rate: 83%, out of range:  1% 
2022-10-31 18:38:19,376 [INFO] simulation.WL_saw:288 failed to grow rate: 82%, out of range:  1% 
2022-10-31 18:38:49,045 [INFO] simulation.WL_saw:288 failed to grow rate: 82%, out of range:  1% 
2022-10-31 18:39:18,622 [INFO] simulation.WL_saw:288 failed to grow rate: 82%, out of range:  1% 
2022-10-31 18:39:48,317 [INFO] simulation.WL_saw:288 failed to grow rate: 81%, out of range:  1% 
2022-10-31 18:40:17,949 [INFO] simulation.WL_saw:288 failed to grow rate: 82%, out of range:  1% 
2022-10-31 18:40:47,542 [INFO] simulation.WL_saw:288 failed to grow rate: 82%, out of range:  0% 
2022-10-31 18:41:17,129 [INFO] simulation.WL_saw:288 failed to grow rate: 82%, out of range:  1% 
2022-10-31 18:41:46,726 [INFO] simulation.WL_saw:288 failed to grow rate: 82%, out of range:  1% 
2022-10-31 18:42:16,294 [INFO] simulation.WL_saw:288 failed to grow rate: 82%, out of range:  1% 
2022-10-31 18:42:45,970 [INFO] simulation.WL_saw:288 failed to grow rate: 82%, out of range:  1% 
2022-10-31 18:43:15,581 [INFO] simulation.WL_saw:288 failed to grow rate: 82%, out of range:  1% 
2022-10-31 18:43:45,211 [INFO] simulation.WL_saw:288 failed to grow rate: 82%, out of range:  1% 
2022-10-31 18:44:14,839 [INFO] simulation.WL_saw:288 failed to grow rate: 82%, out of range:  1% 
2022-10-31 18:44:44,486 [INFO] simulation.WL_saw:288 failed to grow rate: 82%, out of range:  1% 
2022-10-31 18:45:14,071 [INFO] simulation.WL_saw:288 failed to grow rate: 83%, out of range:  1% 
2022-10-31 18:45:43,689 [INFO] simulation.WL_saw:288 failed to grow rate: 82%, out of range:  1% 
2022-10-31 18:46:13,291 [INFO] simulation.WL_saw:288 failed to grow rate: 83%, out of range:  1% 
2022-10-31 18:46:42,928 [INFO] simulation.WL_saw:288 failed to grow rate: 82%, out of range:  1% 
2022-10-31 18:47:12,546 [INFO] simulation.WL_saw:288 failed to grow rate: 81%, out of range:  1% 
2022-10-31 18:47:42,195 [INFO] simulation.WL_saw:288 failed to grow rate: 82%, out of range:  1% 
2022-10-31 18:48:11,859 [INFO] simulation.WL_saw:288 failed to grow rate: 82%, out of range:  1% 
2022-10-31 18:48:41,470 [INFO] simulation.WL_saw:288 failed to grow rate: 81%, out of range:  1% 
2022-10-31 18:49:11,045 [INFO] simulation.WL_saw:288 failed to grow rate: 82%, out of range:  1% 
2022-10-31 18:49:40,734 [INFO] simulation.WL_saw:288 failed to grow rate: 82%, out of range:  1% 
2022-10-31 18:50:10,330 [INFO] simulation.WL_saw:288 failed to grow rate: 83%, out of range:  1% 
2022-10-31 18:50:39,876 [INFO] simulation.WL_saw:288 failed to grow rate: 82%, out of range:  1% 
2022-10-31 18:51:09,438 [INFO] simulation.WL_saw:288 failed to grow rate: 82%, out of range:  1% 
2022-10-31 18:51:39,086 [INFO] simulation.WL_saw:288 failed to grow rate: 82%, out of range:  1% 
2022-10-31 18:52:08,761 [INFO] simulation.WL_saw:288 failed to grow rate: 82%, out of range:  1% 
2022-10-31 18:52:38,318 [INFO] simulation.WL_saw:288 failed to grow rate: 83%, out of range:  1% 
2022-10-31 18:53:07,899 [INFO] simulation.WL_saw:288 failed to grow rate: 83%, out of range:  1% 
2022-10-31 18:53:37,459 [INFO] simulation.WL_saw:288 failed to grow rate: 82%, out of range:  1% 
2022-10-31 18:54:07,055 [INFO] simulation.WL_saw:288 failed to grow rate: 81%, out of range:  1% 
2022-10-31 18:54:36,605 [INFO] simulation.WL_saw:288 failed to grow rate: 83%, out of range:  1% 
2022-10-31 18:55:06,215 [INFO] simulation.WL_saw:288 failed to grow rate: 83%, out of range:  1% 
2022-10-31 18:55:35,807 [INFO] simulation.WL_saw:288 failed to grow rate: 82%, out of range:  1% 
2022-10-31 18:56:05,433 [INFO] simulation.WL_saw:288 failed to grow rate: 81%, out of range:  1% 
2022-10-31 18:56:35,034 [INFO] simulation.WL_saw:288 failed to grow rate: 83%, out of range:  1% 
2022-10-31 18:57:04,616 [INFO] simulation.WL_saw:288 failed to grow rate: 83%, out of range:  1% 
2022-10-31 18:57:34,209 [INFO] simulation.WL_saw:288 failed to grow rate: 82%, out of range:  1% 
2022-10-31 18:58:03,813 [INFO] simulation.WL_saw:288 failed to grow rate: 81%, out of range:  1% 
2022-10-31 18:58:33,449 [INFO] simulation.WL_saw:288 failed to grow rate: 82%, out of range:  1% 
2022-10-31 18:59:03,118 [INFO] simulation.WL_saw:288 failed to grow rate: 82%, out of range:  1% 
2022-10-31 18:59:32,735 [INFO] simulation.WL_saw:288 failed to grow rate: 82%, out of range:  1% 
2022-10-31 19:00:02,385 [INFO] simulation.WL_saw:288 failed to grow rate: 82%, out of range:  1% 
2022-10-31 19:00:31,936 [INFO] simulation.WL_saw:288 failed to grow rate: 82%, out of range:  1% 
2022-10-31 19:01:01,535 [INFO] simulation.WL_saw:288 failed to grow rate: 81%, out of range:  1% 
2022-10-31 19:01:31,074 [INFO] simulation.WL_saw:288 failed to grow rate: 82%, out of range:  1% 
2022-10-31 19:02:00,737 [INFO] simulation.WL_saw:288 failed to grow rate: 81%, out of range:  1% 
2022-10-31 19:02:30,305 [INFO] simulation.WL_saw:288 failed to grow rate: 83%, out of range:  1% 
2022-10-31 19:02:59,921 [INFO] simulation.WL_saw:288 failed to grow rate: 82%, out of range:  1% 
2022-10-31 19:03:29,543 [INFO] simulation.WL_saw:288 failed to grow rate: 82%, out of range:  1% 
2022-10-31 19:03:59,215 [INFO] simulation.WL_saw:288 failed to grow rate: 82%, out of range:  1% 
2022-10-31 19:04:28,782 [INFO] simulation.WL_saw:288 failed to grow rate: 83%, out of range:  1% 
2022-10-31 19:04:58,443 [INFO] simulation.WL_saw:288 failed to grow rate: 82%, out of range:  1% 
2022-10-31 19:05:28,003 [INFO] simulation.WL_saw:288 failed to grow rate: 83%, out of range:  1% 
2022-10-31 19:05:57,602 [INFO] simulation.WL_saw:288 failed to grow rate: 81%, out of range:  1% 
2022-10-31 19:06:27,174 [INFO] simulation.WL_saw:288 failed to grow rate: 82%, out of range:  1% 
2022-10-31 19:06:56,795 [INFO] simulation.WL_saw:288 failed to grow rate: 82%, out of range:  1% 
2022-10-31 19:07:26,391 [INFO] simulation.WL_saw:288 failed to grow rate: 82%, out of range:  1% 
2022-10-31 19:07:56,038 [INFO] simulation.WL_saw:288 failed to grow rate: 82%, out of range:  1% 
2022-10-31 19:08:25,646 [INFO] simulation.WL_saw:288 failed to grow rate: 82%, out of range:  1% 
2022-10-31 19:08:55,257 [INFO] simulation.WL_saw:288 failed to grow rate: 82%, out of range:  1% 
2022-10-31 19:09:24,862 [INFO] simulation.WL_saw:288 failed to grow rate: 82%, out of range:  1% 
2022-10-31 19:09:54,480 [INFO] simulation.WL_saw:288 failed to grow rate: 82%, out of range:  1% 
2022-10-31 19:10:24,095 [INFO] simulation.WL_saw:288 failed to grow rate: 82%, out of range:  1% 
2022-10-31 19:10:53,672 [INFO] simulation.WL_saw:288 failed to grow rate: 82%, out of range:  1% 
2022-10-31 19:11:23,300 [INFO] simulation.WL_saw:288 failed to grow rate: 82%, out of range:  1% 
2022-10-31 19:11:52,932 [INFO] simulation.WL_saw:288 failed to grow rate: 81%, out of range:  1% 
2022-10-31 19:12:22,523 [INFO] simulation.WL_saw:288 failed to grow rate: 82%, out of range:  1% 
2022-10-31 19:12:52,168 [INFO] simulation.WL_saw:288 failed to grow rate: 81%, out of range:  1% 
2022-10-31 19:13:21,766 [INFO] simulation.WL_saw:288 failed to grow rate: 83%, out of range:  1% 
2022-10-31 19:13:51,370 [INFO] simulation.WL_saw:288 failed to grow rate: 82%, out of range:  1% 
2022-10-31 19:14:20,961 [INFO] simulation.WL_saw:288 failed to grow rate: 83%, out of range:  1% 
2022-10-31 19:14:50,639 [INFO] simulation.WL_saw:288 failed to grow rate: 82%, out of range:  1% 
2022-10-31 19:15:20,276 [INFO] simulation.WL_saw:288 failed to grow rate: 82%, out of range:  1% 
2022-10-31 19:15:49,960 [INFO] simulation.WL_saw:288 failed to grow rate: 82%, out of range:  1% 
2022-10-31 19:16:19,600 [INFO] simulation.WL_saw:288 failed to grow rate: 82%, out of range:  1% 
2022-10-31 19:16:49,243 [INFO] simulation.WL_saw:288 failed to grow rate: 82%, out of range:  1% 
2022-10-31 19:17:18,858 [INFO] simulation.WL_saw:288 failed to grow rate: 82%, out of range:  1% 
2022-10-31 19:17:48,419 [INFO] simulation.WL_saw:288 failed to grow rate: 81%, out of range:  1% 
2022-10-31 19:18:18,075 [INFO] simulation.WL_saw:288 failed to grow rate: 83%, out of range:  1% 
2022-10-31 19:18:47,773 [INFO] simulation.WL_saw:288 failed to grow rate: 81%, out of range:  1% 
2022-10-31 19:19:17,360 [INFO] simulation.WL_saw:288 failed to grow rate: 83%, out of range:  1% 
2022-10-31 19:19:46,968 [INFO] simulation.WL_saw:288 failed to grow rate: 82%, out of range:  1% 
2022-10-31 19:20:16,625 [INFO] simulation.WL_saw:288 failed to grow rate: 82%, out of range:  1% 
2022-10-31 19:20:46,234 [INFO] simulation.WL_saw:288 failed to grow rate: 83%, out of range:  1% 
2022-10-31 19:21:15,836 [INFO] simulation.WL_saw:288 failed to grow rate: 82%, out of range:  1% 
2022-10-31 19:21:45,399 [INFO] simulation.WL_saw:288 failed to grow rate: 83%, out of range:  1% 
2022-10-31 19:22:15,047 [INFO] simulation.WL_saw:288 failed to grow rate: 82%, out of range:  1% 
2022-10-31 19:22:44,645 [INFO] simulation.WL_saw:288 failed to grow rate: 82%, out of range:  1% 
2022-10-31 19:23:14,246 [INFO] simulation.WL_saw:288 failed to grow rate: 82%, out of range:  1% 
2022-10-31 19:23:43,913 [INFO] simulation.WL_saw:288 failed to grow rate: 82%, out of range:  1% 
2022-10-31 19:24:13,459 [INFO] simulation.WL_saw:288 failed to grow rate: 82%, out of range:  1% 
2022-10-31 19:24:43,063 [INFO] simulation.WL_saw:288 failed to grow rate: 83%, out of range:  1% 
2022-10-31 19:25:12,713 [INFO] simulation.WL_saw:288 failed to grow rate: 83%, out of range:  1% 
2022-10-31 19:25:42,345 [INFO] simulation.WL_saw:288 failed to grow rate: 82%, out of range:  1% 
2022-10-31 19:26:11,916 [INFO] simulation.WL_saw:288 failed to grow rate: 82%, out of range:  1% 
2022-10-31 19:26:41,550 [INFO] simulation.WL_saw:288 failed to grow rate: 82%, out of range:  1% 
2022-10-31 19:27:11,140 [INFO] simulation.WL_saw:288 failed to grow rate: 82%, out of range:  1% 
2022-10-31 19:27:40,756 [INFO] simulation.WL_saw:288 failed to grow rate: 83%, out of range:  1% 
2022-10-31 19:28:10,326 [INFO] simulation.WL_saw:288 failed to grow rate: 82%, out of range:  1% 
2022-10-31 19:28:39,916 [INFO] simulation.WL_saw:288 failed to grow rate: 82%, out of range:  1% 
2022-10-31 19:29:09,621 [INFO] simulation.WL_saw:288 failed to grow rate: 80%, out of range:  1% 
2022-10-31 19:29:39,216 [INFO] simulation.WL_saw:288 failed to grow rate: 81%, out of range:  1% 
2022-10-31 19:29:39,216 [INFO] simulation.WL_saw:293 ds=3.051758e-06, ds_min=0.000001, sweep number=564
2022-10-31 19:30:08,932 [INFO] simulation.WL_saw:288 failed to grow rate: 81%, out of range:  1% 
2022-10-31 19:30:38,552 [INFO] simulation.WL_saw:288 failed to grow rate: 82%, out of range:  1% 
2022-10-31 19:31:08,115 [INFO] simulation.WL_saw:288 failed to grow rate: 82%, out of range:  1% 
2022-10-31 19:31:37,641 [INFO] simulation.WL_saw:288 failed to grow rate: 82%, out of range:  1% 
2022-10-31 19:32:07,242 [INFO] simulation.WL_saw:288 failed to grow rate: 82%, out of range:  1% 
2022-10-31 19:32:36,877 [INFO] simulation.WL_saw:288 failed to grow rate: 82%, out of range:  1% 
2022-10-31 19:33:06,440 [INFO] simulation.WL_saw:288 failed to grow rate: 83%, out of range:  1% 
2022-10-31 19:33:35,911 [INFO] simulation.WL_saw:288 failed to grow rate: 84%, out of range:  1% 
2022-10-31 19:34:05,493 [INFO] simulation.WL_saw:288 failed to grow rate: 83%, out of range:  1% 
2022-10-31 19:34:35,136 [INFO] simulation.WL_saw:288 failed to grow rate: 82%, out of range:  1% 
2022-10-31 19:35:04,700 [INFO] simulation.WL_saw:288 failed to grow rate: 82%, out of range:  1% 
2022-10-31 19:35:34,216 [INFO] simulation.WL_saw:288 failed to grow rate: 83%, out of range:  1% 
2022-10-31 19:36:03,805 [INFO] simulation.WL_saw:288 failed to grow rate: 82%, out of range:  1% 
2022-10-31 19:36:33,357 [INFO] simulation.WL_saw:288 failed to grow rate: 82%, out of range:  1% 
2022-10-31 19:37:02,910 [INFO] simulation.WL_saw:288 failed to grow rate: 83%, out of range:  1% 
2022-10-31 19:37:32,468 [INFO] simulation.WL_saw:288 failed to grow rate: 82%, out of range:  1% 
2022-10-31 19:38:02,095 [INFO] simulation.WL_saw:288 failed to grow rate: 82%, out of range:  1% 
2022-10-31 19:38:31,695 [INFO] simulation.WL_saw:288 failed to grow rate: 83%, out of range:  1% 
2022-10-31 19:39:01,283 [INFO] simulation.WL_saw:288 failed to grow rate: 82%, out of range:  1% 
2022-10-31 19:39:30,955 [INFO] simulation.WL_saw:288 failed to grow rate: 82%, out of range:  1% 
2022-10-31 19:40:00,535 [INFO] simulation.WL_saw:288 failed to grow rate: 82%, out of range:  1% 
2022-10-31 19:40:30,142 [INFO] simulation.WL_saw:288 failed to grow rate: 83%, out of range:  1% 
2022-10-31 19:40:59,791 [INFO] simulation.WL_saw:288 failed to grow rate: 83%, out of range:  1% 
2022-10-31 19:41:29,397 [INFO] simulation.WL_saw:288 failed to grow rate: 82%, out of range:  1% 
2022-10-31 19:41:58,987 [INFO] simulation.WL_saw:288 failed to grow rate: 83%, out of range:  1% 
2022-10-31 19:42:28,746 [INFO] simulation.WL_saw:288 failed to grow rate: 82%, out of range:  1% 
2022-10-31 19:42:58,427 [INFO] simulation.WL_saw:288 failed to grow rate: 81%, out of range:  1% 
2022-10-31 19:43:28,101 [INFO] simulation.WL_saw:288 failed to grow rate: 82%, out of range:  1% 
2022-10-31 19:43:57,660 [INFO] simulation.WL_saw:288 failed to grow rate: 82%, out of range:  1% 
2022-10-31 19:44:27,270 [INFO] simulation.WL_saw:288 failed to grow rate: 82%, out of range:  1% 
2022-10-31 19:44:56,966 [INFO] simulation.WL_saw:288 failed to grow rate: 81%, out of range:  1% 
2022-10-31 19:45:26,567 [INFO] simulation.WL_saw:288 failed to grow rate: 82%, out of range:  1% 
2022-10-31 19:45:56,219 [INFO] simulation.WL_saw:288 failed to grow rate: 82%, out of range:  1% 
2022-10-31 19:46:25,797 [INFO] simulation.WL_saw:288 failed to grow rate: 81%, out of range:  1% 
2022-10-31 19:46:55,387 [INFO] simulation.WL_saw:288 failed to grow rate: 83%, out of range:  1% 
2022-10-31 19:47:24,941 [INFO] simulation.WL_saw:288 failed to grow rate: 82%, out of range:  1% 
2022-10-31 19:47:54,543 [INFO] simulation.WL_saw:288 failed to grow rate: 83%, out of range:  1% 
2022-10-31 19:48:24,089 [INFO] simulation.WL_saw:288 failed to grow rate: 82%, out of range:  1% 
2022-10-31 19:48:53,699 [INFO] simulation.WL_saw:288 failed to grow rate: 82%, out of range:  1% 
2022-10-31 19:49:23,272 [INFO] simulation.WL_saw:288 failed to grow rate: 82%, out of range:  1% 
2022-10-31 19:49:52,913 [INFO] simulation.WL_saw:288 failed to grow rate: 82%, out of range:  1% 
2022-10-31 19:50:22,554 [INFO] simulation.WL_saw:288 failed to grow rate: 82%, out of range:  1% 
2022-10-31 19:50:52,163 [INFO] simulation.WL_saw:288 failed to grow rate: 82%, out of range:  1% 
2022-10-31 19:51:21,746 [INFO] simulation.WL_saw:288 failed to grow rate: 83%, out of range:  1% 
2022-10-31 19:51:51,340 [INFO] simulation.WL_saw:288 failed to grow rate: 82%, out of range:  1% 
2022-10-31 19:52:20,930 [INFO] simulation.WL_saw:288 failed to grow rate: 83%, out of range:  1% 
2022-10-31 19:52:50,580 [INFO] simulation.WL_saw:288 failed to grow rate: 82%, out of range:  1% 
2022-10-31 19:53:20,178 [INFO] simulation.WL_saw:288 failed to grow rate: 83%, out of range:  1% 
2022-10-31 19:53:49,801 [INFO] simulation.WL_saw:288 failed to grow rate: 82%, out of range:  1% 
2022-10-31 19:54:19,336 [INFO] simulation.WL_saw:288 failed to grow rate: 83%, out of range:  1% 
2022-10-31 19:54:48,883 [INFO] simulation.WL_saw:288 failed to grow rate: 82%, out of range:  1% 
2022-10-31 19:55:18,451 [INFO] simulation.WL_saw:288 failed to grow rate: 83%, out of range:  1% 
2022-10-31 19:55:48,060 [INFO] simulation.WL_saw:288 failed to grow rate: 82%, out of range:  1% 
2022-10-31 19:56:17,711 [INFO] simulation.WL_saw:288 failed to grow rate: 82%, out of range:  1% 
2022-10-31 19:56:47,296 [INFO] simulation.WL_saw:288 failed to grow rate: 83%, out of range:  1% 
2022-10-31 19:57:16,844 [INFO] simulation.WL_saw:288 failed to grow rate: 83%, out of range:  1% 
2022-10-31 19:57:46,461 [INFO] simulation.WL_saw:288 failed to grow rate: 83%, out of range:  1% 
2022-10-31 19:58:16,093 [INFO] simulation.WL_saw:288 failed to grow rate: 82%, out of range:  1% 
2022-10-31 19:58:45,661 [INFO] simulation.WL_saw:288 failed to grow rate: 82%, out of range:  1% 
2022-10-31 19:59:15,290 [INFO] simulation.WL_saw:288 failed to grow rate: 83%, out of range:  1% 
2022-10-31 19:59:44,899 [INFO] simulation.WL_saw:288 failed to grow rate: 82%, out of range:  1% 
2022-10-31 20:00:14,604 [INFO] simulation.WL_saw:288 failed to grow rate: 82%, out of range:  1% 
2022-10-31 20:00:44,201 [INFO] simulation.WL_saw:288 failed to grow rate: 82%, out of range:  1% 
2022-10-31 20:01:13,750 [INFO] simulation.WL_saw:288 failed to grow rate: 81%, out of range:  1% 
2022-10-31 20:01:43,352 [INFO] simulation.WL_saw:288 failed to grow rate: 82%, out of range:  1% 
2022-10-31 20:02:12,992 [INFO] simulation.WL_saw:288 failed to grow rate: 82%, out of range:  1% 
2022-10-31 20:02:12,992 [INFO] simulation.WL_saw:293 ds=1.525879e-06, ds_min=0.000001, sweep number=630
2022-10-31 20:02:42,572 [INFO] simulation.WL_saw:288 failed to grow rate: 83%, out of range:  1% 
2022-10-31 20:03:12,136 [INFO] simulation.WL_saw:288 failed to grow rate: 82%, out of range:  1% 
2022-10-31 20:03:41,765 [INFO] simulation.WL_saw:288 failed to grow rate: 83%, out of range:  1% 
2022-10-31 20:04:11,340 [INFO] simulation.WL_saw:288 failed to grow rate: 83%, out of range:  1% 
2022-10-31 20:04:40,943 [INFO] simulation.WL_saw:288 failed to grow rate: 82%, out of range:  1% 
2022-10-31 20:05:10,559 [INFO] simulation.WL_saw:288 failed to grow rate: 82%, out of range:  1% 
2022-10-31 20:05:40,215 [INFO] simulation.WL_saw:288 failed to grow rate: 82%, out of range:  1% 
2022-10-31 20:05:40,215 [INFO] simulation.WL_saw:293 ds=7.629395e-07, ds_min=0.000001, sweep number=637
2022-10-31 20:05:40,215 [INFO] run_saw.run:300 s: [array([ 84.7,  97.6, 106.1, 116.6, 118.1, 118.4, 117.2, 116.9]), array([120.1 , 153.05, 162.8 , 168.05, 168.8 , 169.1 , 167.95, 167.85]), array([141.275, 173.1  , 186.1  , 189.   , 191.8  , 191.05 , 191.175,
       190.075]), array([148.9625, 183.85  , 193.7625, 197.325 , 198.7   , 199.8   ,
       198.6875, 198.9625]), array([156.7125 , 189.04375, 200.09375, 204.9875 , 205.1625 , 205.51875,
       204.9875 , 204.     ]), array([168.246875, 197.1625  , 208.909375, 212.278125, 213.80625 ,
       215.10625 , 213.840625, 213.303125]), array([176.7421875, 207.3171875, 217.0125   , 219.553125 , 221.284375 ,
       221.7546875, 221.271875 , 220.4109375]), array([178.54609375, 208.7859375 , 219.07734375, 221.72421875,
       223.5234375 , 223.7       , 223.00625   , 222.32421875]), array([180.52617188, 211.42539062, 221.17265625, 224.39453125,
       226.35976562, 226.45039062, 226.47226562, 225.37304687]), array([182.39238281, 212.50878906, 222.57851563, 226.24570313,
       227.62792969, 227.90800781, 227.6703125 , 226.83457031]), array([182.78310547, 212.87792969, 223.19746094, 226.69521484,
       228.14755859, 228.47949219, 228.07285156, 227.33085938]), array([182.88955078, 213.015625  , 223.30053711, 226.84003906,
       228.24414063, 228.59121094, 228.15522461, 227.44599609]), array([182.98730469, 213.07861328, 223.40124512, 226.93168945,
       228.33623047, 228.69973145, 228.24384766, 227.51765137]), array([183.00031738, 213.09221191, 223.41706543, 226.94801025,
       228.34746094, 228.71849365, 228.26314697, 227.52912598]), array([183.16935425, 213.2161438 , 223.54400024, 227.06179199,
       228.46992188, 228.84731445, 228.38773804, 227.66129761]), array([183.18809204, 213.23280029, 223.56743469, 227.08491211,
       228.49577332, 228.86645508, 228.41626892, 227.68492737]), array([183.18896484, 213.23424377, 223.56830139, 227.08627625,
       228.49684906, 228.8677597 , 228.41762695, 227.68609161])]
2022-10-31 20:05:40,220 [INFO] run_saw.process_result:227 specific_excess_entropy from the analytical curve  for n=108 is: -0.261
2022-10-31 20:05:40,227 [INFO] run_saw.process_result:229 the total number of phantom conformation for n=108 is 6.406640e+80
2022-10-31 20:05:40,227 [INFO] run_saw.process_result:232 number of SAWs for n=108 is 3.706385e+68
2022-10-31 20:05:40,227 [INFO] run_saw.process_result:235 number of SAWs for n=108 inside the box=[17, 4, 4] is 2.143063e+61
2022-10-31 20:05:40,227 [INFO] run_saw.process_result:238 specific free energy for n=108 and box=[17, 4, 4] is: -1.308
2022-10-31 20:05:40,227 [INFO] run_saw.save_results:198 saving results to: /home/alexey/projects/chromosome_segregation/chromosome_segregation/results_saw_wl/density_0.4/run_26/data.csv
2022-10-31 20:05:40,228 [INFO] run_saw.save_results:202 saving the line: 17,4,4,-1.307591913124872,108,[183.18896484 213.23424377 223.56830139 227.08627625 228.49684906
 228.8677597  228.41762695 227.68609161]
2022-10-31 20:05:40,228 [INFO] run_saw.save_results:206 saving parameters to /home/alexey/projects/chromosome_segregation/chromosome_segregation/results_saw_wl/density_0.4/run_26/params.json
2022-10-31 20:05:40,248 [WARNING] legend._parse_legend_args:1217 No artists with labels found to put in legend.  Note that artists whose label start with an underscore are ignored when legend() is called with no argument.
