2022-10-31 20:44:52,535 [INFO] run_saw.<module>:362 running SAWs with the parameters: density=0.4, n_boxes=(19, 19), thicknesses=([4],[4])
2022-10-31 20:44:52,535 [INFO] run_saw.run:267 calculating maximal number of monomers...
2022-10-31 20:44:52,535 [INFO] run_saw.run:270 max_n=128
2022-10-31 20:44:52,535 [INFO] run_saw.run:274 getting cached OR calculating from the scratch..
2022-10-31 20:44:58,014 [INFO] aux.get_grow_caches:351 shape of existing cache is (129, 50, 50, 50), shape of query is: (129, 50, 50, 50)
2022-10-31 20:44:58,014 [INFO] run_saw.run:277 done calculating (n,dx,dy,dz) array
2022-10-31 20:44:58,014 [INFO] run_saw.run:285 boxes: [[19, 4, 4]] for thickness_x=4, thickness_y=4
2022-10-31 20:44:58,014 [INFO] run_saw.run:294 running WL_saw with n=120,  box=[19, 4, 4]
2022-10-31 20:44:58,014 [INFO] run_saw.run:306 ([18, 19, 20, 21, 22, 23, 24, 25, 26], [3, 4, 5, 6, 7, 8, 9, 10, 11], [3, 4, 5, 6, 7, 8, 9, 10, 11])
2022-10-31 20:44:58,014 [INFO] run_saw.run:313 {'extend_to_left': 1, 'extend_to_right': 7, 'flatness': 0.3, 'scale_alpha': 3.5, 'ds_min': 1e-06}
2022-10-31 20:44:58,014 [INFO] simulation.WL_saw:193 s size is: 9
2022-10-31 20:44:58,014 [INFO] simulation.WL_saw:194 counts size is: 9
2022-10-31 20:44:58,015 [INFO] simulation.WL_saw:196 indexes: [0, 1, 2, 3, 4, 5, 6, 7, 8]
2022-10-31 20:44:58,015 [INFO] simulation.WL_saw:208 scale alpha is: 3.500000
2022-10-31 20:44:58,015 [INFO] simulation.WL_saw:209 shifl alpha is: -0.000000
2022-10-31 20:45:30,954 [INFO] simulation.WL_saw:288 failed to grow rate: 85%, out of range:  1% 
2022-10-31 20:46:03,816 [INFO] simulation.WL_saw:288 failed to grow rate: 85%, out of range:  1% 
2022-10-31 20:46:36,725 [INFO] simulation.WL_saw:288 failed to grow rate: 85%, out of range:  1% 
2022-10-31 20:47:09,763 [INFO] simulation.WL_saw:288 failed to grow rate: 84%, out of range:  1% 
2022-10-31 20:47:42,740 [INFO] simulation.WL_saw:288 failed to grow rate: 85%, out of range:  1% 
2022-10-31 20:48:15,680 [INFO] simulation.WL_saw:288 failed to grow rate: 85%, out of range:  1% 
2022-10-31 20:48:48,658 [INFO] simulation.WL_saw:288 failed to grow rate: 84%, out of range:  1% 
2022-10-31 20:49:21,640 [INFO] simulation.WL_saw:288 failed to grow rate: 85%, out of range:  1% 
2022-10-31 20:49:54,676 [INFO] simulation.WL_saw:288 failed to grow rate: 85%, out of range:  1% 
2022-10-31 20:50:27,688 [INFO] simulation.WL_saw:288 failed to grow rate: 84%, out of range:  1% 
2022-10-31 20:51:00,726 [INFO] simulation.WL_saw:288 failed to grow rate: 85%, out of range:  1% 
2022-10-31 20:51:33,731 [INFO] simulation.WL_saw:288 failed to grow rate: 85%, out of range:  1% 
2022-10-31 20:52:06,768 [INFO] simulation.WL_saw:288 failed to grow rate: 84%, out of range:  1% 
2022-10-31 20:52:39,786 [INFO] simulation.WL_saw:288 failed to grow rate: 85%, out of range:  1% 
2022-10-31 20:53:12,734 [INFO] simulation.WL_saw:288 failed to grow rate: 84%, out of range:  1% 
2022-10-31 20:53:45,784 [INFO] simulation.WL_saw:288 failed to grow rate: 84%, out of range:  1% 
2022-10-31 20:54:18,822 [INFO] simulation.WL_saw:288 failed to grow rate: 84%, out of range:  1% 
2022-10-31 20:54:51,781 [INFO] simulation.WL_saw:288 failed to grow rate: 85%, out of range:  1% 
2022-10-31 20:55:24,854 [INFO] simulation.WL_saw:288 failed to grow rate: 84%, out of range:  1% 
2022-10-31 20:55:57,831 [INFO] simulation.WL_saw:288 failed to grow rate: 85%, out of range:  1% 
2022-10-31 20:56:30,838 [INFO] simulation.WL_saw:288 failed to grow rate: 85%, out of range:  1% 
2022-10-31 20:57:03,808 [INFO] simulation.WL_saw:288 failed to grow rate: 85%, out of range:  1% 
2022-10-31 20:57:36,756 [INFO] simulation.WL_saw:288 failed to grow rate: 84%, out of range:  1% 
2022-10-31 20:58:09,765 [INFO] simulation.WL_saw:288 failed to grow rate: 85%, out of range:  1% 
2022-10-31 20:58:42,774 [INFO] simulation.WL_saw:288 failed to grow rate: 85%, out of range:  1% 
2022-10-31 20:59:15,796 [INFO] simulation.WL_saw:288 failed to grow rate: 85%, out of range:  1% 
2022-10-31 20:59:15,796 [INFO] simulation.WL_saw:293 ds=5.000000e-02, ds_min=0.000001, sweep number=26
2022-10-31 20:59:48,831 [INFO] simulation.WL_saw:288 failed to grow rate: 85%, out of range:  1% 
2022-10-31 21:00:21,777 [INFO] simulation.WL_saw:288 failed to grow rate: 85%, out of range:  1% 
2022-10-31 21:00:54,749 [INFO] simulation.WL_saw:288 failed to grow rate: 85%, out of range:  1% 
2022-10-31 21:01:27,662 [INFO] simulation.WL_saw:288 failed to grow rate: 85%, out of range:  1% 
2022-10-31 21:02:00,631 [INFO] simulation.WL_saw:288 failed to grow rate: 85%, out of range:  1% 
2022-10-31 21:02:33,602 [INFO] simulation.WL_saw:288 failed to grow rate: 84%, out of range:  1% 
2022-10-31 21:03:06,598 [INFO] simulation.WL_saw:288 failed to grow rate: 84%, out of range:  1% 
2022-10-31 21:03:39,521 [INFO] simulation.WL_saw:288 failed to grow rate: 85%, out of range:  1% 
2022-10-31 21:03:39,521 [INFO] simulation.WL_saw:293 ds=2.500000e-02, ds_min=0.000001, sweep number=34
2022-10-31 21:04:12,502 [INFO] simulation.WL_saw:288 failed to grow rate: 84%, out of range:  1% 
2022-10-31 21:04:45,532 [INFO] simulation.WL_saw:288 failed to grow rate: 84%, out of range:  1% 
2022-10-31 21:05:18,563 [INFO] simulation.WL_saw:288 failed to grow rate: 86%, out of range:  1% 
2022-10-31 21:05:51,582 [INFO] simulation.WL_saw:288 failed to grow rate: 84%, out of range:  1% 
2022-10-31 21:06:24,587 [INFO] simulation.WL_saw:288 failed to grow rate: 85%, out of range:  1% 
2022-10-31 21:06:57,577 [INFO] simulation.WL_saw:288 failed to grow rate: 84%, out of range:  1% 
2022-10-31 21:06:57,577 [INFO] simulation.WL_saw:293 ds=1.250000e-02, ds_min=0.000001, sweep number=40
2022-10-31 21:07:30,473 [INFO] simulation.WL_saw:288 failed to grow rate: 85%, out of range:  1% 
2022-10-31 21:08:03,538 [INFO] simulation.WL_saw:288 failed to grow rate: 84%, out of range:  1% 
2022-10-31 21:08:36,580 [INFO] simulation.WL_saw:288 failed to grow rate: 85%, out of range:  1% 
2022-10-31 21:09:09,556 [INFO] simulation.WL_saw:288 failed to grow rate: 85%, out of range:  1% 
2022-10-31 21:09:42,625 [INFO] simulation.WL_saw:288 failed to grow rate: 84%, out of range:  1% 
2022-10-31 21:10:15,617 [INFO] simulation.WL_saw:288 failed to grow rate: 85%, out of range:  1% 
2022-10-31 21:10:48,553 [INFO] simulation.WL_saw:288 failed to grow rate: 85%, out of range:  1% 
2022-10-31 21:11:21,678 [INFO] simulation.WL_saw:288 failed to grow rate: 83%, out of range:  1% 
2022-10-31 21:11:54,656 [INFO] simulation.WL_saw:288 failed to grow rate: 85%, out of range:  1% 
2022-10-31 21:12:27,604 [INFO] simulation.WL_saw:288 failed to grow rate: 85%, out of range:  1% 
2022-10-31 21:13:00,664 [INFO] simulation.WL_saw:288 failed to grow rate: 84%, out of range:  1% 
2022-10-31 21:13:33,659 [INFO] simulation.WL_saw:288 failed to grow rate: 84%, out of range:  1% 
2022-10-31 21:14:06,722 [INFO] simulation.WL_saw:288 failed to grow rate: 85%, out of range:  1% 
2022-10-31 21:14:39,758 [INFO] simulation.WL_saw:288 failed to grow rate: 85%, out of range:  1% 
2022-10-31 21:15:12,737 [INFO] simulation.WL_saw:288 failed to grow rate: 85%, out of range:  1% 
2022-10-31 21:15:45,772 [INFO] simulation.WL_saw:288 failed to grow rate: 85%, out of range:  1% 
2022-10-31 21:16:18,747 [INFO] simulation.WL_saw:288 failed to grow rate: 85%, out of range:  1% 
2022-10-31 21:16:51,696 [INFO] simulation.WL_saw:288 failed to grow rate: 86%, out of range:  1% 
2022-10-31 21:17:24,680 [INFO] simulation.WL_saw:288 failed to grow rate: 84%, out of range:  1% 
2022-10-31 21:17:57,652 [INFO] simulation.WL_saw:288 failed to grow rate: 84%, out of range:  1% 
2022-10-31 21:18:30,593 [INFO] simulation.WL_saw:288 failed to grow rate: 85%, out of range:  1% 
2022-10-31 21:19:03,535 [INFO] simulation.WL_saw:288 failed to grow rate: 85%, out of range:  1% 
2022-10-31 21:19:03,535 [INFO] simulation.WL_saw:293 ds=6.250000e-03, ds_min=0.000001, sweep number=62
2022-10-31 21:19:36,421 [INFO] simulation.WL_saw:288 failed to grow rate: 84%, out of range:  1% 
2022-10-31 21:20:09,418 [INFO] simulation.WL_saw:288 failed to grow rate: 85%, out of range:  1% 
2022-10-31 21:20:42,289 [INFO] simulation.WL_saw:288 failed to grow rate: 86%, out of range:  1% 
2022-10-31 21:21:15,222 [INFO] simulation.WL_saw:288 failed to grow rate: 84%, out of range:  1% 
2022-10-31 21:21:48,219 [INFO] simulation.WL_saw:288 failed to grow rate: 84%, out of range:  1% 
2022-10-31 21:22:21,210 [INFO] simulation.WL_saw:288 failed to grow rate: 85%, out of range:  1% 
2022-10-31 21:22:54,123 [INFO] simulation.WL_saw:288 failed to grow rate: 85%, out of range:  1% 
2022-10-31 21:23:27,075 [INFO] simulation.WL_saw:288 failed to grow rate: 85%, out of range:  1% 
2022-10-31 21:23:59,983 [INFO] simulation.WL_saw:288 failed to grow rate: 84%, out of range:  1% 
2022-10-31 21:24:32,950 [INFO] simulation.WL_saw:288 failed to grow rate: 85%, out of range:  1% 
2022-10-31 21:25:05,929 [INFO] simulation.WL_saw:288 failed to grow rate: 85%, out of range:  1% 
2022-10-31 21:25:38,866 [INFO] simulation.WL_saw:288 failed to grow rate: 84%, out of range:  1% 
2022-10-31 21:26:11,890 [INFO] simulation.WL_saw:288 failed to grow rate: 85%, out of range:  1% 
2022-10-31 21:26:44,928 [INFO] simulation.WL_saw:288 failed to grow rate: 84%, out of range:  1% 
2022-10-31 21:27:17,961 [INFO] simulation.WL_saw:288 failed to grow rate: 84%, out of range:  1% 
2022-10-31 21:27:50,970 [INFO] simulation.WL_saw:288 failed to grow rate: 84%, out of range:  1% 
2022-10-31 21:28:24,066 [INFO] simulation.WL_saw:288 failed to grow rate: 85%, out of range:  1% 
2022-10-31 21:28:56,973 [INFO] simulation.WL_saw:288 failed to grow rate: 85%, out of range:  1% 
2022-10-31 21:29:30,046 [INFO] simulation.WL_saw:288 failed to grow rate: 84%, out of range:  1% 
2022-10-31 21:30:02,935 [INFO] simulation.WL_saw:288 failed to grow rate: 84%, out of range:  1% 
2022-10-31 21:30:35,931 [INFO] simulation.WL_saw:288 failed to grow rate: 84%, out of range:  1% 
2022-10-31 21:31:08,922 [INFO] simulation.WL_saw:288 failed to grow rate: 85%, out of range:  1% 
2022-10-31 21:31:41,907 [INFO] simulation.WL_saw:288 failed to grow rate: 84%, out of range:  2% 
2022-10-31 21:32:14,842 [INFO] simulation.WL_saw:288 failed to grow rate: 85%, out of range:  1% 
2022-10-31 21:32:47,835 [INFO] simulation.WL_saw:288 failed to grow rate: 85%, out of range:  1% 
2022-10-31 21:33:20,802 [INFO] simulation.WL_saw:288 failed to grow rate: 85%, out of range:  1% 
2022-10-31 21:33:53,784 [INFO] simulation.WL_saw:288 failed to grow rate: 84%, out of range:  1% 
2022-10-31 21:34:26,737 [INFO] simulation.WL_saw:288 failed to grow rate: 85%, out of range:  1% 
2022-10-31 21:34:59,756 [INFO] simulation.WL_saw:288 failed to grow rate: 85%, out of range:  1% 
2022-10-31 21:35:32,728 [INFO] simulation.WL_saw:288 failed to grow rate: 84%, out of range:  1% 
2022-10-31 21:36:05,784 [INFO] simulation.WL_saw:288 failed to grow rate: 84%, out of range:  1% 
2022-10-31 21:36:38,667 [INFO] simulation.WL_saw:288 failed to grow rate: 84%, out of range:  1% 
2022-10-31 21:37:11,587 [INFO] simulation.WL_saw:288 failed to grow rate: 85%, out of range:  1% 
2022-10-31 21:37:44,567 [INFO] simulation.WL_saw:288 failed to grow rate: 84%, out of range:  2% 
2022-10-31 21:38:17,583 [INFO] simulation.WL_saw:288 failed to grow rate: 83%, out of range:  1% 
2022-10-31 21:38:50,590 [INFO] simulation.WL_saw:288 failed to grow rate: 84%, out of range:  1% 
2022-10-31 21:39:23,583 [INFO] simulation.WL_saw:288 failed to grow rate: 85%, out of range:  1% 
2022-10-31 21:39:23,583 [INFO] simulation.WL_saw:293 ds=3.125000e-03, ds_min=0.000001, sweep number=99
2022-10-31 21:39:56,589 [INFO] simulation.WL_saw:288 failed to grow rate: 84%, out of range:  2% 
2022-10-31 21:40:29,483 [INFO] simulation.WL_saw:288 failed to grow rate: 85%, out of range:  1% 
2022-10-31 21:41:02,469 [INFO] simulation.WL_saw:288 failed to grow rate: 85%, out of range:  1% 
2022-10-31 21:41:35,430 [INFO] simulation.WL_saw:288 failed to grow rate: 85%, out of range:  1% 
2022-10-31 21:42:08,318 [INFO] simulation.WL_saw:288 failed to grow rate: 85%, out of range:  1% 
2022-10-31 21:42:41,316 [INFO] simulation.WL_saw:288 failed to grow rate: 84%, out of range:  1% 
2022-10-31 21:43:14,285 [INFO] simulation.WL_saw:288 failed to grow rate: 85%, out of range:  1% 
2022-10-31 21:43:47,219 [INFO] simulation.WL_saw:288 failed to grow rate: 85%, out of range:  1% 
2022-10-31 21:44:20,193 [INFO] simulation.WL_saw:288 failed to grow rate: 84%, out of range:  1% 
2022-10-31 21:44:53,139 [INFO] simulation.WL_saw:288 failed to grow rate: 85%, out of range:  1% 
2022-10-31 21:45:26,174 [INFO] simulation.WL_saw:288 failed to grow rate: 84%, out of range:  1% 
2022-10-31 21:45:59,137 [INFO] simulation.WL_saw:288 failed to grow rate: 84%, out of range:  1% 
2022-10-31 21:46:32,138 [INFO] simulation.WL_saw:288 failed to grow rate: 85%, out of range:  1% 
2022-10-31 21:47:05,040 [INFO] simulation.WL_saw:288 failed to grow rate: 86%, out of range:  1% 
2022-10-31 21:47:38,108 [INFO] simulation.WL_saw:288 failed to grow rate: 85%, out of range:  1% 
2022-10-31 21:48:11,066 [INFO] simulation.WL_saw:288 failed to grow rate: 84%, out of range:  1% 
2022-10-31 21:48:43,995 [INFO] simulation.WL_saw:288 failed to grow rate: 85%, out of range:  1% 
2022-10-31 21:49:16,989 [INFO] simulation.WL_saw:288 failed to grow rate: 84%, out of range:  1% 
2022-10-31 21:49:49,959 [INFO] simulation.WL_saw:288 failed to grow rate: 84%, out of range:  1% 
2022-10-31 21:50:22,954 [INFO] simulation.WL_saw:288 failed to grow rate: 84%, out of range:  1% 
2022-10-31 21:50:55,960 [INFO] simulation.WL_saw:288 failed to grow rate: 84%, out of range:  1% 
2022-10-31 21:51:28,919 [INFO] simulation.WL_saw:288 failed to grow rate: 84%, out of range:  1% 
2022-10-31 21:52:01,844 [INFO] simulation.WL_saw:288 failed to grow rate: 85%, out of range:  1% 
2022-10-31 21:52:34,793 [INFO] simulation.WL_saw:288 failed to grow rate: 84%, out of range:  1% 
2022-10-31 21:53:07,766 [INFO] simulation.WL_saw:288 failed to grow rate: 85%, out of range:  1% 
2022-10-31 21:53:40,755 [INFO] simulation.WL_saw:288 failed to grow rate: 84%, out of range:  1% 
2022-10-31 21:54:13,678 [INFO] simulation.WL_saw:288 failed to grow rate: 85%, out of range:  1% 
2022-10-31 21:54:46,562 [INFO] simulation.WL_saw:288 failed to grow rate: 85%, out of range:  1% 
2022-10-31 21:55:19,609 [INFO] simulation.WL_saw:288 failed to grow rate: 85%, out of range:  1% 
2022-10-31 21:55:52,506 [INFO] simulation.WL_saw:288 failed to grow rate: 84%, out of range:  1% 
2022-10-31 21:56:25,481 [INFO] simulation.WL_saw:288 failed to grow rate: 84%, out of range:  1% 
2022-10-31 21:56:58,435 [INFO] simulation.WL_saw:288 failed to grow rate: 85%, out of range:  1% 
2022-10-31 21:57:31,384 [INFO] simulation.WL_saw:288 failed to grow rate: 84%, out of range:  1% 
2022-10-31 21:58:04,254 [INFO] simulation.WL_saw:288 failed to grow rate: 85%, out of range:  1% 
2022-10-31 21:58:37,313 [INFO] simulation.WL_saw:288 failed to grow rate: 83%, out of range:  1% 
2022-10-31 21:59:10,313 [INFO] simulation.WL_saw:288 failed to grow rate: 84%, out of range:  1% 
2022-10-31 21:59:10,313 [INFO] simulation.WL_saw:293 ds=1.562500e-03, ds_min=0.000001, sweep number=135
2022-10-31 21:59:43,269 [INFO] simulation.WL_saw:288 failed to grow rate: 84%, out of range:  1% 
2022-10-31 22:00:16,231 [INFO] simulation.WL_saw:288 failed to grow rate: 85%, out of range:  1% 
2022-10-31 22:00:49,161 [INFO] simulation.WL_saw:288 failed to grow rate: 85%, out of range:  1% 
2022-10-31 22:01:22,149 [INFO] simulation.WL_saw:288 failed to grow rate: 84%, out of range:  1% 
2022-10-31 22:01:55,106 [INFO] simulation.WL_saw:288 failed to grow rate: 84%, out of range:  1% 
2022-10-31 22:02:28,095 [INFO] simulation.WL_saw:288 failed to grow rate: 85%, out of range:  1% 
2022-10-31 22:03:01,134 [INFO] simulation.WL_saw:288 failed to grow rate: 85%, out of range:  1% 
2022-10-31 22:03:34,178 [INFO] simulation.WL_saw:288 failed to grow rate: 85%, out of range:  1% 
2022-10-31 22:04:07,220 [INFO] simulation.WL_saw:288 failed to grow rate: 85%, out of range:  1% 
2022-10-31 22:04:40,349 [INFO] simulation.WL_saw:288 failed to grow rate: 84%, out of range:  1% 
2022-10-31 22:05:13,290 [INFO] simulation.WL_saw:288 failed to grow rate: 83%, out of range:  1% 
2022-10-31 22:05:46,396 [INFO] simulation.WL_saw:288 failed to grow rate: 84%, out of range:  1% 
2022-10-31 22:06:19,422 [INFO] simulation.WL_saw:288 failed to grow rate: 85%, out of range:  1% 
2022-10-31 22:06:52,598 [INFO] simulation.WL_saw:288 failed to grow rate: 84%, out of range:  1% 
2022-10-31 22:07:25,473 [INFO] simulation.WL_saw:288 failed to grow rate: 85%, out of range:  1% 
2022-10-31 22:07:58,515 [INFO] simulation.WL_saw:288 failed to grow rate: 85%, out of range:  1% 
2022-10-31 22:08:31,462 [INFO] simulation.WL_saw:288 failed to grow rate: 85%, out of range:  1% 
2022-10-31 22:09:04,628 [INFO] simulation.WL_saw:288 failed to grow rate: 85%, out of range:  1% 
2022-10-31 22:09:37,552 [INFO] simulation.WL_saw:288 failed to grow rate: 85%, out of range:  1% 
2022-10-31 22:10:10,542 [INFO] simulation.WL_saw:288 failed to grow rate: 84%, out of range:  1% 
2022-10-31 22:10:43,461 [INFO] simulation.WL_saw:288 failed to grow rate: 85%, out of range:  1% 
2022-10-31 22:11:16,653 [INFO] simulation.WL_saw:288 failed to grow rate: 85%, out of range:  1% 
2022-10-31 22:11:49,540 [INFO] simulation.WL_saw:288 failed to grow rate: 85%, out of range:  1% 
2022-10-31 22:12:22,642 [INFO] simulation.WL_saw:288 failed to grow rate: 85%, out of range:  1% 
2022-10-31 22:12:55,559 [INFO] simulation.WL_saw:288 failed to grow rate: 84%, out of range:  1% 
2022-10-31 22:13:28,714 [INFO] simulation.WL_saw:288 failed to grow rate: 84%, out of range:  1% 
2022-10-31 22:14:01,558 [INFO] simulation.WL_saw:288 failed to grow rate: 85%, out of range:  1% 
2022-10-31 22:14:34,710 [INFO] simulation.WL_saw:288 failed to grow rate: 85%, out of range:  1% 
2022-10-31 22:15:07,510 [INFO] simulation.WL_saw:288 failed to grow rate: 84%, out of range:  1% 
2022-10-31 22:15:40,621 [INFO] simulation.WL_saw:288 failed to grow rate: 86%, out of range:  1% 
2022-10-31 22:16:13,496 [INFO] simulation.WL_saw:288 failed to grow rate: 84%, out of range:  1% 
2022-10-31 22:16:46,477 [INFO] simulation.WL_saw:288 failed to grow rate: 85%, out of range:  1% 
2022-10-31 22:17:19,329 [INFO] simulation.WL_saw:288 failed to grow rate: 86%, out of range:  1% 
2022-10-31 22:17:52,354 [INFO] simulation.WL_saw:288 failed to grow rate: 85%, out of range:  1% 
2022-10-31 22:18:25,214 [INFO] simulation.WL_saw:288 failed to grow rate: 85%, out of range:  1% 
2022-10-31 22:18:58,339 [INFO] simulation.WL_saw:288 failed to grow rate: 86%, out of range:  1% 
2022-10-31 22:19:31,203 [INFO] simulation.WL_saw:288 failed to grow rate: 84%, out of range:  1% 
2022-10-31 22:20:04,247 [INFO] simulation.WL_saw:288 failed to grow rate: 85%, out of range:  2% 
2022-10-31 22:20:37,088 [INFO] simulation.WL_saw:288 failed to grow rate: 85%, out of range:  1% 
2022-10-31 22:21:10,011 [INFO] simulation.WL_saw:288 failed to grow rate: 84%, out of range:  1% 
2022-10-31 22:21:42,877 [INFO] simulation.WL_saw:288 failed to grow rate: 85%, out of range:  1% 
2022-10-31 22:22:15,950 [INFO] simulation.WL_saw:288 failed to grow rate: 85%, out of range:  1% 
2022-10-31 22:22:48,723 [INFO] simulation.WL_saw:288 failed to grow rate: 84%, out of range:  1% 
2022-10-31 22:23:21,808 [INFO] simulation.WL_saw:288 failed to grow rate: 85%, out of range:  1% 
2022-10-31 22:23:54,635 [INFO] simulation.WL_saw:288 failed to grow rate: 84%, out of range:  2% 
2022-10-31 22:24:27,710 [INFO] simulation.WL_saw:288 failed to grow rate: 84%, out of range:  1% 
2022-10-31 22:25:00,712 [INFO] simulation.WL_saw:288 failed to grow rate: 84%, out of range:  1% 
2022-10-31 22:25:33,616 [INFO] simulation.WL_saw:288 failed to grow rate: 85%, out of range:  1% 
2022-10-31 22:26:06,462 [INFO] simulation.WL_saw:288 failed to grow rate: 85%, out of range:  1% 
2022-10-31 22:26:39,573 [INFO] simulation.WL_saw:288 failed to grow rate: 84%, out of range:  1% 
2022-10-31 22:27:12,520 [INFO] simulation.WL_saw:288 failed to grow rate: 84%, out of range:  1% 
2022-10-31 22:27:45,710 [INFO] simulation.WL_saw:288 failed to grow rate: 84%, out of range:  1% 
2022-10-31 22:28:18,860 [INFO] simulation.WL_saw:288 failed to grow rate: 84%, out of range:  1% 
2022-10-31 22:28:51,935 [INFO] simulation.WL_saw:288 failed to grow rate: 84%, out of range:  1% 
2022-10-31 22:29:25,056 [INFO] simulation.WL_saw:288 failed to grow rate: 85%, out of range:  1% 
2022-10-31 22:29:58,042 [INFO] simulation.WL_saw:288 failed to grow rate: 85%, out of range:  1% 
2022-10-31 22:30:31,128 [INFO] simulation.WL_saw:288 failed to grow rate: 85%, out of range:  1% 
2022-10-31 22:31:03,935 [INFO] simulation.WL_saw:288 failed to grow rate: 85%, out of range:  1% 
2022-10-31 22:31:37,079 [INFO] simulation.WL_saw:288 failed to grow rate: 85%, out of range:  1% 
2022-10-31 22:32:10,289 [INFO] simulation.WL_saw:288 failed to grow rate: 84%, out of range:  1% 
2022-10-31 22:32:43,343 [INFO] simulation.WL_saw:288 failed to grow rate: 84%, out of range:  1% 
2022-10-31 22:33:16,381 [INFO] simulation.WL_saw:288 failed to grow rate: 85%, out of range:  1% 
2022-10-31 22:33:49,452 [INFO] simulation.WL_saw:288 failed to grow rate: 85%, out of range:  1% 
2022-10-31 22:34:22,577 [INFO] simulation.WL_saw:288 failed to grow rate: 84%, out of range:  1% 
2022-10-31 22:34:55,754 [INFO] simulation.WL_saw:288 failed to grow rate: 86%, out of range:  1% 
2022-10-31 22:35:28,959 [INFO] simulation.WL_saw:288 failed to grow rate: 84%, out of range:  1% 
2022-10-31 22:36:02,055 [INFO] simulation.WL_saw:288 failed to grow rate: 85%, out of range:  1% 
2022-10-31 22:36:34,866 [INFO] simulation.WL_saw:288 failed to grow rate: 85%, out of range:  1% 
2022-10-31 22:37:07,953 [INFO] simulation.WL_saw:288 failed to grow rate: 84%, out of range:  1% 
2022-10-31 22:37:41,054 [INFO] simulation.WL_saw:288 failed to grow rate: 85%, out of range:  1% 
2022-10-31 22:38:14,094 [INFO] simulation.WL_saw:288 failed to grow rate: 85%, out of range:  1% 
2022-10-31 22:38:47,066 [INFO] simulation.WL_saw:288 failed to grow rate: 85%, out of range:  1% 
2022-10-31 22:39:20,215 [INFO] simulation.WL_saw:288 failed to grow rate: 85%, out of range:  1% 
2022-10-31 22:39:53,265 [INFO] simulation.WL_saw:288 failed to grow rate: 83%, out of range:  1% 
2022-10-31 22:40:26,606 [INFO] simulation.WL_saw:288 failed to grow rate: 84%, out of range:  1% 
2022-10-31 22:40:59,728 [INFO] simulation.WL_saw:288 failed to grow rate: 84%, out of range:  1% 
2022-10-31 22:41:32,937 [INFO] simulation.WL_saw:288 failed to grow rate: 84%, out of range:  1% 
2022-10-31 22:41:32,937 [INFO] simulation.WL_saw:293 ds=7.812500e-04, ds_min=0.000001, sweep number=212
2022-10-31 22:42:05,932 [INFO] simulation.WL_saw:288 failed to grow rate: 84%, out of range:  1% 
2022-10-31 22:42:39,130 [INFO] simulation.WL_saw:288 failed to grow rate: 84%, out of range:  1% 
2022-10-31 22:43:12,201 [INFO] simulation.WL_saw:288 failed to grow rate: 85%, out of range:  1% 
2022-10-31 22:43:45,325 [INFO] simulation.WL_saw:288 failed to grow rate: 84%, out of range:  1% 
2022-10-31 22:44:18,599 [INFO] simulation.WL_saw:288 failed to grow rate: 84%, out of range:  1% 
2022-10-31 22:44:51,843 [INFO] simulation.WL_saw:288 failed to grow rate: 84%, out of range:  1% 
2022-10-31 22:45:25,040 [INFO] simulation.WL_saw:288 failed to grow rate: 84%, out of range:  1% 
2022-10-31 22:45:58,114 [INFO] simulation.WL_saw:288 failed to grow rate: 85%, out of range:  1% 
2022-10-31 22:46:31,243 [INFO] simulation.WL_saw:288 failed to grow rate: 84%, out of range:  1% 
2022-10-31 22:47:04,194 [INFO] simulation.WL_saw:288 failed to grow rate: 85%, out of range:  1% 
2022-10-31 22:47:37,141 [INFO] simulation.WL_saw:288 failed to grow rate: 85%, out of range:  1% 
2022-10-31 22:48:10,223 [INFO] simulation.WL_saw:288 failed to grow rate: 85%, out of range:  1% 
2022-10-31 22:48:43,394 [INFO] simulation.WL_saw:288 failed to grow rate: 85%, out of range:  1% 
2022-10-31 22:49:16,478 [INFO] simulation.WL_saw:288 failed to grow rate: 85%, out of range:  1% 
2022-10-31 22:49:49,537 [INFO] simulation.WL_saw:288 failed to grow rate: 86%, out of range:  1% 
2022-10-31 22:50:22,653 [INFO] simulation.WL_saw:288 failed to grow rate: 85%, out of range:  1% 
2022-10-31 22:50:55,755 [INFO] simulation.WL_saw:288 failed to grow rate: 85%, out of range:  1% 
2022-10-31 22:51:28,719 [INFO] simulation.WL_saw:288 failed to grow rate: 85%, out of range:  1% 
2022-10-31 22:52:01,805 [INFO] simulation.WL_saw:288 failed to grow rate: 84%, out of range:  1% 
2022-10-31 22:52:34,949 [INFO] simulation.WL_saw:288 failed to grow rate: 85%, out of range:  1% 
2022-10-31 22:53:07,972 [INFO] simulation.WL_saw:288 failed to grow rate: 84%, out of range:  1% 
2022-10-31 22:53:41,057 [INFO] simulation.WL_saw:288 failed to grow rate: 85%, out of range:  1% 
2022-10-31 22:54:14,164 [INFO] simulation.WL_saw:288 failed to grow rate: 84%, out of range:  1% 
2022-10-31 22:54:47,358 [INFO] simulation.WL_saw:288 failed to grow rate: 84%, out of range:  1% 
2022-10-31 22:55:20,572 [INFO] simulation.WL_saw:288 failed to grow rate: 86%, out of range:  1% 
2022-10-31 22:55:53,820 [INFO] simulation.WL_saw:288 failed to grow rate: 85%, out of range:  1% 
2022-10-31 22:56:26,917 [INFO] simulation.WL_saw:288 failed to grow rate: 84%, out of range:  1% 
2022-10-31 22:57:00,123 [INFO] simulation.WL_saw:288 failed to grow rate: 84%, out of range:  1% 
2022-10-31 22:57:33,155 [INFO] simulation.WL_saw:288 failed to grow rate: 84%, out of range:  1% 
2022-10-31 22:58:06,342 [INFO] simulation.WL_saw:288 failed to grow rate: 84%, out of range:  1% 
2022-10-31 22:58:39,651 [INFO] simulation.WL_saw:288 failed to grow rate: 84%, out of range:  1% 
2022-10-31 22:59:12,760 [INFO] simulation.WL_saw:288 failed to grow rate: 84%, out of range:  1% 
2022-10-31 22:59:45,808 [INFO] simulation.WL_saw:288 failed to grow rate: 85%, out of range:  1% 
2022-10-31 23:00:19,031 [INFO] simulation.WL_saw:288 failed to grow rate: 85%, out of range:  1% 
2022-10-31 23:00:52,250 [INFO] simulation.WL_saw:288 failed to grow rate: 85%, out of range:  1% 
2022-10-31 23:00:52,250 [INFO] simulation.WL_saw:293 ds=3.906250e-04, ds_min=0.000001, sweep number=247
2022-10-31 23:01:25,503 [INFO] simulation.WL_saw:288 failed to grow rate: 85%, out of range:  1% 
2022-10-31 23:01:58,793 [INFO] simulation.WL_saw:288 failed to grow rate: 84%, out of range:  1% 
2022-10-31 23:02:32,065 [INFO] simulation.WL_saw:288 failed to grow rate: 84%, out of range:  1% 
2022-10-31 23:03:05,183 [INFO] simulation.WL_saw:288 failed to grow rate: 85%, out of range:  1% 
2022-10-31 23:03:38,248 [INFO] simulation.WL_saw:288 failed to grow rate: 85%, out of range:  1% 
2022-10-31 23:04:11,458 [INFO] simulation.WL_saw:288 failed to grow rate: 84%, out of range:  2% 
2022-10-31 23:04:44,645 [INFO] simulation.WL_saw:288 failed to grow rate: 85%, out of range:  1% 
2022-10-31 23:05:17,841 [INFO] simulation.WL_saw:288 failed to grow rate: 85%, out of range:  1% 
2022-10-31 23:05:50,914 [INFO] simulation.WL_saw:288 failed to grow rate: 85%, out of range:  1% 
2022-10-31 23:06:24,039 [INFO] simulation.WL_saw:288 failed to grow rate: 84%, out of range:  1% 
2022-10-31 23:06:57,158 [INFO] simulation.WL_saw:288 failed to grow rate: 85%, out of range:  1% 
2022-10-31 23:07:30,419 [INFO] simulation.WL_saw:288 failed to grow rate: 85%, out of range:  1% 
2022-10-31 23:08:03,602 [INFO] simulation.WL_saw:288 failed to grow rate: 84%, out of range:  1% 
2022-10-31 23:08:36,632 [INFO] simulation.WL_saw:288 failed to grow rate: 85%, out of range:  1% 
2022-10-31 23:09:09,724 [INFO] simulation.WL_saw:288 failed to grow rate: 84%, out of range:  1% 
2022-10-31 23:09:42,830 [INFO] simulation.WL_saw:288 failed to grow rate: 84%, out of range:  2% 
2022-10-31 23:10:15,840 [INFO] simulation.WL_saw:288 failed to grow rate: 85%, out of range:  1% 
2022-10-31 23:10:48,972 [INFO] simulation.WL_saw:288 failed to grow rate: 85%, out of range:  1% 
2022-10-31 23:11:21,997 [INFO] simulation.WL_saw:288 failed to grow rate: 85%, out of range:  1% 
2022-10-31 23:11:55,116 [INFO] simulation.WL_saw:288 failed to grow rate: 84%, out of range:  1% 
2022-10-31 23:12:28,246 [INFO] simulation.WL_saw:288 failed to grow rate: 85%, out of range:  1% 
2022-10-31 23:13:01,367 [INFO] simulation.WL_saw:288 failed to grow rate: 85%, out of range:  1% 
2022-10-31 23:13:34,383 [INFO] simulation.WL_saw:288 failed to grow rate: 85%, out of range:  1% 
2022-10-31 23:14:07,648 [INFO] simulation.WL_saw:288 failed to grow rate: 85%, out of range:  1% 
2022-10-31 23:14:40,822 [INFO] simulation.WL_saw:288 failed to grow rate: 84%, out of range:  1% 
2022-10-31 23:15:13,947 [INFO] simulation.WL_saw:288 failed to grow rate: 85%, out of range:  1% 
2022-10-31 23:15:47,154 [INFO] simulation.WL_saw:288 failed to grow rate: 84%, out of range:  1% 
2022-10-31 23:16:20,297 [INFO] simulation.WL_saw:288 failed to grow rate: 85%, out of range:  1% 
2022-10-31 23:16:53,439 [INFO] simulation.WL_saw:288 failed to grow rate: 85%, out of range:  1% 
2022-10-31 23:17:26,644 [INFO] simulation.WL_saw:288 failed to grow rate: 85%, out of range:  1% 
2022-10-31 23:17:59,775 [INFO] simulation.WL_saw:288 failed to grow rate: 84%, out of range:  1% 
2022-10-31 23:18:32,825 [INFO] simulation.WL_saw:288 failed to grow rate: 84%, out of range:  1% 
2022-10-31 23:19:05,992 [INFO] simulation.WL_saw:288 failed to grow rate: 85%, out of range:  1% 
2022-10-31 23:19:39,103 [INFO] simulation.WL_saw:288 failed to grow rate: 84%, out of range:  1% 
2022-10-31 23:20:12,259 [INFO] simulation.WL_saw:288 failed to grow rate: 85%, out of range:  1% 
2022-10-31 23:20:45,450 [INFO] simulation.WL_saw:288 failed to grow rate: 85%, out of range:  1% 
2022-10-31 23:21:18,736 [INFO] simulation.WL_saw:288 failed to grow rate: 84%, out of range:  1% 
2022-10-31 23:21:51,896 [INFO] simulation.WL_saw:288 failed to grow rate: 85%, out of range:  1% 
2022-10-31 23:22:25,076 [INFO] simulation.WL_saw:288 failed to grow rate: 84%, out of range:  1% 
2022-10-31 23:22:58,155 [INFO] simulation.WL_saw:288 failed to grow rate: 85%, out of range:  1% 
2022-10-31 23:23:31,387 [INFO] simulation.WL_saw:288 failed to grow rate: 84%, out of range:  1% 
2022-10-31 23:24:04,547 [INFO] simulation.WL_saw:288 failed to grow rate: 85%, out of range:  1% 
2022-10-31 23:24:37,699 [INFO] simulation.WL_saw:288 failed to grow rate: 84%, out of range:  2% 
2022-10-31 23:25:10,892 [INFO] simulation.WL_saw:288 failed to grow rate: 85%, out of range:  1% 
2022-10-31 23:25:44,122 [INFO] simulation.WL_saw:288 failed to grow rate: 84%, out of range:  1% 
2022-10-31 23:26:17,262 [INFO] simulation.WL_saw:288 failed to grow rate: 85%, out of range:  1% 
2022-10-31 23:26:50,485 [INFO] simulation.WL_saw:288 failed to grow rate: 85%, out of range:  1% 
2022-10-31 23:27:23,694 [INFO] simulation.WL_saw:288 failed to grow rate: 85%, out of range:  1% 
2022-10-31 23:27:56,756 [INFO] simulation.WL_saw:288 failed to grow rate: 85%, out of range:  1% 
2022-10-31 23:28:29,985 [INFO] simulation.WL_saw:288 failed to grow rate: 84%, out of range:  1% 
2022-10-31 23:29:03,123 [INFO] simulation.WL_saw:288 failed to grow rate: 84%, out of range:  1% 
2022-10-31 23:29:36,186 [INFO] simulation.WL_saw:288 failed to grow rate: 85%, out of range:  1% 
2022-10-31 23:30:09,399 [INFO] simulation.WL_saw:288 failed to grow rate: 85%, out of range:  1% 
2022-10-31 23:30:42,427 [INFO] simulation.WL_saw:288 failed to grow rate: 84%, out of range:  1% 
2022-10-31 23:31:15,582 [INFO] simulation.WL_saw:288 failed to grow rate: 84%, out of range:  1% 
2022-10-31 23:31:48,623 [INFO] simulation.WL_saw:288 failed to grow rate: 85%, out of range:  1% 
2022-10-31 23:32:21,743 [INFO] simulation.WL_saw:288 failed to grow rate: 84%, out of range:  1% 
2022-10-31 23:32:54,921 [INFO] simulation.WL_saw:288 failed to grow rate: 85%, out of range:  1% 
2022-10-31 23:33:28,092 [INFO] simulation.WL_saw:288 failed to grow rate: 84%, out of range:  1% 
2022-10-31 23:34:01,174 [INFO] simulation.WL_saw:288 failed to grow rate: 84%, out of range:  1% 
2022-10-31 23:34:34,244 [INFO] simulation.WL_saw:288 failed to grow rate: 85%, out of range:  1% 
2022-10-31 23:35:07,339 [INFO] simulation.WL_saw:288 failed to grow rate: 84%, out of range:  1% 
2022-10-31 23:35:40,435 [INFO] simulation.WL_saw:288 failed to grow rate: 85%, out of range:  1% 
2022-10-31 23:36:13,674 [INFO] simulation.WL_saw:288 failed to grow rate: 85%, out of range:  1% 
2022-10-31 23:36:46,685 [INFO] simulation.WL_saw:288 failed to grow rate: 85%, out of range:  1% 
2022-10-31 23:37:19,801 [INFO] simulation.WL_saw:288 failed to grow rate: 83%, out of range:  1% 
2022-10-31 23:37:52,858 [INFO] simulation.WL_saw:288 failed to grow rate: 85%, out of range:  1% 
2022-10-31 23:38:25,965 [INFO] simulation.WL_saw:288 failed to grow rate: 85%, out of range:  1% 
2022-10-31 23:38:25,965 [INFO] simulation.WL_saw:293 ds=1.953125e-04, ds_min=0.000001, sweep number=315
2022-10-31 23:38:58,999 [INFO] simulation.WL_saw:288 failed to grow rate: 84%, out of range:  1% 
2022-10-31 23:39:32,059 [INFO] simulation.WL_saw:288 failed to grow rate: 84%, out of range:  1% 
2022-10-31 23:40:05,155 [INFO] simulation.WL_saw:288 failed to grow rate: 85%, out of range:  1% 
2022-10-31 23:40:38,282 [INFO] simulation.WL_saw:288 failed to grow rate: 85%, out of range:  1% 
2022-10-31 23:41:11,453 [INFO] simulation.WL_saw:288 failed to grow rate: 84%, out of range:  1% 
2022-10-31 23:41:44,708 [INFO] simulation.WL_saw:288 failed to grow rate: 85%, out of range:  1% 
2022-10-31 23:42:17,786 [INFO] simulation.WL_saw:288 failed to grow rate: 85%, out of range:  1% 
2022-10-31 23:42:50,895 [INFO] simulation.WL_saw:288 failed to grow rate: 85%, out of range:  1% 
2022-10-31 23:43:23,947 [INFO] simulation.WL_saw:288 failed to grow rate: 85%, out of range:  1% 
2022-10-31 23:43:57,070 [INFO] simulation.WL_saw:288 failed to grow rate: 84%, out of range:  1% 
2022-10-31 23:44:30,062 [INFO] simulation.WL_saw:288 failed to grow rate: 86%, out of range:  1% 
2022-10-31 23:45:03,113 [INFO] simulation.WL_saw:288 failed to grow rate: 85%, out of range:  1% 
2022-10-31 23:45:36,059 [INFO] simulation.WL_saw:288 failed to grow rate: 85%, out of range:  1% 
2022-10-31 23:46:09,036 [INFO] simulation.WL_saw:288 failed to grow rate: 85%, out of range:  1% 
2022-10-31 23:46:42,126 [INFO] simulation.WL_saw:288 failed to grow rate: 85%, out of range:  1% 
2022-10-31 23:47:15,262 [INFO] simulation.WL_saw:288 failed to grow rate: 84%, out of range:  1% 
2022-10-31 23:47:48,316 [INFO] simulation.WL_saw:288 failed to grow rate: 85%, out of range:  1% 
2022-10-31 23:48:21,537 [INFO] simulation.WL_saw:288 failed to grow rate: 85%, out of range:  1% 
2022-10-31 23:48:54,613 [INFO] simulation.WL_saw:288 failed to grow rate: 84%, out of range:  1% 
2022-10-31 23:49:27,766 [INFO] simulation.WL_saw:288 failed to grow rate: 84%, out of range:  1% 
2022-10-31 23:50:00,929 [INFO] simulation.WL_saw:288 failed to grow rate: 85%, out of range:  1% 
2022-10-31 23:50:33,952 [INFO] simulation.WL_saw:288 failed to grow rate: 85%, out of range:  1% 
2022-10-31 23:51:07,119 [INFO] simulation.WL_saw:288 failed to grow rate: 85%, out of range:  1% 
2022-10-31 23:51:40,149 [INFO] simulation.WL_saw:288 failed to grow rate: 84%, out of range:  1% 
2022-10-31 23:52:13,198 [INFO] simulation.WL_saw:288 failed to grow rate: 84%, out of range:  1% 
2022-10-31 23:52:46,432 [INFO] simulation.WL_saw:288 failed to grow rate: 85%, out of range:  1% 
2022-10-31 23:53:19,541 [INFO] simulation.WL_saw:288 failed to grow rate: 85%, out of range:  1% 
2022-10-31 23:53:52,504 [INFO] simulation.WL_saw:288 failed to grow rate: 85%, out of range:  1% 
2022-10-31 23:54:25,568 [INFO] simulation.WL_saw:288 failed to grow rate: 84%, out of range:  1% 
2022-10-31 23:54:58,727 [INFO] simulation.WL_saw:288 failed to grow rate: 84%, out of range:  1% 
2022-10-31 23:55:31,712 [INFO] simulation.WL_saw:288 failed to grow rate: 85%, out of range:  1% 
2022-10-31 23:56:04,803 [INFO] simulation.WL_saw:288 failed to grow rate: 85%, out of range:  1% 
2022-10-31 23:56:37,820 [INFO] simulation.WL_saw:288 failed to grow rate: 85%, out of range:  1% 
2022-10-31 23:57:10,967 [INFO] simulation.WL_saw:288 failed to grow rate: 84%, out of range:  1% 
2022-10-31 23:57:44,258 [INFO] simulation.WL_saw:288 failed to grow rate: 84%, out of range:  1% 
2022-10-31 23:58:17,260 [INFO] simulation.WL_saw:288 failed to grow rate: 85%, out of range:  1% 
2022-10-31 23:58:50,356 [INFO] simulation.WL_saw:288 failed to grow rate: 83%, out of range:  1% 
2022-10-31 23:59:23,349 [INFO] simulation.WL_saw:288 failed to grow rate: 85%, out of range:  1% 
2022-10-31 23:59:56,486 [INFO] simulation.WL_saw:288 failed to grow rate: 85%, out of range:  1% 
2022-11-01 00:00:29,456 [INFO] simulation.WL_saw:288 failed to grow rate: 85%, out of range:  1% 
2022-11-01 00:01:02,408 [INFO] simulation.WL_saw:288 failed to grow rate: 85%, out of range:  1% 
2022-11-01 00:01:35,512 [INFO] simulation.WL_saw:288 failed to grow rate: 85%, out of range:  1% 
2022-11-01 00:02:08,545 [INFO] simulation.WL_saw:288 failed to grow rate: 85%, out of range:  1% 
2022-11-01 00:02:41,764 [INFO] simulation.WL_saw:288 failed to grow rate: 84%, out of range:  1% 
2022-11-01 00:03:14,848 [INFO] simulation.WL_saw:288 failed to grow rate: 84%, out of range:  1% 
2022-11-01 00:03:47,931 [INFO] simulation.WL_saw:288 failed to grow rate: 85%, out of range:  1% 
2022-11-01 00:04:20,823 [INFO] simulation.WL_saw:288 failed to grow rate: 85%, out of range:  1% 
2022-11-01 00:04:53,942 [INFO] simulation.WL_saw:288 failed to grow rate: 84%, out of range:  1% 
2022-11-01 00:05:27,079 [INFO] simulation.WL_saw:288 failed to grow rate: 84%, out of range:  1% 
2022-11-01 00:06:00,064 [INFO] simulation.WL_saw:288 failed to grow rate: 85%, out of range:  1% 
2022-11-01 00:06:33,190 [INFO] simulation.WL_saw:288 failed to grow rate: 84%, out of range:  1% 
2022-11-01 00:07:06,292 [INFO] simulation.WL_saw:288 failed to grow rate: 84%, out of range:  1% 
2022-11-01 00:07:39,492 [INFO] simulation.WL_saw:288 failed to grow rate: 84%, out of range:  1% 
2022-11-01 00:08:12,572 [INFO] simulation.WL_saw:288 failed to grow rate: 84%, out of range:  1% 
2022-11-01 00:08:45,774 [INFO] simulation.WL_saw:288 failed to grow rate: 84%, out of range:  1% 
2022-11-01 00:09:18,873 [INFO] simulation.WL_saw:288 failed to grow rate: 84%, out of range:  1% 
2022-11-01 00:09:51,877 [INFO] simulation.WL_saw:288 failed to grow rate: 85%, out of range:  1% 
2022-11-01 00:10:24,957 [INFO] simulation.WL_saw:288 failed to grow rate: 85%, out of range:  1% 
2022-11-01 00:10:57,996 [INFO] simulation.WL_saw:288 failed to grow rate: 84%, out of range:  1% 
2022-11-01 00:11:31,175 [INFO] simulation.WL_saw:288 failed to grow rate: 85%, out of range:  1% 
2022-11-01 00:12:04,378 [INFO] simulation.WL_saw:288 failed to grow rate: 84%, out of range:  1% 
2022-11-01 00:12:37,572 [INFO] simulation.WL_saw:288 failed to grow rate: 85%, out of range:  1% 
2022-11-01 00:13:10,711 [INFO] simulation.WL_saw:288 failed to grow rate: 85%, out of range:  1% 
2022-11-01 00:13:43,809 [INFO] simulation.WL_saw:288 failed to grow rate: 85%, out of range:  1% 
2022-11-01 00:14:16,967 [INFO] simulation.WL_saw:288 failed to grow rate: 85%, out of range:  1% 
2022-11-01 00:14:50,043 [INFO] simulation.WL_saw:288 failed to grow rate: 85%, out of range:  1% 
2022-11-01 00:15:23,106 [INFO] simulation.WL_saw:288 failed to grow rate: 86%, out of range:  1% 
2022-11-01 00:15:56,215 [INFO] simulation.WL_saw:288 failed to grow rate: 85%, out of range:  1% 
2022-11-01 00:16:29,208 [INFO] simulation.WL_saw:288 failed to grow rate: 84%, out of range:  1% 
2022-11-01 00:17:02,306 [INFO] simulation.WL_saw:288 failed to grow rate: 85%, out of range:  1% 
2022-11-01 00:17:35,446 [INFO] simulation.WL_saw:288 failed to grow rate: 84%, out of range:  1% 
2022-11-01 00:18:08,594 [INFO] simulation.WL_saw:288 failed to grow rate: 85%, out of range:  1% 
2022-11-01 00:18:41,646 [INFO] simulation.WL_saw:288 failed to grow rate: 86%, out of range:  1% 
2022-11-01 00:19:14,645 [INFO] simulation.WL_saw:288 failed to grow rate: 85%, out of range:  1% 
2022-11-01 00:19:47,701 [INFO] simulation.WL_saw:288 failed to grow rate: 84%, out of range:  1% 
2022-11-01 00:20:20,699 [INFO] simulation.WL_saw:288 failed to grow rate: 84%, out of range:  1% 
2022-11-01 00:20:53,784 [INFO] simulation.WL_saw:288 failed to grow rate: 84%, out of range:  1% 
2022-11-01 00:21:26,763 [INFO] simulation.WL_saw:288 failed to grow rate: 85%, out of range:  1% 
2022-11-01 00:21:59,999 [INFO] simulation.WL_saw:288 failed to grow rate: 84%, out of range:  1% 
2022-11-01 00:22:32,972 [INFO] simulation.WL_saw:288 failed to grow rate: 84%, out of range:  1% 
2022-11-01 00:23:05,976 [INFO] simulation.WL_saw:288 failed to grow rate: 85%, out of range:  1% 
2022-11-01 00:23:39,066 [INFO] simulation.WL_saw:288 failed to grow rate: 84%, out of range:  1% 
2022-11-01 00:24:12,265 [INFO] simulation.WL_saw:288 failed to grow rate: 85%, out of range:  1% 
2022-11-01 00:24:45,253 [INFO] simulation.WL_saw:288 failed to grow rate: 85%, out of range:  1% 
2022-11-01 00:25:18,224 [INFO] simulation.WL_saw:288 failed to grow rate: 84%, out of range:  1% 
2022-11-01 00:25:51,596 [INFO] simulation.WL_saw:288 failed to grow rate: 85%, out of range:  1% 
2022-11-01 00:26:24,821 [INFO] simulation.WL_saw:288 failed to grow rate: 85%, out of range:  1% 
2022-11-01 00:26:58,046 [INFO] simulation.WL_saw:288 failed to grow rate: 85%, out of range:  1% 
2022-11-01 00:27:31,342 [INFO] simulation.WL_saw:288 failed to grow rate: 85%, out of range:  1% 
2022-11-01 00:28:04,587 [INFO] simulation.WL_saw:288 failed to grow rate: 86%, out of range:  1% 
2022-11-01 00:28:37,948 [INFO] simulation.WL_saw:288 failed to grow rate: 85%, out of range:  1% 
2022-11-01 00:29:11,299 [INFO] simulation.WL_saw:288 failed to grow rate: 84%, out of range:  1% 
2022-11-01 00:29:44,680 [INFO] simulation.WL_saw:288 failed to grow rate: 85%, out of range:  1% 
2022-11-01 00:30:17,861 [INFO] simulation.WL_saw:288 failed to grow rate: 84%, out of range:  1% 
2022-11-01 00:30:51,084 [INFO] simulation.WL_saw:288 failed to grow rate: 86%, out of range:  1% 
2022-11-01 00:31:24,227 [INFO] simulation.WL_saw:288 failed to grow rate: 86%, out of range:  1% 
2022-11-01 00:31:57,446 [INFO] simulation.WL_saw:288 failed to grow rate: 84%, out of range:  1% 
2022-11-01 00:32:30,761 [INFO] simulation.WL_saw:288 failed to grow rate: 85%, out of range:  1% 
2022-11-01 00:33:04,427 [INFO] simulation.WL_saw:288 failed to grow rate: 84%, out of range:  2% 
2022-11-01 00:33:37,797 [INFO] simulation.WL_saw:288 failed to grow rate: 84%, out of range:  1% 
2022-11-01 00:34:11,069 [INFO] simulation.WL_saw:288 failed to grow rate: 85%, out of range:  1% 
2022-11-01 00:34:44,688 [INFO] simulation.WL_saw:288 failed to grow rate: 84%, out of range:  1% 
2022-11-01 00:35:18,059 [INFO] simulation.WL_saw:288 failed to grow rate: 85%, out of range:  1% 
2022-11-01 00:35:51,221 [INFO] simulation.WL_saw:288 failed to grow rate: 85%, out of range:  1% 
2022-11-01 00:36:24,353 [INFO] simulation.WL_saw:288 failed to grow rate: 85%, out of range:  1% 
2022-11-01 00:36:57,892 [INFO] simulation.WL_saw:288 failed to grow rate: 84%, out of range:  1% 
2022-11-01 00:37:31,536 [INFO] simulation.WL_saw:288 failed to grow rate: 84%, out of range:  1% 
2022-11-01 00:38:05,291 [INFO] simulation.WL_saw:288 failed to grow rate: 84%, out of range:  1% 
2022-11-01 00:38:38,792 [INFO] simulation.WL_saw:288 failed to grow rate: 85%, out of range:  1% 
2022-11-01 00:39:12,750 [INFO] simulation.WL_saw:288 failed to grow rate: 85%, out of range:  1% 
2022-11-01 00:39:46,602 [INFO] simulation.WL_saw:288 failed to grow rate: 85%, out of range:  1% 
2022-11-01 00:40:20,221 [INFO] simulation.WL_saw:288 failed to grow rate: 84%, out of range:  1% 
2022-11-01 00:40:53,540 [INFO] simulation.WL_saw:288 failed to grow rate: 85%, out of range:  1% 
2022-11-01 00:41:27,183 [INFO] simulation.WL_saw:288 failed to grow rate: 85%, out of range:  1% 
2022-11-01 00:42:00,943 [INFO] simulation.WL_saw:288 failed to grow rate: 85%, out of range:  1% 
2022-11-01 00:42:34,579 [INFO] simulation.WL_saw:288 failed to grow rate: 84%, out of range:  1% 
2022-11-01 00:43:08,182 [INFO] simulation.WL_saw:288 failed to grow rate: 84%, out of range:  1% 
2022-11-01 00:43:41,649 [INFO] simulation.WL_saw:288 failed to grow rate: 84%, out of range:  1% 
2022-11-01 00:44:15,225 [INFO] simulation.WL_saw:288 failed to grow rate: 85%, out of range:  1% 
2022-11-01 00:44:48,680 [INFO] simulation.WL_saw:288 failed to grow rate: 85%, out of range:  1% 
2022-11-01 00:45:21,936 [INFO] simulation.WL_saw:288 failed to grow rate: 84%, out of range:  1% 
2022-11-01 00:45:55,282 [INFO] simulation.WL_saw:288 failed to grow rate: 84%, out of range:  1% 
2022-11-01 00:46:28,511 [INFO] simulation.WL_saw:288 failed to grow rate: 85%, out of range:  1% 
2022-11-01 00:47:02,054 [INFO] simulation.WL_saw:288 failed to grow rate: 85%, out of range:  1% 
2022-11-01 00:47:35,383 [INFO] simulation.WL_saw:288 failed to grow rate: 84%, out of range:  1% 
2022-11-01 00:48:08,701 [INFO] simulation.WL_saw:288 failed to grow rate: 84%, out of range:  1% 
2022-11-01 00:48:42,185 [INFO] simulation.WL_saw:288 failed to grow rate: 85%, out of range:  1% 
2022-11-01 00:48:42,185 [INFO] simulation.WL_saw:293 ds=9.765625e-05, ds_min=0.000001, sweep number=442
2022-11-01 00:49:15,794 [INFO] simulation.WL_saw:288 failed to grow rate: 85%, out of range:  1% 
2022-11-01 00:49:49,053 [INFO] simulation.WL_saw:288 failed to grow rate: 84%, out of range:  1% 
2022-11-01 00:50:22,125 [INFO] simulation.WL_saw:288 failed to grow rate: 84%, out of range:  1% 
2022-11-01 00:50:55,213 [INFO] simulation.WL_saw:288 failed to grow rate: 85%, out of range:  1% 
2022-11-01 00:51:28,379 [INFO] simulation.WL_saw:288 failed to grow rate: 85%, out of range:  1% 
2022-11-01 00:52:01,519 [INFO] simulation.WL_saw:288 failed to grow rate: 85%, out of range:  1% 
2022-11-01 00:52:34,654 [INFO] simulation.WL_saw:288 failed to grow rate: 86%, out of range:  1% 
2022-11-01 00:53:07,726 [INFO] simulation.WL_saw:288 failed to grow rate: 85%, out of range:  1% 
2022-11-01 00:53:40,915 [INFO] simulation.WL_saw:288 failed to grow rate: 84%, out of range:  1% 
2022-11-01 00:54:14,073 [INFO] simulation.WL_saw:288 failed to grow rate: 85%, out of range:  1% 
2022-11-01 00:54:47,131 [INFO] simulation.WL_saw:288 failed to grow rate: 84%, out of range:  1% 
2022-11-01 00:55:20,148 [INFO] simulation.WL_saw:288 failed to grow rate: 85%, out of range:  1% 
2022-11-01 00:55:53,325 [INFO] simulation.WL_saw:288 failed to grow rate: 84%, out of range:  1% 
2022-11-01 00:56:26,402 [INFO] simulation.WL_saw:288 failed to grow rate: 85%, out of range:  1% 
2022-11-01 00:56:59,452 [INFO] simulation.WL_saw:288 failed to grow rate: 85%, out of range:  1% 
2022-11-01 00:57:32,550 [INFO] simulation.WL_saw:288 failed to grow rate: 85%, out of range:  1% 
2022-11-01 00:58:05,679 [INFO] simulation.WL_saw:288 failed to grow rate: 85%, out of range:  1% 
2022-11-01 00:58:38,958 [INFO] simulation.WL_saw:288 failed to grow rate: 85%, out of range:  1% 
2022-11-01 00:59:12,141 [INFO] simulation.WL_saw:288 failed to grow rate: 84%, out of range:  1% 
2022-11-01 00:59:45,221 [INFO] simulation.WL_saw:288 failed to grow rate: 83%, out of range:  1% 
2022-11-01 01:00:18,265 [INFO] simulation.WL_saw:288 failed to grow rate: 85%, out of range:  1% 
2022-11-01 01:00:51,410 [INFO] simulation.WL_saw:288 failed to grow rate: 85%, out of range:  1% 
2022-11-01 01:01:24,636 [INFO] simulation.WL_saw:288 failed to grow rate: 84%, out of range:  1% 
2022-11-01 01:01:57,806 [INFO] simulation.WL_saw:288 failed to grow rate: 85%, out of range:  1% 
2022-11-01 01:02:31,001 [INFO] simulation.WL_saw:288 failed to grow rate: 85%, out of range:  1% 
2022-11-01 01:03:04,102 [INFO] simulation.WL_saw:288 failed to grow rate: 85%, out of range:  1% 
2022-11-01 01:03:37,233 [INFO] simulation.WL_saw:288 failed to grow rate: 85%, out of range:  1% 
2022-11-01 01:04:10,377 [INFO] simulation.WL_saw:288 failed to grow rate: 85%, out of range:  1% 
2022-11-01 01:04:43,377 [INFO] simulation.WL_saw:288 failed to grow rate: 84%, out of range:  1% 
2022-11-01 01:05:16,512 [INFO] simulation.WL_saw:288 failed to grow rate: 84%, out of range:  1% 
2022-11-01 01:05:49,510 [INFO] simulation.WL_saw:288 failed to grow rate: 84%, out of range:  1% 
2022-11-01 01:06:22,484 [INFO] simulation.WL_saw:288 failed to grow rate: 85%, out of range:  1% 
2022-11-01 01:06:55,581 [INFO] simulation.WL_saw:288 failed to grow rate: 85%, out of range:  1% 
2022-11-01 01:07:28,717 [INFO] simulation.WL_saw:288 failed to grow rate: 85%, out of range:  1% 
2022-11-01 01:08:01,909 [INFO] simulation.WL_saw:288 failed to grow rate: 84%, out of range:  1% 
2022-11-01 01:08:34,885 [INFO] simulation.WL_saw:288 failed to grow rate: 85%, out of range:  1% 
2022-11-01 01:08:34,885 [INFO] simulation.WL_saw:293 ds=4.882813e-05, ds_min=0.000001, sweep number=478
2022-11-01 01:09:08,041 [INFO] simulation.WL_saw:288 failed to grow rate: 85%, out of range:  1% 
2022-11-01 01:09:41,216 [INFO] simulation.WL_saw:288 failed to grow rate: 84%, out of range:  1% 
2022-11-01 01:10:14,293 [INFO] simulation.WL_saw:288 failed to grow rate: 85%, out of range:  1% 
2022-11-01 01:10:47,331 [INFO] simulation.WL_saw:288 failed to grow rate: 85%, out of range:  1% 
2022-11-01 01:11:20,427 [INFO] simulation.WL_saw:288 failed to grow rate: 84%, out of range:  1% 
2022-11-01 01:11:53,440 [INFO] simulation.WL_saw:288 failed to grow rate: 85%, out of range:  1% 
2022-11-01 01:12:26,509 [INFO] simulation.WL_saw:288 failed to grow rate: 85%, out of range:  1% 
2022-11-01 01:12:59,511 [INFO] simulation.WL_saw:288 failed to grow rate: 85%, out of range:  1% 
2022-11-01 01:13:32,625 [INFO] simulation.WL_saw:288 failed to grow rate: 84%, out of range:  1% 
2022-11-01 01:14:05,729 [INFO] simulation.WL_saw:288 failed to grow rate: 85%, out of range:  1% 
2022-11-01 01:14:38,770 [INFO] simulation.WL_saw:288 failed to grow rate: 84%, out of range:  1% 
2022-11-01 01:15:11,746 [INFO] simulation.WL_saw:288 failed to grow rate: 85%, out of range:  1% 
2022-11-01 01:15:44,864 [INFO] simulation.WL_saw:288 failed to grow rate: 84%, out of range:  1% 
2022-11-01 01:16:18,000 [INFO] simulation.WL_saw:288 failed to grow rate: 85%, out of range:  1% 
2022-11-01 01:16:51,070 [INFO] simulation.WL_saw:288 failed to grow rate: 85%, out of range:  1% 
2022-11-01 01:17:24,281 [INFO] simulation.WL_saw:288 failed to grow rate: 84%, out of range:  1% 
2022-11-01 01:17:57,436 [INFO] simulation.WL_saw:288 failed to grow rate: 85%, out of range:  1% 
2022-11-01 01:18:30,501 [INFO] simulation.WL_saw:288 failed to grow rate: 85%, out of range:  1% 
2022-11-01 01:19:03,510 [INFO] simulation.WL_saw:288 failed to grow rate: 85%, out of range:  1% 
2022-11-01 01:19:36,443 [INFO] simulation.WL_saw:288 failed to grow rate: 85%, out of range:  1% 
2022-11-01 01:20:09,570 [INFO] simulation.WL_saw:288 failed to grow rate: 85%, out of range:  1% 
2022-11-01 01:20:42,766 [INFO] simulation.WL_saw:288 failed to grow rate: 84%, out of range:  1% 
2022-11-01 01:21:15,830 [INFO] simulation.WL_saw:288 failed to grow rate: 85%, out of range:  1% 
2022-11-01 01:21:48,869 [INFO] simulation.WL_saw:288 failed to grow rate: 86%, out of range:  1% 
2022-11-01 01:22:21,943 [INFO] simulation.WL_saw:288 failed to grow rate: 84%, out of range:  1% 
2022-11-01 01:22:54,977 [INFO] simulation.WL_saw:288 failed to grow rate: 84%, out of range:  1% 
2022-11-01 01:23:28,174 [INFO] simulation.WL_saw:288 failed to grow rate: 85%, out of range:  1% 
2022-11-01 01:24:01,375 [INFO] simulation.WL_saw:288 failed to grow rate: 85%, out of range:  1% 
2022-11-01 01:24:34,642 [INFO] simulation.WL_saw:288 failed to grow rate: 84%, out of range:  1% 
2022-11-01 01:25:07,808 [INFO] simulation.WL_saw:288 failed to grow rate: 85%, out of range:  1% 
2022-11-01 01:25:40,937 [INFO] simulation.WL_saw:288 failed to grow rate: 84%, out of range:  1% 
2022-11-01 01:26:14,027 [INFO] simulation.WL_saw:288 failed to grow rate: 85%, out of range:  1% 
2022-11-01 01:26:47,152 [INFO] simulation.WL_saw:288 failed to grow rate: 85%, out of range:  1% 
2022-11-01 01:27:20,300 [INFO] simulation.WL_saw:288 failed to grow rate: 85%, out of range:  1% 
2022-11-01 01:27:53,404 [INFO] simulation.WL_saw:288 failed to grow rate: 85%, out of range:  1% 
2022-11-01 01:28:26,408 [INFO] simulation.WL_saw:288 failed to grow rate: 84%, out of range:  1% 
2022-11-01 01:28:59,575 [INFO] simulation.WL_saw:288 failed to grow rate: 86%, out of range:  1% 
2022-11-01 01:29:32,701 [INFO] simulation.WL_saw:288 failed to grow rate: 84%, out of range:  1% 
2022-11-01 01:30:05,828 [INFO] simulation.WL_saw:288 failed to grow rate: 84%, out of range:  1% 
2022-11-01 01:30:05,828 [INFO] simulation.WL_saw:293 ds=2.441406e-05, ds_min=0.000001, sweep number=517
2022-11-01 01:30:38,820 [INFO] simulation.WL_saw:288 failed to grow rate: 85%, out of range:  1% 
2022-11-01 01:31:11,934 [INFO] simulation.WL_saw:288 failed to grow rate: 83%, out of range:  1% 
2022-11-01 01:31:45,243 [INFO] simulation.WL_saw:288 failed to grow rate: 85%, out of range:  1% 
2022-11-01 01:32:18,374 [INFO] simulation.WL_saw:288 failed to grow rate: 85%, out of range:  1% 
2022-11-01 01:32:51,454 [INFO] simulation.WL_saw:288 failed to grow rate: 85%, out of range:  1% 
2022-11-01 01:33:24,583 [INFO] simulation.WL_saw:288 failed to grow rate: 84%, out of range:  1% 
2022-11-01 01:33:57,637 [INFO] simulation.WL_saw:288 failed to grow rate: 84%, out of range:  1% 
2022-11-01 01:34:30,715 [INFO] simulation.WL_saw:288 failed to grow rate: 85%, out of range:  1% 
2022-11-01 01:35:03,837 [INFO] simulation.WL_saw:288 failed to grow rate: 85%, out of range:  1% 
2022-11-01 01:35:36,875 [INFO] simulation.WL_saw:288 failed to grow rate: 85%, out of range:  1% 
2022-11-01 01:36:10,009 [INFO] simulation.WL_saw:288 failed to grow rate: 85%, out of range:  1% 
2022-11-01 01:36:43,090 [INFO] simulation.WL_saw:288 failed to grow rate: 85%, out of range:  1% 
2022-11-01 01:37:16,124 [INFO] simulation.WL_saw:288 failed to grow rate: 85%, out of range:  1% 
2022-11-01 01:37:49,214 [INFO] simulation.WL_saw:288 failed to grow rate: 85%, out of range:  1% 
2022-11-01 01:38:22,266 [INFO] simulation.WL_saw:288 failed to grow rate: 85%, out of range:  1% 
2022-11-01 01:38:55,407 [INFO] simulation.WL_saw:288 failed to grow rate: 85%, out of range:  1% 
2022-11-01 01:39:28,462 [INFO] simulation.WL_saw:288 failed to grow rate: 85%, out of range:  1% 
2022-11-01 01:40:01,499 [INFO] simulation.WL_saw:288 failed to grow rate: 84%, out of range:  1% 
2022-11-01 01:40:34,486 [INFO] simulation.WL_saw:288 failed to grow rate: 85%, out of range:  1% 
2022-11-01 01:41:07,577 [INFO] simulation.WL_saw:288 failed to grow rate: 84%, out of range:  1% 
2022-11-01 01:41:40,602 [INFO] simulation.WL_saw:288 failed to grow rate: 85%, out of range:  1% 
2022-11-01 01:42:13,758 [INFO] simulation.WL_saw:288 failed to grow rate: 84%, out of range:  1% 
2022-11-01 01:42:46,928 [INFO] simulation.WL_saw:288 failed to grow rate: 85%, out of range:  1% 
2022-11-01 01:43:19,920 [INFO] simulation.WL_saw:288 failed to grow rate: 85%, out of range:  1% 
2022-11-01 01:43:52,900 [INFO] simulation.WL_saw:288 failed to grow rate: 85%, out of range:  1% 
2022-11-01 01:44:26,044 [INFO] simulation.WL_saw:288 failed to grow rate: 85%, out of range:  1% 
2022-11-01 01:44:59,034 [INFO] simulation.WL_saw:288 failed to grow rate: 85%, out of range:  1% 
2022-11-01 01:45:32,228 [INFO] simulation.WL_saw:288 failed to grow rate: 84%, out of range:  1% 
2022-11-01 01:46:05,260 [INFO] simulation.WL_saw:288 failed to grow rate: 85%, out of range:  1% 
2022-11-01 01:46:38,277 [INFO] simulation.WL_saw:288 failed to grow rate: 85%, out of range:  1% 
2022-11-01 01:47:11,285 [INFO] simulation.WL_saw:288 failed to grow rate: 85%, out of range:  1% 
2022-11-01 01:47:44,296 [INFO] simulation.WL_saw:288 failed to grow rate: 85%, out of range:  1% 
2022-11-01 01:48:17,240 [INFO] simulation.WL_saw:288 failed to grow rate: 85%, out of range:  1% 
2022-11-01 01:48:50,363 [INFO] simulation.WL_saw:288 failed to grow rate: 85%, out of range:  1% 
2022-11-01 01:49:23,306 [INFO] simulation.WL_saw:288 failed to grow rate: 85%, out of range:  1% 
2022-11-01 01:49:56,389 [INFO] simulation.WL_saw:288 failed to grow rate: 84%, out of range:  1% 
2022-11-01 01:50:29,458 [INFO] simulation.WL_saw:288 failed to grow rate: 85%, out of range:  1% 
2022-11-01 01:51:02,540 [INFO] simulation.WL_saw:288 failed to grow rate: 85%, out of range:  1% 
2022-11-01 01:51:35,481 [INFO] simulation.WL_saw:288 failed to grow rate: 85%, out of range:  1% 
2022-11-01 01:52:08,800 [INFO] simulation.WL_saw:288 failed to grow rate: 85%, out of range:  1% 
2022-11-01 01:52:41,911 [INFO] simulation.WL_saw:288 failed to grow rate: 85%, out of range:  1% 
2022-11-01 01:53:15,150 [INFO] simulation.WL_saw:288 failed to grow rate: 84%, out of range:  1% 
2022-11-01 01:53:48,107 [INFO] simulation.WL_saw:288 failed to grow rate: 85%, out of range:  1% 
2022-11-01 01:54:21,202 [INFO] simulation.WL_saw:288 failed to grow rate: 85%, out of range:  1% 
2022-11-01 01:54:54,349 [INFO] simulation.WL_saw:288 failed to grow rate: 85%, out of range:  1% 
2022-11-01 01:55:27,507 [INFO] simulation.WL_saw:288 failed to grow rate: 83%, out of range:  1% 
2022-11-01 01:56:00,541 [INFO] simulation.WL_saw:288 failed to grow rate: 84%, out of range:  1% 
2022-11-01 01:56:33,704 [INFO] simulation.WL_saw:288 failed to grow rate: 84%, out of range:  2% 
2022-11-01 01:57:06,734 [INFO] simulation.WL_saw:288 failed to grow rate: 84%, out of range:  1% 
2022-11-01 01:57:39,956 [INFO] simulation.WL_saw:288 failed to grow rate: 84%, out of range:  1% 
2022-11-01 01:58:13,006 [INFO] simulation.WL_saw:288 failed to grow rate: 84%, out of range:  1% 
2022-11-01 01:58:46,107 [INFO] simulation.WL_saw:288 failed to grow rate: 85%, out of range:  1% 
2022-11-01 01:59:19,197 [INFO] simulation.WL_saw:288 failed to grow rate: 85%, out of range:  1% 
2022-11-01 01:59:52,285 [INFO] simulation.WL_saw:288 failed to grow rate: 85%, out of range:  1% 
2022-11-01 02:00:25,282 [INFO] simulation.WL_saw:288 failed to grow rate: 86%, out of range:  1% 
2022-11-01 02:00:58,500 [INFO] simulation.WL_saw:288 failed to grow rate: 85%, out of range:  1% 
2022-11-01 02:01:31,559 [INFO] simulation.WL_saw:288 failed to grow rate: 85%, out of range:  1% 
2022-11-01 02:02:04,527 [INFO] simulation.WL_saw:288 failed to grow rate: 85%, out of range:  1% 
2022-11-01 02:02:37,616 [INFO] simulation.WL_saw:288 failed to grow rate: 85%, out of range:  1% 
2022-11-01 02:03:10,604 [INFO] simulation.WL_saw:288 failed to grow rate: 85%, out of range:  1% 
2022-11-01 02:03:43,661 [INFO] simulation.WL_saw:288 failed to grow rate: 84%, out of range:  1% 
2022-11-01 02:04:16,690 [INFO] simulation.WL_saw:288 failed to grow rate: 84%, out of range:  1% 
2022-11-01 02:04:49,673 [INFO] simulation.WL_saw:288 failed to grow rate: 85%, out of range:  1% 
2022-11-01 02:05:22,725 [INFO] simulation.WL_saw:288 failed to grow rate: 85%, out of range:  1% 
2022-11-01 02:05:55,818 [INFO] simulation.WL_saw:288 failed to grow rate: 85%, out of range:  1% 
2022-11-01 02:06:28,884 [INFO] simulation.WL_saw:288 failed to grow rate: 85%, out of range:  1% 
2022-11-01 02:07:01,885 [INFO] simulation.WL_saw:288 failed to grow rate: 85%, out of range:  1% 
2022-11-01 02:07:34,891 [INFO] simulation.WL_saw:288 failed to grow rate: 85%, out of range:  1% 
2022-11-01 02:08:08,040 [INFO] simulation.WL_saw:288 failed to grow rate: 85%, out of range:  1% 
2022-11-01 02:08:41,319 [INFO] simulation.WL_saw:288 failed to grow rate: 85%, out of range:  1% 
2022-11-01 02:09:14,432 [INFO] simulation.WL_saw:288 failed to grow rate: 85%, out of range:  1% 
2022-11-01 02:09:47,474 [INFO] simulation.WL_saw:288 failed to grow rate: 85%, out of range:  1% 
2022-11-01 02:10:20,540 [INFO] simulation.WL_saw:288 failed to grow rate: 84%, out of range:  1% 
2022-11-01 02:10:20,540 [INFO] simulation.WL_saw:293 ds=1.220703e-05, ds_min=0.000001, sweep number=590
2022-11-01 02:10:53,770 [INFO] simulation.WL_saw:288 failed to grow rate: 84%, out of range:  1% 
2022-11-01 02:11:27,054 [INFO] simulation.WL_saw:288 failed to grow rate: 85%, out of range:  1% 
2022-11-01 02:12:00,073 [INFO] simulation.WL_saw:288 failed to grow rate: 84%, out of range:  1% 
2022-11-01 02:12:33,151 [INFO] simulation.WL_saw:288 failed to grow rate: 85%, out of range:  1% 
2022-11-01 02:13:06,223 [INFO] simulation.WL_saw:288 failed to grow rate: 85%, out of range:  1% 
2022-11-01 02:13:39,312 [INFO] simulation.WL_saw:288 failed to grow rate: 85%, out of range:  1% 
2022-11-01 02:14:12,348 [INFO] simulation.WL_saw:288 failed to grow rate: 85%, out of range:  1% 
2022-11-01 02:14:45,527 [INFO] simulation.WL_saw:288 failed to grow rate: 84%, out of range:  1% 
2022-11-01 02:15:18,638 [INFO] simulation.WL_saw:288 failed to grow rate: 85%, out of range:  1% 
2022-11-01 02:15:51,610 [INFO] simulation.WL_saw:288 failed to grow rate: 84%, out of range:  1% 
2022-11-01 02:16:24,781 [INFO] simulation.WL_saw:288 failed to grow rate: 85%, out of range:  1% 
2022-11-01 02:16:57,832 [INFO] simulation.WL_saw:288 failed to grow rate: 84%, out of range:  1% 
2022-11-01 02:17:30,849 [INFO] simulation.WL_saw:288 failed to grow rate: 86%, out of range:  1% 
2022-11-01 02:18:03,772 [INFO] simulation.WL_saw:288 failed to grow rate: 85%, out of range:  1% 
2022-11-01 02:18:36,906 [INFO] simulation.WL_saw:288 failed to grow rate: 85%, out of range:  1% 
2022-11-01 02:19:10,103 [INFO] simulation.WL_saw:288 failed to grow rate: 84%, out of range:  1% 
2022-11-01 02:19:43,099 [INFO] simulation.WL_saw:288 failed to grow rate: 85%, out of range:  1% 
2022-11-01 02:20:16,237 [INFO] simulation.WL_saw:288 failed to grow rate: 85%, out of range:  1% 
2022-11-01 02:20:49,435 [INFO] simulation.WL_saw:288 failed to grow rate: 85%, out of range:  1% 
2022-11-01 02:21:22,513 [INFO] simulation.WL_saw:288 failed to grow rate: 84%, out of range:  1% 
2022-11-01 02:21:55,671 [INFO] simulation.WL_saw:288 failed to grow rate: 84%, out of range:  1% 
2022-11-01 02:22:28,695 [INFO] simulation.WL_saw:288 failed to grow rate: 84%, out of range:  1% 
2022-11-01 02:23:01,741 [INFO] simulation.WL_saw:288 failed to grow rate: 85%, out of range:  1% 
2022-11-01 02:23:34,729 [INFO] simulation.WL_saw:288 failed to grow rate: 85%, out of range:  1% 
2022-11-01 02:24:07,816 [INFO] simulation.WL_saw:288 failed to grow rate: 85%, out of range:  1% 
2022-11-01 02:24:40,815 [INFO] simulation.WL_saw:288 failed to grow rate: 85%, out of range:  1% 
2022-11-01 02:25:13,903 [INFO] simulation.WL_saw:288 failed to grow rate: 85%, out of range:  1% 
2022-11-01 02:25:46,981 [INFO] simulation.WL_saw:288 failed to grow rate: 85%, out of range:  1% 
2022-11-01 02:26:20,106 [INFO] simulation.WL_saw:288 failed to grow rate: 86%, out of range:  1% 
2022-11-01 02:26:53,191 [INFO] simulation.WL_saw:288 failed to grow rate: 85%, out of range:  1% 
2022-11-01 02:27:26,118 [INFO] simulation.WL_saw:288 failed to grow rate: 85%, out of range:  1% 
2022-11-01 02:27:59,180 [INFO] simulation.WL_saw:288 failed to grow rate: 85%, out of range:  1% 
2022-11-01 02:28:32,308 [INFO] simulation.WL_saw:288 failed to grow rate: 84%, out of range:  1% 
2022-11-01 02:29:05,471 [INFO] simulation.WL_saw:288 failed to grow rate: 85%, out of range:  1% 
2022-11-01 02:29:38,587 [INFO] simulation.WL_saw:288 failed to grow rate: 84%, out of range:  2% 
2022-11-01 02:30:11,629 [INFO] simulation.WL_saw:288 failed to grow rate: 85%, out of range:  1% 
2022-11-01 02:30:44,592 [INFO] simulation.WL_saw:288 failed to grow rate: 86%, out of range:  1% 
2022-11-01 02:31:17,697 [INFO] simulation.WL_saw:288 failed to grow rate: 84%, out of range:  1% 
2022-11-01 02:31:50,806 [INFO] simulation.WL_saw:288 failed to grow rate: 84%, out of range:  1% 
2022-11-01 02:32:23,779 [INFO] simulation.WL_saw:288 failed to grow rate: 85%, out of range:  1% 
2022-11-01 02:32:56,853 [INFO] simulation.WL_saw:288 failed to grow rate: 85%, out of range:  1% 
2022-11-01 02:33:30,000 [INFO] simulation.WL_saw:288 failed to grow rate: 84%, out of range:  1% 
2022-11-01 02:34:02,996 [INFO] simulation.WL_saw:288 failed to grow rate: 85%, out of range:  1% 
2022-11-01 02:34:36,128 [INFO] simulation.WL_saw:288 failed to grow rate: 84%, out of range:  1% 
2022-11-01 02:35:09,146 [INFO] simulation.WL_saw:288 failed to grow rate: 85%, out of range:  1% 
2022-11-01 02:35:42,163 [INFO] simulation.WL_saw:288 failed to grow rate: 84%, out of range:  1% 
2022-11-01 02:36:15,245 [INFO] simulation.WL_saw:288 failed to grow rate: 85%, out of range:  1% 
2022-11-01 02:36:48,431 [INFO] simulation.WL_saw:288 failed to grow rate: 85%, out of range:  1% 
2022-11-01 02:37:21,611 [INFO] simulation.WL_saw:288 failed to grow rate: 85%, out of range:  1% 
2022-11-01 02:37:54,546 [INFO] simulation.WL_saw:288 failed to grow rate: 85%, out of range:  1% 
2022-11-01 02:38:27,682 [INFO] simulation.WL_saw:288 failed to grow rate: 85%, out of range:  1% 
2022-11-01 02:39:00,954 [INFO] simulation.WL_saw:288 failed to grow rate: 84%, out of range:  1% 
2022-11-01 02:39:34,124 [INFO] simulation.WL_saw:288 failed to grow rate: 84%, out of range:  1% 
2022-11-01 02:40:07,232 [INFO] simulation.WL_saw:288 failed to grow rate: 85%, out of range:  1% 
2022-11-01 02:40:40,350 [INFO] simulation.WL_saw:288 failed to grow rate: 85%, out of range:  1% 
2022-11-01 02:41:13,597 [INFO] simulation.WL_saw:288 failed to grow rate: 85%, out of range:  1% 
2022-11-01 02:41:46,592 [INFO] simulation.WL_saw:288 failed to grow rate: 84%, out of range:  1% 
2022-11-01 02:42:19,743 [INFO] simulation.WL_saw:288 failed to grow rate: 85%, out of range:  1% 
2022-11-01 02:42:52,730 [INFO] simulation.WL_saw:288 failed to grow rate: 84%, out of range:  1% 
2022-11-01 02:43:25,764 [INFO] simulation.WL_saw:288 failed to grow rate: 85%, out of range:  1% 
2022-11-01 02:43:59,015 [INFO] simulation.WL_saw:288 failed to grow rate: 84%, out of range:  1% 
2022-11-01 02:44:32,212 [INFO] simulation.WL_saw:288 failed to grow rate: 84%, out of range:  1% 
2022-11-01 02:45:05,243 [INFO] simulation.WL_saw:288 failed to grow rate: 84%, out of range:  1% 
2022-11-01 02:45:38,288 [INFO] simulation.WL_saw:288 failed to grow rate: 85%, out of range:  1% 
2022-11-01 02:46:12,065 [INFO] simulation.WL_saw:288 failed to grow rate: 85%, out of range:  1% 
2022-11-01 02:46:45,481 [INFO] simulation.WL_saw:288 failed to grow rate: 85%, out of range:  1% 
2022-11-01 02:47:18,654 [INFO] simulation.WL_saw:288 failed to grow rate: 85%, out of range:  1% 
2022-11-01 02:47:51,823 [INFO] simulation.WL_saw:288 failed to grow rate: 85%, out of range:  1% 
2022-11-01 02:48:24,849 [INFO] simulation.WL_saw:288 failed to grow rate: 85%, out of range:  1% 
2022-11-01 02:48:58,131 [INFO] simulation.WL_saw:288 failed to grow rate: 84%, out of range:  1% 
2022-11-01 02:49:31,838 [INFO] simulation.WL_saw:288 failed to grow rate: 85%, out of range:  1% 
2022-11-01 02:50:05,057 [INFO] simulation.WL_saw:288 failed to grow rate: 85%, out of range:  1% 
2022-11-01 02:50:38,302 [INFO] simulation.WL_saw:288 failed to grow rate: 85%, out of range:  1% 
2022-11-01 02:51:11,673 [INFO] simulation.WL_saw:288 failed to grow rate: 85%, out of range:  1% 
2022-11-01 02:51:45,043 [INFO] simulation.WL_saw:288 failed to grow rate: 85%, out of range:  1% 
2022-11-01 02:52:18,341 [INFO] simulation.WL_saw:288 failed to grow rate: 85%, out of range:  1% 
2022-11-01 02:52:51,791 [INFO] simulation.WL_saw:288 failed to grow rate: 85%, out of range:  1% 
2022-11-01 02:53:25,304 [INFO] simulation.WL_saw:288 failed to grow rate: 84%, out of range:  1% 
2022-11-01 02:53:58,577 [INFO] simulation.WL_saw:288 failed to grow rate: 85%, out of range:  1% 
2022-11-01 02:54:31,763 [INFO] simulation.WL_saw:288 failed to grow rate: 85%, out of range:  1% 
2022-11-01 02:55:04,932 [INFO] simulation.WL_saw:288 failed to grow rate: 85%, out of range:  1% 
2022-11-01 02:55:38,086 [INFO] simulation.WL_saw:288 failed to grow rate: 85%, out of range:  1% 
2022-11-01 02:56:11,243 [INFO] simulation.WL_saw:288 failed to grow rate: 85%, out of range:  1% 
2022-11-01 02:56:44,498 [INFO] simulation.WL_saw:288 failed to grow rate: 85%, out of range:  1% 
2022-11-01 02:57:17,862 [INFO] simulation.WL_saw:288 failed to grow rate: 85%, out of range:  1% 
2022-11-01 02:57:51,325 [INFO] simulation.WL_saw:288 failed to grow rate: 85%, out of range:  1% 
2022-11-01 02:58:24,608 [INFO] simulation.WL_saw:288 failed to grow rate: 84%, out of range:  1% 
2022-11-01 02:58:58,227 [INFO] simulation.WL_saw:288 failed to grow rate: 84%, out of range:  1% 
2022-11-01 02:59:31,572 [INFO] simulation.WL_saw:288 failed to grow rate: 84%, out of range:  1% 
2022-11-01 03:00:04,861 [INFO] simulation.WL_saw:288 failed to grow rate: 85%, out of range:  1% 
2022-11-01 03:00:37,994 [INFO] simulation.WL_saw:288 failed to grow rate: 85%, out of range:  1% 
2022-11-01 03:01:11,550 [INFO] simulation.WL_saw:288 failed to grow rate: 84%, out of range:  1% 
2022-11-01 03:01:44,709 [INFO] simulation.WL_saw:288 failed to grow rate: 84%, out of range:  1% 
2022-11-01 03:02:17,771 [INFO] simulation.WL_saw:288 failed to grow rate: 85%, out of range:  1% 
2022-11-01 03:02:50,953 [INFO] simulation.WL_saw:288 failed to grow rate: 85%, out of range:  1% 
2022-11-01 03:03:24,184 [INFO] simulation.WL_saw:288 failed to grow rate: 84%, out of range:  1% 
2022-11-01 03:03:57,563 [INFO] simulation.WL_saw:288 failed to grow rate: 84%, out of range:  1% 
2022-11-01 03:04:30,607 [INFO] simulation.WL_saw:288 failed to grow rate: 85%, out of range:  1% 
2022-11-01 03:05:03,651 [INFO] simulation.WL_saw:288 failed to grow rate: 84%, out of range:  1% 
2022-11-01 03:05:36,884 [INFO] simulation.WL_saw:288 failed to grow rate: 85%, out of range:  1% 
2022-11-01 03:06:10,082 [INFO] simulation.WL_saw:288 failed to grow rate: 84%, out of range:  1% 
2022-11-01 03:06:43,070 [INFO] simulation.WL_saw:288 failed to grow rate: 85%, out of range:  1% 
2022-11-01 03:07:16,201 [INFO] simulation.WL_saw:288 failed to grow rate: 84%, out of range:  1% 
2022-11-01 03:07:49,287 [INFO] simulation.WL_saw:288 failed to grow rate: 85%, out of range:  1% 
2022-11-01 03:08:22,239 [INFO] simulation.WL_saw:288 failed to grow rate: 84%, out of range:  1% 
2022-11-01 03:08:55,339 [INFO] simulation.WL_saw:288 failed to grow rate: 85%, out of range:  1% 
2022-11-01 03:09:28,467 [INFO] simulation.WL_saw:288 failed to grow rate: 83%, out of range:  1% 
2022-11-01 03:10:01,560 [INFO] simulation.WL_saw:288 failed to grow rate: 85%, out of range:  1% 
2022-11-01 03:10:34,584 [INFO] simulation.WL_saw:288 failed to grow rate: 85%, out of range:  1% 
2022-11-01 03:11:07,724 [INFO] simulation.WL_saw:288 failed to grow rate: 85%, out of range:  1% 
2022-11-01 03:11:40,781 [INFO] simulation.WL_saw:288 failed to grow rate: 85%, out of range:  1% 
2022-11-01 03:11:40,781 [INFO] simulation.WL_saw:293 ds=6.103516e-06, ds_min=0.000001, sweep number=701
2022-11-01 03:12:13,875 [INFO] simulation.WL_saw:288 failed to grow rate: 85%, out of range:  1% 
2022-11-01 03:12:46,995 [INFO] simulation.WL_saw:288 failed to grow rate: 85%, out of range:  1% 
2022-11-01 03:13:19,989 [INFO] simulation.WL_saw:288 failed to grow rate: 85%, out of range:  1% 
2022-11-01 03:13:53,102 [INFO] simulation.WL_saw:288 failed to grow rate: 84%, out of range:  1% 
2022-11-01 03:14:26,171 [INFO] simulation.WL_saw:288 failed to grow rate: 85%, out of range:  1% 
2022-11-01 03:14:59,201 [INFO] simulation.WL_saw:288 failed to grow rate: 85%, out of range:  1% 
2022-11-01 03:15:32,331 [INFO] simulation.WL_saw:288 failed to grow rate: 85%, out of range:  1% 
2022-11-01 03:16:05,478 [INFO] simulation.WL_saw:288 failed to grow rate: 84%, out of range:  1% 
2022-11-01 03:16:38,741 [INFO] simulation.WL_saw:288 failed to grow rate: 84%, out of range:  1% 
2022-11-01 03:17:11,829 [INFO] simulation.WL_saw:288 failed to grow rate: 84%, out of range:  2% 
2022-11-01 03:17:44,810 [INFO] simulation.WL_saw:288 failed to grow rate: 84%, out of range:  1% 
2022-11-01 03:18:17,845 [INFO] simulation.WL_saw:288 failed to grow rate: 85%, out of range:  1% 
2022-11-01 03:18:50,998 [INFO] simulation.WL_saw:288 failed to grow rate: 85%, out of range:  1% 
2022-11-01 03:19:24,115 [INFO] simulation.WL_saw:288 failed to grow rate: 85%, out of range:  1% 
2022-11-01 03:19:57,222 [INFO] simulation.WL_saw:288 failed to grow rate: 85%, out of range:  1% 
2022-11-01 03:20:30,286 [INFO] simulation.WL_saw:288 failed to grow rate: 84%, out of range:  1% 
2022-11-01 03:21:03,498 [INFO] simulation.WL_saw:288 failed to grow rate: 84%, out of range:  1% 
2022-11-01 03:21:36,406 [INFO] simulation.WL_saw:288 failed to grow rate: 85%, out of range:  1% 
2022-11-01 03:22:09,463 [INFO] simulation.WL_saw:288 failed to grow rate: 85%, out of range:  1% 
2022-11-01 03:22:42,580 [INFO] simulation.WL_saw:288 failed to grow rate: 85%, out of range:  1% 
2022-11-01 03:23:15,582 [INFO] simulation.WL_saw:288 failed to grow rate: 84%, out of range:  1% 
2022-11-01 03:23:48,519 [INFO] simulation.WL_saw:288 failed to grow rate: 84%, out of range:  1% 
2022-11-01 03:24:21,433 [INFO] simulation.WL_saw:288 failed to grow rate: 84%, out of range:  1% 
2022-11-01 03:24:54,591 [INFO] simulation.WL_saw:288 failed to grow rate: 85%, out of range:  1% 
2022-11-01 03:25:27,666 [INFO] simulation.WL_saw:288 failed to grow rate: 85%, out of range:  1% 
2022-11-01 03:26:00,724 [INFO] simulation.WL_saw:288 failed to grow rate: 85%, out of range:  1% 
2022-11-01 03:26:33,791 [INFO] simulation.WL_saw:288 failed to grow rate: 85%, out of range:  1% 
2022-11-01 03:27:06,871 [INFO] simulation.WL_saw:288 failed to grow rate: 84%, out of range:  1% 
2022-11-01 03:27:39,904 [INFO] simulation.WL_saw:288 failed to grow rate: 84%, out of range:  1% 
2022-11-01 03:28:12,906 [INFO] simulation.WL_saw:288 failed to grow rate: 85%, out of range:  1% 
2022-11-01 03:28:46,020 [INFO] simulation.WL_saw:288 failed to grow rate: 84%, out of range:  1% 
2022-11-01 03:29:19,045 [INFO] simulation.WL_saw:288 failed to grow rate: 84%, out of range:  1% 
2022-11-01 03:29:52,225 [INFO] simulation.WL_saw:288 failed to grow rate: 84%, out of range:  1% 
2022-11-01 03:30:25,273 [INFO] simulation.WL_saw:288 failed to grow rate: 86%, out of range:  1% 
2022-11-01 03:30:58,504 [INFO] simulation.WL_saw:288 failed to grow rate: 84%, out of range:  1% 
2022-11-01 03:31:31,751 [INFO] simulation.WL_saw:288 failed to grow rate: 84%, out of range:  1% 
2022-11-01 03:32:04,813 [INFO] simulation.WL_saw:288 failed to grow rate: 84%, out of range:  1% 
2022-11-01 03:32:37,732 [INFO] simulation.WL_saw:288 failed to grow rate: 86%, out of range:  1% 
2022-11-01 03:33:10,847 [INFO] simulation.WL_saw:288 failed to grow rate: 84%, out of range:  1% 
2022-11-01 03:33:43,935 [INFO] simulation.WL_saw:288 failed to grow rate: 84%, out of range:  1% 
2022-11-01 03:34:17,022 [INFO] simulation.WL_saw:288 failed to grow rate: 85%, out of range:  1% 
2022-11-01 03:34:49,900 [INFO] simulation.WL_saw:288 failed to grow rate: 85%, out of range:  1% 
2022-11-01 03:34:49,900 [INFO] simulation.WL_saw:293 ds=3.051758e-06, ds_min=0.000001, sweep number=743
2022-11-01 03:35:23,015 [INFO] simulation.WL_saw:288 failed to grow rate: 84%, out of range:  1% 
2022-11-01 03:35:56,047 [INFO] simulation.WL_saw:288 failed to grow rate: 84%, out of range:  1% 
2022-11-01 03:36:29,211 [INFO] simulation.WL_saw:288 failed to grow rate: 85%, out of range:  1% 
2022-11-01 03:37:02,203 [INFO] simulation.WL_saw:288 failed to grow rate: 85%, out of range:  1% 
2022-11-01 03:37:35,270 [INFO] simulation.WL_saw:288 failed to grow rate: 84%, out of range:  1% 
2022-11-01 03:38:08,466 [INFO] simulation.WL_saw:288 failed to grow rate: 85%, out of range:  1% 
2022-11-01 03:38:41,487 [INFO] simulation.WL_saw:288 failed to grow rate: 84%, out of range:  1% 
2022-11-01 03:39:14,650 [INFO] simulation.WL_saw:288 failed to grow rate: 84%, out of range:  1% 
2022-11-01 03:39:47,809 [INFO] simulation.WL_saw:288 failed to grow rate: 85%, out of range:  1% 
2022-11-01 03:40:20,931 [INFO] simulation.WL_saw:288 failed to grow rate: 85%, out of range:  1% 
2022-11-01 03:40:54,130 [INFO] simulation.WL_saw:288 failed to grow rate: 85%, out of range:  1% 
2022-11-01 03:41:27,255 [INFO] simulation.WL_saw:288 failed to grow rate: 83%, out of range:  1% 
2022-11-01 03:42:00,311 [INFO] simulation.WL_saw:288 failed to grow rate: 85%, out of range:  1% 
2022-11-01 03:42:33,469 [INFO] simulation.WL_saw:288 failed to grow rate: 85%, out of range:  1% 
2022-11-01 03:43:06,577 [INFO] simulation.WL_saw:288 failed to grow rate: 84%, out of range:  1% 
2022-11-01 03:43:39,743 [INFO] simulation.WL_saw:288 failed to grow rate: 85%, out of range:  1% 
2022-11-01 03:44:12,847 [INFO] simulation.WL_saw:288 failed to grow rate: 84%, out of range:  1% 
2022-11-01 03:44:45,866 [INFO] simulation.WL_saw:288 failed to grow rate: 85%, out of range:  1% 
2022-11-01 03:45:18,937 [INFO] simulation.WL_saw:288 failed to grow rate: 85%, out of range:  1% 
2022-11-01 03:45:52,026 [INFO] simulation.WL_saw:288 failed to grow rate: 84%, out of range:  1% 
2022-11-01 03:46:25,188 [INFO] simulation.WL_saw:288 failed to grow rate: 85%, out of range:  1% 
2022-11-01 03:46:58,247 [INFO] simulation.WL_saw:288 failed to grow rate: 86%, out of range:  1% 
2022-11-01 03:47:31,351 [INFO] simulation.WL_saw:288 failed to grow rate: 85%, out of range:  1% 
2022-11-01 03:48:04,426 [INFO] simulation.WL_saw:288 failed to grow rate: 85%, out of range:  1% 
2022-11-01 03:48:37,543 [INFO] simulation.WL_saw:288 failed to grow rate: 85%, out of range:  1% 
2022-11-01 03:49:10,603 [INFO] simulation.WL_saw:288 failed to grow rate: 84%, out of range:  1% 
2022-11-01 03:49:43,772 [INFO] simulation.WL_saw:288 failed to grow rate: 85%, out of range:  1% 
2022-11-01 03:50:16,893 [INFO] simulation.WL_saw:288 failed to grow rate: 85%, out of range:  1% 
2022-11-01 03:50:49,967 [INFO] simulation.WL_saw:288 failed to grow rate: 86%, out of range:  1% 
2022-11-01 03:51:23,106 [INFO] simulation.WL_saw:288 failed to grow rate: 84%, out of range:  1% 
2022-11-01 03:51:56,137 [INFO] simulation.WL_saw:288 failed to grow rate: 84%, out of range:  1% 
2022-11-01 03:52:29,276 [INFO] simulation.WL_saw:288 failed to grow rate: 84%, out of range:  1% 
2022-11-01 03:53:02,560 [INFO] simulation.WL_saw:288 failed to grow rate: 85%, out of range:  1% 
2022-11-01 03:53:35,741 [INFO] simulation.WL_saw:288 failed to grow rate: 85%, out of range:  1% 
2022-11-01 03:54:08,807 [INFO] simulation.WL_saw:288 failed to grow rate: 85%, out of range:  1% 
2022-11-01 03:54:41,934 [INFO] simulation.WL_saw:288 failed to grow rate: 84%, out of range:  1% 
2022-11-01 03:55:15,020 [INFO] simulation.WL_saw:288 failed to grow rate: 84%, out of range:  1% 
2022-11-01 03:55:48,166 [INFO] simulation.WL_saw:288 failed to grow rate: 85%, out of range:  1% 
2022-11-01 03:56:21,251 [INFO] simulation.WL_saw:288 failed to grow rate: 85%, out of range:  1% 
2022-11-01 03:56:54,394 [INFO] simulation.WL_saw:288 failed to grow rate: 85%, out of range:  1% 
2022-11-01 03:57:27,583 [INFO] simulation.WL_saw:288 failed to grow rate: 85%, out of range:  1% 
2022-11-01 03:58:00,853 [INFO] simulation.WL_saw:288 failed to grow rate: 84%, out of range:  1% 
2022-11-01 03:58:33,871 [INFO] simulation.WL_saw:288 failed to grow rate: 84%, out of range:  1% 
2022-11-01 03:59:07,034 [INFO] simulation.WL_saw:288 failed to grow rate: 85%, out of range:  1% 
2022-11-01 03:59:40,040 [INFO] simulation.WL_saw:288 failed to grow rate: 85%, out of range:  1% 
2022-11-01 04:00:13,133 [INFO] simulation.WL_saw:288 failed to grow rate: 85%, out of range:  1% 
2022-11-01 04:00:46,262 [INFO] simulation.WL_saw:288 failed to grow rate: 85%, out of range:  1% 
2022-11-01 04:01:19,285 [INFO] simulation.WL_saw:288 failed to grow rate: 86%, out of range:  1% 
2022-11-01 04:01:52,249 [INFO] simulation.WL_saw:288 failed to grow rate: 86%, out of range:  1% 
2022-11-01 04:02:25,376 [INFO] simulation.WL_saw:288 failed to grow rate: 85%, out of range:  1% 
2022-11-01 04:02:58,447 [INFO] simulation.WL_saw:288 failed to grow rate: 84%, out of range:  1% 
2022-11-01 04:03:31,581 [INFO] simulation.WL_saw:288 failed to grow rate: 84%, out of range:  1% 
2022-11-01 04:04:04,680 [INFO] simulation.WL_saw:288 failed to grow rate: 84%, out of range:  1% 
2022-11-01 04:04:37,780 [INFO] simulation.WL_saw:288 failed to grow rate: 85%, out of range:  1% 
2022-11-01 04:05:10,942 [INFO] simulation.WL_saw:288 failed to grow rate: 84%, out of range:  1% 
2022-11-01 04:05:44,073 [INFO] simulation.WL_saw:288 failed to grow rate: 86%, out of range:  1% 
2022-11-01 04:06:17,102 [INFO] simulation.WL_saw:288 failed to grow rate: 85%, out of range:  1% 
2022-11-01 04:06:50,358 [INFO] simulation.WL_saw:288 failed to grow rate: 84%, out of range:  1% 
2022-11-01 04:07:23,498 [INFO] simulation.WL_saw:288 failed to grow rate: 85%, out of range:  1% 
2022-11-01 04:07:56,777 [INFO] simulation.WL_saw:288 failed to grow rate: 85%, out of range:  1% 
2022-11-01 04:08:29,889 [INFO] simulation.WL_saw:288 failed to grow rate: 85%, out of range:  1% 
2022-11-01 04:09:02,883 [INFO] simulation.WL_saw:288 failed to grow rate: 84%, out of range:  2% 
2022-11-01 04:09:35,868 [INFO] simulation.WL_saw:288 failed to grow rate: 85%, out of range:  1% 
2022-11-01 04:10:09,056 [INFO] simulation.WL_saw:288 failed to grow rate: 84%, out of range:  1% 
2022-11-01 04:10:42,242 [INFO] simulation.WL_saw:288 failed to grow rate: 83%, out of range:  2% 
2022-11-01 04:11:15,357 [INFO] simulation.WL_saw:288 failed to grow rate: 85%, out of range:  1% 
2022-11-01 04:11:48,479 [INFO] simulation.WL_saw:288 failed to grow rate: 84%, out of range:  1% 
2022-11-01 04:12:21,498 [INFO] simulation.WL_saw:288 failed to grow rate: 85%, out of range:  1% 
2022-11-01 04:12:54,671 [INFO] simulation.WL_saw:288 failed to grow rate: 85%, out of range:  1% 
2022-11-01 04:13:27,764 [INFO] simulation.WL_saw:288 failed to grow rate: 85%, out of range:  1% 
2022-11-01 04:14:00,923 [INFO] simulation.WL_saw:288 failed to grow rate: 84%, out of range:  1% 
2022-11-01 04:14:34,240 [INFO] simulation.WL_saw:288 failed to grow rate: 84%, out of range:  1% 
2022-11-01 04:15:07,382 [INFO] simulation.WL_saw:288 failed to grow rate: 85%, out of range:  1% 
2022-11-01 04:15:40,466 [INFO] simulation.WL_saw:288 failed to grow rate: 84%, out of range:  1% 
2022-11-01 04:16:13,670 [INFO] simulation.WL_saw:288 failed to grow rate: 85%, out of range:  1% 
2022-11-01 04:16:46,712 [INFO] simulation.WL_saw:288 failed to grow rate: 85%, out of range:  1% 
2022-11-01 04:17:19,922 [INFO] simulation.WL_saw:288 failed to grow rate: 85%, out of range:  1% 
2022-11-01 04:17:52,883 [INFO] simulation.WL_saw:288 failed to grow rate: 85%, out of range:  1% 
2022-11-01 04:18:25,875 [INFO] simulation.WL_saw:288 failed to grow rate: 85%, out of range:  1% 
2022-11-01 04:18:59,106 [INFO] simulation.WL_saw:288 failed to grow rate: 84%, out of range:  1% 
2022-11-01 04:19:32,268 [INFO] simulation.WL_saw:288 failed to grow rate: 85%, out of range:  1% 
2022-11-01 04:20:05,274 [INFO] simulation.WL_saw:288 failed to grow rate: 85%, out of range:  1% 
2022-11-01 04:20:38,341 [INFO] simulation.WL_saw:288 failed to grow rate: 85%, out of range:  1% 
2022-11-01 04:21:11,276 [INFO] simulation.WL_saw:288 failed to grow rate: 85%, out of range:  1% 
2022-11-01 04:21:44,346 [INFO] simulation.WL_saw:288 failed to grow rate: 85%, out of range:  1% 
2022-11-01 04:22:17,536 [INFO] simulation.WL_saw:288 failed to grow rate: 85%, out of range:  1% 
2022-11-01 04:22:50,724 [INFO] simulation.WL_saw:288 failed to grow rate: 84%, out of range:  1% 
2022-11-01 04:23:23,781 [INFO] simulation.WL_saw:288 failed to grow rate: 85%, out of range:  1% 
2022-11-01 04:23:56,918 [INFO] simulation.WL_saw:288 failed to grow rate: 85%, out of range:  1% 
2022-11-01 04:24:30,126 [INFO] simulation.WL_saw:288 failed to grow rate: 84%, out of range:  1% 
2022-11-01 04:25:03,368 [INFO] simulation.WL_saw:288 failed to grow rate: 84%, out of range:  1% 
2022-11-01 04:25:36,455 [INFO] simulation.WL_saw:288 failed to grow rate: 84%, out of range:  1% 
2022-11-01 04:26:09,393 [INFO] simulation.WL_saw:288 failed to grow rate: 85%, out of range:  1% 
2022-11-01 04:26:42,532 [INFO] simulation.WL_saw:288 failed to grow rate: 85%, out of range:  1% 
2022-11-01 04:27:15,564 [INFO] simulation.WL_saw:288 failed to grow rate: 85%, out of range:  1% 
2022-11-01 04:27:48,649 [INFO] simulation.WL_saw:288 failed to grow rate: 84%, out of range:  1% 
2022-11-01 04:28:21,675 [INFO] simulation.WL_saw:288 failed to grow rate: 83%, out of range:  1% 
2022-11-01 04:28:54,732 [INFO] simulation.WL_saw:288 failed to grow rate: 84%, out of range:  1% 
2022-11-01 04:29:27,827 [INFO] simulation.WL_saw:288 failed to grow rate: 84%, out of range:  1% 
2022-11-01 04:30:00,978 [INFO] simulation.WL_saw:288 failed to grow rate: 84%, out of range:  1% 
2022-11-01 04:30:34,086 [INFO] simulation.WL_saw:288 failed to grow rate: 85%, out of range:  1% 
2022-11-01 04:31:07,223 [INFO] simulation.WL_saw:288 failed to grow rate: 84%, out of range:  1% 
2022-11-01 04:31:40,500 [INFO] simulation.WL_saw:288 failed to grow rate: 84%, out of range:  1% 
2022-11-01 04:32:13,576 [INFO] simulation.WL_saw:288 failed to grow rate: 84%, out of range:  1% 
2022-11-01 04:32:46,763 [INFO] simulation.WL_saw:288 failed to grow rate: 84%, out of range:  1% 
2022-11-01 04:33:19,818 [INFO] simulation.WL_saw:288 failed to grow rate: 85%, out of range:  1% 
2022-11-01 04:33:52,829 [INFO] simulation.WL_saw:288 failed to grow rate: 84%, out of range:  1% 
2022-11-01 04:34:25,981 [INFO] simulation.WL_saw:288 failed to grow rate: 84%, out of range:  1% 
2022-11-01 04:34:59,148 [INFO] simulation.WL_saw:288 failed to grow rate: 85%, out of range:  1% 
2022-11-01 04:35:32,324 [INFO] simulation.WL_saw:288 failed to grow rate: 84%, out of range:  1% 
2022-11-01 04:35:32,325 [INFO] simulation.WL_saw:293 ds=1.525879e-06, ds_min=0.000001, sweep number=853
2022-11-01 04:36:05,535 [INFO] simulation.WL_saw:288 failed to grow rate: 85%, out of range:  1% 
2022-11-01 04:36:38,672 [INFO] simulation.WL_saw:288 failed to grow rate: 85%, out of range:  1% 
2022-11-01 04:37:11,774 [INFO] simulation.WL_saw:288 failed to grow rate: 85%, out of range:  1% 
2022-11-01 04:37:44,775 [INFO] simulation.WL_saw:288 failed to grow rate: 85%, out of range:  1% 
2022-11-01 04:38:17,941 [INFO] simulation.WL_saw:288 failed to grow rate: 85%, out of range:  1% 
2022-11-01 04:38:51,032 [INFO] simulation.WL_saw:288 failed to grow rate: 85%, out of range:  1% 
2022-11-01 04:39:24,136 [INFO] simulation.WL_saw:288 failed to grow rate: 85%, out of range:  1% 
2022-11-01 04:39:57,114 [INFO] simulation.WL_saw:288 failed to grow rate: 85%, out of range:  1% 
2022-11-01 04:40:30,221 [INFO] simulation.WL_saw:288 failed to grow rate: 85%, out of range:  1% 
2022-11-01 04:41:03,121 [INFO] simulation.WL_saw:288 failed to grow rate: 85%, out of range:  1% 
2022-11-01 04:41:36,239 [INFO] simulation.WL_saw:288 failed to grow rate: 84%, out of range:  1% 
2022-11-01 04:42:09,200 [INFO] simulation.WL_saw:288 failed to grow rate: 85%, out of range:  1% 
2022-11-01 04:42:42,107 [INFO] simulation.WL_saw:288 failed to grow rate: 85%, out of range:  1% 
2022-11-01 04:43:15,256 [INFO] simulation.WL_saw:288 failed to grow rate: 85%, out of range:  1% 
2022-11-01 04:43:48,275 [INFO] simulation.WL_saw:288 failed to grow rate: 85%, out of range:  1% 
2022-11-01 04:44:21,387 [INFO] simulation.WL_saw:288 failed to grow rate: 85%, out of range:  1% 
2022-11-01 04:44:54,482 [INFO] simulation.WL_saw:288 failed to grow rate: 85%, out of range:  1% 
2022-11-01 04:45:27,559 [INFO] simulation.WL_saw:288 failed to grow rate: 85%, out of range:  1% 
2022-11-01 04:46:00,679 [INFO] simulation.WL_saw:288 failed to grow rate: 84%, out of range:  1% 
2022-11-01 04:46:33,840 [INFO] simulation.WL_saw:288 failed to grow rate: 84%, out of range:  1% 
2022-11-01 04:47:06,909 [INFO] simulation.WL_saw:288 failed to grow rate: 86%, out of range:  1% 
2022-11-01 04:47:40,021 [INFO] simulation.WL_saw:288 failed to grow rate: 85%, out of range:  1% 
2022-11-01 04:48:13,043 [INFO] simulation.WL_saw:288 failed to grow rate: 85%, out of range:  1% 
2022-11-01 04:48:46,140 [INFO] simulation.WL_saw:288 failed to grow rate: 85%, out of range:  1% 
2022-11-01 04:49:19,256 [INFO] simulation.WL_saw:288 failed to grow rate: 85%, out of range:  1% 
2022-11-01 04:49:52,469 [INFO] simulation.WL_saw:288 failed to grow rate: 85%, out of range:  1% 
2022-11-01 04:50:25,572 [INFO] simulation.WL_saw:288 failed to grow rate: 85%, out of range:  1% 
2022-11-01 04:50:58,705 [INFO] simulation.WL_saw:288 failed to grow rate: 85%, out of range:  1% 
2022-11-01 04:51:31,830 [INFO] simulation.WL_saw:288 failed to grow rate: 84%, out of range:  1% 
2022-11-01 04:52:04,875 [INFO] simulation.WL_saw:288 failed to grow rate: 85%, out of range:  1% 
2022-11-01 04:52:38,009 [INFO] simulation.WL_saw:288 failed to grow rate: 84%, out of range:  1% 
2022-11-01 04:53:11,024 [INFO] simulation.WL_saw:288 failed to grow rate: 85%, out of range:  1% 
2022-11-01 04:53:44,048 [INFO] simulation.WL_saw:288 failed to grow rate: 85%, out of range:  1% 
2022-11-01 04:54:17,128 [INFO] simulation.WL_saw:288 failed to grow rate: 85%, out of range:  1% 
2022-11-01 04:54:50,212 [INFO] simulation.WL_saw:288 failed to grow rate: 85%, out of range:  1% 
2022-11-01 04:55:23,376 [INFO] simulation.WL_saw:288 failed to grow rate: 85%, out of range:  1% 
2022-11-01 04:55:56,428 [INFO] simulation.WL_saw:288 failed to grow rate: 84%, out of range:  1% 
2022-11-01 04:55:56,429 [INFO] simulation.WL_saw:293 ds=7.629395e-07, ds_min=0.000001, sweep number=890
2022-11-01 04:55:56,429 [INFO] run_saw.run:317 s: [array([161. , 203.1, 228.5, 231.4, 233.1, 233. , 235.2, 234.9, 232.2]), array([195.5 , 245.  , 257.2 , 264.8 , 267.1 , 267.65, 268.5 , 267.  ,
       266.1 ]), array([209.675, 258.4  , 271.225, 276.6  , 279.4  , 280.825, 281.45 ,
       279.575, 278.3  ]), array([240.0875, 286.375 , 294.3625, 300.1   , 300.85  , 301.9375,
       301.7875, 300.5125, 300.2625]), array([259.68125, 300.7    , 314.33125, 320.46875, 321.59375, 323.43125,
       322.3375 , 321.86875, 321.2125 ]), array([270.71875 , 313.05    , 325.45    , 328.653125, 330.653125,
       331.153125, 331.375   , 331.21875 , 330.1875  ]), array([283.9921875, 321.240625 , 335.5375   , 339.271875 , 340.6234375,
       341.93125  , 341.3125   , 341.1296875, 339.9453125]), array([285.63359375, 324.23359375, 337.790625  , 341.36640625,
       343.22109375, 343.98984375, 343.93828125, 343.4375    ,
       342.41171875]), array([287.34765625, 326.56523438, 339.6984375 , 343.590625  ,
       345.72617188, 346.41992188, 346.4671875 , 345.75625   ,
       344.90429688]), array([289.39707031, 328.07265625, 341.30644531, 345.92441406,
       348.02675781, 348.72519531, 348.78476563, 348.00976563,
       347.27011719]), array([289.76191406, 328.36650391, 341.69169922, 346.25166016,
       348.240625  , 349.02978516, 349.09433594, 348.27890625,
       347.50576172]), array([289.8824707 , 328.55371094, 341.89404297, 346.42587891,
       348.44667969, 349.1734375 , 349.25273438, 348.41411133,
       347.63295898]), array([290.03666992, 328.74987793, 342.04165039, 346.57280273,
       348.57954102, 349.29306641, 349.38920898, 348.59411621,
       347.78598633]), array([290.12891846, 328.89891357, 342.18150635, 346.68322754,
       348.68737793, 349.40236816, 349.48510742, 348.7227417 ,
       347.89279785]), array([290.14695435, 328.91658325, 342.19906006, 346.70754395,
       348.71486206, 349.42750244, 349.50247192, 348.74669189,
       347.91950073]), array([290.17745972, 328.95381775, 342.22134094, 346.73647156,
       348.74496155, 349.45568237, 349.52602844, 348.77642517,
       347.94813538]), array([290.18155518, 328.9580719 , 342.22655182, 346.7401123 ,
       348.75042419, 349.45978394, 349.53016815, 348.78253937,
       347.95423126])]
2022-11-01 04:55:56,434 [INFO] run_saw.get_n_saws:235 specific_excess_entropy from the analytical curve  for n=120 is: -0.260
2022-11-01 04:55:56,442 [INFO] run_saw.get_n_saws:237 the total number of phantom conformation for n=120 is 1.191543e+90
2022-11-01 04:55:56,443 [INFO] run_saw.run:322 saving results
2022-11-01 04:55:56,443 [INFO] run_saw.save_results:199 saving results to: /home/alexey/projects/chromosome_segregation/chromosome_segregation/results_saw_wl/density_0.4/run_29/data.csv
2022-11-01 04:55:56,443 [INFO] run_saw.save_results:203 saving the line: 120,9,0.741,-0.965
2022-11-01 04:55:56,443 [INFO] run_saw.save_results:203 saving the line: 120,16,0.395,-1.288
2022-11-01 04:55:56,443 [INFO] run_saw.save_results:203 saving the line: 120,25,0.24,-1.398
2022-11-01 04:55:56,443 [INFO] run_saw.save_results:203 saving the line: 120,36,0.159,-1.436
2022-11-01 04:55:56,443 [INFO] run_saw.save_results:203 saving the line: 120,49,0.111,-1.454
2022-11-01 04:55:56,443 [INFO] run_saw.save_results:203 saving the line: 120,64,0.082,-1.462
2022-11-01 04:55:56,443 [INFO] run_saw.save_results:203 saving the line: 120,81,0.062,-1.467
2022-11-01 04:55:56,444 [INFO] run_saw.save_results:203 saving the line: 120,100,0.048,-1.468
2022-11-01 04:55:56,444 [INFO] run_saw.save_results:203 saving the line: 120,121,0.038,-1.469
2022-11-01 04:55:56,444 [INFO] run_saw.save_results:207 saving parameters to /home/alexey/projects/chromosome_segregation/chromosome_segregation/results_saw_wl/density_0.4/run_29/params.json
