2022-10-31 18:27:12,340 [INFO] run_saw.<module>:362 running SAWs with the parameters: density=0.4, n_boxes=(13, 10), thicknesses=([3],[3])
2022-10-31 18:27:12,340 [INFO] run_saw.run:267 calculating maximal number of monomers...
2022-10-31 18:27:12,340 [INFO] run_saw.run:270 max_n=50
2022-10-31 18:27:12,340 [INFO] run_saw.run:274 getting cached OR calculating from the scratch..
2022-10-31 18:27:17,798 [INFO] aux.get_grow_caches:351 shape of existing cache is (129, 50, 50, 50), shape of query is: (51, 50, 50, 50)
2022-10-31 18:27:17,799 [INFO] run_saw.run:277 done calculating (n,dx,dy,dz) array
2022-10-31 18:27:17,799 [INFO] run_saw.run:285 boxes: [[13, 3, 3], [12, 3, 3], [11, 3, 3], [10, 3, 3]] for thickness_x=3, thickness_y=3
2022-10-31 18:27:17,799 [INFO] run_saw.run:294 running WL_saw with n=46,  box=[13, 3, 3]
2022-10-31 18:27:17,799 [INFO] run_saw.run:306 ([12, 13, 14, 15, 16, 17], [2, 3, 4, 5, 6, 7], [2, 3, 4, 5, 6, 7])
2022-10-31 18:27:17,799 [INFO] run_saw.run:313 {'extend_to_left': 1, 'extend_to_right': 4, 'flatness': 0.3, 'scale_alpha': 1.0, 'ds_min': 1e-06}
2022-10-31 18:27:17,799 [INFO] simulation.WL_saw:193 s size is: 6
2022-10-31 18:27:17,799 [INFO] simulation.WL_saw:194 counts size is: 6
2022-10-31 18:27:17,799 [INFO] simulation.WL_saw:196 indexes: [0, 1, 2, 3, 4, 5]
2022-10-31 18:27:17,799 [INFO] simulation.WL_saw:208 scale alpha is: 1.000000
2022-10-31 18:27:17,799 [INFO] simulation.WL_saw:209 shifl alpha is: -0.000000
2022-10-31 18:27:28,805 [INFO] simulation.WL_saw:288 failed to grow rate: 55%, out of range:  0% 
2022-10-31 18:27:39,812 [INFO] simulation.WL_saw:288 failed to grow rate: 57%, out of range:  0% 
2022-10-31 18:27:39,812 [INFO] simulation.WL_saw:293 ds=5.000000e-02, ds_min=0.000001, sweep number=2
2022-10-31 18:27:51,129 [INFO] simulation.WL_saw:288 failed to grow rate: 56%, out of range:  0% 
2022-10-31 18:27:51,129 [INFO] simulation.WL_saw:293 ds=2.500000e-02, ds_min=0.000001, sweep number=3
2022-10-31 18:28:02,411 [INFO] simulation.WL_saw:288 failed to grow rate: 56%, out of range:  0% 
2022-10-31 18:28:13,632 [INFO] simulation.WL_saw:288 failed to grow rate: 55%, out of range:  0% 
2022-10-31 18:28:24,917 [INFO] simulation.WL_saw:288 failed to grow rate: 55%, out of range:  0% 
2022-10-31 18:28:24,917 [INFO] simulation.WL_saw:293 ds=1.250000e-02, ds_min=0.000001, sweep number=6
2022-10-31 18:28:36,129 [INFO] simulation.WL_saw:288 failed to grow rate: 55%, out of range:  0% 
2022-10-31 18:28:47,418 [INFO] simulation.WL_saw:288 failed to grow rate: 57%, out of range:  0% 
2022-10-31 18:28:58,615 [INFO] simulation.WL_saw:288 failed to grow rate: 56%, out of range:  0% 
2022-10-31 18:28:58,615 [INFO] simulation.WL_saw:293 ds=6.250000e-03, ds_min=0.000001, sweep number=9
2022-10-31 18:29:09,856 [INFO] simulation.WL_saw:288 failed to grow rate: 56%, out of range:  0% 
2022-10-31 18:29:20,879 [INFO] simulation.WL_saw:288 failed to grow rate: 58%, out of range:  0% 
2022-10-31 18:29:31,911 [INFO] simulation.WL_saw:288 failed to grow rate: 55%, out of range:  0% 
2022-10-31 18:29:31,911 [INFO] simulation.WL_saw:293 ds=3.125000e-03, ds_min=0.000001, sweep number=12
2022-10-31 18:29:43,228 [INFO] simulation.WL_saw:288 failed to grow rate: 56%, out of range:  0% 
2022-10-31 18:29:54,466 [INFO] simulation.WL_saw:288 failed to grow rate: 56%, out of range:  0% 
2022-10-31 18:30:05,700 [INFO] simulation.WL_saw:288 failed to grow rate: 56%, out of range:  0% 
2022-10-31 18:30:17,115 [INFO] simulation.WL_saw:288 failed to grow rate: 54%, out of range:  0% 
2022-10-31 18:30:17,115 [INFO] simulation.WL_saw:293 ds=1.562500e-03, ds_min=0.000001, sweep number=16
2022-10-31 18:30:28,556 [INFO] simulation.WL_saw:288 failed to grow rate: 57%, out of range:  0% 
2022-10-31 18:30:39,938 [INFO] simulation.WL_saw:288 failed to grow rate: 56%, out of range:  0% 
2022-10-31 18:30:51,271 [INFO] simulation.WL_saw:288 failed to grow rate: 57%, out of range:  0% 
2022-10-31 18:31:02,280 [INFO] simulation.WL_saw:288 failed to grow rate: 56%, out of range:  0% 
2022-10-31 18:31:02,280 [INFO] simulation.WL_saw:293 ds=7.812500e-04, ds_min=0.000001, sweep number=20
2022-10-31 18:31:13,612 [INFO] simulation.WL_saw:288 failed to grow rate: 56%, out of range:  0% 
2022-10-31 18:31:24,999 [INFO] simulation.WL_saw:288 failed to grow rate: 56%, out of range:  0% 
2022-10-31 18:31:36,285 [INFO] simulation.WL_saw:288 failed to grow rate: 56%, out of range:  0% 
2022-10-31 18:31:47,547 [INFO] simulation.WL_saw:288 failed to grow rate: 57%, out of range:  0% 
2022-10-31 18:31:58,761 [INFO] simulation.WL_saw:288 failed to grow rate: 56%, out of range:  0% 
2022-10-31 18:32:09,984 [INFO] simulation.WL_saw:288 failed to grow rate: 55%, out of range:  0% 
2022-10-31 18:32:21,240 [INFO] simulation.WL_saw:288 failed to grow rate: 56%, out of range:  0% 
2022-10-31 18:32:32,500 [INFO] simulation.WL_saw:288 failed to grow rate: 56%, out of range:  0% 
2022-10-31 18:32:43,793 [INFO] simulation.WL_saw:288 failed to grow rate: 56%, out of range:  0% 
2022-10-31 18:32:54,925 [INFO] simulation.WL_saw:288 failed to grow rate: 56%, out of range:  0% 
2022-10-31 18:33:06,267 [INFO] simulation.WL_saw:288 failed to grow rate: 57%, out of range:  0% 
2022-10-31 18:33:17,626 [INFO] simulation.WL_saw:288 failed to grow rate: 57%, out of range:  0% 
2022-10-31 18:33:28,975 [INFO] simulation.WL_saw:288 failed to grow rate: 54%, out of range:  0% 
2022-10-31 18:33:40,360 [INFO] simulation.WL_saw:288 failed to grow rate: 56%, out of range:  0% 
2022-10-31 18:33:51,660 [INFO] simulation.WL_saw:288 failed to grow rate: 58%, out of range:  0% 
2022-10-31 18:34:02,971 [INFO] simulation.WL_saw:288 failed to grow rate: 56%, out of range:  0% 
2022-10-31 18:34:14,275 [INFO] simulation.WL_saw:288 failed to grow rate: 55%, out of range:  0% 
2022-10-31 18:34:25,440 [INFO] simulation.WL_saw:288 failed to grow rate: 55%, out of range:  0% 
2022-10-31 18:34:36,453 [INFO] simulation.WL_saw:288 failed to grow rate: 55%, out of range:  0% 
2022-10-31 18:34:36,453 [INFO] simulation.WL_saw:293 ds=3.906250e-04, ds_min=0.000001, sweep number=39
2022-10-31 18:34:47,878 [INFO] simulation.WL_saw:288 failed to grow rate: 56%, out of range:  0% 
2022-10-31 18:34:58,901 [INFO] simulation.WL_saw:288 failed to grow rate: 55%, out of range:  0% 
2022-10-31 18:35:09,942 [INFO] simulation.WL_saw:288 failed to grow rate: 55%, out of range:  0% 
2022-10-31 18:35:20,984 [INFO] simulation.WL_saw:288 failed to grow rate: 55%, out of range:  0% 
2022-10-31 18:35:32,019 [INFO] simulation.WL_saw:288 failed to grow rate: 56%, out of range:  0% 
2022-10-31 18:35:43,323 [INFO] simulation.WL_saw:288 failed to grow rate: 57%, out of range:  0% 
2022-10-31 18:35:54,643 [INFO] simulation.WL_saw:288 failed to grow rate: 56%, out of range:  0% 
2022-10-31 18:36:05,937 [INFO] simulation.WL_saw:288 failed to grow rate: 58%, out of range:  0% 
2022-10-31 18:36:17,304 [INFO] simulation.WL_saw:288 failed to grow rate: 56%, out of range:  0% 
2022-10-31 18:36:28,693 [INFO] simulation.WL_saw:288 failed to grow rate: 57%, out of range:  0% 
2022-10-31 18:36:28,693 [INFO] simulation.WL_saw:293 ds=1.953125e-04, ds_min=0.000001, sweep number=49
2022-10-31 18:36:40,070 [INFO] simulation.WL_saw:288 failed to grow rate: 56%, out of range:  0% 
2022-10-31 18:36:51,395 [INFO] simulation.WL_saw:288 failed to grow rate: 57%, out of range:  0% 
2022-10-31 18:37:02,778 [INFO] simulation.WL_saw:288 failed to grow rate: 57%, out of range:  0% 
2022-10-31 18:37:14,017 [INFO] simulation.WL_saw:288 failed to grow rate: 56%, out of range:  0% 
2022-10-31 18:37:25,253 [INFO] simulation.WL_saw:288 failed to grow rate: 57%, out of range:  0% 
2022-10-31 18:37:36,528 [INFO] simulation.WL_saw:288 failed to grow rate: 55%, out of range:  0% 
2022-10-31 18:37:47,815 [INFO] simulation.WL_saw:288 failed to grow rate: 56%, out of range:  0% 
2022-10-31 18:37:59,191 [INFO] simulation.WL_saw:288 failed to grow rate: 54%, out of range:  0% 
2022-10-31 18:38:10,577 [INFO] simulation.WL_saw:288 failed to grow rate: 55%, out of range:  0% 
2022-10-31 18:38:22,045 [INFO] simulation.WL_saw:288 failed to grow rate: 57%, out of range:  0% 
2022-10-31 18:38:33,119 [INFO] simulation.WL_saw:288 failed to grow rate: 56%, out of range:  0% 
2022-10-31 18:38:44,462 [INFO] simulation.WL_saw:288 failed to grow rate: 56%, out of range:  0% 
2022-10-31 18:38:55,833 [INFO] simulation.WL_saw:288 failed to grow rate: 56%, out of range:  0% 
2022-10-31 18:39:06,981 [INFO] simulation.WL_saw:288 failed to grow rate: 56%, out of range:  0% 
2022-10-31 18:39:18,006 [INFO] simulation.WL_saw:288 failed to grow rate: 56%, out of range:  0% 
2022-10-31 18:39:29,363 [INFO] simulation.WL_saw:288 failed to grow rate: 57%, out of range:  0% 
2022-10-31 18:39:40,391 [INFO] simulation.WL_saw:288 failed to grow rate: 56%, out of range:  0% 
2022-10-31 18:39:51,747 [INFO] simulation.WL_saw:288 failed to grow rate: 56%, out of range:  0% 
2022-10-31 18:40:03,041 [INFO] simulation.WL_saw:288 failed to grow rate: 57%, out of range:  0% 
2022-10-31 18:40:14,350 [INFO] simulation.WL_saw:288 failed to grow rate: 56%, out of range:  0% 
2022-10-31 18:40:25,720 [INFO] simulation.WL_saw:288 failed to grow rate: 56%, out of range:  0% 
2022-10-31 18:40:37,044 [INFO] simulation.WL_saw:288 failed to grow rate: 57%, out of range:  0% 
2022-10-31 18:40:48,344 [INFO] simulation.WL_saw:288 failed to grow rate: 56%, out of range:  0% 
2022-10-31 18:40:59,762 [INFO] simulation.WL_saw:288 failed to grow rate: 57%, out of range:  0% 
2022-10-31 18:41:11,034 [INFO] simulation.WL_saw:288 failed to grow rate: 56%, out of range:  0% 
2022-10-31 18:41:22,445 [INFO] simulation.WL_saw:288 failed to grow rate: 57%, out of range:  0% 
2022-10-31 18:41:33,649 [INFO] simulation.WL_saw:288 failed to grow rate: 55%, out of range:  0% 
2022-10-31 18:41:44,899 [INFO] simulation.WL_saw:288 failed to grow rate: 56%, out of range:  0% 
2022-10-31 18:41:55,932 [INFO] simulation.WL_saw:288 failed to grow rate: 56%, out of range:  0% 
2022-10-31 18:42:07,243 [INFO] simulation.WL_saw:288 failed to grow rate: 55%, out of range:  0% 
2022-10-31 18:42:18,563 [INFO] simulation.WL_saw:288 failed to grow rate: 56%, out of range:  0% 
2022-10-31 18:42:29,937 [INFO] simulation.WL_saw:288 failed to grow rate: 55%, out of range:  0% 
2022-10-31 18:42:41,321 [INFO] simulation.WL_saw:288 failed to grow rate: 55%, out of range:  0% 
2022-10-31 18:42:41,321 [INFO] simulation.WL_saw:293 ds=9.765625e-05, ds_min=0.000001, sweep number=82
2022-10-31 18:42:52,695 [INFO] simulation.WL_saw:288 failed to grow rate: 56%, out of range:  0% 
2022-10-31 18:43:04,005 [INFO] simulation.WL_saw:288 failed to grow rate: 57%, out of range:  0% 
2022-10-31 18:43:15,027 [INFO] simulation.WL_saw:288 failed to grow rate: 57%, out of range:  0% 
2022-10-31 18:43:26,431 [INFO] simulation.WL_saw:288 failed to grow rate: 57%, out of range:  0% 
2022-10-31 18:43:37,423 [INFO] simulation.WL_saw:288 failed to grow rate: 56%, out of range:  0% 
2022-10-31 18:43:48,802 [INFO] simulation.WL_saw:288 failed to grow rate: 55%, out of range:  0% 
2022-10-31 18:44:00,289 [INFO] simulation.WL_saw:288 failed to grow rate: 56%, out of range:  0% 
2022-10-31 18:44:11,372 [INFO] simulation.WL_saw:288 failed to grow rate: 56%, out of range:  0% 
2022-10-31 18:44:22,778 [INFO] simulation.WL_saw:288 failed to grow rate: 57%, out of range:  0% 
2022-10-31 18:44:33,804 [INFO] simulation.WL_saw:288 failed to grow rate: 56%, out of range:  0% 
2022-10-31 18:44:45,224 [INFO] simulation.WL_saw:288 failed to grow rate: 57%, out of range:  0% 
2022-10-31 18:44:45,224 [INFO] simulation.WL_saw:293 ds=4.882813e-05, ds_min=0.000001, sweep number=93
2022-10-31 18:44:56,567 [INFO] simulation.WL_saw:288 failed to grow rate: 58%, out of range:  0% 
2022-10-31 18:45:07,737 [INFO] simulation.WL_saw:288 failed to grow rate: 57%, out of range:  0% 
2022-10-31 18:45:19,126 [INFO] simulation.WL_saw:288 failed to grow rate: 57%, out of range:  0% 
2022-10-31 18:45:30,478 [INFO] simulation.WL_saw:288 failed to grow rate: 56%, out of range:  0% 
2022-10-31 18:45:41,871 [INFO] simulation.WL_saw:288 failed to grow rate: 55%, out of range:  0% 
2022-10-31 18:45:53,249 [INFO] simulation.WL_saw:288 failed to grow rate: 56%, out of range:  0% 
2022-10-31 18:46:04,657 [INFO] simulation.WL_saw:288 failed to grow rate: 54%, out of range:  0% 
2022-10-31 18:46:16,019 [INFO] simulation.WL_saw:288 failed to grow rate: 56%, out of range:  0% 
2022-10-31 18:46:27,400 [INFO] simulation.WL_saw:288 failed to grow rate: 56%, out of range:  0% 
2022-10-31 18:46:38,717 [INFO] simulation.WL_saw:288 failed to grow rate: 56%, out of range:  0% 
2022-10-31 18:46:50,077 [INFO] simulation.WL_saw:288 failed to grow rate: 55%, out of range:  0% 
2022-10-31 18:47:01,501 [INFO] simulation.WL_saw:288 failed to grow rate: 55%, out of range:  0% 
2022-10-31 18:47:12,909 [INFO] simulation.WL_saw:288 failed to grow rate: 57%, out of range:  0% 
2022-10-31 18:47:24,277 [INFO] simulation.WL_saw:288 failed to grow rate: 56%, out of range:  0% 
2022-10-31 18:47:35,668 [INFO] simulation.WL_saw:288 failed to grow rate: 56%, out of range:  0% 
2022-10-31 18:47:47,116 [INFO] simulation.WL_saw:288 failed to grow rate: 56%, out of range:  0% 
2022-10-31 18:47:58,576 [INFO] simulation.WL_saw:288 failed to grow rate: 56%, out of range:  0% 
2022-10-31 18:48:09,637 [INFO] simulation.WL_saw:288 failed to grow rate: 56%, out of range:  0% 
2022-10-31 18:48:21,009 [INFO] simulation.WL_saw:288 failed to grow rate: 56%, out of range:  0% 
2022-10-31 18:48:21,009 [INFO] simulation.WL_saw:293 ds=2.441406e-05, ds_min=0.000001, sweep number=112
2022-10-31 18:48:32,112 [INFO] simulation.WL_saw:288 failed to grow rate: 58%, out of range:  0% 
2022-10-31 18:48:43,507 [INFO] simulation.WL_saw:288 failed to grow rate: 56%, out of range:  0% 
2022-10-31 18:48:54,865 [INFO] simulation.WL_saw:288 failed to grow rate: 56%, out of range:  0% 
2022-10-31 18:49:06,246 [INFO] simulation.WL_saw:288 failed to grow rate: 55%, out of range:  0% 
2022-10-31 18:49:06,246 [INFO] simulation.WL_saw:293 ds=1.220703e-05, ds_min=0.000001, sweep number=116
2022-10-31 18:49:17,568 [INFO] simulation.WL_saw:288 failed to grow rate: 56%, out of range:  0% 
2022-10-31 18:49:28,924 [INFO] simulation.WL_saw:288 failed to grow rate: 56%, out of range:  0% 
2022-10-31 18:49:40,332 [INFO] simulation.WL_saw:288 failed to grow rate: 55%, out of range:  0% 
2022-10-31 18:49:51,719 [INFO] simulation.WL_saw:288 failed to grow rate: 56%, out of range:  0% 
2022-10-31 18:50:03,027 [INFO] simulation.WL_saw:288 failed to grow rate: 56%, out of range:  0% 
2022-10-31 18:50:14,276 [INFO] simulation.WL_saw:288 failed to grow rate: 57%, out of range:  0% 
2022-10-31 18:50:25,609 [INFO] simulation.WL_saw:288 failed to grow rate: 55%, out of range:  0% 
2022-10-31 18:50:36,860 [INFO] simulation.WL_saw:288 failed to grow rate: 56%, out of range:  0% 
2022-10-31 18:50:48,112 [INFO] simulation.WL_saw:288 failed to grow rate: 55%, out of range:  0% 
2022-10-31 18:50:59,442 [INFO] simulation.WL_saw:288 failed to grow rate: 55%, out of range:  0% 
2022-10-31 18:51:10,758 [INFO] simulation.WL_saw:288 failed to grow rate: 56%, out of range:  0% 
2022-10-31 18:51:10,758 [INFO] simulation.WL_saw:293 ds=6.103516e-06, ds_min=0.000001, sweep number=127
2022-10-31 18:51:21,813 [INFO] simulation.WL_saw:288 failed to grow rate: 55%, out of range:  0% 
2022-10-31 18:51:33,124 [INFO] simulation.WL_saw:288 failed to grow rate: 55%, out of range:  0% 
2022-10-31 18:51:44,411 [INFO] simulation.WL_saw:288 failed to grow rate: 55%, out of range:  0% 
2022-10-31 18:51:55,458 [INFO] simulation.WL_saw:288 failed to grow rate: 55%, out of range:  0% 
2022-10-31 18:52:06,776 [INFO] simulation.WL_saw:288 failed to grow rate: 56%, out of range:  0% 
2022-10-31 18:52:18,084 [INFO] simulation.WL_saw:288 failed to grow rate: 56%, out of range:  0% 
2022-10-31 18:52:29,421 [INFO] simulation.WL_saw:288 failed to grow rate: 56%, out of range:  0% 
2022-10-31 18:52:40,441 [INFO] simulation.WL_saw:288 failed to grow rate: 56%, out of range:  0% 
2022-10-31 18:52:51,678 [INFO] simulation.WL_saw:288 failed to grow rate: 57%, out of range:  0% 
2022-10-31 18:53:02,959 [INFO] simulation.WL_saw:288 failed to grow rate: 58%, out of range:  0% 
2022-10-31 18:53:14,401 [INFO] simulation.WL_saw:288 failed to grow rate: 57%, out of range:  0% 
2022-10-31 18:53:14,402 [INFO] simulation.WL_saw:293 ds=3.051758e-06, ds_min=0.000001, sweep number=138
2022-10-31 18:53:25,407 [INFO] simulation.WL_saw:288 failed to grow rate: 55%, out of range:  0% 
2022-10-31 18:53:36,849 [INFO] simulation.WL_saw:288 failed to grow rate: 56%, out of range:  0% 
2022-10-31 18:53:48,126 [INFO] simulation.WL_saw:288 failed to grow rate: 56%, out of range:  0% 
2022-10-31 18:53:59,408 [INFO] simulation.WL_saw:288 failed to grow rate: 56%, out of range:  0% 
2022-10-31 18:53:59,409 [INFO] simulation.WL_saw:293 ds=1.525879e-06, ds_min=0.000001, sweep number=142
2022-10-31 18:54:10,646 [INFO] simulation.WL_saw:288 failed to grow rate: 56%, out of range:  0% 
2022-10-31 18:54:21,929 [INFO] simulation.WL_saw:288 failed to grow rate: 57%, out of range:  0% 
2022-10-31 18:54:33,219 [INFO] simulation.WL_saw:288 failed to grow rate: 57%, out of range:  0% 
2022-10-31 18:54:44,490 [INFO] simulation.WL_saw:288 failed to grow rate: 57%, out of range:  0% 
2022-10-31 18:54:55,781 [INFO] simulation.WL_saw:288 failed to grow rate: 55%, out of range:  0% 
2022-10-31 18:55:07,017 [INFO] simulation.WL_saw:288 failed to grow rate: 56%, out of range:  0% 
2022-10-31 18:55:18,295 [INFO] simulation.WL_saw:288 failed to grow rate: 56%, out of range:  0% 
2022-10-31 18:55:29,604 [INFO] simulation.WL_saw:288 failed to grow rate: 56%, out of range:  0% 
2022-10-31 18:55:40,613 [INFO] simulation.WL_saw:288 failed to grow rate: 56%, out of range:  0% 
2022-10-31 18:55:51,984 [INFO] simulation.WL_saw:288 failed to grow rate: 56%, out of range:  0% 
2022-10-31 18:56:03,255 [INFO] simulation.WL_saw:288 failed to grow rate: 56%, out of range:  0% 
2022-10-31 18:56:14,447 [INFO] simulation.WL_saw:288 failed to grow rate: 56%, out of range:  0% 
2022-10-31 18:56:25,736 [INFO] simulation.WL_saw:288 failed to grow rate: 56%, out of range:  0% 
2022-10-31 18:56:37,075 [INFO] simulation.WL_saw:288 failed to grow rate: 56%, out of range:  0% 
2022-10-31 18:56:48,408 [INFO] simulation.WL_saw:288 failed to grow rate: 55%, out of range:  0% 
2022-10-31 18:56:59,427 [INFO] simulation.WL_saw:288 failed to grow rate: 57%, out of range:  0% 
2022-10-31 18:57:10,437 [INFO] simulation.WL_saw:288 failed to grow rate: 56%, out of range:  0% 
2022-10-31 18:57:21,449 [INFO] simulation.WL_saw:288 failed to grow rate: 58%, out of range:  0% 
2022-10-31 18:57:32,784 [INFO] simulation.WL_saw:288 failed to grow rate: 55%, out of range:  0% 
2022-10-31 18:57:43,887 [INFO] simulation.WL_saw:288 failed to grow rate: 55%, out of range:  0% 
2022-10-31 18:57:54,884 [INFO] simulation.WL_saw:288 failed to grow rate: 56%, out of range:  0% 
2022-10-31 18:58:06,157 [INFO] simulation.WL_saw:288 failed to grow rate: 56%, out of range:  0% 
2022-10-31 18:58:17,170 [INFO] simulation.WL_saw:288 failed to grow rate: 57%, out of range:  0% 
2022-10-31 18:58:28,202 [INFO] simulation.WL_saw:288 failed to grow rate: 56%, out of range:  0% 
2022-10-31 18:58:28,203 [INFO] simulation.WL_saw:293 ds=7.629395e-07, ds_min=0.000001, sweep number=166
2022-10-31 18:58:28,203 [INFO] run_saw.run:317 s: [array([56.1, 73.3, 78.9, 77.7, 77.5, 74.7]), array([76.05, 93.25, 96.65, 95.6 , 94.75, 92.4 ]), array([106.75 , 120.7  , 123.5  , 123.575, 122.575, 118.95 ]), array([124.3125, 133.1   , 136.3625, 136.3875, 135.    , 133.2875]), array([130.3875 , 139.83125, 143.3    , 144.6375 , 141.7    , 139.70625]), array([135.40625 , 144.775   , 147.709375, 148.0875  , 147.090625,
       144.4125  ]), array([137.7984375, 147.053125 , 149.909375 , 150.4125   , 149.425    ,
       146.44375  ]), array([142.58984375, 152.74609375, 155.80625   , 156.03828125,
       154.99453125, 151.54140625]), array([144.37109375, 153.84257812, 156.96210937, 157.21835937,
       156.63007812, 153.27070312]), array([146.12421875, 156.36777344, 159.40332031, 159.89179688,
       158.72285156, 155.95996094]), array([146.61464844, 156.76835938, 159.75615234, 160.18310547,
       159.07988281, 156.41210938]), array([147.0371582 , 157.07304688, 160.11469727, 160.5362793 ,
       159.40239258, 156.69780273]), array([147.0684082 , 157.10754395, 160.16081543, 160.57324219,
       159.43935547, 156.72697754]), array([147.11699219, 157.16676025, 160.20615234, 160.61378174,
       159.50168457, 156.76812744]), array([147.13979492, 157.193573  , 160.22752075, 160.64569092,
       159.52264404, 156.79237061]), array([147.14450073, 157.19901428, 160.23291016, 160.6500885 ,
       159.52615356, 156.79601135]), array([147.15713959, 157.21097717, 160.24661255, 160.66216888,
       159.53872833, 156.81340027])]
2022-10-31 18:58:28,207 [INFO] run_saw.get_n_saws:235 specific_excess_entropy from the analytical curve  for n=46 is: -0.274
2022-10-31 18:58:28,208 [INFO] run_saw.get_n_saws:237 the total number of phantom conformation for n=46 is 1.297805e+33
2022-10-31 18:58:28,209 [INFO] run_saw.run:322 saving results
2022-10-31 18:58:28,209 [INFO] run_saw.save_results:199 saving results to: /home/alexey/projects/chromosome_segregation/chromosome_segregation/results_saw_wl/density_0.4/run_24/data.csv
2022-10-31 18:58:28,209 [INFO] run_saw.save_results:203 saving the line: 4,0.958,-1.074
2022-10-31 18:58:28,209 [INFO] run_saw.save_results:203 saving the line: 9,0.393,-1.293
2022-10-31 18:58:28,209 [INFO] run_saw.save_results:203 saving the line: 16,0.205,-1.36
2022-10-31 18:58:28,209 [INFO] run_saw.save_results:203 saving the line: 25,0.123,-1.379
2022-10-31 18:58:28,209 [INFO] run_saw.save_results:203 saving the line: 36,0.08,-1.383
2022-10-31 18:58:28,210 [INFO] run_saw.save_results:203 saving the line: 49,0.055,-1.383
2022-10-31 18:58:28,210 [INFO] run_saw.save_results:207 saving parameters to /home/alexey/projects/chromosome_segregation/chromosome_segregation/results_saw_wl/density_0.4/run_24/params.json
2022-10-31 18:58:28,211 [INFO] run_saw.get_n_saws:235 specific_excess_entropy from the analytical curve  for n=46 is: -0.274
2022-10-31 18:58:28,212 [INFO] run_saw.get_n_saws:237 the total number of phantom conformation for n=46 is 1.297805e+33
2022-10-31 18:58:28,212 [INFO] run_saw.process_result:253 number of SAWs for n=46 is 4.322112e+27
2022-10-31 18:58:28,212 [INFO] run_saw.process_result:256 number of SAWs for n=46 inside the box=[13, 3, 3] is 6.724277e+25
2022-10-31 18:58:28,212 [INFO] run_saw.process_result:259 specific free energy for n=46 and box=[13, 3, 3] is: -1.293
2022-10-31 18:58:28,212 [INFO] run_saw.run:294 running WL_saw with n=42,  box=[12, 3, 3]
2022-10-31 18:58:28,212 [INFO] run_saw.run:306 ([11, 12, 13, 14, 15, 16], [2, 3, 4, 5, 6, 7], [2, 3, 4, 5, 6, 7])
2022-10-31 18:58:28,212 [INFO] run_saw.run:313 {'extend_to_left': 1, 'extend_to_right': 4, 'flatness': 0.3, 'scale_alpha': 1.0, 'ds_min': 1e-06}
2022-10-31 18:58:28,212 [INFO] simulation.WL_saw:193 s size is: 6
2022-10-31 18:58:28,212 [INFO] simulation.WL_saw:194 counts size is: 6
2022-10-31 18:58:28,212 [INFO] simulation.WL_saw:196 indexes: [0, 1, 2, 3, 4, 5]
2022-10-31 18:58:28,213 [INFO] simulation.WL_saw:208 scale alpha is: 1.000000
2022-10-31 18:58:28,213 [INFO] simulation.WL_saw:209 shifl alpha is: -0.000000
2022-10-31 18:58:38,414 [INFO] simulation.WL_saw:288 failed to grow rate: 55%, out of range:  0% 
2022-10-31 18:58:48,612 [INFO] simulation.WL_saw:288 failed to grow rate: 56%, out of range:  0% 
2022-10-31 18:58:48,612 [INFO] simulation.WL_saw:293 ds=5.000000e-02, ds_min=0.000001, sweep number=2
2022-10-31 18:58:58,540 [INFO] simulation.WL_saw:288 failed to grow rate: 55%, out of range:  0% 
2022-10-31 18:59:08,710 [INFO] simulation.WL_saw:288 failed to grow rate: 54%, out of range:  0% 
2022-10-31 18:59:08,710 [INFO] simulation.WL_saw:293 ds=2.500000e-02, ds_min=0.000001, sweep number=4
2022-10-31 18:59:18,911 [INFO] simulation.WL_saw:288 failed to grow rate: 54%, out of range:  0% 
2022-10-31 18:59:29,077 [INFO] simulation.WL_saw:288 failed to grow rate: 54%, out of range:  0% 
2022-10-31 18:59:29,077 [INFO] simulation.WL_saw:293 ds=1.250000e-02, ds_min=0.000001, sweep number=6
2022-10-31 18:59:39,297 [INFO] simulation.WL_saw:288 failed to grow rate: 56%, out of range:  0% 
2022-10-31 18:59:49,488 [INFO] simulation.WL_saw:288 failed to grow rate: 55%, out of range:  0% 
2022-10-31 18:59:59,430 [INFO] simulation.WL_saw:288 failed to grow rate: 55%, out of range:  0% 
2022-10-31 18:59:59,430 [INFO] simulation.WL_saw:293 ds=6.250000e-03, ds_min=0.000001, sweep number=9
2022-10-31 19:00:09,647 [INFO] simulation.WL_saw:288 failed to grow rate: 55%, out of range:  0% 
2022-10-31 19:00:19,843 [INFO] simulation.WL_saw:288 failed to grow rate: 55%, out of range:  0% 
2022-10-31 19:00:29,780 [INFO] simulation.WL_saw:288 failed to grow rate: 55%, out of range:  0% 
2022-10-31 19:00:39,952 [INFO] simulation.WL_saw:288 failed to grow rate: 55%, out of range:  0% 
2022-10-31 19:00:50,086 [INFO] simulation.WL_saw:288 failed to grow rate: 55%, out of range:  0% 
2022-10-31 19:01:00,273 [INFO] simulation.WL_saw:288 failed to grow rate: 54%, out of range:  0% 
2022-10-31 19:01:00,273 [INFO] simulation.WL_saw:293 ds=3.125000e-03, ds_min=0.000001, sweep number=15
2022-10-31 19:01:10,493 [INFO] simulation.WL_saw:288 failed to grow rate: 54%, out of range:  0% 
2022-10-31 19:01:20,705 [INFO] simulation.WL_saw:288 failed to grow rate: 54%, out of range:  0% 
2022-10-31 19:01:30,913 [INFO] simulation.WL_saw:288 failed to grow rate: 54%, out of range:  0% 
2022-10-31 19:01:41,156 [INFO] simulation.WL_saw:288 failed to grow rate: 55%, out of range:  0% 
2022-10-31 19:01:51,358 [INFO] simulation.WL_saw:288 failed to grow rate: 54%, out of range:  0% 
2022-10-31 19:01:51,358 [INFO] simulation.WL_saw:293 ds=1.562500e-03, ds_min=0.000001, sweep number=20
2022-10-31 19:02:01,608 [INFO] simulation.WL_saw:288 failed to grow rate: 55%, out of range:  0% 
2022-10-31 19:02:11,825 [INFO] simulation.WL_saw:288 failed to grow rate: 55%, out of range:  0% 
2022-10-31 19:02:21,950 [INFO] simulation.WL_saw:288 failed to grow rate: 54%, out of range:  0% 
2022-10-31 19:02:32,124 [INFO] simulation.WL_saw:288 failed to grow rate: 55%, out of range:  0% 
2022-10-31 19:02:42,278 [INFO] simulation.WL_saw:288 failed to grow rate: 55%, out of range:  0% 
2022-10-31 19:02:42,279 [INFO] simulation.WL_saw:293 ds=7.812500e-04, ds_min=0.000001, sweep number=25
2022-10-31 19:02:52,246 [INFO] simulation.WL_saw:288 failed to grow rate: 53%, out of range:  0% 
2022-10-31 19:03:02,208 [INFO] simulation.WL_saw:288 failed to grow rate: 55%, out of range:  0% 
2022-10-31 19:03:12,348 [INFO] simulation.WL_saw:288 failed to grow rate: 55%, out of range:  0% 
2022-10-31 19:03:22,297 [INFO] simulation.WL_saw:288 failed to grow rate: 54%, out of range:  0% 
2022-10-31 19:03:32,263 [INFO] simulation.WL_saw:288 failed to grow rate: 54%, out of range:  0% 
2022-10-31 19:03:42,476 [INFO] simulation.WL_saw:288 failed to grow rate: 54%, out of range:  0% 
2022-10-31 19:03:52,695 [INFO] simulation.WL_saw:288 failed to grow rate: 54%, out of range:  0% 
2022-10-31 19:04:03,038 [INFO] simulation.WL_saw:288 failed to grow rate: 54%, out of range:  0% 
2022-10-31 19:04:13,376 [INFO] simulation.WL_saw:288 failed to grow rate: 55%, out of range:  0% 
2022-10-31 19:04:23,652 [INFO] simulation.WL_saw:288 failed to grow rate: 56%, out of range:  0% 
2022-10-31 19:04:33,966 [INFO] simulation.WL_saw:288 failed to grow rate: 54%, out of range:  0% 
2022-10-31 19:04:44,266 [INFO] simulation.WL_saw:288 failed to grow rate: 54%, out of range:  0% 
2022-10-31 19:04:54,541 [INFO] simulation.WL_saw:288 failed to grow rate: 54%, out of range:  0% 
2022-10-31 19:04:54,541 [INFO] simulation.WL_saw:293 ds=3.906250e-04, ds_min=0.000001, sweep number=38
2022-10-31 19:05:04,693 [INFO] simulation.WL_saw:288 failed to grow rate: 55%, out of range:  0% 
2022-10-31 19:05:14,859 [INFO] simulation.WL_saw:288 failed to grow rate: 55%, out of range:  0% 
2022-10-31 19:05:24,974 [INFO] simulation.WL_saw:288 failed to grow rate: 55%, out of range:  0% 
2022-10-31 19:05:35,144 [INFO] simulation.WL_saw:288 failed to grow rate: 55%, out of range:  0% 
2022-10-31 19:05:45,344 [INFO] simulation.WL_saw:288 failed to grow rate: 54%, out of range:  0% 
2022-10-31 19:05:55,645 [INFO] simulation.WL_saw:288 failed to grow rate: 55%, out of range:  0% 
2022-10-31 19:06:05,948 [INFO] simulation.WL_saw:288 failed to grow rate: 55%, out of range:  0% 
2022-10-31 19:06:16,317 [INFO] simulation.WL_saw:288 failed to grow rate: 54%, out of range:  0% 
2022-10-31 19:06:26,512 [INFO] simulation.WL_saw:288 failed to grow rate: 54%, out of range:  0% 
2022-10-31 19:06:36,715 [INFO] simulation.WL_saw:288 failed to grow rate: 54%, out of range:  0% 
2022-10-31 19:06:46,917 [INFO] simulation.WL_saw:288 failed to grow rate: 55%, out of range:  0% 
2022-10-31 19:06:57,067 [INFO] simulation.WL_saw:288 failed to grow rate: 54%, out of range:  0% 
2022-10-31 19:07:07,073 [INFO] simulation.WL_saw:288 failed to grow rate: 54%, out of range:  0% 
2022-10-31 19:07:07,074 [INFO] simulation.WL_saw:293 ds=1.953125e-04, ds_min=0.000001, sweep number=51
2022-10-31 19:07:17,003 [INFO] simulation.WL_saw:288 failed to grow rate: 55%, out of range:  0% 
2022-10-31 19:07:27,238 [INFO] simulation.WL_saw:288 failed to grow rate: 54%, out of range:  0% 
2022-10-31 19:07:37,429 [INFO] simulation.WL_saw:288 failed to grow rate: 55%, out of range:  0% 
2022-10-31 19:07:47,686 [INFO] simulation.WL_saw:288 failed to grow rate: 54%, out of range:  0% 
2022-10-31 19:07:57,637 [INFO] simulation.WL_saw:288 failed to grow rate: 54%, out of range:  0% 
2022-10-31 19:08:07,814 [INFO] simulation.WL_saw:288 failed to grow rate: 53%, out of range:  0% 
2022-10-31 19:08:18,007 [INFO] simulation.WL_saw:288 failed to grow rate: 55%, out of range:  0% 
2022-10-31 19:08:28,012 [INFO] simulation.WL_saw:288 failed to grow rate: 54%, out of range:  0% 
2022-10-31 19:08:38,152 [INFO] simulation.WL_saw:288 failed to grow rate: 54%, out of range:  0% 
2022-10-31 19:08:48,322 [INFO] simulation.WL_saw:288 failed to grow rate: 55%, out of range:  0% 
2022-10-31 19:08:58,413 [INFO] simulation.WL_saw:288 failed to grow rate: 54%, out of range:  0% 
2022-10-31 19:09:08,413 [INFO] simulation.WL_saw:288 failed to grow rate: 55%, out of range:  0% 
2022-10-31 19:09:18,576 [INFO] simulation.WL_saw:288 failed to grow rate: 53%, out of range:  0% 
2022-10-31 19:09:28,764 [INFO] simulation.WL_saw:288 failed to grow rate: 54%, out of range:  0% 
2022-10-31 19:09:38,986 [INFO] simulation.WL_saw:288 failed to grow rate: 54%, out of range:  0% 
2022-10-31 19:09:38,986 [INFO] simulation.WL_saw:293 ds=9.765625e-05, ds_min=0.000001, sweep number=66
2022-10-31 19:09:49,201 [INFO] simulation.WL_saw:288 failed to grow rate: 55%, out of range:  0% 
2022-10-31 19:09:59,317 [INFO] simulation.WL_saw:288 failed to grow rate: 54%, out of range:  0% 
2022-10-31 19:10:09,448 [INFO] simulation.WL_saw:288 failed to grow rate: 55%, out of range:  0% 
2022-10-31 19:10:19,656 [INFO] simulation.WL_saw:288 failed to grow rate: 55%, out of range:  0% 
2022-10-31 19:10:29,841 [INFO] simulation.WL_saw:288 failed to grow rate: 55%, out of range:  0% 
2022-10-31 19:10:39,996 [INFO] simulation.WL_saw:288 failed to grow rate: 54%, out of range:  0% 
2022-10-31 19:10:39,996 [INFO] simulation.WL_saw:293 ds=4.882813e-05, ds_min=0.000001, sweep number=72
2022-10-31 19:10:50,175 [INFO] simulation.WL_saw:288 failed to grow rate: 54%, out of range:  0% 
2022-10-31 19:11:00,350 [INFO] simulation.WL_saw:288 failed to grow rate: 54%, out of range:  0% 
2022-10-31 19:11:10,527 [INFO] simulation.WL_saw:288 failed to grow rate: 55%, out of range:  0% 
2022-10-31 19:11:20,673 [INFO] simulation.WL_saw:288 failed to grow rate: 55%, out of range:  0% 
2022-10-31 19:11:30,809 [INFO] simulation.WL_saw:288 failed to grow rate: 54%, out of range:  0% 
2022-10-31 19:11:41,169 [INFO] simulation.WL_saw:288 failed to grow rate: 55%, out of range:  0% 
2022-10-31 19:11:51,466 [INFO] simulation.WL_saw:288 failed to grow rate: 55%, out of range:  0% 
2022-10-31 19:12:01,599 [INFO] simulation.WL_saw:288 failed to grow rate: 54%, out of range:  0% 
2022-10-31 19:12:11,782 [INFO] simulation.WL_saw:288 failed to grow rate: 54%, out of range:  0% 
2022-10-31 19:12:22,017 [INFO] simulation.WL_saw:288 failed to grow rate: 54%, out of range:  0% 
2022-10-31 19:12:32,203 [INFO] simulation.WL_saw:288 failed to grow rate: 53%, out of range:  0% 
2022-10-31 19:12:42,375 [INFO] simulation.WL_saw:288 failed to grow rate: 54%, out of range:  0% 
2022-10-31 19:12:52,573 [INFO] simulation.WL_saw:288 failed to grow rate: 54%, out of range:  0% 
2022-10-31 19:13:02,736 [INFO] simulation.WL_saw:288 failed to grow rate: 56%, out of range:  0% 
2022-10-31 19:13:12,883 [INFO] simulation.WL_saw:288 failed to grow rate: 56%, out of range:  0% 
2022-10-31 19:13:23,095 [INFO] simulation.WL_saw:288 failed to grow rate: 55%, out of range:  0% 
2022-10-31 19:13:33,021 [INFO] simulation.WL_saw:288 failed to grow rate: 53%, out of range:  0% 
2022-10-31 19:13:43,235 [INFO] simulation.WL_saw:288 failed to grow rate: 55%, out of range:  0% 
2022-10-31 19:13:53,577 [INFO] simulation.WL_saw:288 failed to grow rate: 55%, out of range:  0% 
2022-10-31 19:14:03,842 [INFO] simulation.WL_saw:288 failed to grow rate: 54%, out of range:  0% 
2022-10-31 19:14:14,065 [INFO] simulation.WL_saw:288 failed to grow rate: 54%, out of range:  0% 
2022-10-31 19:14:24,348 [INFO] simulation.WL_saw:288 failed to grow rate: 54%, out of range:  0% 
2022-10-31 19:14:34,605 [INFO] simulation.WL_saw:288 failed to grow rate: 55%, out of range:  0% 
2022-10-31 19:14:44,768 [INFO] simulation.WL_saw:288 failed to grow rate: 55%, out of range:  0% 
2022-10-31 19:14:55,055 [INFO] simulation.WL_saw:288 failed to grow rate: 54%, out of range:  0% 
2022-10-31 19:15:05,267 [INFO] simulation.WL_saw:288 failed to grow rate: 56%, out of range:  0% 
2022-10-31 19:15:15,418 [INFO] simulation.WL_saw:288 failed to grow rate: 54%, out of range:  0% 
2022-10-31 19:15:25,493 [INFO] simulation.WL_saw:288 failed to grow rate: 55%, out of range:  0% 
2022-10-31 19:15:35,683 [INFO] simulation.WL_saw:288 failed to grow rate: 55%, out of range:  0% 
2022-10-31 19:15:45,818 [INFO] simulation.WL_saw:288 failed to grow rate: 55%, out of range:  0% 
2022-10-31 19:15:56,052 [INFO] simulation.WL_saw:288 failed to grow rate: 55%, out of range:  0% 
2022-10-31 19:16:06,184 [INFO] simulation.WL_saw:288 failed to grow rate: 54%, out of range:  0% 
2022-10-31 19:16:16,382 [INFO] simulation.WL_saw:288 failed to grow rate: 55%, out of range:  0% 
2022-10-31 19:16:26,599 [INFO] simulation.WL_saw:288 failed to grow rate: 54%, out of range:  0% 
2022-10-31 19:16:36,842 [INFO] simulation.WL_saw:288 failed to grow rate: 55%, out of range:  0% 
2022-10-31 19:16:47,175 [INFO] simulation.WL_saw:288 failed to grow rate: 54%, out of range:  0% 
2022-10-31 19:16:57,317 [INFO] simulation.WL_saw:288 failed to grow rate: 55%, out of range:  0% 
2022-10-31 19:16:57,317 [INFO] simulation.WL_saw:293 ds=2.441406e-05, ds_min=0.000001, sweep number=109
2022-10-31 19:17:07,480 [INFO] simulation.WL_saw:288 failed to grow rate: 54%, out of range:  0% 
2022-10-31 19:17:17,715 [INFO] simulation.WL_saw:288 failed to grow rate: 54%, out of range:  0% 
2022-10-31 19:17:28,022 [INFO] simulation.WL_saw:288 failed to grow rate: 55%, out of range:  0% 
2022-10-31 19:17:38,198 [INFO] simulation.WL_saw:288 failed to grow rate: 54%, out of range:  0% 
2022-10-31 19:17:48,318 [INFO] simulation.WL_saw:288 failed to grow rate: 55%, out of range:  0% 
2022-10-31 19:17:58,451 [INFO] simulation.WL_saw:288 failed to grow rate: 54%, out of range:  0% 
2022-10-31 19:18:08,713 [INFO] simulation.WL_saw:288 failed to grow rate: 54%, out of range:  0% 
2022-10-31 19:18:19,009 [INFO] simulation.WL_saw:288 failed to grow rate: 53%, out of range:  0% 
2022-10-31 19:18:29,277 [INFO] simulation.WL_saw:288 failed to grow rate: 55%, out of range:  0% 
2022-10-31 19:18:29,277 [INFO] simulation.WL_saw:293 ds=1.220703e-05, ds_min=0.000001, sweep number=118
2022-10-31 19:18:39,510 [INFO] simulation.WL_saw:288 failed to grow rate: 55%, out of range:  0% 
2022-10-31 19:18:49,781 [INFO] simulation.WL_saw:288 failed to grow rate: 55%, out of range:  0% 
2022-10-31 19:19:00,105 [INFO] simulation.WL_saw:288 failed to grow rate: 54%, out of range:  0% 
2022-10-31 19:19:10,434 [INFO] simulation.WL_saw:288 failed to grow rate: 54%, out of range:  0% 
2022-10-31 19:19:20,689 [INFO] simulation.WL_saw:288 failed to grow rate: 55%, out of range:  0% 
2022-10-31 19:19:30,998 [INFO] simulation.WL_saw:288 failed to grow rate: 54%, out of range:  0% 
2022-10-31 19:19:41,287 [INFO] simulation.WL_saw:288 failed to grow rate: 53%, out of range:  0% 
2022-10-31 19:19:51,607 [INFO] simulation.WL_saw:288 failed to grow rate: 54%, out of range:  0% 
2022-10-31 19:20:01,845 [INFO] simulation.WL_saw:288 failed to grow rate: 54%, out of range:  0% 
2022-10-31 19:20:12,127 [INFO] simulation.WL_saw:288 failed to grow rate: 54%, out of range:  0% 
2022-10-31 19:20:22,407 [INFO] simulation.WL_saw:288 failed to grow rate: 55%, out of range:  0% 
2022-10-31 19:20:22,407 [INFO] simulation.WL_saw:293 ds=6.103516e-06, ds_min=0.000001, sweep number=129
2022-10-31 19:20:32,547 [INFO] simulation.WL_saw:288 failed to grow rate: 54%, out of range:  0% 
2022-10-31 19:20:42,737 [INFO] simulation.WL_saw:288 failed to grow rate: 55%, out of range:  0% 
2022-10-31 19:20:52,968 [INFO] simulation.WL_saw:288 failed to grow rate: 54%, out of range:  0% 
2022-10-31 19:21:03,187 [INFO] simulation.WL_saw:288 failed to grow rate: 54%, out of range:  0% 
2022-10-31 19:21:13,434 [INFO] simulation.WL_saw:288 failed to grow rate: 55%, out of range:  0% 
2022-10-31 19:21:23,772 [INFO] simulation.WL_saw:288 failed to grow rate: 55%, out of range:  0% 
2022-10-31 19:21:34,067 [INFO] simulation.WL_saw:288 failed to grow rate: 54%, out of range:  0% 
2022-10-31 19:21:34,067 [INFO] simulation.WL_saw:293 ds=3.051758e-06, ds_min=0.000001, sweep number=136
2022-10-31 19:21:44,312 [INFO] simulation.WL_saw:288 failed to grow rate: 54%, out of range:  0% 
2022-10-31 19:21:54,505 [INFO] simulation.WL_saw:288 failed to grow rate: 54%, out of range:  0% 
2022-10-31 19:22:04,683 [INFO] simulation.WL_saw:288 failed to grow rate: 54%, out of range:  0% 
2022-10-31 19:22:14,623 [INFO] simulation.WL_saw:288 failed to grow rate: 54%, out of range:  0% 
2022-10-31 19:22:24,783 [INFO] simulation.WL_saw:288 failed to grow rate: 55%, out of range:  0% 
2022-10-31 19:22:34,968 [INFO] simulation.WL_saw:288 failed to grow rate: 55%, out of range:  0% 
2022-10-31 19:22:45,082 [INFO] simulation.WL_saw:288 failed to grow rate: 54%, out of range:  0% 
2022-10-31 19:22:55,276 [INFO] simulation.WL_saw:288 failed to grow rate: 54%, out of range:  0% 
2022-10-31 19:23:05,221 [INFO] simulation.WL_saw:288 failed to grow rate: 55%, out of range:  0% 
2022-10-31 19:23:15,382 [INFO] simulation.WL_saw:288 failed to grow rate: 54%, out of range:  0% 
2022-10-31 19:23:25,540 [INFO] simulation.WL_saw:288 failed to grow rate: 55%, out of range:  0% 
2022-10-31 19:23:35,698 [INFO] simulation.WL_saw:288 failed to grow rate: 55%, out of range:  0% 
2022-10-31 19:23:45,842 [INFO] simulation.WL_saw:288 failed to grow rate: 53%, out of range:  0% 
2022-10-31 19:23:55,758 [INFO] simulation.WL_saw:288 failed to grow rate: 55%, out of range:  0% 
2022-10-31 19:24:05,642 [INFO] simulation.WL_saw:288 failed to grow rate: 55%, out of range:  0% 
2022-10-31 19:24:15,974 [INFO] simulation.WL_saw:288 failed to grow rate: 55%, out of range:  0% 
2022-10-31 19:24:26,233 [INFO] simulation.WL_saw:288 failed to grow rate: 55%, out of range:  0% 
2022-10-31 19:24:36,603 [INFO] simulation.WL_saw:288 failed to grow rate: 54%, out of range:  0% 
2022-10-31 19:24:46,894 [INFO] simulation.WL_saw:288 failed to grow rate: 56%, out of range:  0% 
2022-10-31 19:24:56,833 [INFO] simulation.WL_saw:288 failed to grow rate: 54%, out of range:  0% 
2022-10-31 19:24:56,833 [INFO] simulation.WL_saw:293 ds=1.525879e-06, ds_min=0.000001, sweep number=156
2022-10-31 19:25:07,208 [INFO] simulation.WL_saw:288 failed to grow rate: 55%, out of range:  0% 
2022-10-31 19:25:17,122 [INFO] simulation.WL_saw:288 failed to grow rate: 54%, out of range:  0% 
2022-10-31 19:25:27,321 [INFO] simulation.WL_saw:288 failed to grow rate: 54%, out of range:  0% 
2022-10-31 19:25:37,524 [INFO] simulation.WL_saw:288 failed to grow rate: 55%, out of range:  0% 
2022-10-31 19:25:47,736 [INFO] simulation.WL_saw:288 failed to grow rate: 55%, out of range:  0% 
2022-10-31 19:25:57,993 [INFO] simulation.WL_saw:288 failed to grow rate: 55%, out of range:  0% 
2022-10-31 19:26:08,217 [INFO] simulation.WL_saw:288 failed to grow rate: 56%, out of range:  0% 
2022-10-31 19:26:18,352 [INFO] simulation.WL_saw:288 failed to grow rate: 55%, out of range:  0% 
2022-10-31 19:26:28,496 [INFO] simulation.WL_saw:288 failed to grow rate: 55%, out of range:  0% 
2022-10-31 19:26:38,687 [INFO] simulation.WL_saw:288 failed to grow rate: 55%, out of range:  0% 
2022-10-31 19:26:48,819 [INFO] simulation.WL_saw:288 failed to grow rate: 54%, out of range:  0% 
2022-10-31 19:26:59,029 [INFO] simulation.WL_saw:288 failed to grow rate: 55%, out of range:  0% 
2022-10-31 19:27:09,354 [INFO] simulation.WL_saw:288 failed to grow rate: 54%, out of range:  0% 
2022-10-31 19:27:19,729 [INFO] simulation.WL_saw:288 failed to grow rate: 54%, out of range:  0% 
2022-10-31 19:27:29,955 [INFO] simulation.WL_saw:288 failed to grow rate: 55%, out of range:  0% 
2022-10-31 19:27:40,204 [INFO] simulation.WL_saw:288 failed to grow rate: 55%, out of range:  0% 
2022-10-31 19:27:50,420 [INFO] simulation.WL_saw:288 failed to grow rate: 55%, out of range:  0% 
2022-10-31 19:28:00,609 [INFO] simulation.WL_saw:288 failed to grow rate: 55%, out of range:  0% 
2022-10-31 19:28:10,819 [INFO] simulation.WL_saw:288 failed to grow rate: 53%, out of range:  0% 
2022-10-31 19:28:21,021 [INFO] simulation.WL_saw:288 failed to grow rate: 54%, out of range:  0% 
2022-10-31 19:28:31,198 [INFO] simulation.WL_saw:288 failed to grow rate: 53%, out of range:  0% 
2022-10-31 19:28:41,118 [INFO] simulation.WL_saw:288 failed to grow rate: 55%, out of range:  0% 
2022-10-31 19:28:51,407 [INFO] simulation.WL_saw:288 failed to grow rate: 53%, out of range:  0% 
2022-10-31 19:29:01,322 [INFO] simulation.WL_saw:288 failed to grow rate: 55%, out of range:  0% 
2022-10-31 19:29:11,218 [INFO] simulation.WL_saw:288 failed to grow rate: 55%, out of range:  0% 
2022-10-31 19:29:21,156 [INFO] simulation.WL_saw:288 failed to grow rate: 53%, out of range:  0% 
2022-10-31 19:29:31,071 [INFO] simulation.WL_saw:288 failed to grow rate: 54%, out of range:  0% 
2022-10-31 19:29:41,263 [INFO] simulation.WL_saw:288 failed to grow rate: 55%, out of range:  0% 
2022-10-31 19:29:51,381 [INFO] simulation.WL_saw:288 failed to grow rate: 55%, out of range:  0% 
2022-10-31 19:30:01,569 [INFO] simulation.WL_saw:288 failed to grow rate: 53%, out of range:  0% 
2022-10-31 19:30:11,836 [INFO] simulation.WL_saw:288 failed to grow rate: 53%, out of range:  0% 
2022-10-31 19:30:22,089 [INFO] simulation.WL_saw:288 failed to grow rate: 53%, out of range:  0% 
2022-10-31 19:30:32,427 [INFO] simulation.WL_saw:288 failed to grow rate: 54%, out of range:  0% 
2022-10-31 19:30:42,758 [INFO] simulation.WL_saw:288 failed to grow rate: 55%, out of range:  0% 
2022-10-31 19:30:52,971 [INFO] simulation.WL_saw:288 failed to grow rate: 55%, out of range:  0% 
2022-10-31 19:31:03,209 [INFO] simulation.WL_saw:288 failed to grow rate: 54%, out of range:  0% 
2022-10-31 19:31:13,499 [INFO] simulation.WL_saw:288 failed to grow rate: 56%, out of range:  0% 
2022-10-31 19:31:23,800 [INFO] simulation.WL_saw:288 failed to grow rate: 56%, out of range:  0% 
2022-10-31 19:31:34,098 [INFO] simulation.WL_saw:288 failed to grow rate: 56%, out of range:  0% 
2022-10-31 19:31:44,400 [INFO] simulation.WL_saw:288 failed to grow rate: 54%, out of range:  0% 
2022-10-31 19:31:54,661 [INFO] simulation.WL_saw:288 failed to grow rate: 55%, out of range:  0% 
2022-10-31 19:32:04,926 [INFO] simulation.WL_saw:288 failed to grow rate: 55%, out of range:  0% 
2022-10-31 19:32:04,926 [INFO] simulation.WL_saw:293 ds=7.629395e-07, ds_min=0.000001, sweep number=198
2022-10-31 19:32:04,926 [INFO] run_saw.run:317 s: [array([53. , 79.5, 81.4, 81.9, 79.4, 67.3]), array([100.4 , 115.55, 117.35, 117.85, 115.3 , 103.8 ]), array([122.1  , 132.625, 135.35 , 135.05 , 133.275, 126.05 ]), array([139.3875, 144.9375, 148.7625, 148.625 , 146.4   , 139.825 ]), array([150.96875, 159.8625 , 162.55625, 161.89375, 160.7125 , 157.01875]), array([157.709375, 165.7     , 168.378125, 168.509375, 166.36875 ,
       162.18125 ]), array([160.13125  , 168.7453125, 171.4453125, 171.384375 , 168.8703125,
       165.9484375]), array([165.01015625, 172.26875   , 174.7625    , 174.75234375,
       172.91484375, 170.00859375]), array([167.08125   , 174.61914062, 176.52070312, 176.59179687,
       175.021875  , 171.42304687]), array([167.94667969, 175.76582031, 177.92226563, 177.84667969,
       175.98847656, 172.50058594]), array([168.1125    , 175.93339844, 178.17480469, 178.078125  ,
       176.25712891, 172.74619141]), array([168.99711914, 176.50581055, 178.81186523, 178.68608398,
       176.81958008, 173.58925781]), array([169.07561035, 176.57509766, 178.90583496, 178.77155762,
       176.90422363, 173.67741699]), array([169.13846436, 176.62283936, 178.95603027, 178.82080078,
       176.9581665 , 173.72043457]), array([169.15056763, 176.63536987, 178.9741272 , 178.83503418,
       176.9782959 , 173.74091187]), array([169.17195435, 176.66016541, 179.00260925, 178.86058044,
       176.99842834, 173.75927124]), array([169.20350494, 176.67718201, 179.02068481, 178.88146973,
       177.02767487, 173.78829193])]
2022-10-31 19:32:04,930 [INFO] run_saw.get_n_saws:235 specific_excess_entropy from the analytical curve  for n=42 is: -0.276
2022-10-31 19:32:04,931 [INFO] run_saw.get_n_saws:237 the total number of phantom conformation for n=42 is 1.146037e+30
2022-10-31 19:32:04,931 [INFO] run_saw.run:322 saving results
2022-10-31 19:32:04,932 [INFO] run_saw.save_results:199 saving results to: /home/alexey/projects/chromosome_segregation/chromosome_segregation/results_saw_wl/density_0.4/run_25/data.csv
2022-10-31 19:32:04,932 [INFO] run_saw.save_results:203 saving the line: 4,0.955,-1.12
2022-10-31 19:32:04,932 [INFO] run_saw.save_results:203 saving the line: 9,0.389,-1.298
2022-10-31 19:32:04,932 [INFO] run_saw.save_results:203 saving the line: 16,0.202,-1.356
2022-10-31 19:32:04,932 [INFO] run_saw.save_results:203 saving the line: 25,0.12,-1.37
2022-10-31 19:32:04,932 [INFO] run_saw.save_results:203 saving the line: 36,0.078,-1.372
2022-10-31 19:32:04,932 [INFO] run_saw.save_results:203 saving the line: 49,0.054,-1.372
2022-10-31 19:32:04,932 [INFO] run_saw.save_results:207 saving parameters to /home/alexey/projects/chromosome_segregation/chromosome_segregation/results_saw_wl/density_0.4/run_25/params.json
2022-10-31 19:32:04,933 [INFO] run_saw.get_n_saws:235 specific_excess_entropy from the analytical curve  for n=42 is: -0.276
2022-10-31 19:32:04,934 [INFO] run_saw.get_n_saws:237 the total number of phantom conformation for n=42 is 1.146037e+30
2022-10-31 19:32:04,934 [INFO] run_saw.process_result:253 number of SAWs for n=42 is 1.056022e+25
2022-10-31 19:32:04,934 [INFO] run_saw.process_result:256 number of SAWs for n=42 inside the box=[12, 3, 3] is 4.812136e+23
2022-10-31 19:32:04,935 [INFO] run_saw.process_result:259 specific free energy for n=42 and box=[12, 3, 3] is: -1.298
2022-10-31 19:32:04,935 [INFO] run_saw.run:294 running WL_saw with n=38,  box=[11, 3, 3]
2022-10-31 19:32:04,935 [INFO] run_saw.run:306 ([10, 11, 12, 13, 14, 15], [2, 3, 4, 5, 6, 7], [2, 3, 4, 5, 6, 7])
2022-10-31 19:32:04,935 [INFO] run_saw.run:313 {'extend_to_left': 1, 'extend_to_right': 4, 'flatness': 0.3, 'scale_alpha': 1.0, 'ds_min': 1e-06}
2022-10-31 19:32:04,935 [INFO] simulation.WL_saw:193 s size is: 6
2022-10-31 19:32:04,935 [INFO] simulation.WL_saw:194 counts size is: 6
2022-10-31 19:32:04,935 [INFO] simulation.WL_saw:196 indexes: [0, 1, 2, 3, 4, 5]
2022-10-31 19:32:04,935 [INFO] simulation.WL_saw:208 scale alpha is: 1.000000
2022-10-31 19:32:04,935 [INFO] simulation.WL_saw:209 shifl alpha is: -0.000000
2022-10-31 19:32:14,078 [INFO] simulation.WL_saw:288 failed to grow rate: 53%, out of range:  0% 
2022-10-31 19:32:14,078 [INFO] simulation.WL_saw:293 ds=5.000000e-02, ds_min=0.000001, sweep number=1
2022-10-31 19:32:23,215 [INFO] simulation.WL_saw:288 failed to grow rate: 54%, out of range:  0% 
2022-10-31 19:32:32,327 [INFO] simulation.WL_saw:288 failed to grow rate: 54%, out of range:  0% 
2022-10-31 19:32:32,327 [INFO] simulation.WL_saw:293 ds=2.500000e-02, ds_min=0.000001, sweep number=3
2022-10-31 19:32:41,455 [INFO] simulation.WL_saw:288 failed to grow rate: 52%, out of range:  0% 
2022-10-31 19:32:50,596 [INFO] simulation.WL_saw:288 failed to grow rate: 53%, out of range:  0% 
2022-10-31 19:32:59,748 [INFO] simulation.WL_saw:288 failed to grow rate: 53%, out of range:  0% 
2022-10-31 19:32:59,748 [INFO] simulation.WL_saw:293 ds=1.250000e-02, ds_min=0.000001, sweep number=6
2022-10-31 19:33:08,917 [INFO] simulation.WL_saw:288 failed to grow rate: 53%, out of range:  0% 
2022-10-31 19:33:18,094 [INFO] simulation.WL_saw:288 failed to grow rate: 52%, out of range:  0% 
2022-10-31 19:33:18,094 [INFO] simulation.WL_saw:293 ds=6.250000e-03, ds_min=0.000001, sweep number=8
2022-10-31 19:33:27,224 [INFO] simulation.WL_saw:288 failed to grow rate: 54%, out of range:  0% 
2022-10-31 19:33:36,341 [INFO] simulation.WL_saw:288 failed to grow rate: 53%, out of range:  0% 
2022-10-31 19:33:45,422 [INFO] simulation.WL_saw:288 failed to grow rate: 52%, out of range:  0% 
2022-10-31 19:33:54,514 [INFO] simulation.WL_saw:288 failed to grow rate: 52%, out of range:  0% 
2022-10-31 19:33:54,514 [INFO] simulation.WL_saw:293 ds=3.125000e-03, ds_min=0.000001, sweep number=12
2022-10-31 19:34:03,584 [INFO] simulation.WL_saw:288 failed to grow rate: 52%, out of range:  0% 
2022-10-31 19:34:12,756 [INFO] simulation.WL_saw:288 failed to grow rate: 53%, out of range:  0% 
2022-10-31 19:34:21,857 [INFO] simulation.WL_saw:288 failed to grow rate: 53%, out of range:  0% 
2022-10-31 19:34:30,850 [INFO] simulation.WL_saw:288 failed to grow rate: 54%, out of range:  0% 
2022-10-31 19:34:39,915 [INFO] simulation.WL_saw:288 failed to grow rate: 54%, out of range:  0% 
2022-10-31 19:34:48,999 [INFO] simulation.WL_saw:288 failed to grow rate: 53%, out of range:  0% 
2022-10-31 19:34:58,020 [INFO] simulation.WL_saw:288 failed to grow rate: 54%, out of range:  0% 
2022-10-31 19:35:07,112 [INFO] simulation.WL_saw:288 failed to grow rate: 54%, out of range:  0% 
2022-10-31 19:35:07,112 [INFO] simulation.WL_saw:293 ds=1.562500e-03, ds_min=0.000001, sweep number=20
2022-10-31 19:35:16,194 [INFO] simulation.WL_saw:288 failed to grow rate: 52%, out of range:  0% 
2022-10-31 19:35:25,303 [INFO] simulation.WL_saw:288 failed to grow rate: 52%, out of range:  0% 
2022-10-31 19:35:34,328 [INFO] simulation.WL_saw:288 failed to grow rate: 53%, out of range:  0% 
2022-10-31 19:35:43,494 [INFO] simulation.WL_saw:288 failed to grow rate: 53%, out of range:  0% 
2022-10-31 19:35:52,609 [INFO] simulation.WL_saw:288 failed to grow rate: 53%, out of range:  0% 
2022-10-31 19:36:01,691 [INFO] simulation.WL_saw:288 failed to grow rate: 53%, out of range:  0% 
2022-10-31 19:36:01,691 [INFO] simulation.WL_saw:293 ds=7.812500e-04, ds_min=0.000001, sweep number=26
2022-10-31 19:36:10,800 [INFO] simulation.WL_saw:288 failed to grow rate: 52%, out of range:  0% 
2022-10-31 19:36:19,909 [INFO] simulation.WL_saw:288 failed to grow rate: 53%, out of range:  0% 
2022-10-31 19:36:29,001 [INFO] simulation.WL_saw:288 failed to grow rate: 51%, out of range:  0% 
2022-10-31 19:36:38,120 [INFO] simulation.WL_saw:288 failed to grow rate: 53%, out of range:  0% 
2022-10-31 19:36:47,213 [INFO] simulation.WL_saw:288 failed to grow rate: 54%, out of range:  0% 
2022-10-31 19:36:56,276 [INFO] simulation.WL_saw:288 failed to grow rate: 53%, out of range:  0% 
2022-10-31 19:37:05,436 [INFO] simulation.WL_saw:288 failed to grow rate: 53%, out of range:  0% 
2022-10-31 19:37:05,436 [INFO] simulation.WL_saw:293 ds=3.906250e-04, ds_min=0.000001, sweep number=33
2022-10-31 19:37:14,619 [INFO] simulation.WL_saw:288 failed to grow rate: 53%, out of range:  0% 
2022-10-31 19:37:23,711 [INFO] simulation.WL_saw:288 failed to grow rate: 53%, out of range:  0% 
2022-10-31 19:37:32,802 [INFO] simulation.WL_saw:288 failed to grow rate: 52%, out of range:  0% 
2022-10-31 19:37:41,874 [INFO] simulation.WL_saw:288 failed to grow rate: 53%, out of range:  0% 
2022-10-31 19:37:50,954 [INFO] simulation.WL_saw:288 failed to grow rate: 53%, out of range:  0% 
2022-10-31 19:38:00,108 [INFO] simulation.WL_saw:288 failed to grow rate: 52%, out of range:  0% 
2022-10-31 19:38:00,108 [INFO] simulation.WL_saw:293 ds=1.953125e-04, ds_min=0.000001, sweep number=39
2022-10-31 19:38:09,038 [INFO] simulation.WL_saw:288 failed to grow rate: 53%, out of range:  0% 
2022-10-31 19:38:18,120 [INFO] simulation.WL_saw:288 failed to grow rate: 54%, out of range:  0% 
2022-10-31 19:38:27,221 [INFO] simulation.WL_saw:288 failed to grow rate: 53%, out of range:  0% 
2022-10-31 19:38:36,148 [INFO] simulation.WL_saw:288 failed to grow rate: 53%, out of range:  0% 
2022-10-31 19:38:45,257 [INFO] simulation.WL_saw:288 failed to grow rate: 52%, out of range:  0% 
2022-10-31 19:38:54,183 [INFO] simulation.WL_saw:288 failed to grow rate: 53%, out of range:  0% 
2022-10-31 19:39:03,316 [INFO] simulation.WL_saw:288 failed to grow rate: 52%, out of range:  0% 
2022-10-31 19:39:12,415 [INFO] simulation.WL_saw:288 failed to grow rate: 52%, out of range:  0% 
2022-10-31 19:39:21,532 [INFO] simulation.WL_saw:288 failed to grow rate: 53%, out of range:  0% 
2022-10-31 19:39:30,620 [INFO] simulation.WL_saw:288 failed to grow rate: 52%, out of range:  0% 
2022-10-31 19:39:39,697 [INFO] simulation.WL_saw:288 failed to grow rate: 54%, out of range:  0% 
2022-10-31 19:39:48,775 [INFO] simulation.WL_saw:288 failed to grow rate: 52%, out of range:  0% 
2022-10-31 19:39:57,917 [INFO] simulation.WL_saw:288 failed to grow rate: 54%, out of range:  0% 
2022-10-31 19:40:07,074 [INFO] simulation.WL_saw:288 failed to grow rate: 52%, out of range:  0% 
2022-10-31 19:40:07,074 [INFO] simulation.WL_saw:293 ds=9.765625e-05, ds_min=0.000001, sweep number=53
2022-10-31 19:40:16,216 [INFO] simulation.WL_saw:288 failed to grow rate: 53%, out of range:  0% 
2022-10-31 19:40:25,403 [INFO] simulation.WL_saw:288 failed to grow rate: 52%, out of range:  0% 
2022-10-31 19:40:34,517 [INFO] simulation.WL_saw:288 failed to grow rate: 53%, out of range:  0% 
2022-10-31 19:40:43,652 [INFO] simulation.WL_saw:288 failed to grow rate: 53%, out of range:  0% 
2022-10-31 19:40:52,733 [INFO] simulation.WL_saw:288 failed to grow rate: 54%, out of range:  0% 
2022-10-31 19:41:01,831 [INFO] simulation.WL_saw:288 failed to grow rate: 52%, out of range:  0% 
2022-10-31 19:41:10,935 [INFO] simulation.WL_saw:288 failed to grow rate: 52%, out of range:  0% 
2022-10-31 19:41:20,076 [INFO] simulation.WL_saw:288 failed to grow rate: 52%, out of range:  0% 
2022-10-31 19:41:29,184 [INFO] simulation.WL_saw:288 failed to grow rate: 52%, out of range:  0% 
2022-10-31 19:41:38,296 [INFO] simulation.WL_saw:288 failed to grow rate: 53%, out of range:  0% 
2022-10-31 19:41:47,392 [INFO] simulation.WL_saw:288 failed to grow rate: 53%, out of range:  0% 
2022-10-31 19:41:56,565 [INFO] simulation.WL_saw:288 failed to grow rate: 54%, out of range:  0% 
2022-10-31 19:42:05,809 [INFO] simulation.WL_saw:288 failed to grow rate: 52%, out of range:  0% 
2022-10-31 19:42:14,896 [INFO] simulation.WL_saw:288 failed to grow rate: 55%, out of range:  0% 
2022-10-31 19:42:24,021 [INFO] simulation.WL_saw:288 failed to grow rate: 53%, out of range:  0% 
2022-10-31 19:42:33,116 [INFO] simulation.WL_saw:288 failed to grow rate: 52%, out of range:  0% 
2022-10-31 19:42:42,234 [INFO] simulation.WL_saw:288 failed to grow rate: 53%, out of range:  0% 
2022-10-31 19:42:51,314 [INFO] simulation.WL_saw:288 failed to grow rate: 53%, out of range:  0% 
2022-10-31 19:43:00,443 [INFO] simulation.WL_saw:288 failed to grow rate: 53%, out of range:  0% 
2022-10-31 19:43:09,532 [INFO] simulation.WL_saw:288 failed to grow rate: 52%, out of range:  0% 
2022-10-31 19:43:18,663 [INFO] simulation.WL_saw:288 failed to grow rate: 53%, out of range:  0% 
2022-10-31 19:43:27,550 [INFO] simulation.WL_saw:288 failed to grow rate: 54%, out of range:  0% 
2022-10-31 19:43:36,448 [INFO] simulation.WL_saw:288 failed to grow rate: 52%, out of range:  0% 
2022-10-31 19:43:45,537 [INFO] simulation.WL_saw:288 failed to grow rate: 52%, out of range:  0% 
2022-10-31 19:43:54,679 [INFO] simulation.WL_saw:288 failed to grow rate: 53%, out of range:  0% 
2022-10-31 19:44:03,596 [INFO] simulation.WL_saw:288 failed to grow rate: 53%, out of range:  0% 
2022-10-31 19:44:12,520 [INFO] simulation.WL_saw:288 failed to grow rate: 52%, out of range:  0% 
2022-10-31 19:44:21,622 [INFO] simulation.WL_saw:288 failed to grow rate: 55%, out of range:  0% 
2022-10-31 19:44:30,701 [INFO] simulation.WL_saw:288 failed to grow rate: 53%, out of range:  0% 
2022-10-31 19:44:39,817 [INFO] simulation.WL_saw:288 failed to grow rate: 53%, out of range:  0% 
2022-10-31 19:44:48,971 [INFO] simulation.WL_saw:288 failed to grow rate: 53%, out of range:  0% 
2022-10-31 19:44:58,119 [INFO] simulation.WL_saw:288 failed to grow rate: 52%, out of range:  0% 
2022-10-31 19:45:07,058 [INFO] simulation.WL_saw:288 failed to grow rate: 54%, out of range:  0% 
2022-10-31 19:45:16,136 [INFO] simulation.WL_saw:288 failed to grow rate: 53%, out of range:  0% 
2022-10-31 19:45:25,247 [INFO] simulation.WL_saw:288 failed to grow rate: 51%, out of range:  0% 
2022-10-31 19:45:34,348 [INFO] simulation.WL_saw:288 failed to grow rate: 52%, out of range:  0% 
2022-10-31 19:45:43,461 [INFO] simulation.WL_saw:288 failed to grow rate: 53%, out of range:  0% 
2022-10-31 19:45:52,372 [INFO] simulation.WL_saw:288 failed to grow rate: 53%, out of range:  0% 
2022-10-31 19:46:01,416 [INFO] simulation.WL_saw:288 failed to grow rate: 53%, out of range:  0% 
2022-10-31 19:46:10,481 [INFO] simulation.WL_saw:288 failed to grow rate: 54%, out of range:  0% 
2022-10-31 19:46:19,572 [INFO] simulation.WL_saw:288 failed to grow rate: 54%, out of range:  0% 
2022-10-31 19:46:28,644 [INFO] simulation.WL_saw:288 failed to grow rate: 53%, out of range:  0% 
2022-10-31 19:46:37,816 [INFO] simulation.WL_saw:288 failed to grow rate: 54%, out of range:  0% 
2022-10-31 19:46:46,985 [INFO] simulation.WL_saw:288 failed to grow rate: 53%, out of range:  0% 
2022-10-31 19:46:56,074 [INFO] simulation.WL_saw:288 failed to grow rate: 52%, out of range:  0% 
2022-10-31 19:47:05,168 [INFO] simulation.WL_saw:288 failed to grow rate: 53%, out of range:  0% 
2022-10-31 19:47:14,264 [INFO] simulation.WL_saw:288 failed to grow rate: 54%, out of range:  0% 
2022-10-31 19:47:23,391 [INFO] simulation.WL_saw:288 failed to grow rate: 52%, out of range:  0% 
2022-10-31 19:47:32,523 [INFO] simulation.WL_saw:288 failed to grow rate: 52%, out of range:  0% 
2022-10-31 19:47:32,523 [INFO] simulation.WL_saw:293 ds=4.882813e-05, ds_min=0.000001, sweep number=102
2022-10-31 19:47:41,407 [INFO] simulation.WL_saw:288 failed to grow rate: 53%, out of range:  0% 
2022-10-31 19:47:50,290 [INFO] simulation.WL_saw:288 failed to grow rate: 53%, out of range:  0% 
2022-10-31 19:47:59,385 [INFO] simulation.WL_saw:288 failed to grow rate: 53%, out of range:  0% 
2022-10-31 19:48:08,522 [INFO] simulation.WL_saw:288 failed to grow rate: 52%, out of range:  0% 
2022-10-31 19:48:17,697 [INFO] simulation.WL_saw:288 failed to grow rate: 53%, out of range:  0% 
2022-10-31 19:48:27,028 [INFO] simulation.WL_saw:288 failed to grow rate: 53%, out of range:  0% 
2022-10-31 19:48:36,462 [INFO] simulation.WL_saw:288 failed to grow rate: 51%, out of range:  0% 
2022-10-31 19:48:45,654 [INFO] simulation.WL_saw:288 failed to grow rate: 53%, out of range:  0% 
2022-10-31 19:48:54,977 [INFO] simulation.WL_saw:288 failed to grow rate: 53%, out of range:  0% 
2022-10-31 19:49:04,193 [INFO] simulation.WL_saw:288 failed to grow rate: 53%, out of range:  0% 
2022-10-31 19:49:13,057 [INFO] simulation.WL_saw:288 failed to grow rate: 52%, out of range:  0% 
2022-10-31 19:49:22,327 [INFO] simulation.WL_saw:288 failed to grow rate: 52%, out of range:  0% 
2022-10-31 19:49:31,648 [INFO] simulation.WL_saw:288 failed to grow rate: 54%, out of range:  0% 
2022-10-31 19:49:40,979 [INFO] simulation.WL_saw:288 failed to grow rate: 52%, out of range:  0% 
2022-10-31 19:49:50,317 [INFO] simulation.WL_saw:288 failed to grow rate: 51%, out of range:  0% 
2022-10-31 19:49:59,697 [INFO] simulation.WL_saw:288 failed to grow rate: 54%, out of range:  0% 
2022-10-31 19:50:08,996 [INFO] simulation.WL_saw:288 failed to grow rate: 54%, out of range:  0% 
2022-10-31 19:50:18,204 [INFO] simulation.WL_saw:288 failed to grow rate: 53%, out of range:  0% 
2022-10-31 19:50:27,346 [INFO] simulation.WL_saw:288 failed to grow rate: 54%, out of range:  0% 
2022-10-31 19:50:36,225 [INFO] simulation.WL_saw:288 failed to grow rate: 53%, out of range:  0% 
2022-10-31 19:50:45,112 [INFO] simulation.WL_saw:288 failed to grow rate: 52%, out of range:  0% 
2022-10-31 19:50:54,460 [INFO] simulation.WL_saw:288 failed to grow rate: 54%, out of range:  0% 
2022-10-31 19:51:03,825 [INFO] simulation.WL_saw:288 failed to grow rate: 54%, out of range:  0% 
2022-10-31 19:51:13,170 [INFO] simulation.WL_saw:288 failed to grow rate: 53%, out of range:  0% 
2022-10-31 19:51:22,572 [INFO] simulation.WL_saw:288 failed to grow rate: 53%, out of range:  0% 
2022-10-31 19:51:31,725 [INFO] simulation.WL_saw:288 failed to grow rate: 54%, out of range:  0% 
2022-10-31 19:51:40,927 [INFO] simulation.WL_saw:288 failed to grow rate: 54%, out of range:  0% 
2022-10-31 19:51:50,113 [INFO] simulation.WL_saw:288 failed to grow rate: 52%, out of range:  0% 
2022-10-31 19:51:59,269 [INFO] simulation.WL_saw:288 failed to grow rate: 53%, out of range:  0% 
2022-10-31 19:51:59,269 [INFO] simulation.WL_saw:293 ds=2.441406e-05, ds_min=0.000001, sweep number=131
2022-10-31 19:52:08,414 [INFO] simulation.WL_saw:288 failed to grow rate: 52%, out of range:  0% 
2022-10-31 19:52:17,658 [INFO] simulation.WL_saw:288 failed to grow rate: 52%, out of range:  0% 
2022-10-31 19:52:26,852 [INFO] simulation.WL_saw:288 failed to grow rate: 53%, out of range:  0% 
2022-10-31 19:52:36,039 [INFO] simulation.WL_saw:288 failed to grow rate: 52%, out of range:  0% 
2022-10-31 19:52:45,399 [INFO] simulation.WL_saw:288 failed to grow rate: 52%, out of range:  0% 
2022-10-31 19:52:54,741 [INFO] simulation.WL_saw:288 failed to grow rate: 52%, out of range:  0% 
2022-10-31 19:53:04,070 [INFO] simulation.WL_saw:288 failed to grow rate: 51%, out of range:  0% 
2022-10-31 19:53:13,254 [INFO] simulation.WL_saw:288 failed to grow rate: 54%, out of range:  0% 
2022-10-31 19:53:22,375 [INFO] simulation.WL_saw:288 failed to grow rate: 53%, out of range:  0% 
2022-10-31 19:53:31,557 [INFO] simulation.WL_saw:288 failed to grow rate: 53%, out of range:  0% 
2022-10-31 19:53:40,657 [INFO] simulation.WL_saw:288 failed to grow rate: 53%, out of range:  0% 
2022-10-31 19:53:49,782 [INFO] simulation.WL_saw:288 failed to grow rate: 55%, out of range:  0% 
2022-10-31 19:53:58,933 [INFO] simulation.WL_saw:288 failed to grow rate: 53%, out of range:  0% 
2022-10-31 19:54:08,018 [INFO] simulation.WL_saw:288 failed to grow rate: 54%, out of range:  0% 
2022-10-31 19:54:17,182 [INFO] simulation.WL_saw:288 failed to grow rate: 53%, out of range:  0% 
2022-10-31 19:54:26,334 [INFO] simulation.WL_saw:288 failed to grow rate: 53%, out of range:  0% 
2022-10-31 19:54:35,441 [INFO] simulation.WL_saw:288 failed to grow rate: 53%, out of range:  0% 
2022-10-31 19:54:44,621 [INFO] simulation.WL_saw:288 failed to grow rate: 51%, out of range:  0% 
2022-10-31 19:54:53,876 [INFO] simulation.WL_saw:288 failed to grow rate: 52%, out of range:  0% 
2022-10-31 19:55:03,174 [INFO] simulation.WL_saw:288 failed to grow rate: 53%, out of range:  0% 
2022-10-31 19:55:12,548 [INFO] simulation.WL_saw:288 failed to grow rate: 52%, out of range:  0% 
2022-10-31 19:55:21,657 [INFO] simulation.WL_saw:288 failed to grow rate: 54%, out of range:  0% 
2022-10-31 19:55:30,820 [INFO] simulation.WL_saw:288 failed to grow rate: 53%, out of range:  0% 
2022-10-31 19:55:30,820 [INFO] simulation.WL_saw:293 ds=1.220703e-05, ds_min=0.000001, sweep number=154
2022-10-31 19:55:39,691 [INFO] simulation.WL_saw:288 failed to grow rate: 54%, out of range:  0% 
2022-10-31 19:55:48,880 [INFO] simulation.WL_saw:288 failed to grow rate: 54%, out of range:  0% 
2022-10-31 19:55:58,155 [INFO] simulation.WL_saw:288 failed to grow rate: 52%, out of range:  0% 
2022-10-31 19:56:07,453 [INFO] simulation.WL_saw:288 failed to grow rate: 53%, out of range:  0% 
2022-10-31 19:56:16,686 [INFO] simulation.WL_saw:288 failed to grow rate: 53%, out of range:  0% 
2022-10-31 19:56:25,827 [INFO] simulation.WL_saw:288 failed to grow rate: 53%, out of range:  0% 
2022-10-31 19:56:34,950 [INFO] simulation.WL_saw:288 failed to grow rate: 55%, out of range:  0% 
2022-10-31 19:56:44,196 [INFO] simulation.WL_saw:288 failed to grow rate: 53%, out of range:  0% 
2022-10-31 19:56:53,430 [INFO] simulation.WL_saw:288 failed to grow rate: 53%, out of range:  0% 
2022-10-31 19:57:02,760 [INFO] simulation.WL_saw:288 failed to grow rate: 54%, out of range:  0% 
2022-10-31 19:57:12,061 [INFO] simulation.WL_saw:288 failed to grow rate: 52%, out of range:  0% 
2022-10-31 19:57:20,960 [INFO] simulation.WL_saw:288 failed to grow rate: 53%, out of range:  0% 
2022-10-31 19:57:29,868 [INFO] simulation.WL_saw:288 failed to grow rate: 52%, out of range:  0% 
2022-10-31 19:57:39,172 [INFO] simulation.WL_saw:288 failed to grow rate: 53%, out of range:  0% 
2022-10-31 19:57:48,453 [INFO] simulation.WL_saw:288 failed to grow rate: 53%, out of range:  0% 
2022-10-31 19:57:57,801 [INFO] simulation.WL_saw:288 failed to grow rate: 54%, out of range:  0% 
2022-10-31 19:58:07,130 [INFO] simulation.WL_saw:288 failed to grow rate: 53%, out of range:  0% 
2022-10-31 19:58:16,058 [INFO] simulation.WL_saw:288 failed to grow rate: 52%, out of range:  0% 
2022-10-31 19:58:25,367 [INFO] simulation.WL_saw:288 failed to grow rate: 52%, out of range:  0% 
2022-10-31 19:58:34,574 [INFO] simulation.WL_saw:288 failed to grow rate: 53%, out of range:  0% 
2022-10-31 19:58:43,914 [INFO] simulation.WL_saw:288 failed to grow rate: 53%, out of range:  0% 
2022-10-31 19:58:53,001 [INFO] simulation.WL_saw:288 failed to grow rate: 54%, out of range:  0% 
2022-10-31 19:59:02,257 [INFO] simulation.WL_saw:288 failed to grow rate: 52%, out of range:  0% 
2022-10-31 19:59:11,122 [INFO] simulation.WL_saw:288 failed to grow rate: 53%, out of range:  0% 
2022-10-31 19:59:20,009 [INFO] simulation.WL_saw:288 failed to grow rate: 52%, out of range:  0% 
2022-10-31 19:59:28,902 [INFO] simulation.WL_saw:288 failed to grow rate: 53%, out of range:  0% 
2022-10-31 19:59:38,041 [INFO] simulation.WL_saw:288 failed to grow rate: 52%, out of range:  0% 
2022-10-31 19:59:47,155 [INFO] simulation.WL_saw:288 failed to grow rate: 53%, out of range:  0% 
2022-10-31 19:59:56,411 [INFO] simulation.WL_saw:288 failed to grow rate: 52%, out of range:  0% 
2022-10-31 20:00:05,624 [INFO] simulation.WL_saw:288 failed to grow rate: 54%, out of range:  0% 
2022-10-31 20:00:14,936 [INFO] simulation.WL_saw:288 failed to grow rate: 52%, out of range:  0% 
2022-10-31 20:00:24,119 [INFO] simulation.WL_saw:288 failed to grow rate: 52%, out of range:  0% 
2022-10-31 20:00:33,270 [INFO] simulation.WL_saw:288 failed to grow rate: 53%, out of range:  0% 
2022-10-31 20:00:42,379 [INFO] simulation.WL_saw:288 failed to grow rate: 52%, out of range:  0% 
2022-10-31 20:00:51,550 [INFO] simulation.WL_saw:288 failed to grow rate: 53%, out of range:  0% 
2022-10-31 20:01:00,727 [INFO] simulation.WL_saw:288 failed to grow rate: 52%, out of range:  0% 
2022-10-31 20:01:10,023 [INFO] simulation.WL_saw:288 failed to grow rate: 53%, out of range:  0% 
2022-10-31 20:01:19,323 [INFO] simulation.WL_saw:288 failed to grow rate: 52%, out of range:  0% 
2022-10-31 20:01:28,638 [INFO] simulation.WL_saw:288 failed to grow rate: 53%, out of range:  0% 
2022-10-31 20:01:37,918 [INFO] simulation.WL_saw:288 failed to grow rate: 53%, out of range:  0% 
2022-10-31 20:01:47,210 [INFO] simulation.WL_saw:288 failed to grow rate: 54%, out of range:  0% 
2022-10-31 20:01:56,492 [INFO] simulation.WL_saw:288 failed to grow rate: 53%, out of range:  0% 
2022-10-31 20:02:05,750 [INFO] simulation.WL_saw:288 failed to grow rate: 54%, out of range:  0% 
2022-10-31 20:02:14,941 [INFO] simulation.WL_saw:288 failed to grow rate: 53%, out of range:  0% 
2022-10-31 20:02:24,013 [INFO] simulation.WL_saw:288 failed to grow rate: 54%, out of range:  0% 
2022-10-31 20:02:33,197 [INFO] simulation.WL_saw:288 failed to grow rate: 53%, out of range:  0% 
2022-10-31 20:02:33,197 [INFO] simulation.WL_saw:293 ds=6.103516e-06, ds_min=0.000001, sweep number=200
2022-10-31 20:02:42,342 [INFO] simulation.WL_saw:288 failed to grow rate: 53%, out of range:  0% 
2022-10-31 20:02:51,508 [INFO] simulation.WL_saw:288 failed to grow rate: 53%, out of range:  0% 
2022-10-31 20:03:00,400 [INFO] simulation.WL_saw:288 failed to grow rate: 53%, out of range:  0% 
2022-10-31 20:03:09,286 [INFO] simulation.WL_saw:288 failed to grow rate: 53%, out of range:  0% 
2022-10-31 20:03:18,463 [INFO] simulation.WL_saw:288 failed to grow rate: 53%, out of range:  0% 
2022-10-31 20:03:27,748 [INFO] simulation.WL_saw:288 failed to grow rate: 53%, out of range:  0% 
2022-10-31 20:03:37,027 [INFO] simulation.WL_saw:288 failed to grow rate: 52%, out of range:  0% 
2022-10-31 20:03:46,288 [INFO] simulation.WL_saw:288 failed to grow rate: 52%, out of range:  0% 
2022-10-31 20:03:55,447 [INFO] simulation.WL_saw:288 failed to grow rate: 52%, out of range:  0% 
2022-10-31 20:04:04,578 [INFO] simulation.WL_saw:288 failed to grow rate: 53%, out of range:  0% 
2022-10-31 20:04:13,720 [INFO] simulation.WL_saw:288 failed to grow rate: 53%, out of range:  0% 
2022-10-31 20:04:22,837 [INFO] simulation.WL_saw:288 failed to grow rate: 54%, out of range:  0% 
2022-10-31 20:04:31,963 [INFO] simulation.WL_saw:288 failed to grow rate: 53%, out of range:  0% 
2022-10-31 20:04:40,994 [INFO] simulation.WL_saw:288 failed to grow rate: 53%, out of range:  0% 
2022-10-31 20:04:50,114 [INFO] simulation.WL_saw:288 failed to grow rate: 53%, out of range:  0% 
2022-10-31 20:04:59,259 [INFO] simulation.WL_saw:288 failed to grow rate: 53%, out of range:  0% 
2022-10-31 20:05:08,347 [INFO] simulation.WL_saw:288 failed to grow rate: 54%, out of range:  0% 
2022-10-31 20:05:17,502 [INFO] simulation.WL_saw:288 failed to grow rate: 53%, out of range:  0% 
2022-10-31 20:05:26,646 [INFO] simulation.WL_saw:288 failed to grow rate: 53%, out of range:  0% 
2022-10-31 20:05:35,834 [INFO] simulation.WL_saw:288 failed to grow rate: 53%, out of range:  0% 
2022-10-31 20:05:45,019 [INFO] simulation.WL_saw:288 failed to grow rate: 53%, out of range:  0% 
2022-10-31 20:05:53,951 [INFO] simulation.WL_saw:288 failed to grow rate: 52%, out of range:  0% 
2022-10-31 20:06:03,075 [INFO] simulation.WL_saw:288 failed to grow rate: 53%, out of range:  0% 
2022-10-31 20:06:12,237 [INFO] simulation.WL_saw:288 failed to grow rate: 53%, out of range:  0% 
2022-10-31 20:06:21,418 [INFO] simulation.WL_saw:288 failed to grow rate: 53%, out of range:  0% 
2022-10-31 20:06:30,572 [INFO] simulation.WL_saw:288 failed to grow rate: 54%, out of range:  0% 
2022-10-31 20:06:39,819 [INFO] simulation.WL_saw:288 failed to grow rate: 52%, out of range:  0% 
2022-10-31 20:06:49,152 [INFO] simulation.WL_saw:288 failed to grow rate: 53%, out of range:  0% 
2022-10-31 20:06:58,307 [INFO] simulation.WL_saw:288 failed to grow rate: 53%, out of range:  0% 
2022-10-31 20:07:07,610 [INFO] simulation.WL_saw:288 failed to grow rate: 52%, out of range:  0% 
2022-10-31 20:07:16,977 [INFO] simulation.WL_saw:288 failed to grow rate: 52%, out of range:  0% 
2022-10-31 20:07:26,229 [INFO] simulation.WL_saw:288 failed to grow rate: 53%, out of range:  0% 
2022-10-31 20:07:35,129 [INFO] simulation.WL_saw:288 failed to grow rate: 51%, out of range:  0% 
2022-10-31 20:07:44,350 [INFO] simulation.WL_saw:288 failed to grow rate: 53%, out of range:  0% 
2022-10-31 20:07:53,641 [INFO] simulation.WL_saw:288 failed to grow rate: 53%, out of range:  0% 
2022-10-31 20:08:02,924 [INFO] simulation.WL_saw:288 failed to grow rate: 54%, out of range:  0% 
2022-10-31 20:08:12,190 [INFO] simulation.WL_saw:288 failed to grow rate: 52%, out of range:  0% 
2022-10-31 20:08:21,449 [INFO] simulation.WL_saw:288 failed to grow rate: 52%, out of range:  0% 
2022-10-31 20:08:30,310 [INFO] simulation.WL_saw:288 failed to grow rate: 53%, out of range:  0% 
2022-10-31 20:08:39,556 [INFO] simulation.WL_saw:288 failed to grow rate: 54%, out of range:  0% 
2022-10-31 20:08:48,797 [INFO] simulation.WL_saw:288 failed to grow rate: 53%, out of range:  0% 
2022-10-31 20:08:58,080 [INFO] simulation.WL_saw:288 failed to grow rate: 52%, out of range:  0% 
2022-10-31 20:09:07,367 [INFO] simulation.WL_saw:288 failed to grow rate: 52%, out of range:  0% 
2022-10-31 20:09:16,552 [INFO] simulation.WL_saw:288 failed to grow rate: 53%, out of range:  0% 
2022-10-31 20:09:25,787 [INFO] simulation.WL_saw:288 failed to grow rate: 54%, out of range:  0% 
2022-10-31 20:09:35,131 [INFO] simulation.WL_saw:288 failed to grow rate: 53%, out of range:  0% 
2022-10-31 20:09:44,456 [INFO] simulation.WL_saw:288 failed to grow rate: 52%, out of range:  0% 
2022-10-31 20:09:53,759 [INFO] simulation.WL_saw:288 failed to grow rate: 53%, out of range:  0% 
2022-10-31 20:10:02,652 [INFO] simulation.WL_saw:288 failed to grow rate: 53%, out of range:  0% 
2022-10-31 20:10:11,962 [INFO] simulation.WL_saw:288 failed to grow rate: 54%, out of range:  0% 
2022-10-31 20:10:21,152 [INFO] simulation.WL_saw:288 failed to grow rate: 52%, out of range:  0% 
2022-10-31 20:10:30,327 [INFO] simulation.WL_saw:288 failed to grow rate: 52%, out of range:  0% 
2022-10-31 20:10:39,442 [INFO] simulation.WL_saw:288 failed to grow rate: 52%, out of range:  0% 
2022-10-31 20:10:48,638 [INFO] simulation.WL_saw:288 failed to grow rate: 54%, out of range:  0% 
2022-10-31 20:10:57,911 [INFO] simulation.WL_saw:288 failed to grow rate: 52%, out of range:  0% 
2022-10-31 20:11:07,167 [INFO] simulation.WL_saw:288 failed to grow rate: 52%, out of range:  0% 
2022-10-31 20:11:16,417 [INFO] simulation.WL_saw:288 failed to grow rate: 53%, out of range:  0% 
2022-10-31 20:11:25,694 [INFO] simulation.WL_saw:288 failed to grow rate: 52%, out of range:  0% 
2022-10-31 20:11:34,834 [INFO] simulation.WL_saw:288 failed to grow rate: 53%, out of range:  0% 
2022-10-31 20:11:34,835 [INFO] simulation.WL_saw:293 ds=3.051758e-06, ds_min=0.000001, sweep number=259
2022-10-31 20:11:43,941 [INFO] simulation.WL_saw:288 failed to grow rate: 53%, out of range:  0% 
2022-10-31 20:11:52,807 [INFO] simulation.WL_saw:288 failed to grow rate: 53%, out of range:  0% 
2022-10-31 20:12:01,902 [INFO] simulation.WL_saw:288 failed to grow rate: 52%, out of range:  0% 
2022-10-31 20:12:11,256 [INFO] simulation.WL_saw:288 failed to grow rate: 53%, out of range:  0% 
2022-10-31 20:12:20,574 [INFO] simulation.WL_saw:288 failed to grow rate: 52%, out of range:  0% 
2022-10-31 20:12:20,574 [INFO] simulation.WL_saw:293 ds=1.525879e-06, ds_min=0.000001, sweep number=264
2022-10-31 20:12:29,945 [INFO] simulation.WL_saw:288 failed to grow rate: 52%, out of range:  0% 
2022-10-31 20:12:39,312 [INFO] simulation.WL_saw:288 failed to grow rate: 54%, out of range:  0% 
2022-10-31 20:12:48,445 [INFO] simulation.WL_saw:288 failed to grow rate: 54%, out of range:  0% 
2022-10-31 20:12:57,535 [INFO] simulation.WL_saw:288 failed to grow rate: 54%, out of range:  0% 
2022-10-31 20:13:06,407 [INFO] simulation.WL_saw:288 failed to grow rate: 52%, out of range:  0% 
2022-10-31 20:13:15,673 [INFO] simulation.WL_saw:288 failed to grow rate: 54%, out of range:  0% 
2022-10-31 20:13:25,068 [INFO] simulation.WL_saw:288 failed to grow rate: 53%, out of range:  0% 
2022-10-31 20:13:34,536 [INFO] simulation.WL_saw:288 failed to grow rate: 53%, out of range:  0% 
2022-10-31 20:13:43,997 [INFO] simulation.WL_saw:288 failed to grow rate: 53%, out of range:  0% 
2022-10-31 20:13:53,446 [INFO] simulation.WL_saw:288 failed to grow rate: 52%, out of range:  0% 
2022-10-31 20:14:02,805 [INFO] simulation.WL_saw:288 failed to grow rate: 54%, out of range:  0% 
2022-10-31 20:14:12,224 [INFO] simulation.WL_saw:288 failed to grow rate: 53%, out of range:  0% 
2022-10-31 20:14:21,562 [INFO] simulation.WL_saw:288 failed to grow rate: 52%, out of range:  0% 
2022-10-31 20:14:30,832 [INFO] simulation.WL_saw:288 failed to grow rate: 53%, out of range:  0% 
2022-10-31 20:14:40,043 [INFO] simulation.WL_saw:288 failed to grow rate: 54%, out of range:  0% 
2022-10-31 20:14:49,448 [INFO] simulation.WL_saw:288 failed to grow rate: 52%, out of range:  0% 
2022-10-31 20:14:58,846 [INFO] simulation.WL_saw:288 failed to grow rate: 51%, out of range:  0% 
2022-10-31 20:15:08,112 [INFO] simulation.WL_saw:288 failed to grow rate: 53%, out of range:  0% 
2022-10-31 20:15:17,315 [INFO] simulation.WL_saw:288 failed to grow rate: 53%, out of range:  0% 
2022-10-31 20:15:26,507 [INFO] simulation.WL_saw:288 failed to grow rate: 53%, out of range:  0% 
2022-10-31 20:15:35,694 [INFO] simulation.WL_saw:288 failed to grow rate: 53%, out of range:  0% 
2022-10-31 20:15:44,853 [INFO] simulation.WL_saw:288 failed to grow rate: 53%, out of range:  0% 
2022-10-31 20:15:54,272 [INFO] simulation.WL_saw:288 failed to grow rate: 52%, out of range:  0% 
2022-10-31 20:16:03,734 [INFO] simulation.WL_saw:288 failed to grow rate: 53%, out of range:  0% 
2022-10-31 20:16:13,142 [INFO] simulation.WL_saw:288 failed to grow rate: 52%, out of range:  0% 
2022-10-31 20:16:22,505 [INFO] simulation.WL_saw:288 failed to grow rate: 53%, out of range:  0% 
2022-10-31 20:16:31,378 [INFO] simulation.WL_saw:288 failed to grow rate: 53%, out of range:  0% 
2022-10-31 20:16:40,762 [INFO] simulation.WL_saw:288 failed to grow rate: 52%, out of range:  0% 
2022-10-31 20:16:50,157 [INFO] simulation.WL_saw:288 failed to grow rate: 51%, out of range:  0% 
2022-10-31 20:16:59,388 [INFO] simulation.WL_saw:288 failed to grow rate: 52%, out of range:  0% 
2022-10-31 20:17:08,584 [INFO] simulation.WL_saw:288 failed to grow rate: 52%, out of range:  0% 
2022-10-31 20:17:17,721 [INFO] simulation.WL_saw:288 failed to grow rate: 53%, out of range:  0% 
2022-10-31 20:17:26,901 [INFO] simulation.WL_saw:288 failed to grow rate: 54%, out of range:  0% 
2022-10-31 20:17:36,135 [INFO] simulation.WL_saw:288 failed to grow rate: 51%, out of range:  0% 
2022-10-31 20:17:45,512 [INFO] simulation.WL_saw:288 failed to grow rate: 54%, out of range:  0% 
2022-10-31 20:17:54,837 [INFO] simulation.WL_saw:288 failed to grow rate: 53%, out of range:  0% 
2022-10-31 20:18:04,218 [INFO] simulation.WL_saw:288 failed to grow rate: 53%, out of range:  0% 
2022-10-31 20:18:13,570 [INFO] simulation.WL_saw:288 failed to grow rate: 52%, out of range:  0% 
2022-10-31 20:18:22,914 [INFO] simulation.WL_saw:288 failed to grow rate: 52%, out of range:  0% 
2022-10-31 20:18:32,051 [INFO] simulation.WL_saw:288 failed to grow rate: 52%, out of range:  0% 
2022-10-31 20:18:41,334 [INFO] simulation.WL_saw:288 failed to grow rate: 53%, out of range:  0% 
2022-10-31 20:18:50,684 [INFO] simulation.WL_saw:288 failed to grow rate: 52%, out of range:  0% 
2022-10-31 20:18:50,684 [INFO] simulation.WL_saw:293 ds=7.629395e-07, ds_min=0.000001, sweep number=306
2022-10-31 20:18:50,684 [INFO] run_saw.run:317 s: [array([30.1, 43.7, 44.1, 44.4, 38. , 33.4]), array([78.05, 80.95, 84.15, 81.85, 78.  , 61.75]), array([100.7  , 110.   , 112.575, 110.825, 107.7  , 100.   ]), array([111.0375, 119.2125, 120.875 , 120.425 , 117.8125, 112.175 ]), array([123.0375 , 128.325  , 129.88125, 129.20625, 128.55625, 121.5    ]), array([131.765625, 139.125   , 140.040625, 139.740625, 136.6     ,
       131.521875]), array([136.29375  , 141.9234375, 144.0015625, 142.9625   , 140.45625  ,
       135.2578125]), array([137.98359375, 144.33046875, 145.83203125, 145.17578125,
       142.571875  , 137.90390625]), array([138.81601562, 145.20507813, 146.76132813, 146.046875  ,
       143.42460937, 139.08242187]), array([140.16933594, 146.034375  , 147.59960938, 147.10273438,
       144.47929688, 140.39785156]), array([142.09775391, 147.84853516, 149.77509766, 149.05058594,
       146.53369141, 141.76689453]), array([142.54072266, 148.51728516, 150.40131836, 149.70253906,
       147.04506836, 142.20107422]), array([142.73886719, 148.72150879, 150.58022461, 149.90964355,
       147.30522461, 142.48012695]), array([142.95117188, 148.95124512, 150.74768066, 150.09942627,
       147.54504395, 142.76251221]), array([143.10039063, 149.07970581, 150.87518921, 150.21662598,
       147.68698731, 142.94613037]), array([143.10735474, 149.08637695, 150.88007507, 150.2214386 ,
       147.69320374, 142.95280762]), array([143.12831879, 149.10830383, 150.90644074, 150.24229584,
       147.72176819, 142.98526001])]
2022-10-31 20:18:50,689 [INFO] run_saw.get_n_saws:235 specific_excess_entropy from the analytical curve  for n=38 is: -0.278
2022-10-31 20:18:50,689 [INFO] run_saw.get_n_saws:237 the total number of phantom conformation for n=38 is 1.025612e+27
2022-10-31 20:18:50,690 [INFO] run_saw.run:322 saving results
2022-10-31 20:18:50,690 [INFO] run_saw.save_results:199 saving results to: /home/alexey/projects/chromosome_segregation/chromosome_segregation/results_saw_wl/density_0.4/run_27/data.csv
2022-10-31 20:18:50,690 [INFO] run_saw.save_results:203 saving the line: 4,0.95,-1.139
2022-10-31 20:18:50,690 [INFO] run_saw.save_results:203 saving the line: 9,0.384,-1.297
2022-10-31 20:18:50,690 [INFO] run_saw.save_results:203 saving the line: 16,0.198,-1.348
2022-10-31 20:18:50,690 [INFO] run_saw.save_results:203 saving the line: 25,0.117,-1.358
2022-10-31 20:18:50,690 [INFO] run_saw.save_results:203 saving the line: 36,0.075,-1.358
2022-10-31 20:18:50,691 [INFO] run_saw.save_results:203 saving the line: 49,0.052,-1.358
2022-10-31 20:18:50,691 [INFO] run_saw.save_results:207 saving parameters to /home/alexey/projects/chromosome_segregation/chromosome_segregation/results_saw_wl/density_0.4/run_27/params.json
