2022-10-28 08:50:54,581 [INFO] run_saw.<module>:316 running SAWs with the parameters: density=0.4, n_boxes=(7, 5), thicknesses=([4],[4])
2022-10-28 08:50:54,581 [INFO] run_saw.run:231 calculating maximal number of monomers...
2022-10-28 08:50:54,581 [INFO] run_saw.run:234 max_n=50
2022-10-28 08:50:54,581 [INFO] run_saw.run:238 getting cached OR calculating from the scratch..
2022-10-28 08:50:56,416 [INFO] aux.get_grow_caches:351 shape of existing cache is (91, 40, 40, 40), shape of query is: (51, 40, 40, 40)
2022-10-28 08:50:56,416 [INFO] run_saw.run:241 done calculating (n,dx,dy,dz) array
2022-10-28 08:50:56,416 [INFO] run_saw.run:249 boxes: [[7, 4, 4], [6, 4, 4], [5, 4, 4]] for thickness_x=4, thickness_y=4
2022-10-28 08:50:56,416 [INFO] run_saw.run:264 running WL_saw with n=44,  box=[7, 4, 4]
2022-10-28 08:50:56,416 [INFO] run_saw.run:273 ([6, 7, 8, 9, 10], [3, 4, 5, 6, 7], [3, 4, 5, 6, 7])
2022-10-28 08:50:56,416 [INFO] simulation.WL_saw:193 s size is: 5
2022-10-28 08:50:56,416 [INFO] simulation.WL_saw:194 counts size is: 5
2022-10-28 08:50:56,416 [INFO] simulation.WL_saw:196 indexes: [0, 1, 2, 3, 4]
2022-10-28 08:50:56,416 [INFO] simulation.WL_saw:208 scale alpha is: 1.000000
2022-10-28 08:50:56,416 [INFO] simulation.WL_saw:209 shifl alpha is: -0.000000
2022-10-28 08:51:06,665 [INFO] simulation.WL_saw:288 failed to grow rate: 55%, out of range:  0% 
2022-10-28 08:51:06,665 [INFO] simulation.WL_saw:293 ds=5.000000e-02, ds_min=0.000001, sweep number=1
2022-10-28 08:51:16,898 [INFO] simulation.WL_saw:288 failed to grow rate: 56%, out of range:  0% 
2022-10-28 08:51:16,898 [INFO] simulation.WL_saw:293 ds=2.500000e-02, ds_min=0.000001, sweep number=2
2022-10-28 08:51:27,117 [INFO] simulation.WL_saw:288 failed to grow rate: 56%, out of range:  0% 
2022-10-28 08:51:27,118 [INFO] simulation.WL_saw:293 ds=1.250000e-02, ds_min=0.000001, sweep number=3
2022-10-28 08:51:37,321 [INFO] simulation.WL_saw:288 failed to grow rate: 56%, out of range:  0% 
2022-10-28 08:51:37,321 [INFO] simulation.WL_saw:293 ds=6.250000e-03, ds_min=0.000001, sweep number=4
2022-10-28 08:51:47,565 [INFO] simulation.WL_saw:288 failed to grow rate: 54%, out of range:  0% 
2022-10-28 08:51:47,565 [INFO] simulation.WL_saw:293 ds=3.125000e-03, ds_min=0.000001, sweep number=5
2022-10-28 08:51:57,764 [INFO] simulation.WL_saw:288 failed to grow rate: 56%, out of range:  0% 
2022-10-28 08:52:07,978 [INFO] simulation.WL_saw:288 failed to grow rate: 56%, out of range:  0% 
2022-10-28 08:52:18,192 [INFO] simulation.WL_saw:288 failed to grow rate: 55%, out of range:  0% 
2022-10-28 08:52:18,193 [INFO] simulation.WL_saw:293 ds=1.562500e-03, ds_min=0.000001, sweep number=8
2022-10-28 08:52:28,443 [INFO] simulation.WL_saw:288 failed to grow rate: 55%, out of range:  0% 
2022-10-28 08:52:38,676 [INFO] simulation.WL_saw:288 failed to grow rate: 55%, out of range:  0% 
2022-10-28 08:52:48,863 [INFO] simulation.WL_saw:288 failed to grow rate: 57%, out of range:  0% 
2022-10-28 08:52:59,088 [INFO] simulation.WL_saw:288 failed to grow rate: 54%, out of range:  0% 
2022-10-28 08:53:09,311 [INFO] simulation.WL_saw:288 failed to grow rate: 55%, out of range:  0% 
2022-10-28 08:53:09,311 [INFO] simulation.WL_saw:293 ds=7.812500e-04, ds_min=0.000001, sweep number=13
2022-10-28 08:53:19,524 [INFO] simulation.WL_saw:288 failed to grow rate: 56%, out of range:  0% 
2022-10-28 08:53:29,769 [INFO] simulation.WL_saw:288 failed to grow rate: 55%, out of range:  0% 
2022-10-28 08:53:39,972 [INFO] simulation.WL_saw:288 failed to grow rate: 56%, out of range:  0% 
2022-10-28 08:53:50,196 [INFO] simulation.WL_saw:288 failed to grow rate: 55%, out of range:  0% 
2022-10-28 08:54:00,414 [INFO] simulation.WL_saw:288 failed to grow rate: 55%, out of range:  0% 
2022-10-28 08:54:10,640 [INFO] simulation.WL_saw:288 failed to grow rate: 55%, out of range:  0% 
2022-10-28 08:54:10,640 [INFO] simulation.WL_saw:293 ds=3.906250e-04, ds_min=0.000001, sweep number=19
2022-10-28 08:54:20,857 [INFO] simulation.WL_saw:288 failed to grow rate: 56%, out of range:  0% 
2022-10-28 08:54:31,096 [INFO] simulation.WL_saw:288 failed to grow rate: 55%, out of range:  0% 
2022-10-28 08:54:31,096 [INFO] simulation.WL_saw:293 ds=1.953125e-04, ds_min=0.000001, sweep number=21
2022-10-28 08:54:41,337 [INFO] simulation.WL_saw:288 failed to grow rate: 55%, out of range:  0% 
2022-10-28 08:54:51,568 [INFO] simulation.WL_saw:288 failed to grow rate: 56%, out of range:  0% 
2022-10-28 08:55:01,793 [INFO] simulation.WL_saw:288 failed to grow rate: 57%, out of range:  0% 
2022-10-28 08:55:12,014 [INFO] simulation.WL_saw:288 failed to grow rate: 56%, out of range:  0% 
2022-10-28 08:55:22,245 [INFO] simulation.WL_saw:288 failed to grow rate: 56%, out of range:  0% 
2022-10-28 08:55:32,466 [INFO] simulation.WL_saw:288 failed to grow rate: 55%, out of range:  0% 
2022-10-28 08:55:42,698 [INFO] simulation.WL_saw:288 failed to grow rate: 55%, out of range:  0% 
2022-10-28 08:55:52,938 [INFO] simulation.WL_saw:288 failed to grow rate: 55%, out of range:  0% 
2022-10-28 08:56:03,177 [INFO] simulation.WL_saw:288 failed to grow rate: 54%, out of range:  0% 
2022-10-28 08:56:13,411 [INFO] simulation.WL_saw:288 failed to grow rate: 55%, out of range:  0% 
2022-10-28 08:56:23,675 [INFO] simulation.WL_saw:288 failed to grow rate: 53%, out of range:  0% 
2022-10-28 08:56:33,933 [INFO] simulation.WL_saw:288 failed to grow rate: 55%, out of range:  0% 
2022-10-28 08:56:33,933 [INFO] simulation.WL_saw:293 ds=9.765625e-05, ds_min=0.000001, sweep number=33
2022-10-28 08:56:44,201 [INFO] simulation.WL_saw:288 failed to grow rate: 55%, out of range:  0% 
2022-10-28 08:56:54,413 [INFO] simulation.WL_saw:288 failed to grow rate: 56%, out of range:  0% 
2022-10-28 08:57:04,634 [INFO] simulation.WL_saw:288 failed to grow rate: 55%, out of range:  0% 
2022-10-28 08:57:14,845 [INFO] simulation.WL_saw:288 failed to grow rate: 56%, out of range:  0% 
2022-10-28 08:57:25,072 [INFO] simulation.WL_saw:288 failed to grow rate: 56%, out of range:  0% 
2022-10-28 08:57:35,312 [INFO] simulation.WL_saw:288 failed to grow rate: 55%, out of range:  0% 
2022-10-28 08:57:35,312 [INFO] simulation.WL_saw:293 ds=4.882813e-05, ds_min=0.000001, sweep number=39
2022-10-28 08:57:45,533 [INFO] simulation.WL_saw:288 failed to grow rate: 56%, out of range:  0% 
2022-10-28 08:57:55,772 [INFO] simulation.WL_saw:288 failed to grow rate: 55%, out of range:  0% 
2022-10-28 08:58:06,012 [INFO] simulation.WL_saw:288 failed to grow rate: 54%, out of range:  0% 
2022-10-28 08:58:16,251 [INFO] simulation.WL_saw:288 failed to grow rate: 54%, out of range:  0% 
2022-10-28 08:58:26,471 [INFO] simulation.WL_saw:288 failed to grow rate: 55%, out of range:  0% 
2022-10-28 08:58:36,688 [INFO] simulation.WL_saw:288 failed to grow rate: 56%, out of range:  0% 
2022-10-28 08:58:46,928 [INFO] simulation.WL_saw:288 failed to grow rate: 55%, out of range:  0% 
2022-10-28 08:58:57,140 [INFO] simulation.WL_saw:288 failed to grow rate: 55%, out of range:  0% 
2022-10-28 08:59:07,373 [INFO] simulation.WL_saw:288 failed to grow rate: 54%, out of range:  0% 
2022-10-28 08:59:17,588 [INFO] simulation.WL_saw:288 failed to grow rate: 56%, out of range:  0% 
2022-10-28 08:59:27,825 [INFO] simulation.WL_saw:288 failed to grow rate: 56%, out of range:  0% 
2022-10-28 08:59:38,070 [INFO] simulation.WL_saw:288 failed to grow rate: 56%, out of range:  0% 
2022-10-28 08:59:48,330 [INFO] simulation.WL_saw:288 failed to grow rate: 56%, out of range:  0% 
2022-10-28 08:59:48,330 [INFO] simulation.WL_saw:293 ds=2.441406e-05, ds_min=0.000001, sweep number=52
2022-10-28 08:59:58,585 [INFO] simulation.WL_saw:288 failed to grow rate: 55%, out of range:  0% 
2022-10-28 09:00:08,844 [INFO] simulation.WL_saw:288 failed to grow rate: 55%, out of range:  0% 
2022-10-28 09:00:19,101 [INFO] simulation.WL_saw:288 failed to grow rate: 55%, out of range:  0% 
2022-10-28 09:00:29,324 [INFO] simulation.WL_saw:288 failed to grow rate: 55%, out of range:  0% 
2022-10-28 09:00:39,566 [INFO] simulation.WL_saw:288 failed to grow rate: 55%, out of range:  0% 
2022-10-28 09:00:49,811 [INFO] simulation.WL_saw:288 failed to grow rate: 55%, out of range:  0% 
2022-10-28 09:01:00,117 [INFO] simulation.WL_saw:288 failed to grow rate: 55%, out of range:  0% 
2022-10-28 09:01:10,351 [INFO] simulation.WL_saw:288 failed to grow rate: 56%, out of range:  0% 
2022-10-28 09:01:20,601 [INFO] simulation.WL_saw:288 failed to grow rate: 55%, out of range:  0% 
2022-10-28 09:01:30,823 [INFO] simulation.WL_saw:288 failed to grow rate: 55%, out of range:  0% 
2022-10-28 09:01:41,059 [INFO] simulation.WL_saw:288 failed to grow rate: 54%, out of range:  0% 
2022-10-28 09:01:51,279 [INFO] simulation.WL_saw:288 failed to grow rate: 56%, out of range:  0% 
2022-10-28 09:01:51,279 [INFO] simulation.WL_saw:293 ds=1.220703e-05, ds_min=0.000001, sweep number=64
2022-10-28 09:02:01,512 [INFO] simulation.WL_saw:288 failed to grow rate: 56%, out of range:  0% 
2022-10-28 09:02:11,738 [INFO] simulation.WL_saw:288 failed to grow rate: 57%, out of range:  0% 
2022-10-28 09:02:21,976 [INFO] simulation.WL_saw:288 failed to grow rate: 55%, out of range:  0% 
2022-10-28 09:02:32,214 [INFO] simulation.WL_saw:288 failed to grow rate: 55%, out of range:  0% 
2022-10-28 09:02:42,453 [INFO] simulation.WL_saw:288 failed to grow rate: 55%, out of range:  0% 
2022-10-28 09:02:42,453 [INFO] simulation.WL_saw:293 ds=6.103516e-06, ds_min=0.000001, sweep number=69
2022-10-28 09:02:52,693 [INFO] simulation.WL_saw:288 failed to grow rate: 54%, out of range:  0% 
2022-10-28 09:03:02,920 [INFO] simulation.WL_saw:288 failed to grow rate: 56%, out of range:  0% 
2022-10-28 09:03:02,920 [INFO] simulation.WL_saw:293 ds=3.051758e-06, ds_min=0.000001, sweep number=71
2022-10-28 09:03:13,169 [INFO] simulation.WL_saw:288 failed to grow rate: 55%, out of range:  0% 
2022-10-28 09:03:23,422 [INFO] simulation.WL_saw:288 failed to grow rate: 55%, out of range:  0% 
2022-10-28 09:03:33,675 [INFO] simulation.WL_saw:288 failed to grow rate: 54%, out of range:  0% 
2022-10-28 09:03:43,917 [INFO] simulation.WL_saw:288 failed to grow rate: 57%, out of range:  0% 
2022-10-28 09:03:54,159 [INFO] simulation.WL_saw:288 failed to grow rate: 55%, out of range:  0% 
2022-10-28 09:04:04,409 [INFO] simulation.WL_saw:288 failed to grow rate: 55%, out of range:  0% 
2022-10-28 09:04:14,646 [INFO] simulation.WL_saw:288 failed to grow rate: 55%, out of range:  0% 
2022-10-28 09:04:24,866 [INFO] simulation.WL_saw:288 failed to grow rate: 55%, out of range:  0% 
2022-10-28 09:04:35,085 [INFO] simulation.WL_saw:288 failed to grow rate: 57%, out of range:  0% 
2022-10-28 09:04:45,352 [INFO] simulation.WL_saw:288 failed to grow rate: 54%, out of range:  0% 
2022-10-28 09:04:55,592 [INFO] simulation.WL_saw:288 failed to grow rate: 55%, out of range:  0% 
2022-10-28 09:05:05,810 [INFO] simulation.WL_saw:288 failed to grow rate: 55%, out of range:  0% 
2022-10-28 09:05:16,075 [INFO] simulation.WL_saw:288 failed to grow rate: 56%, out of range:  0% 
2022-10-28 09:05:26,313 [INFO] simulation.WL_saw:288 failed to grow rate: 55%, out of range:  0% 
2022-10-28 09:05:36,545 [INFO] simulation.WL_saw:288 failed to grow rate: 55%, out of range:  0% 
2022-10-28 09:05:46,785 [INFO] simulation.WL_saw:288 failed to grow rate: 55%, out of range:  0% 
2022-10-28 09:05:56,999 [INFO] simulation.WL_saw:288 failed to grow rate: 56%, out of range:  0% 
2022-10-28 09:06:07,215 [INFO] simulation.WL_saw:288 failed to grow rate: 55%, out of range:  0% 
2022-10-28 09:06:17,455 [INFO] simulation.WL_saw:288 failed to grow rate: 55%, out of range:  0% 
2022-10-28 09:06:27,690 [INFO] simulation.WL_saw:288 failed to grow rate: 55%, out of range:  0% 
2022-10-28 09:06:37,918 [INFO] simulation.WL_saw:288 failed to grow rate: 55%, out of range:  0% 
2022-10-28 09:06:48,154 [INFO] simulation.WL_saw:288 failed to grow rate: 56%, out of range:  0% 
2022-10-28 09:06:58,389 [INFO] simulation.WL_saw:288 failed to grow rate: 55%, out of range:  0% 
2022-10-28 09:07:08,617 [INFO] simulation.WL_saw:288 failed to grow rate: 54%, out of range:  0% 
2022-10-28 09:07:18,857 [INFO] simulation.WL_saw:288 failed to grow rate: 54%, out of range:  0% 
2022-10-28 09:07:29,110 [INFO] simulation.WL_saw:288 failed to grow rate: 55%, out of range:  0% 
2022-10-28 09:07:39,335 [INFO] simulation.WL_saw:288 failed to grow rate: 56%, out of range:  0% 
2022-10-28 09:07:49,549 [INFO] simulation.WL_saw:288 failed to grow rate: 56%, out of range:  0% 
2022-10-28 09:07:59,782 [INFO] simulation.WL_saw:288 failed to grow rate: 55%, out of range:  0% 
2022-10-28 09:08:09,995 [INFO] simulation.WL_saw:288 failed to grow rate: 56%, out of range:  0% 
2022-10-28 09:08:09,995 [INFO] simulation.WL_saw:293 ds=1.525879e-06, ds_min=0.000001, sweep number=101
2022-10-28 09:08:20,220 [INFO] simulation.WL_saw:288 failed to grow rate: 56%, out of range:  0% 
2022-10-28 09:08:20,220 [INFO] simulation.WL_saw:293 ds=7.629395e-07, ds_min=0.000001, sweep number=102
2022-10-28 09:08:20,220 [INFO] run_saw.run:277 s: [array([40.9, 48. , 48.1, 45.3, 40.5]), array([65.7 , 69.2 , 69.  , 67.  , 62.35]), array([75.175, 79.675, 79.8  , 78.775, 75.35 ]), array([81.6375, 84.6125, 85.225 , 84.225 , 80.4375]), array([84.30625, 87.6    , 88.15   , 87.03125, 83.28125]), array([88.51875 , 92.371875, 92.0375  , 90.584375, 87.684375]), array([91.85625  , 95.365625 , 95.6265625, 94.0609375, 91.828125 ]), array([94.50234375, 97.07734375, 97.6484375 , 95.95078125, 94.071875  ]), array([94.75      , 97.47109375, 97.98085938, 96.31914063, 94.47304688]), array([95.72363281, 98.68066406, 99.04804687, 97.49609375, 95.28730469]), array([95.96289063, 99.01865234, 99.33447266, 97.746875  , 95.47470703]), array([96.22578125, 99.31870117, 99.62119141, 98.10581055, 95.68720703]), array([96.35759277, 99.47485352, 99.75864258, 98.2442627 , 95.77993164]), array([96.38338623, 99.50021973, 99.784021  , 98.2723999 , 95.81131592]), array([96.38864746, 99.50569458, 99.78806763, 98.27907104, 95.81719971]), array([96.43157959, 99.55700989, 99.83083191, 98.31763611, 95.84640808]), array([96.43206482, 99.55780182, 99.83159332, 98.31838379, 95.84697113])]
2022-10-28 09:08:20,224 [INFO] run_saw.process_result:212 specific_excess_entropy from the analytical curve  for n=44 is: -0.275
2022-10-28 09:08:20,225 [INFO] run_saw.process_result:214 the total number of phantom conformation for n=44 is 3.850750e+31
2022-10-28 09:08:20,225 [INFO] run_saw.process_result:217 number of SAWs for n=44 is 2.132345e+26
2022-10-28 09:08:20,225 [INFO] run_saw.process_result:220 number of SAWs for n=44 inside the box=[7, 4, 4] is 8.328041e+25
2022-10-28 09:08:20,225 [INFO] run_saw.process_result:223 specific free energy for n=44 and box=[7, 4, 4] is: -1.356
2022-10-28 09:08:20,225 [INFO] run_saw.run:264 running WL_saw with n=38,  box=[6, 4, 4]
2022-10-28 09:08:20,225 [INFO] run_saw.run:273 ([5, 6, 7, 8, 9], [3, 4, 5, 6, 7], [3, 4, 5, 6, 7])
2022-10-28 09:08:20,225 [INFO] simulation.WL_saw:193 s size is: 5
2022-10-28 09:08:20,225 [INFO] simulation.WL_saw:194 counts size is: 5
2022-10-28 09:08:20,225 [INFO] simulation.WL_saw:196 indexes: [0, 1, 2, 3, 4]
2022-10-28 09:08:20,225 [INFO] simulation.WL_saw:208 scale alpha is: 1.000000
2022-10-28 09:08:20,226 [INFO] simulation.WL_saw:209 shifl alpha is: -0.000000
2022-10-28 09:08:28,897 [INFO] simulation.WL_saw:288 failed to grow rate: 52%, out of range:  0% 
2022-10-28 09:08:28,897 [INFO] simulation.WL_saw:293 ds=5.000000e-02, ds_min=0.000001, sweep number=1
2022-10-28 09:08:37,558 [INFO] simulation.WL_saw:288 failed to grow rate: 52%, out of range:  0% 
2022-10-28 09:08:37,558 [INFO] simulation.WL_saw:293 ds=2.500000e-02, ds_min=0.000001, sweep number=2
2022-10-28 09:08:46,218 [INFO] simulation.WL_saw:288 failed to grow rate: 53%, out of range:  0% 
2022-10-28 09:08:54,896 [INFO] simulation.WL_saw:288 failed to grow rate: 53%, out of range:  0% 
2022-10-28 09:08:54,896 [INFO] simulation.WL_saw:293 ds=1.250000e-02, ds_min=0.000001, sweep number=4
2022-10-28 09:09:03,578 [INFO] simulation.WL_saw:288 failed to grow rate: 54%, out of range:  0% 
2022-10-28 09:09:12,307 [INFO] simulation.WL_saw:288 failed to grow rate: 52%, out of range:  0% 
2022-10-28 09:09:12,307 [INFO] simulation.WL_saw:293 ds=6.250000e-03, ds_min=0.000001, sweep number=6
2022-10-28 09:09:21,028 [INFO] simulation.WL_saw:288 failed to grow rate: 53%, out of range:  0% 
2022-10-28 09:09:29,711 [INFO] simulation.WL_saw:288 failed to grow rate: 54%, out of range:  0% 
2022-10-28 09:09:29,711 [INFO] simulation.WL_saw:293 ds=3.125000e-03, ds_min=0.000001, sweep number=8
2022-10-28 09:09:38,373 [INFO] simulation.WL_saw:288 failed to grow rate: 53%, out of range:  0% 
2022-10-28 09:09:47,060 [INFO] simulation.WL_saw:288 failed to grow rate: 52%, out of range:  0% 
2022-10-28 09:09:55,744 [INFO] simulation.WL_saw:288 failed to grow rate: 53%, out of range:  0% 
2022-10-28 09:10:04,473 [INFO] simulation.WL_saw:288 failed to grow rate: 52%, out of range:  0% 
2022-10-28 09:10:04,473 [INFO] simulation.WL_saw:293 ds=1.562500e-03, ds_min=0.000001, sweep number=12
2022-10-28 09:10:13,155 [INFO] simulation.WL_saw:288 failed to grow rate: 53%, out of range:  0% 
2022-10-28 09:10:21,822 [INFO] simulation.WL_saw:288 failed to grow rate: 53%, out of range:  0% 
2022-10-28 09:10:30,495 [INFO] simulation.WL_saw:288 failed to grow rate: 53%, out of range:  0% 
2022-10-28 09:10:39,175 [INFO] simulation.WL_saw:288 failed to grow rate: 52%, out of range:  0% 
2022-10-28 09:10:47,836 [INFO] simulation.WL_saw:288 failed to grow rate: 53%, out of range:  0% 
2022-10-28 09:10:47,836 [INFO] simulation.WL_saw:293 ds=7.812500e-04, ds_min=0.000001, sweep number=17
2022-10-28 09:10:56,511 [INFO] simulation.WL_saw:288 failed to grow rate: 53%, out of range:  0% 
2022-10-28 09:11:05,213 [INFO] simulation.WL_saw:288 failed to grow rate: 52%, out of range:  0% 
2022-10-28 09:11:13,918 [INFO] simulation.WL_saw:288 failed to grow rate: 52%, out of range:  0% 
2022-10-28 09:11:13,918 [INFO] simulation.WL_saw:293 ds=3.906250e-04, ds_min=0.000001, sweep number=20
2022-10-28 09:11:22,603 [INFO] simulation.WL_saw:288 failed to grow rate: 53%, out of range:  0% 
2022-10-28 09:11:31,297 [INFO] simulation.WL_saw:288 failed to grow rate: 52%, out of range:  0% 
2022-10-28 09:11:39,974 [INFO] simulation.WL_saw:288 failed to grow rate: 52%, out of range:  0% 
2022-10-28 09:11:48,649 [INFO] simulation.WL_saw:288 failed to grow rate: 54%, out of range:  0% 
2022-10-28 09:11:57,330 [INFO] simulation.WL_saw:288 failed to grow rate: 53%, out of range:  0% 
2022-10-28 09:11:57,330 [INFO] simulation.WL_saw:293 ds=1.953125e-04, ds_min=0.000001, sweep number=25
2022-10-28 09:12:06,008 [INFO] simulation.WL_saw:288 failed to grow rate: 53%, out of range:  0% 
2022-10-28 09:12:14,695 [INFO] simulation.WL_saw:288 failed to grow rate: 53%, out of range:  0% 
2022-10-28 09:12:23,376 [INFO] simulation.WL_saw:288 failed to grow rate: 53%, out of range:  0% 
2022-10-28 09:12:23,376 [INFO] simulation.WL_saw:293 ds=9.765625e-05, ds_min=0.000001, sweep number=28
2022-10-28 09:12:32,047 [INFO] simulation.WL_saw:288 failed to grow rate: 53%, out of range:  0% 
2022-10-28 09:12:40,729 [INFO] simulation.WL_saw:288 failed to grow rate: 53%, out of range:  0% 
2022-10-28 09:12:49,425 [INFO] simulation.WL_saw:288 failed to grow rate: 53%, out of range:  0% 
2022-10-28 09:12:58,086 [INFO] simulation.WL_saw:288 failed to grow rate: 53%, out of range:  0% 
2022-10-28 09:13:06,769 [INFO] simulation.WL_saw:288 failed to grow rate: 53%, out of range:  0% 
2022-10-28 09:13:15,462 [INFO] simulation.WL_saw:288 failed to grow rate: 53%, out of range:  0% 
2022-10-28 09:13:24,137 [INFO] simulation.WL_saw:288 failed to grow rate: 52%, out of range:  0% 
2022-10-28 09:13:32,810 [INFO] simulation.WL_saw:288 failed to grow rate: 53%, out of range:  0% 
2022-10-28 09:13:41,495 [INFO] simulation.WL_saw:288 failed to grow rate: 53%, out of range:  0% 
2022-10-28 09:13:41,495 [INFO] simulation.WL_saw:293 ds=4.882813e-05, ds_min=0.000001, sweep number=37
2022-10-28 09:13:50,179 [INFO] simulation.WL_saw:288 failed to grow rate: 52%, out of range:  0% 
2022-10-28 09:13:58,864 [INFO] simulation.WL_saw:288 failed to grow rate: 52%, out of range:  0% 
2022-10-28 09:14:07,573 [INFO] simulation.WL_saw:288 failed to grow rate: 52%, out of range:  0% 
2022-10-28 09:14:16,249 [INFO] simulation.WL_saw:288 failed to grow rate: 53%, out of range:  0% 
2022-10-28 09:14:24,926 [INFO] simulation.WL_saw:288 failed to grow rate: 54%, out of range:  0% 
2022-10-28 09:14:33,616 [INFO] simulation.WL_saw:288 failed to grow rate: 53%, out of range:  0% 
2022-10-28 09:14:42,307 [INFO] simulation.WL_saw:288 failed to grow rate: 54%, out of range:  0% 
2022-10-28 09:14:51,042 [INFO] simulation.WL_saw:288 failed to grow rate: 53%, out of range:  0% 
2022-10-28 09:14:59,731 [INFO] simulation.WL_saw:288 failed to grow rate: 53%, out of range:  0% 
2022-10-28 09:15:08,417 [INFO] simulation.WL_saw:288 failed to grow rate: 52%, out of range:  0% 
2022-10-28 09:15:17,097 [INFO] simulation.WL_saw:288 failed to grow rate: 52%, out of range:  0% 
2022-10-28 09:15:25,792 [INFO] simulation.WL_saw:288 failed to grow rate: 53%, out of range:  0% 
2022-10-28 09:15:34,486 [INFO] simulation.WL_saw:288 failed to grow rate: 52%, out of range:  0% 
2022-10-28 09:15:43,171 [INFO] simulation.WL_saw:288 failed to grow rate: 52%, out of range:  0% 
2022-10-28 09:15:51,862 [INFO] simulation.WL_saw:288 failed to grow rate: 53%, out of range:  0% 
2022-10-28 09:16:00,534 [INFO] simulation.WL_saw:288 failed to grow rate: 53%, out of range:  0% 
2022-10-28 09:16:09,209 [INFO] simulation.WL_saw:288 failed to grow rate: 53%, out of range:  0% 
2022-10-28 09:16:17,879 [INFO] simulation.WL_saw:288 failed to grow rate: 53%, out of range:  0% 
2022-10-28 09:16:26,542 [INFO] simulation.WL_saw:288 failed to grow rate: 54%, out of range:  0% 
2022-10-28 09:16:35,213 [INFO] simulation.WL_saw:288 failed to grow rate: 54%, out of range:  0% 
2022-10-28 09:16:43,897 [INFO] simulation.WL_saw:288 failed to grow rate: 52%, out of range:  0% 
2022-10-28 09:16:52,573 [INFO] simulation.WL_saw:288 failed to grow rate: 53%, out of range:  0% 
2022-10-28 09:17:01,250 [INFO] simulation.WL_saw:288 failed to grow rate: 53%, out of range:  0% 
2022-10-28 09:17:09,938 [INFO] simulation.WL_saw:288 failed to grow rate: 53%, out of range:  0% 
2022-10-28 09:17:18,606 [INFO] simulation.WL_saw:288 failed to grow rate: 54%, out of range:  0% 
2022-10-28 09:17:27,278 [INFO] simulation.WL_saw:288 failed to grow rate: 53%, out of range:  0% 
2022-10-28 09:17:35,960 [INFO] simulation.WL_saw:288 failed to grow rate: 53%, out of range:  0% 
2022-10-28 09:17:44,609 [INFO] simulation.WL_saw:288 failed to grow rate: 54%, out of range:  0% 
2022-10-28 09:17:53,302 [INFO] simulation.WL_saw:288 failed to grow rate: 52%, out of range:  0% 
2022-10-28 09:18:01,989 [INFO] simulation.WL_saw:288 failed to grow rate: 53%, out of range:  0% 
2022-10-28 09:18:10,657 [INFO] simulation.WL_saw:288 failed to grow rate: 53%, out of range:  0% 
2022-10-28 09:18:19,345 [INFO] simulation.WL_saw:288 failed to grow rate: 53%, out of range:  0% 
2022-10-28 09:18:28,050 [INFO] simulation.WL_saw:288 failed to grow rate: 53%, out of range:  0% 
2022-10-28 09:18:36,726 [INFO] simulation.WL_saw:288 failed to grow rate: 54%, out of range:  0% 
2022-10-28 09:18:45,402 [INFO] simulation.WL_saw:288 failed to grow rate: 53%, out of range:  0% 
2022-10-28 09:18:54,091 [INFO] simulation.WL_saw:288 failed to grow rate: 53%, out of range:  0% 
2022-10-28 09:19:02,762 [INFO] simulation.WL_saw:288 failed to grow rate: 52%, out of range:  0% 
2022-10-28 09:19:11,437 [INFO] simulation.WL_saw:288 failed to grow rate: 54%, out of range:  0% 
2022-10-28 09:19:20,128 [INFO] simulation.WL_saw:288 failed to grow rate: 52%, out of range:  0% 
2022-10-28 09:19:28,804 [INFO] simulation.WL_saw:288 failed to grow rate: 53%, out of range:  0% 
2022-10-28 09:19:37,493 [INFO] simulation.WL_saw:288 failed to grow rate: 53%, out of range:  0% 
2022-10-28 09:19:46,187 [INFO] simulation.WL_saw:288 failed to grow rate: 53%, out of range:  0% 
2022-10-28 09:19:54,861 [INFO] simulation.WL_saw:288 failed to grow rate: 52%, out of range:  0% 
2022-10-28 09:20:03,541 [INFO] simulation.WL_saw:288 failed to grow rate: 53%, out of range:  0% 
2022-10-28 09:20:12,237 [INFO] simulation.WL_saw:288 failed to grow rate: 52%, out of range:  0% 
2022-10-28 09:20:20,906 [INFO] simulation.WL_saw:288 failed to grow rate: 54%, out of range:  0% 
2022-10-28 09:20:29,600 [INFO] simulation.WL_saw:288 failed to grow rate: 52%, out of range:  0% 
2022-10-28 09:20:38,285 [INFO] simulation.WL_saw:288 failed to grow rate: 54%, out of range:  0% 
2022-10-28 09:20:46,959 [INFO] simulation.WL_saw:288 failed to grow rate: 53%, out of range:  0% 
2022-10-28 09:20:55,639 [INFO] simulation.WL_saw:288 failed to grow rate: 52%, out of range:  0% 
2022-10-28 09:21:04,334 [INFO] simulation.WL_saw:288 failed to grow rate: 52%, out of range:  0% 
2022-10-28 09:21:13,021 [INFO] simulation.WL_saw:288 failed to grow rate: 53%, out of range:  0% 
2022-10-28 09:21:21,708 [INFO] simulation.WL_saw:288 failed to grow rate: 53%, out of range:  0% 
2022-10-28 09:21:30,399 [INFO] simulation.WL_saw:288 failed to grow rate: 53%, out of range:  0% 
2022-10-28 09:21:39,081 [INFO] simulation.WL_saw:288 failed to grow rate: 53%, out of range:  0% 
2022-10-28 09:21:47,773 [INFO] simulation.WL_saw:288 failed to grow rate: 54%, out of range:  0% 
2022-10-28 09:21:47,773 [INFO] simulation.WL_saw:293 ds=2.441406e-05, ds_min=0.000001, sweep number=93
2022-10-28 09:21:56,486 [INFO] simulation.WL_saw:288 failed to grow rate: 52%, out of range:  0% 
2022-10-28 09:22:05,191 [INFO] simulation.WL_saw:288 failed to grow rate: 52%, out of range:  0% 
2022-10-28 09:22:13,857 [INFO] simulation.WL_saw:288 failed to grow rate: 53%, out of range:  0% 
2022-10-28 09:22:22,546 [INFO] simulation.WL_saw:288 failed to grow rate: 53%, out of range:  0% 
2022-10-28 09:22:31,195 [INFO] simulation.WL_saw:288 failed to grow rate: 54%, out of range:  0% 
2022-10-28 09:22:39,862 [INFO] simulation.WL_saw:288 failed to grow rate: 53%, out of range:  0% 
2022-10-28 09:22:48,543 [INFO] simulation.WL_saw:288 failed to grow rate: 52%, out of range:  0% 
2022-10-28 09:22:57,202 [INFO] simulation.WL_saw:288 failed to grow rate: 54%, out of range:  0% 
2022-10-28 09:23:05,869 [INFO] simulation.WL_saw:288 failed to grow rate: 53%, out of range:  0% 
2022-10-28 09:23:14,548 [INFO] simulation.WL_saw:288 failed to grow rate: 52%, out of range:  0% 
2022-10-28 09:23:23,215 [INFO] simulation.WL_saw:288 failed to grow rate: 53%, out of range:  0% 
2022-10-28 09:23:31,871 [INFO] simulation.WL_saw:288 failed to grow rate: 54%, out of range:  0% 
2022-10-28 09:23:31,871 [INFO] simulation.WL_saw:293 ds=1.220703e-05, ds_min=0.000001, sweep number=105
2022-10-28 09:23:40,547 [INFO] simulation.WL_saw:288 failed to grow rate: 54%, out of range:  0% 
2022-10-28 09:23:49,210 [INFO] simulation.WL_saw:288 failed to grow rate: 53%, out of range:  0% 
2022-10-28 09:23:57,896 [INFO] simulation.WL_saw:288 failed to grow rate: 52%, out of range:  0% 
2022-10-28 09:24:06,590 [INFO] simulation.WL_saw:288 failed to grow rate: 53%, out of range:  0% 
2022-10-28 09:24:15,326 [INFO] simulation.WL_saw:288 failed to grow rate: 53%, out of range:  0% 
2022-10-28 09:24:23,997 [INFO] simulation.WL_saw:288 failed to grow rate: 52%, out of range:  0% 
2022-10-28 09:24:32,698 [INFO] simulation.WL_saw:288 failed to grow rate: 52%, out of range:  0% 
2022-10-28 09:24:32,698 [INFO] simulation.WL_saw:293 ds=6.103516e-06, ds_min=0.000001, sweep number=112
2022-10-28 09:24:41,369 [INFO] simulation.WL_saw:288 failed to grow rate: 54%, out of range:  0% 
2022-10-28 09:24:50,016 [INFO] simulation.WL_saw:288 failed to grow rate: 52%, out of range:  0% 
2022-10-28 09:24:58,686 [INFO] simulation.WL_saw:288 failed to grow rate: 54%, out of range:  0% 
2022-10-28 09:25:07,371 [INFO] simulation.WL_saw:288 failed to grow rate: 53%, out of range:  0% 
2022-10-28 09:25:16,051 [INFO] simulation.WL_saw:288 failed to grow rate: 52%, out of range:  0% 
2022-10-28 09:25:24,744 [INFO] simulation.WL_saw:288 failed to grow rate: 52%, out of range:  0% 
2022-10-28 09:25:33,410 [INFO] simulation.WL_saw:288 failed to grow rate: 53%, out of range:  0% 
2022-10-28 09:25:42,110 [INFO] simulation.WL_saw:288 failed to grow rate: 53%, out of range:  0% 
2022-10-28 09:25:50,755 [INFO] simulation.WL_saw:288 failed to grow rate: 54%, out of range:  0% 
2022-10-28 09:25:59,385 [INFO] simulation.WL_saw:288 failed to grow rate: 54%, out of range:  0% 
2022-10-28 09:26:08,052 [INFO] simulation.WL_saw:288 failed to grow rate: 53%, out of range:  0% 
2022-10-28 09:26:08,052 [INFO] simulation.WL_saw:293 ds=3.051758e-06, ds_min=0.000001, sweep number=123
2022-10-28 09:26:16,714 [INFO] simulation.WL_saw:288 failed to grow rate: 54%, out of range:  0% 
2022-10-28 09:26:25,362 [INFO] simulation.WL_saw:288 failed to grow rate: 52%, out of range:  0% 
2022-10-28 09:26:34,021 [INFO] simulation.WL_saw:288 failed to grow rate: 53%, out of range:  0% 
2022-10-28 09:26:34,021 [INFO] simulation.WL_saw:293 ds=1.525879e-06, ds_min=0.000001, sweep number=126
2022-10-28 09:26:42,727 [INFO] simulation.WL_saw:288 failed to grow rate: 53%, out of range:  0% 
2022-10-28 09:26:51,399 [INFO] simulation.WL_saw:288 failed to grow rate: 53%, out of range:  0% 
2022-10-28 09:27:00,054 [INFO] simulation.WL_saw:288 failed to grow rate: 54%, out of range:  0% 
2022-10-28 09:27:08,746 [INFO] simulation.WL_saw:288 failed to grow rate: 53%, out of range:  0% 
2022-10-28 09:27:17,416 [INFO] simulation.WL_saw:288 failed to grow rate: 55%, out of range:  0% 
2022-10-28 09:27:26,095 [INFO] simulation.WL_saw:288 failed to grow rate: 53%, out of range:  0% 
2022-10-28 09:27:34,778 [INFO] simulation.WL_saw:288 failed to grow rate: 53%, out of range:  0% 
2022-10-28 09:27:43,435 [INFO] simulation.WL_saw:288 failed to grow rate: 54%, out of range:  0% 
2022-10-28 09:27:43,435 [INFO] simulation.WL_saw:293 ds=7.629395e-07, ds_min=0.000001, sweep number=134
2022-10-28 09:27:43,435 [INFO] run_saw.run:277 s: [array([48.2, 49.5, 49.5, 47.9, 46.2]), array([71.95, 75.25, 75.1 , 73.1 , 65.65]), array([94.9  , 98.575, 97.25 , 95.875, 92.1  ]), array([107.375, 110.175, 109.65 , 108.025, 101.925]), array([112.68125, 115.31875, 115.03125, 113.75   , 109.4875 ]), array([119.771875, 120.703125, 120.43125 , 118.703125, 116.146875]), array([122.684375 , 125.1140625, 124.0609375, 122.55625  , 119.7515625]), array([124.00234375, 126.08828125, 125.33046875, 123.4015625 ,
       120.88515625]), array([124.81953125, 127.05429688, 126.39375   , 124.51132812,
       121.53867188]), array([125.03359375, 127.32382812, 126.70625   , 124.82382812,
       121.80507812]), array([125.43876953, 127.84462891, 127.12841797, 125.21875   ,
       122.13310547]), array([126.53867188, 128.97241211, 128.51333008, 126.37368164,
       123.80678711]), array([126.70375977, 129.0987793 , 128.63132324, 126.54069824,
       123.91804199]), array([126.74157715, 129.14641113, 128.67113037, 126.58496094,
       123.95007324]), array([126.76519165, 129.17849121, 128.69738159, 126.62324829,
       123.98804321]), array([126.76891479, 129.1828125 , 128.70198975, 126.62855225,
       123.99155579]), array([126.77535248, 129.18755798, 128.70731812, 126.63518066,
       123.99683533])]
2022-10-28 09:27:43,439 [INFO] run_saw.process_result:212 specific_excess_entropy from the analytical curve  for n=38 is: -0.278
2022-10-28 09:27:43,440 [INFO] run_saw.process_result:214 the total number of phantom conformation for n=38 is 1.025612e+27
2022-10-28 09:27:43,440 [INFO] run_saw.process_result:217 number of SAWs for n=38 is 2.623792e+22
2022-10-28 09:27:43,440 [INFO] run_saw.process_result:220 number of SAWs for n=38 inside the box=[6, 4, 4] is 1.595637e+22
2022-10-28 09:27:43,440 [INFO] run_saw.process_result:223 specific free energy for n=38 and box=[6, 4, 4] is: -1.345
2022-10-28 09:27:43,440 [INFO] run_saw.run:264 running WL_saw with n=32,  box=[5, 4, 4]
2022-10-28 09:27:43,440 [INFO] run_saw.run:273 ([4, 5, 6, 7, 8], [3, 4, 5, 6, 7], [3, 4, 5, 6, 7])
2022-10-28 09:27:43,440 [INFO] simulation.WL_saw:193 s size is: 5
2022-10-28 09:27:43,441 [INFO] simulation.WL_saw:194 counts size is: 5
2022-10-28 09:27:43,441 [INFO] simulation.WL_saw:196 indexes: [0, 1, 2, 3, 4]
2022-10-28 09:27:43,441 [INFO] simulation.WL_saw:208 scale alpha is: 1.000000
2022-10-28 09:27:43,441 [INFO] simulation.WL_saw:209 shifl alpha is: -0.000000
2022-10-28 09:27:50,635 [INFO] simulation.WL_saw:288 failed to grow rate: 50%, out of range:  0% 
2022-10-28 09:27:50,636 [INFO] simulation.WL_saw:293 ds=5.000000e-02, ds_min=0.000001, sweep number=1
2022-10-28 09:27:57,847 [INFO] simulation.WL_saw:288 failed to grow rate: 50%, out of range:  0% 
2022-10-28 09:27:57,847 [INFO] simulation.WL_saw:293 ds=2.500000e-02, ds_min=0.000001, sweep number=2
2022-10-28 09:28:05,054 [INFO] simulation.WL_saw:288 failed to grow rate: 49%, out of range:  0% 
2022-10-28 09:28:05,054 [INFO] simulation.WL_saw:293 ds=1.250000e-02, ds_min=0.000001, sweep number=3
2022-10-28 09:28:12,219 [INFO] simulation.WL_saw:288 failed to grow rate: 52%, out of range:  0% 
2022-10-28 09:28:12,219 [INFO] simulation.WL_saw:293 ds=6.250000e-03, ds_min=0.000001, sweep number=4
2022-10-28 09:28:19,452 [INFO] simulation.WL_saw:288 failed to grow rate: 50%, out of range:  0% 
2022-10-28 09:28:26,667 [INFO] simulation.WL_saw:288 failed to grow rate: 50%, out of range:  0% 
2022-10-28 09:28:26,667 [INFO] simulation.WL_saw:293 ds=3.125000e-03, ds_min=0.000001, sweep number=6
2022-10-28 09:28:33,869 [INFO] simulation.WL_saw:288 failed to grow rate: 50%, out of range:  0% 
2022-10-28 09:28:41,069 [INFO] simulation.WL_saw:288 failed to grow rate: 50%, out of range:  0% 
2022-10-28 09:28:48,258 [INFO] simulation.WL_saw:288 failed to grow rate: 50%, out of range:  0% 
2022-10-28 09:28:55,453 [INFO] simulation.WL_saw:288 failed to grow rate: 50%, out of range:  0% 
2022-10-28 09:28:55,453 [INFO] simulation.WL_saw:293 ds=1.562500e-03, ds_min=0.000001, sweep number=10
2022-10-28 09:29:02,662 [INFO] simulation.WL_saw:288 failed to grow rate: 51%, out of range:  0% 
2022-10-28 09:29:02,662 [INFO] simulation.WL_saw:293 ds=7.812500e-04, ds_min=0.000001, sweep number=11
2022-10-28 09:29:09,867 [INFO] simulation.WL_saw:288 failed to grow rate: 52%, out of range:  0% 
2022-10-28 09:29:17,062 [INFO] simulation.WL_saw:288 failed to grow rate: 51%, out of range:  0% 
2022-10-28 09:29:24,241 [INFO] simulation.WL_saw:288 failed to grow rate: 51%, out of range:  0% 
2022-10-28 09:29:31,422 [INFO] simulation.WL_saw:288 failed to grow rate: 50%, out of range:  0% 
2022-10-28 09:29:38,638 [INFO] simulation.WL_saw:288 failed to grow rate: 49%, out of range:  0% 
2022-10-28 09:29:38,638 [INFO] simulation.WL_saw:293 ds=3.906250e-04, ds_min=0.000001, sweep number=16
2022-10-28 09:29:45,843 [INFO] simulation.WL_saw:288 failed to grow rate: 50%, out of range:  0% 
2022-10-28 09:29:45,843 [INFO] simulation.WL_saw:293 ds=1.953125e-04, ds_min=0.000001, sweep number=17
2022-10-28 09:29:53,089 [INFO] simulation.WL_saw:288 failed to grow rate: 49%, out of range:  0% 
2022-10-28 09:30:00,290 [INFO] simulation.WL_saw:288 failed to grow rate: 49%, out of range:  0% 
2022-10-28 09:30:07,508 [INFO] simulation.WL_saw:288 failed to grow rate: 50%, out of range:  0% 
2022-10-28 09:30:07,508 [INFO] simulation.WL_saw:293 ds=9.765625e-05, ds_min=0.000001, sweep number=20
2022-10-28 09:30:14,688 [INFO] simulation.WL_saw:288 failed to grow rate: 50%, out of range:  0% 
2022-10-28 09:30:21,861 [INFO] simulation.WL_saw:288 failed to grow rate: 51%, out of range:  0% 
2022-10-28 09:30:29,099 [INFO] simulation.WL_saw:288 failed to grow rate: 51%, out of range:  0% 
2022-10-28 09:30:29,100 [INFO] simulation.WL_saw:293 ds=4.882813e-05, ds_min=0.000001, sweep number=23
2022-10-28 09:30:36,315 [INFO] simulation.WL_saw:288 failed to grow rate: 50%, out of range:  0% 
2022-10-28 09:30:43,492 [INFO] simulation.WL_saw:288 failed to grow rate: 50%, out of range:  0% 
2022-10-28 09:30:50,674 [INFO] simulation.WL_saw:288 failed to grow rate: 50%, out of range:  0% 
2022-10-28 09:30:57,869 [INFO] simulation.WL_saw:288 failed to grow rate: 49%, out of range:  0% 
2022-10-28 09:31:05,076 [INFO] simulation.WL_saw:288 failed to grow rate: 51%, out of range:  0% 
2022-10-28 09:31:05,076 [INFO] simulation.WL_saw:293 ds=2.441406e-05, ds_min=0.000001, sweep number=28
2022-10-28 09:31:12,302 [INFO] simulation.WL_saw:288 failed to grow rate: 50%, out of range:  0% 
2022-10-28 09:31:19,519 [INFO] simulation.WL_saw:288 failed to grow rate: 50%, out of range:  0% 
2022-10-28 09:31:26,737 [INFO] simulation.WL_saw:288 failed to grow rate: 50%, out of range:  0% 
2022-10-28 09:31:26,737 [INFO] simulation.WL_saw:293 ds=1.220703e-05, ds_min=0.000001, sweep number=31
2022-10-28 09:31:33,959 [INFO] simulation.WL_saw:288 failed to grow rate: 49%, out of range:  0% 
2022-10-28 09:31:41,162 [INFO] simulation.WL_saw:288 failed to grow rate: 50%, out of range:  0% 
2022-10-28 09:31:41,162 [INFO] simulation.WL_saw:293 ds=6.103516e-06, ds_min=0.000001, sweep number=33
2022-10-28 09:31:48,341 [INFO] simulation.WL_saw:288 failed to grow rate: 51%, out of range:  0% 
2022-10-28 09:31:55,539 [INFO] simulation.WL_saw:288 failed to grow rate: 51%, out of range:  0% 
2022-10-28 09:32:02,732 [INFO] simulation.WL_saw:288 failed to grow rate: 50%, out of range:  0% 
2022-10-28 09:32:09,919 [INFO] simulation.WL_saw:288 failed to grow rate: 52%, out of range:  0% 
2022-10-28 09:32:17,138 [INFO] simulation.WL_saw:288 failed to grow rate: 50%, out of range:  0% 
2022-10-28 09:32:24,356 [INFO] simulation.WL_saw:288 failed to grow rate: 50%, out of range:  0% 
2022-10-28 09:32:31,557 [INFO] simulation.WL_saw:288 failed to grow rate: 50%, out of range:  0% 
2022-10-28 09:32:38,755 [INFO] simulation.WL_saw:288 failed to grow rate: 50%, out of range:  0% 
2022-10-28 09:32:45,942 [INFO] simulation.WL_saw:288 failed to grow rate: 50%, out of range:  0% 
2022-10-28 09:32:53,168 [INFO] simulation.WL_saw:288 failed to grow rate: 49%, out of range:  0% 
2022-10-28 09:33:00,357 [INFO] simulation.WL_saw:288 failed to grow rate: 51%, out of range:  0% 
2022-10-28 09:33:07,546 [INFO] simulation.WL_saw:288 failed to grow rate: 51%, out of range:  0% 
2022-10-28 09:33:14,740 [INFO] simulation.WL_saw:288 failed to grow rate: 51%, out of range:  0% 
2022-10-28 09:33:21,928 [INFO] simulation.WL_saw:288 failed to grow rate: 51%, out of range:  0% 
2022-10-28 09:33:29,116 [INFO] simulation.WL_saw:288 failed to grow rate: 50%, out of range:  0% 
2022-10-28 09:33:36,309 [INFO] simulation.WL_saw:288 failed to grow rate: 50%, out of range:  0% 
2022-10-28 09:33:43,504 [INFO] simulation.WL_saw:288 failed to grow rate: 49%, out of range:  0% 
2022-10-28 09:33:50,698 [INFO] simulation.WL_saw:288 failed to grow rate: 51%, out of range:  0% 
2022-10-28 09:33:57,910 [INFO] simulation.WL_saw:288 failed to grow rate: 49%, out of range:  0% 
2022-10-28 09:34:05,090 [INFO] simulation.WL_saw:288 failed to grow rate: 51%, out of range:  0% 
2022-10-28 09:34:12,312 [INFO] simulation.WL_saw:288 failed to grow rate: 48%, out of range:  0% 
2022-10-28 09:34:19,516 [INFO] simulation.WL_saw:288 failed to grow rate: 51%, out of range:  0% 
2022-10-28 09:34:26,707 [INFO] simulation.WL_saw:288 failed to grow rate: 50%, out of range:  0% 
2022-10-28 09:34:33,888 [INFO] simulation.WL_saw:288 failed to grow rate: 51%, out of range:  0% 
2022-10-28 09:34:41,098 [INFO] simulation.WL_saw:288 failed to grow rate: 50%, out of range:  0% 
2022-10-28 09:34:48,284 [INFO] simulation.WL_saw:288 failed to grow rate: 51%, out of range:  0% 
2022-10-28 09:34:55,490 [INFO] simulation.WL_saw:288 failed to grow rate: 50%, out of range:  0% 
2022-10-28 09:35:02,678 [INFO] simulation.WL_saw:288 failed to grow rate: 51%, out of range:  0% 
2022-10-28 09:35:09,885 [INFO] simulation.WL_saw:288 failed to grow rate: 50%, out of range:  0% 
2022-10-28 09:35:17,084 [INFO] simulation.WL_saw:288 failed to grow rate: 51%, out of range:  0% 
2022-10-28 09:35:24,299 [INFO] simulation.WL_saw:288 failed to grow rate: 50%, out of range:  0% 
2022-10-28 09:35:31,498 [INFO] simulation.WL_saw:288 failed to grow rate: 51%, out of range:  0% 
2022-10-28 09:35:38,690 [INFO] simulation.WL_saw:288 failed to grow rate: 51%, out of range:  0% 
2022-10-28 09:35:45,908 [INFO] simulation.WL_saw:288 failed to grow rate: 50%, out of range:  0% 
2022-10-28 09:35:53,158 [INFO] simulation.WL_saw:288 failed to grow rate: 50%, out of range:  0% 
2022-10-28 09:36:00,354 [INFO] simulation.WL_saw:288 failed to grow rate: 50%, out of range:  0% 
2022-10-28 09:36:07,558 [INFO] simulation.WL_saw:288 failed to grow rate: 50%, out of range:  0% 
2022-10-28 09:36:14,917 [INFO] simulation.WL_saw:288 failed to grow rate: 49%, out of range:  0% 
2022-10-28 09:36:22,127 [INFO] simulation.WL_saw:288 failed to grow rate: 49%, out of range:  0% 
2022-10-28 09:36:29,337 [INFO] simulation.WL_saw:288 failed to grow rate: 51%, out of range:  0% 
2022-10-28 09:36:36,553 [INFO] simulation.WL_saw:288 failed to grow rate: 51%, out of range:  0% 
2022-10-28 09:36:43,758 [INFO] simulation.WL_saw:288 failed to grow rate: 50%, out of range:  0% 
2022-10-28 09:36:50,976 [INFO] simulation.WL_saw:288 failed to grow rate: 51%, out of range:  0% 
2022-10-28 09:36:58,183 [INFO] simulation.WL_saw:288 failed to grow rate: 50%, out of range:  0% 
2022-10-28 09:37:05,387 [INFO] simulation.WL_saw:288 failed to grow rate: 50%, out of range:  0% 
2022-10-28 09:37:12,598 [INFO] simulation.WL_saw:288 failed to grow rate: 50%, out of range:  0% 
2022-10-28 09:37:19,824 [INFO] simulation.WL_saw:288 failed to grow rate: 49%, out of range:  0% 
2022-10-28 09:37:27,035 [INFO] simulation.WL_saw:288 failed to grow rate: 50%, out of range:  0% 
2022-10-28 09:37:34,245 [INFO] simulation.WL_saw:288 failed to grow rate: 50%, out of range:  0% 
2022-10-28 09:37:41,462 [INFO] simulation.WL_saw:288 failed to grow rate: 50%, out of range:  0% 
2022-10-28 09:37:48,649 [INFO] simulation.WL_saw:288 failed to grow rate: 50%, out of range:  0% 
2022-10-28 09:37:55,854 [INFO] simulation.WL_saw:288 failed to grow rate: 50%, out of range:  0% 
2022-10-28 09:38:03,072 [INFO] simulation.WL_saw:288 failed to grow rate: 49%, out of range:  0% 
2022-10-28 09:38:10,266 [INFO] simulation.WL_saw:288 failed to grow rate: 50%, out of range:  0% 
2022-10-28 09:38:17,465 [INFO] simulation.WL_saw:288 failed to grow rate: 50%, out of range:  0% 
2022-10-28 09:38:24,684 [INFO] simulation.WL_saw:288 failed to grow rate: 50%, out of range:  0% 
2022-10-28 09:38:31,876 [INFO] simulation.WL_saw:288 failed to grow rate: 50%, out of range:  0% 
2022-10-28 09:38:39,092 [INFO] simulation.WL_saw:288 failed to grow rate: 49%, out of range:  0% 
2022-10-28 09:38:46,296 [INFO] simulation.WL_saw:288 failed to grow rate: 50%, out of range:  0% 
2022-10-28 09:38:53,532 [INFO] simulation.WL_saw:288 failed to grow rate: 51%, out of range:  0% 
2022-10-28 09:39:00,723 [INFO] simulation.WL_saw:288 failed to grow rate: 51%, out of range:  0% 
2022-10-28 09:39:07,911 [INFO] simulation.WL_saw:288 failed to grow rate: 51%, out of range:  0% 
2022-10-28 09:39:15,107 [INFO] simulation.WL_saw:288 failed to grow rate: 51%, out of range:  0% 
2022-10-28 09:39:22,311 [INFO] simulation.WL_saw:288 failed to grow rate: 51%, out of range:  0% 
2022-10-28 09:39:29,508 [INFO] simulation.WL_saw:288 failed to grow rate: 51%, out of range:  0% 
2022-10-28 09:39:36,710 [INFO] simulation.WL_saw:288 failed to grow rate: 49%, out of range:  0% 
2022-10-28 09:39:43,913 [INFO] simulation.WL_saw:288 failed to grow rate: 50%, out of range:  0% 
2022-10-28 09:39:51,121 [INFO] simulation.WL_saw:288 failed to grow rate: 51%, out of range:  0% 
2022-10-28 09:39:58,327 [INFO] simulation.WL_saw:288 failed to grow rate: 50%, out of range:  0% 
2022-10-28 09:40:05,522 [INFO] simulation.WL_saw:288 failed to grow rate: 51%, out of range:  0% 
2022-10-28 09:40:12,726 [INFO] simulation.WL_saw:288 failed to grow rate: 50%, out of range:  0% 
2022-10-28 09:40:19,929 [INFO] simulation.WL_saw:288 failed to grow rate: 51%, out of range:  0% 
2022-10-28 09:40:27,146 [INFO] simulation.WL_saw:288 failed to grow rate: 49%, out of range:  0% 
2022-10-28 09:40:34,347 [INFO] simulation.WL_saw:288 failed to grow rate: 50%, out of range:  0% 
2022-10-28 09:40:41,568 [INFO] simulation.WL_saw:288 failed to grow rate: 49%, out of range:  0% 
2022-10-28 09:40:48,772 [INFO] simulation.WL_saw:288 failed to grow rate: 50%, out of range:  0% 
2022-10-28 09:40:55,971 [INFO] simulation.WL_saw:288 failed to grow rate: 50%, out of range:  0% 
2022-10-28 09:41:03,157 [INFO] simulation.WL_saw:288 failed to grow rate: 51%, out of range:  0% 
2022-10-28 09:41:10,356 [INFO] simulation.WL_saw:288 failed to grow rate: 50%, out of range:  0% 
2022-10-28 09:41:17,549 [INFO] simulation.WL_saw:288 failed to grow rate: 51%, out of range:  0% 
2022-10-28 09:41:24,743 [INFO] simulation.WL_saw:288 failed to grow rate: 51%, out of range:  0% 
2022-10-28 09:41:31,947 [INFO] simulation.WL_saw:288 failed to grow rate: 50%, out of range:  0% 
2022-10-28 09:41:39,163 [INFO] simulation.WL_saw:288 failed to grow rate: 50%, out of range:  0% 
2022-10-28 09:41:46,362 [INFO] simulation.WL_saw:288 failed to grow rate: 50%, out of range:  0% 
2022-10-28 09:41:53,615 [INFO] simulation.WL_saw:288 failed to grow rate: 51%, out of range:  0% 
2022-10-28 09:42:00,807 [INFO] simulation.WL_saw:288 failed to grow rate: 50%, out of range:  0% 
2022-10-28 09:42:08,005 [INFO] simulation.WL_saw:288 failed to grow rate: 50%, out of range:  0% 
2022-10-28 09:42:15,207 [INFO] simulation.WL_saw:288 failed to grow rate: 49%, out of range:  0% 
2022-10-28 09:42:22,417 [INFO] simulation.WL_saw:288 failed to grow rate: 50%, out of range:  0% 
2022-10-28 09:42:29,612 [INFO] simulation.WL_saw:288 failed to grow rate: 50%, out of range:  0% 
2022-10-28 09:42:36,827 [INFO] simulation.WL_saw:288 failed to grow rate: 50%, out of range:  0% 
2022-10-28 09:42:44,046 [INFO] simulation.WL_saw:288 failed to grow rate: 50%, out of range:  0% 
2022-10-28 09:42:51,266 [INFO] simulation.WL_saw:288 failed to grow rate: 49%, out of range:  0% 
2022-10-28 09:42:58,474 [INFO] simulation.WL_saw:288 failed to grow rate: 51%, out of range:  0% 
2022-10-28 09:43:05,685 [INFO] simulation.WL_saw:288 failed to grow rate: 51%, out of range:  0% 
2022-10-28 09:43:12,885 [INFO] simulation.WL_saw:288 failed to grow rate: 50%, out of range:  0% 
2022-10-28 09:43:20,095 [INFO] simulation.WL_saw:288 failed to grow rate: 50%, out of range:  0% 
2022-10-28 09:43:27,309 [INFO] simulation.WL_saw:288 failed to grow rate: 51%, out of range:  0% 
2022-10-28 09:43:34,528 [INFO] simulation.WL_saw:288 failed to grow rate: 49%, out of range:  0% 
2022-10-28 09:43:41,741 [INFO] simulation.WL_saw:288 failed to grow rate: 50%, out of range:  0% 
2022-10-28 09:43:48,956 [INFO] simulation.WL_saw:288 failed to grow rate: 50%, out of range:  0% 
2022-10-28 09:43:56,171 [INFO] simulation.WL_saw:288 failed to grow rate: 49%, out of range:  0% 
2022-10-28 09:44:03,387 [INFO] simulation.WL_saw:288 failed to grow rate: 50%, out of range:  0% 
2022-10-28 09:44:10,606 [INFO] simulation.WL_saw:288 failed to grow rate: 50%, out of range:  0% 
2022-10-28 09:44:17,821 [INFO] simulation.WL_saw:288 failed to grow rate: 49%, out of range:  0% 
2022-10-28 09:44:25,025 [INFO] simulation.WL_saw:288 failed to grow rate: 51%, out of range:  0% 
2022-10-28 09:44:32,244 [INFO] simulation.WL_saw:288 failed to grow rate: 50%, out of range:  0% 
2022-10-28 09:44:39,444 [INFO] simulation.WL_saw:288 failed to grow rate: 50%, out of range:  0% 
2022-10-28 09:44:46,650 [INFO] simulation.WL_saw:288 failed to grow rate: 51%, out of range:  0% 
2022-10-28 09:44:46,650 [INFO] simulation.WL_saw:293 ds=3.051758e-06, ds_min=0.000001, sweep number=142
2022-10-28 09:44:53,893 [INFO] simulation.WL_saw:288 failed to grow rate: 52%, out of range:  0% 
2022-10-28 09:45:01,098 [INFO] simulation.WL_saw:288 failed to grow rate: 51%, out of range:  0% 
2022-10-28 09:45:08,313 [INFO] simulation.WL_saw:288 failed to grow rate: 50%, out of range:  0% 
2022-10-28 09:45:15,516 [INFO] simulation.WL_saw:288 failed to grow rate: 50%, out of range:  0% 
2022-10-28 09:45:22,709 [INFO] simulation.WL_saw:288 failed to grow rate: 50%, out of range:  0% 
2022-10-28 09:45:29,915 [INFO] simulation.WL_saw:288 failed to grow rate: 49%, out of range:  0% 
2022-10-28 09:45:37,126 [INFO] simulation.WL_saw:288 failed to grow rate: 51%, out of range:  0% 
2022-10-28 09:45:44,349 [INFO] simulation.WL_saw:288 failed to grow rate: 50%, out of range:  0% 
2022-10-28 09:45:51,565 [INFO] simulation.WL_saw:288 failed to grow rate: 50%, out of range:  0% 
2022-10-28 09:45:58,775 [INFO] simulation.WL_saw:288 failed to grow rate: 51%, out of range:  0% 
2022-10-28 09:46:05,981 [INFO] simulation.WL_saw:288 failed to grow rate: 50%, out of range:  0% 
2022-10-28 09:46:13,183 [INFO] simulation.WL_saw:288 failed to grow rate: 51%, out of range:  0% 
2022-10-28 09:46:20,399 [INFO] simulation.WL_saw:288 failed to grow rate: 49%, out of range:  0% 
2022-10-28 09:46:27,616 [INFO] simulation.WL_saw:288 failed to grow rate: 49%, out of range:  0% 
2022-10-28 09:46:34,828 [INFO] simulation.WL_saw:288 failed to grow rate: 50%, out of range:  0% 
2022-10-28 09:46:42,031 [INFO] simulation.WL_saw:288 failed to grow rate: 50%, out of range:  0% 
2022-10-28 09:46:49,232 [INFO] simulation.WL_saw:288 failed to grow rate: 51%, out of range:  0% 
2022-10-28 09:46:56,451 [INFO] simulation.WL_saw:288 failed to grow rate: 50%, out of range:  0% 
2022-10-28 09:47:03,665 [INFO] simulation.WL_saw:288 failed to grow rate: 50%, out of range:  0% 
2022-10-28 09:47:10,864 [INFO] simulation.WL_saw:288 failed to grow rate: 51%, out of range:  0% 
2022-10-28 09:47:18,075 [INFO] simulation.WL_saw:288 failed to grow rate: 51%, out of range:  0% 
2022-10-28 09:47:25,282 [INFO] simulation.WL_saw:288 failed to grow rate: 51%, out of range:  0% 
2022-10-28 09:47:32,480 [INFO] simulation.WL_saw:288 failed to grow rate: 51%, out of range:  0% 
2022-10-28 09:47:32,480 [INFO] simulation.WL_saw:293 ds=1.525879e-06, ds_min=0.000001, sweep number=165
2022-10-28 09:47:39,701 [INFO] simulation.WL_saw:288 failed to grow rate: 49%, out of range:  0% 
2022-10-28 09:47:46,906 [INFO] simulation.WL_saw:288 failed to grow rate: 50%, out of range:  0% 
2022-10-28 09:47:54,145 [INFO] simulation.WL_saw:288 failed to grow rate: 50%, out of range:  0% 
2022-10-28 09:48:01,345 [INFO] simulation.WL_saw:288 failed to grow rate: 51%, out of range:  0% 
2022-10-28 09:48:08,555 [INFO] simulation.WL_saw:288 failed to grow rate: 50%, out of range:  0% 
2022-10-28 09:48:08,555 [INFO] simulation.WL_saw:293 ds=7.629395e-07, ds_min=0.000001, sweep number=170
2022-10-28 09:48:08,555 [INFO] run_saw.run:277 s: [array([51.2, 53.2, 52.2, 47.7, 46.5]), array([75.85, 76.9 , 75.9 , 74.65, 71.75]), array([87.5 , 89.75, 88.75, 86.05, 86.8 ]), array([94.6   , 95.7375, 94.8625, 92.5   , 91.1875]), array([100.625  , 102.375  , 102.575  ,  98.18125,  96.39375]), array([107.284375, 108.1375  , 107.346875, 105.49375 , 103.1875  ]), array([107.8796875, 109.1328125, 108.21875  , 106.0703125, 103.98125  ]), array([109.3625    , 111.0453125 , 110.5140625 , 108.43515625,
       105.5609375 ]), array([109.57109375, 111.24140625, 110.71132813, 108.61132812,
       105.75976562]), array([109.93125   , 111.56113281, 110.92265625, 108.86367187,
       106.1046875 ]), array([110.03408203, 111.72255859, 111.07578125, 108.98525391,
       106.29033203]), array([110.17558594, 111.8265625 , 111.16499023, 109.11821289,
       106.43256836]), array([110.21943359, 111.87307129, 111.19755859, 109.1442627 ,
       106.46726074]), array([110.23409424, 111.88511963, 111.2118042 , 109.15358887,
       106.47844238]), array([110.57189331, 112.19602661, 111.47737427, 109.46636353,
       106.90852051]), array([110.60995178, 112.22947693, 111.5074707 , 109.49410095,
       106.95332642]), array([110.61342468, 112.23356018, 111.51209717, 109.49711151,
       106.95729523])]
2022-10-28 09:48:08,559 [INFO] run_saw.process_result:212 specific_excess_entropy from the analytical curve  for n=32 is: -0.282
2022-10-28 09:48:08,559 [INFO] run_saw.process_result:214 the total number of phantom conformation for n=32 is 2.834240e+22
2022-10-28 09:48:08,560 [INFO] run_saw.process_result:217 number of SAWs for n=32 is 3.381648e+18
2022-10-28 09:48:08,560 [INFO] run_saw.process_result:220 number of SAWs for n=32 inside the box=[5, 4, 4] is 2.309685e+18
2022-10-28 09:48:08,560 [INFO] run_saw.process_result:223 specific free energy for n=32 and box=[5, 4, 4] is: -1.321
2022-10-28 09:48:08,581 [WARNING] legend._parse_legend_args:1217 No artists with labels found to put in legend.  Note that artists whose label start with an underscore are ignored when legend() is called with no argument.
